running egg_info
creating ../../build/forward_kinematics/forward_kinematics.egg-info
writing ../../build/forward_kinematics/forward_kinematics.egg-info/PKG-INFO
writing dependency_links to ../../build/forward_kinematics/forward_kinematics.egg-info/dependency_links.txt
writing entry points to ../../build/forward_kinematics/forward_kinematics.egg-info/entry_points.txt
writing requirements to ../../build/forward_kinematics/forward_kinematics.egg-info/requires.txt
writing top-level names to ../../build/forward_kinematics/forward_kinematics.egg-info/top_level.txt
writing manifest file '../../build/forward_kinematics/forward_kinematics.egg-info/SOURCES.txt'
reading manifest file '../../build/forward_kinematics/forward_kinematics.egg-info/SOURCES.txt'
writing manifest file '../../build/forward_kinematics/forward_kinematics.egg-info/SOURCES.txt'
running build
running build_py
creating /ros/UR_ws/build/forward_kinematics/build
creating /ros/UR_ws/build/forward_kinematics/build/lib
creating /ros/UR_ws/build/forward_kinematics/build/lib/forward_kinematics
copying forward_kinematics/__init__.py -> /ros/UR_ws/build/forward_kinematics/build/lib/forward_kinematics
copying forward_kinematics/joints_pub.py -> /ros/UR_ws/build/forward_kinematics/build/lib/forward_kinematics
running install
running install_lib
creating /ros/UR_ws/install/forward_kinematics/lib/python3.12/site-packages/forward_kinematics
copying /ros/UR_ws/build/forward_kinematics/build/lib/forward_kinematics/__init__.py -> /ros/UR_ws/install/forward_kinematics/lib/python3.12/site-packages/forward_kinematics
copying /ros/UR_ws/build/forward_kinematics/build/lib/forward_kinematics/joints_pub.py -> /ros/UR_ws/install/forward_kinematics/lib/python3.12/site-packages/forward_kinematics
byte-compiling /ros/UR_ws/install/forward_kinematics/lib/python3.12/site-packages/forward_kinematics/__init__.py to __init__.cpython-312.pyc
byte-compiling /ros/UR_ws/install/forward_kinematics/lib/python3.12/site-packages/forward_kinematics/joints_pub.py to joints_pub.cpython-312.pyc
running install_data
creating /ros/UR_ws/install/forward_kinematics/share/ament_index
creating /ros/UR_ws/install/forward_kinematics/share/ament_index/resource_index
creating /ros/UR_ws/install/forward_kinematics/share/ament_index/resource_index/packages
copying resource/forward_kinematics -> /ros/UR_ws/install/forward_kinematics/share/ament_index/resource_index/packages
copying package.xml -> /ros/UR_ws/install/forward_kinematics/share/forward_kinematics
running install_egg_info
Copying ../../build/forward_kinematics/forward_kinematics.egg-info to /ros/UR_ws/install/forward_kinematics/lib/python3.12/site-packages/forward_kinematics-0.0.0-py3.12.egg-info
running install_scripts
Installing fk1 script to /ros/UR_ws/install/forward_kinematics/lib/forward_kinematics
writing list of installed files to '/ros/UR_ws/build/forward_kinematics/install.log'
