[0.684s] Invoking command in '/ros/UR_ws/src/forward_kinematics': PYTHONPATH=/ros/UR_ws/build/forward_kinematics/prefix_override:/usr/lib/python3/dist-packages/colcon_core/task/python/colcon_distutils_commands:/ros/UR_ws/install/forward_kinematics/lib/python3.12/site-packages:${PYTHONPATH} /usr/bin/python3 -W ignore:setup.py install is deprecated -W ignore:easy_install command is deprecated setup.py egg_info --egg-base ../../build/forward_kinematics build --build-base /ros/UR_ws/build/forward_kinematics/build install --record /ros/UR_ws/build/forward_kinematics/install.log --single-version-externally-managed install_data
[0.914s] running egg_info
[0.914s] creating ../../build/forward_kinematics/forward_kinematics.egg-info
[0.930s] writing ../../build/forward_kinematics/forward_kinematics.egg-info/PKG-INFO
[0.931s] writing dependency_links to ../../build/forward_kinematics/forward_kinematics.egg-info/dependency_links.txt
[0.931s] writing entry points to ../../build/forward_kinematics/forward_kinematics.egg-info/entry_points.txt
[0.931s] writing requirements to ../../build/forward_kinematics/forward_kinematics.egg-info/requires.txt
[0.931s] writing top-level names to ../../build/forward_kinematics/forward_kinematics.egg-info/top_level.txt
[0.931s] writing manifest file '../../build/forward_kinematics/forward_kinematics.egg-info/SOURCES.txt'
[0.967s] reading manifest file '../../build/forward_kinematics/forward_kinematics.egg-info/SOURCES.txt'
[0.968s] writing manifest file '../../build/forward_kinematics/forward_kinematics.egg-info/SOURCES.txt'
[0.968s] running build
[0.968s] running build_py
[0.968s] creating /ros/UR_ws/build/forward_kinematics/build
[0.968s] creating /ros/UR_ws/build/forward_kinematics/build/lib
[0.968s] creating /ros/UR_ws/build/forward_kinematics/build/lib/forward_kinematics
[0.968s] copying forward_kinematics/__init__.py -> /ros/UR_ws/build/forward_kinematics/build/lib/forward_kinematics
[0.968s] copying forward_kinematics/joints_pub.py -> /ros/UR_ws/build/forward_kinematics/build/lib/forward_kinematics
[0.968s] running install
[0.976s] running install_lib
[0.994s] creating /ros/UR_ws/install/forward_kinematics/lib/python3.12/site-packages/forward_kinematics
[0.994s] copying /ros/UR_ws/build/forward_kinematics/build/lib/forward_kinematics/__init__.py -> /ros/UR_ws/install/forward_kinematics/lib/python3.12/site-packages/forward_kinematics
[0.994s] copying /ros/UR_ws/build/forward_kinematics/build/lib/forward_kinematics/joints_pub.py -> /ros/UR_ws/install/forward_kinematics/lib/python3.12/site-packages/forward_kinematics
[0.994s] byte-compiling /ros/UR_ws/install/forward_kinematics/lib/python3.12/site-packages/forward_kinematics/__init__.py to __init__.cpython-312.pyc
[0.994s] byte-compiling /ros/UR_ws/install/forward_kinematics/lib/python3.12/site-packages/forward_kinematics/joints_pub.py to joints_pub.cpython-312.pyc
[0.995s] running install_data
[0.995s] creating /ros/UR_ws/install/forward_kinematics/share/ament_index
[0.995s] creating /ros/UR_ws/install/forward_kinematics/share/ament_index/resource_index
[0.995s] creating /ros/UR_ws/install/forward_kinematics/share/ament_index/resource_index/packages
[0.995s] copying resource/forward_kinematics -> /ros/UR_ws/install/forward_kinematics/share/ament_index/resource_index/packages
[0.995s] copying package.xml -> /ros/UR_ws/install/forward_kinematics/share/forward_kinematics
[0.995s] running install_egg_info
[1.013s] Copying ../../build/forward_kinematics/forward_kinematics.egg-info to /ros/UR_ws/install/forward_kinematics/lib/python3.12/site-packages/forward_kinematics-0.0.0-py3.12.egg-info
[1.014s] running install_scripts
[1.126s] Installing fk1 script to /ros/UR_ws/install/forward_kinematics/lib/forward_kinematics
[1.126s] writing list of installed files to '/ros/UR_ws/build/forward_kinematics/install.log'
[1.148s] Invoked command in '/ros/UR_ws/src/forward_kinematics' returned '0': PYTHONPATH=/ros/UR_ws/build/forward_kinematics/prefix_override:/usr/lib/python3/dist-packages/colcon_core/task/python/colcon_distutils_commands:/ros/UR_ws/install/forward_kinematics/lib/python3.12/site-packages:${PYTHONPATH} /usr/bin/python3 -W ignore:setup.py install is deprecated -W ignore:easy_install command is deprecated setup.py egg_info --egg-base ../../build/forward_kinematics build --build-base /ros/UR_ws/build/forward_kinematics/build install --record /ros/UR_ws/build/forward_kinematics/install.log --single-version-externally-managed install_data
