[0.104s] DEBUG:colcon:Command line arguments: ['/usr/bin/colcon', 'build']
[0.104s] DEBUG:colcon:Parsed command line arguments: Namespace(log_base=None, log_level=None, verb_name='build', build_base='build', install_base='install', merge_install=False, symlink_install=False, test_result_base=None, continue_on_error=False, executor='parallel', parallel_workers=12, event_handlers=None, ignore_user_meta=False, metas=['./colcon.meta'], base_paths=['.'], packages_ignore=None, packages_ignore_regex=None, paths=None, packages_up_to=None, packages_up_to_regex=None, packages_above=None, packages_above_and_dependencies=None, packages_above_depth=None, packages_select_by_dep=None, packages_skip_by_dep=None, packages_skip_up_to=None, packages_select_build_failed=False, packages_skip_build_finished=False, packages_select_test_failures=False, packages_skip_test_passed=False, packages_select=None, packages_skip=None, packages_select_regex=None, packages_skip_regex=None, packages_start=None, packages_end=None, cmake_args=None, cmake_target=None, cmake_target_skip_unavailable=False, cmake_clean_cache=False, cmake_clean_first=False, cmake_force_configure=False, ament_cmake_args=None, catkin_cmake_args=None, catkin_skip_building_tests=False, mixin_files=None, mixin=None, verb_parser=<colcon_mixin.mixin.mixin_argument.MixinArgumentDecorator object at 0x7f8c6db5c470>, verb_extension=<colcon_core.verb.build.BuildVerb object at 0x7f8c6dcb84d0>, main=<bound method BuildVerb.main of <colcon_core.verb.build.BuildVerb object at 0x7f8c6dcb84d0>>, mixin_verb=('build',))
[0.138s] Level 1:colcon.colcon_core.package_discovery:discover_packages(colcon_meta) check parameters
[0.138s] INFO:colcon.colcon_metadata.package_discovery.colcon_meta:Using configuration from '/root/.colcon/metadata/default/Gazebo.meta'
[0.139s] INFO:colcon.colcon_metadata.package_discovery.colcon_meta:Using configuration from '/root/.colcon/metadata/default/fastdds.meta'
[0.139s] INFO:colcon.colcon_metadata.package_discovery.colcon_meta:Using configuration from '/root/.colcon/metadata/default/fastrtps.meta'
[0.139s] Level 1:colcon.colcon_core.package_discovery:discover_packages(recursive) check parameters
[0.139s] Level 1:colcon.colcon_core.package_discovery:discover_packages(ignore) check parameters
[0.139s] Level 1:colcon.colcon_core.package_discovery:discover_packages(path) check parameters
[0.139s] Level 1:colcon.colcon_core.package_discovery:discover_packages(colcon_meta) discover
[0.139s] Level 1:colcon.colcon_core.package_discovery:discover_packages(recursive) discover
[0.139s] INFO:colcon.colcon_core.package_discovery:Crawling recursively for packages in '/ros/UR_ws'
[0.139s] Level 1:colcon.colcon_core.package_identification:_identify(.) by extensions ['ignore', 'ignore_ament_install']
[0.140s] Level 1:colcon.colcon_core.package_identification:_identify(.) by extension 'ignore'
[0.140s] Level 1:colcon.colcon_core.package_identification:_identify(.) by extension 'ignore_ament_install'
[0.140s] Level 1:colcon.colcon_core.package_identification:_identify(.) by extensions ['colcon_pkg']
[0.140s] Level 1:colcon.colcon_core.package_identification:_identify(.) by extension 'colcon_pkg'
[0.140s] Level 1:colcon.colcon_core.package_identification:_identify(.) by extensions ['colcon_meta']
[0.140s] Level 1:colcon.colcon_core.package_identification:_identify(.) by extension 'colcon_meta'
[0.140s] Level 1:colcon.colcon_core.package_identification:_identify(.) by extensions ['ros']
[0.140s] Level 1:colcon.colcon_core.package_identification:_identify(.) by extension 'ros'
[0.162s] Level 1:colcon.colcon_core.package_identification:_identify(.) by extensions ['cmake', 'python']
[0.162s] Level 1:colcon.colcon_core.package_identification:_identify(.) by extension 'cmake'
[0.162s] Level 1:colcon.colcon_core.package_identification:_identify(.) by extension 'python'
[0.162s] Level 1:colcon.colcon_core.package_identification:_identify(.) by extensions ['python_setup_py']
[0.162s] Level 1:colcon.colcon_core.package_identification:_identify(.) by extension 'python_setup_py'
[0.162s] Level 1:colcon.colcon_core.package_identification:_identify(build) by extensions ['ignore', 'ignore_ament_install']
[0.162s] Level 1:colcon.colcon_core.package_identification:_identify(build) by extension 'ignore'
[0.162s] Level 1:colcon.colcon_core.package_identification:_identify(build) ignored
[0.162s] Level 1:colcon.colcon_core.package_identification:_identify(install) by extensions ['ignore', 'ignore_ament_install']
[0.162s] Level 1:colcon.colcon_core.package_identification:_identify(install) by extension 'ignore'
[0.162s] Level 1:colcon.colcon_core.package_identification:_identify(install) ignored
[0.162s] Level 1:colcon.colcon_core.package_identification:_identify(log) by extensions ['ignore', 'ignore_ament_install']
[0.163s] Level 1:colcon.colcon_core.package_identification:_identify(log) by extension 'ignore'
[0.163s] Level 1:colcon.colcon_core.package_identification:_identify(log) ignored
[0.163s] Level 1:colcon.colcon_core.package_identification:_identify(src) by extensions ['ignore', 'ignore_ament_install']
[0.163s] Level 1:colcon.colcon_core.package_identification:_identify(src) by extension 'ignore'
[0.163s] Level 1:colcon.colcon_core.package_identification:_identify(src) by extension 'ignore_ament_install'
[0.163s] Level 1:colcon.colcon_core.package_identification:_identify(src) by extensions ['colcon_pkg']
[0.163s] Level 1:colcon.colcon_core.package_identification:_identify(src) by extension 'colcon_pkg'
[0.163s] Level 1:colcon.colcon_core.package_identification:_identify(src) by extensions ['colcon_meta']
[0.163s] Level 1:colcon.colcon_core.package_identification:_identify(src) by extension 'colcon_meta'
[0.163s] Level 1:colcon.colcon_core.package_identification:_identify(src) by extensions ['ros']
[0.163s] Level 1:colcon.colcon_core.package_identification:_identify(src) by extension 'ros'
[0.163s] Level 1:colcon.colcon_core.package_identification:_identify(src) by extensions ['cmake', 'python']
[0.163s] Level 1:colcon.colcon_core.package_identification:_identify(src) by extension 'cmake'
[0.163s] Level 1:colcon.colcon_core.package_identification:_identify(src) by extension 'python'
[0.163s] Level 1:colcon.colcon_core.package_identification:_identify(src) by extensions ['python_setup_py']
[0.163s] Level 1:colcon.colcon_core.package_identification:_identify(src) by extension 'python_setup_py'
[0.163s] Level 1:colcon.colcon_core.package_identification:_identify(src/Universal_Robots_ROS2_Description) by extensions ['ignore', 'ignore_ament_install']
[0.163s] Level 1:colcon.colcon_core.package_identification:_identify(src/Universal_Robots_ROS2_Description) by extension 'ignore'
[0.163s] Level 1:colcon.colcon_core.package_identification:_identify(src/Universal_Robots_ROS2_Description) by extension 'ignore_ament_install'
[0.164s] Level 1:colcon.colcon_core.package_identification:_identify(src/Universal_Robots_ROS2_Description) by extensions ['colcon_pkg']
[0.164s] Level 1:colcon.colcon_core.package_identification:_identify(src/Universal_Robots_ROS2_Description) by extension 'colcon_pkg'
[0.164s] Level 1:colcon.colcon_core.package_identification:_identify(src/Universal_Robots_ROS2_Description) by extensions ['colcon_meta']
[0.164s] Level 1:colcon.colcon_core.package_identification:_identify(src/Universal_Robots_ROS2_Description) by extension 'colcon_meta'
[0.164s] Level 1:colcon.colcon_core.package_identification:_identify(src/Universal_Robots_ROS2_Description) by extensions ['ros']
[0.164s] Level 1:colcon.colcon_core.package_identification:_identify(src/Universal_Robots_ROS2_Description) by extension 'ros'
[0.166s] DEBUG:colcon.colcon_core.package_identification:Package 'src/Universal_Robots_ROS2_Description' with type 'ros.ament_cmake' and name 'ur_description'
[0.166s] Level 1:colcon.colcon_core.package_identification:_identify(src/forward_kinematics) by extensions ['ignore', 'ignore_ament_install']
[0.166s] Level 1:colcon.colcon_core.package_identification:_identify(src/forward_kinematics) by extension 'ignore'
[0.166s] Level 1:colcon.colcon_core.package_identification:_identify(src/forward_kinematics) by extension 'ignore_ament_install'
[0.166s] Level 1:colcon.colcon_core.package_identification:_identify(src/forward_kinematics) by extensions ['colcon_pkg']
[0.166s] Level 1:colcon.colcon_core.package_identification:_identify(src/forward_kinematics) by extension 'colcon_pkg'
[0.166s] Level 1:colcon.colcon_core.package_identification:_identify(src/forward_kinematics) by extensions ['colcon_meta']
[0.166s] Level 1:colcon.colcon_core.package_identification:_identify(src/forward_kinematics) by extension 'colcon_meta'
[0.166s] Level 1:colcon.colcon_core.package_identification:_identify(src/forward_kinematics) by extensions ['ros']
[0.166s] Level 1:colcon.colcon_core.package_identification:_identify(src/forward_kinematics) by extension 'ros'
[0.167s] DEBUG:colcon.colcon_core.package_identification:Package 'src/forward_kinematics' with type 'ros.ament_python' and name 'forward_kinematics'
[0.167s] Level 1:colcon.colcon_core.package_identification:_identify(src/kuka_robot) by extensions ['ignore', 'ignore_ament_install']
[0.167s] Level 1:colcon.colcon_core.package_identification:_identify(src/kuka_robot) by extension 'ignore'
[0.167s] Level 1:colcon.colcon_core.package_identification:_identify(src/kuka_robot) by extension 'ignore_ament_install'
[0.167s] Level 1:colcon.colcon_core.package_identification:_identify(src/kuka_robot) by extensions ['colcon_pkg']
[0.167s] Level 1:colcon.colcon_core.package_identification:_identify(src/kuka_robot) by extension 'colcon_pkg'
[0.167s] Level 1:colcon.colcon_core.package_identification:_identify(src/kuka_robot) by extensions ['colcon_meta']
[0.167s] Level 1:colcon.colcon_core.package_identification:_identify(src/kuka_robot) by extension 'colcon_meta'
[0.167s] Level 1:colcon.colcon_core.package_identification:_identify(src/kuka_robot) by extensions ['ros']
[0.167s] Level 1:colcon.colcon_core.package_identification:_identify(src/kuka_robot) by extension 'ros'
[0.168s] DEBUG:colcon.colcon_core.package_identification:Package 'src/kuka_robot' with type 'ros.ament_cmake' and name 'kuka_robot'
[0.168s] Level 1:colcon.colcon_core.package_identification:_identify(src/rrt_motion_planning) by extensions ['ignore', 'ignore_ament_install']
[0.168s] Level 1:colcon.colcon_core.package_identification:_identify(src/rrt_motion_planning) by extension 'ignore'
[0.168s] Level 1:colcon.colcon_core.package_identification:_identify(src/rrt_motion_planning) by extension 'ignore_ament_install'
[0.168s] Level 1:colcon.colcon_core.package_identification:_identify(src/rrt_motion_planning) by extensions ['colcon_pkg']
[0.168s] Level 1:colcon.colcon_core.package_identification:_identify(src/rrt_motion_planning) by extension 'colcon_pkg'
[0.168s] Level 1:colcon.colcon_core.package_identification:_identify(src/rrt_motion_planning) by extensions ['colcon_meta']
[0.168s] Level 1:colcon.colcon_core.package_identification:_identify(src/rrt_motion_planning) by extension 'colcon_meta'
[0.168s] Level 1:colcon.colcon_core.package_identification:_identify(src/rrt_motion_planning) by extensions ['ros']
[0.168s] Level 1:colcon.colcon_core.package_identification:_identify(src/rrt_motion_planning) by extension 'ros'
[0.169s] DEBUG:colcon.colcon_core.package_identification:Package 'src/rrt_motion_planning' with type 'ros.ament_python' and name 'rrt_motion_planning'
[0.169s] Level 1:colcon.colcon_core.package_identification:_identify(src/simple_urdf) by extensions ['ignore', 'ignore_ament_install']
[0.169s] Level 1:colcon.colcon_core.package_identification:_identify(src/simple_urdf) by extension 'ignore'
[0.169s] Level 1:colcon.colcon_core.package_identification:_identify(src/simple_urdf) by extension 'ignore_ament_install'
[0.169s] Level 1:colcon.colcon_core.package_identification:_identify(src/simple_urdf) by extensions ['colcon_pkg']
[0.169s] Level 1:colcon.colcon_core.package_identification:_identify(src/simple_urdf) by extension 'colcon_pkg'
[0.169s] Level 1:colcon.colcon_core.package_identification:_identify(src/simple_urdf) by extensions ['colcon_meta']
[0.169s] Level 1:colcon.colcon_core.package_identification:_identify(src/simple_urdf) by extension 'colcon_meta'
[0.169s] Level 1:colcon.colcon_core.package_identification:_identify(src/simple_urdf) by extensions ['ros']
[0.169s] Level 1:colcon.colcon_core.package_identification:_identify(src/simple_urdf) by extension 'ros'
[0.170s] DEBUG:colcon.colcon_core.package_identification:Package 'src/simple_urdf' with type 'ros.ament_cmake' and name 'simple_urdf'
[0.170s] Level 1:colcon.colcon_core.package_discovery:discover_packages(recursive) using defaults
[0.170s] Level 1:colcon.colcon_core.package_discovery:discover_packages(ignore) discover
[0.170s] Level 1:colcon.colcon_core.package_discovery:discover_packages(ignore) using defaults
[0.170s] Level 1:colcon.colcon_core.package_discovery:discover_packages(path) discover
[0.170s] Level 1:colcon.colcon_core.package_discovery:discover_packages(path) using defaults
[0.187s] Level 5:colcon.colcon_core.verb:set package 'forward_kinematics' build argument 'cmake_args' from command line to 'None'
[0.187s] Level 5:colcon.colcon_core.verb:set package 'forward_kinematics' build argument 'cmake_target' from command line to 'None'
[0.187s] Level 5:colcon.colcon_core.verb:set package 'forward_kinematics' build argument 'cmake_target_skip_unavailable' from command line to 'False'
[0.187s] Level 5:colcon.colcon_core.verb:set package 'forward_kinematics' build argument 'cmake_clean_cache' from command line to 'False'
[0.187s] Level 5:colcon.colcon_core.verb:set package 'forward_kinematics' build argument 'cmake_clean_first' from command line to 'False'
[0.187s] Level 5:colcon.colcon_core.verb:set package 'forward_kinematics' build argument 'cmake_force_configure' from command line to 'False'
[0.187s] Level 5:colcon.colcon_core.verb:set package 'forward_kinematics' build argument 'ament_cmake_args' from command line to 'None'
[0.187s] Level 5:colcon.colcon_core.verb:set package 'forward_kinematics' build argument 'catkin_cmake_args' from command line to 'None'
[0.187s] Level 5:colcon.colcon_core.verb:set package 'forward_kinematics' build argument 'catkin_skip_building_tests' from command line to 'False'
[0.187s] DEBUG:colcon.colcon_core.verb:Building package 'forward_kinematics' with the following arguments: {'ament_cmake_args': None, 'build_base': '/ros/UR_ws/build/forward_kinematics', 'catkin_cmake_args': None, 'catkin_skip_building_tests': False, 'cmake_args': None, 'cmake_clean_cache': False, 'cmake_clean_first': False, 'cmake_force_configure': False, 'cmake_target': None, 'cmake_target_skip_unavailable': False, 'install_base': '/ros/UR_ws/install/forward_kinematics', 'merge_install': False, 'path': '/ros/UR_ws/src/forward_kinematics', 'symlink_install': False, 'test_result_base': None}
[0.187s] Level 5:colcon.colcon_core.verb:set package 'kuka_robot' build argument 'cmake_args' from command line to 'None'
[0.187s] Level 5:colcon.colcon_core.verb:set package 'kuka_robot' build argument 'cmake_target' from command line to 'None'
[0.187s] Level 5:colcon.colcon_core.verb:set package 'kuka_robot' build argument 'cmake_target_skip_unavailable' from command line to 'False'
[0.187s] Level 5:colcon.colcon_core.verb:set package 'kuka_robot' build argument 'cmake_clean_cache' from command line to 'False'
[0.187s] Level 5:colcon.colcon_core.verb:set package 'kuka_robot' build argument 'cmake_clean_first' from command line to 'False'
[0.187s] Level 5:colcon.colcon_core.verb:set package 'kuka_robot' build argument 'cmake_force_configure' from command line to 'False'
[0.187s] Level 5:colcon.colcon_core.verb:set package 'kuka_robot' build argument 'ament_cmake_args' from command line to 'None'
[0.188s] Level 5:colcon.colcon_core.verb:set package 'kuka_robot' build argument 'catkin_cmake_args' from command line to 'None'
[0.188s] Level 5:colcon.colcon_core.verb:set package 'kuka_robot' build argument 'catkin_skip_building_tests' from command line to 'False'
[0.188s] DEBUG:colcon.colcon_core.verb:Building package 'kuka_robot' with the following arguments: {'ament_cmake_args': None, 'build_base': '/ros/UR_ws/build/kuka_robot', 'catkin_cmake_args': None, 'catkin_skip_building_tests': False, 'cmake_args': None, 'cmake_clean_cache': False, 'cmake_clean_first': False, 'cmake_force_configure': False, 'cmake_target': None, 'cmake_target_skip_unavailable': False, 'install_base': '/ros/UR_ws/install/kuka_robot', 'merge_install': False, 'path': '/ros/UR_ws/src/kuka_robot', 'symlink_install': False, 'test_result_base': None}
[0.188s] Level 5:colcon.colcon_core.verb:set package 'rrt_motion_planning' build argument 'cmake_args' from command line to 'None'
[0.188s] Level 5:colcon.colcon_core.verb:set package 'rrt_motion_planning' build argument 'cmake_target' from command line to 'None'
[0.188s] Level 5:colcon.colcon_core.verb:set package 'rrt_motion_planning' build argument 'cmake_target_skip_unavailable' from command line to 'False'
[0.188s] Level 5:colcon.colcon_core.verb:set package 'rrt_motion_planning' build argument 'cmake_clean_cache' from command line to 'False'
[0.188s] Level 5:colcon.colcon_core.verb:set package 'rrt_motion_planning' build argument 'cmake_clean_first' from command line to 'False'
[0.188s] Level 5:colcon.colcon_core.verb:set package 'rrt_motion_planning' build argument 'cmake_force_configure' from command line to 'False'
[0.188s] Level 5:colcon.colcon_core.verb:set package 'rrt_motion_planning' build argument 'ament_cmake_args' from command line to 'None'
[0.188s] Level 5:colcon.colcon_core.verb:set package 'rrt_motion_planning' build argument 'catkin_cmake_args' from command line to 'None'
[0.188s] Level 5:colcon.colcon_core.verb:set package 'rrt_motion_planning' build argument 'catkin_skip_building_tests' from command line to 'False'
[0.188s] DEBUG:colcon.colcon_core.verb:Building package 'rrt_motion_planning' with the following arguments: {'ament_cmake_args': None, 'build_base': '/ros/UR_ws/build/rrt_motion_planning', 'catkin_cmake_args': None, 'catkin_skip_building_tests': False, 'cmake_args': None, 'cmake_clean_cache': False, 'cmake_clean_first': False, 'cmake_force_configure': False, 'cmake_target': None, 'cmake_target_skip_unavailable': False, 'install_base': '/ros/UR_ws/install/rrt_motion_planning', 'merge_install': False, 'path': '/ros/UR_ws/src/rrt_motion_planning', 'symlink_install': False, 'test_result_base': None}
[0.188s] Level 5:colcon.colcon_core.verb:set package 'simple_urdf' build argument 'cmake_args' from command line to 'None'
[0.188s] Level 5:colcon.colcon_core.verb:set package 'simple_urdf' build argument 'cmake_target' from command line to 'None'
[0.188s] Level 5:colcon.colcon_core.verb:set package 'simple_urdf' build argument 'cmake_target_skip_unavailable' from command line to 'False'
[0.188s] Level 5:colcon.colcon_core.verb:set package 'simple_urdf' build argument 'cmake_clean_cache' from command line to 'False'
[0.188s] Level 5:colcon.colcon_core.verb:set package 'simple_urdf' build argument 'cmake_clean_first' from command line to 'False'
[0.188s] Level 5:colcon.colcon_core.verb:set package 'simple_urdf' build argument 'cmake_force_configure' from command line to 'False'
[0.188s] Level 5:colcon.colcon_core.verb:set package 'simple_urdf' build argument 'ament_cmake_args' from command line to 'None'
[0.188s] Level 5:colcon.colcon_core.verb:set package 'simple_urdf' build argument 'catkin_cmake_args' from command line to 'None'
[0.188s] Level 5:colcon.colcon_core.verb:set package 'simple_urdf' build argument 'catkin_skip_building_tests' from command line to 'False'
[0.188s] DEBUG:colcon.colcon_core.verb:Building package 'simple_urdf' with the following arguments: {'ament_cmake_args': None, 'build_base': '/ros/UR_ws/build/simple_urdf', 'catkin_cmake_args': None, 'catkin_skip_building_tests': False, 'cmake_args': None, 'cmake_clean_cache': False, 'cmake_clean_first': False, 'cmake_force_configure': False, 'cmake_target': None, 'cmake_target_skip_unavailable': False, 'install_base': '/ros/UR_ws/install/simple_urdf', 'merge_install': False, 'path': '/ros/UR_ws/src/simple_urdf', 'symlink_install': False, 'test_result_base': None}
[0.189s] Level 5:colcon.colcon_core.verb:set package 'ur_description' build argument 'cmake_args' from command line to 'None'
[0.189s] Level 5:colcon.colcon_core.verb:set package 'ur_description' build argument 'cmake_target' from command line to 'None'
[0.189s] Level 5:colcon.colcon_core.verb:set package 'ur_description' build argument 'cmake_target_skip_unavailable' from command line to 'False'
[0.189s] Level 5:colcon.colcon_core.verb:set package 'ur_description' build argument 'cmake_clean_cache' from command line to 'False'
[0.189s] Level 5:colcon.colcon_core.verb:set package 'ur_description' build argument 'cmake_clean_first' from command line to 'False'
[0.189s] Level 5:colcon.colcon_core.verb:set package 'ur_description' build argument 'cmake_force_configure' from command line to 'False'
[0.189s] Level 5:colcon.colcon_core.verb:set package 'ur_description' build argument 'ament_cmake_args' from command line to 'None'
[0.189s] Level 5:colcon.colcon_core.verb:set package 'ur_description' build argument 'catkin_cmake_args' from command line to 'None'
[0.189s] Level 5:colcon.colcon_core.verb:set package 'ur_description' build argument 'catkin_skip_building_tests' from command line to 'False'
[0.189s] DEBUG:colcon.colcon_core.verb:Building package 'ur_description' with the following arguments: {'ament_cmake_args': None, 'build_base': '/ros/UR_ws/build/ur_description', 'catkin_cmake_args': None, 'catkin_skip_building_tests': False, 'cmake_args': None, 'cmake_clean_cache': False, 'cmake_clean_first': False, 'cmake_force_configure': False, 'cmake_target': None, 'cmake_target_skip_unavailable': False, 'install_base': '/ros/UR_ws/install/ur_description', 'merge_install': False, 'path': '/ros/UR_ws/src/Universal_Robots_ROS2_Description', 'symlink_install': False, 'test_result_base': None}
[0.189s] INFO:colcon.colcon_core.executor:Executing jobs using 'parallel' executor
[0.190s] DEBUG:colcon.colcon_parallel_executor.executor.parallel:run_until_complete
[0.190s] INFO:colcon.colcon_ros.task.ament_python.build:Building ROS package in '/ros/UR_ws/src/forward_kinematics' with build type 'ament_python'
[0.190s] Level 1:colcon.colcon_core.shell:create_environment_hook('forward_kinematics', 'ament_prefix_path')
[0.192s] INFO:colcon.colcon_core.plugin_system:Skipping extension 'colcon_core.shell.bat': Not used on non-Windows systems
[0.192s] INFO:colcon.colcon_core.shell:Creating environment hook '/ros/UR_ws/install/forward_kinematics/share/forward_kinematics/hook/ament_prefix_path.ps1'
[0.192s] INFO:colcon.colcon_core.shell:Creating environment descriptor '/ros/UR_ws/install/forward_kinematics/share/forward_kinematics/hook/ament_prefix_path.dsv'
[0.193s] INFO:colcon.colcon_core.shell:Creating environment hook '/ros/UR_ws/install/forward_kinematics/share/forward_kinematics/hook/ament_prefix_path.sh'
[0.193s] INFO:colcon.colcon_core.shell:Skip shell extension 'powershell' for command environment: Not usable outside of PowerShell
[0.193s] DEBUG:colcon.colcon_core.shell:Skip shell extension 'dsv' for command environment
[0.197s] INFO:colcon.colcon_ros.task.ament_cmake.build:Building ROS package in '/ros/UR_ws/src/kuka_robot' with build type 'ament_cmake'
[0.197s] INFO:colcon.colcon_cmake.task.cmake.build:Building CMake package in '/ros/UR_ws/src/kuka_robot'
[0.197s] INFO:colcon.colcon_core.shell:Skip shell extension 'powershell' for command environment: Not usable outside of PowerShell
[0.197s] DEBUG:colcon.colcon_core.shell:Skip shell extension 'dsv' for command environment
[0.200s] INFO:colcon.colcon_ros.task.ament_python.build:Building ROS package in '/ros/UR_ws/src/rrt_motion_planning' with build type 'ament_python'
[0.200s] Level 1:colcon.colcon_core.shell:create_environment_hook('rrt_motion_planning', 'ament_prefix_path')
[0.200s] INFO:colcon.colcon_core.shell:Creating environment hook '/ros/UR_ws/install/rrt_motion_planning/share/rrt_motion_planning/hook/ament_prefix_path.ps1'
[0.201s] INFO:colcon.colcon_core.shell:Creating environment descriptor '/ros/UR_ws/install/rrt_motion_planning/share/rrt_motion_planning/hook/ament_prefix_path.dsv'
[0.201s] INFO:colcon.colcon_core.shell:Creating environment hook '/ros/UR_ws/install/rrt_motion_planning/share/rrt_motion_planning/hook/ament_prefix_path.sh'
[0.201s] INFO:colcon.colcon_core.shell:Skip shell extension 'powershell' for command environment: Not usable outside of PowerShell
[0.201s] DEBUG:colcon.colcon_core.shell:Skip shell extension 'dsv' for command environment
[0.204s] INFO:colcon.colcon_ros.task.ament_cmake.build:Building ROS package in '/ros/UR_ws/src/simple_urdf' with build type 'ament_cmake'
[0.204s] INFO:colcon.colcon_cmake.task.cmake.build:Building CMake package in '/ros/UR_ws/src/simple_urdf'
[0.204s] INFO:colcon.colcon_core.shell:Skip shell extension 'powershell' for command environment: Not usable outside of PowerShell
[0.205s] DEBUG:colcon.colcon_core.shell:Skip shell extension 'dsv' for command environment
[0.207s] INFO:colcon.colcon_ros.task.ament_cmake.build:Building ROS package in '/ros/UR_ws/src/Universal_Robots_ROS2_Description' with build type 'ament_cmake'
[0.207s] INFO:colcon.colcon_cmake.task.cmake.build:Building CMake package in '/ros/UR_ws/src/Universal_Robots_ROS2_Description'
[0.207s] INFO:colcon.colcon_core.shell:Skip shell extension 'powershell' for command environment: Not usable outside of PowerShell
[0.208s] DEBUG:colcon.colcon_core.shell:Skip shell extension 'dsv' for command environment
[0.395s] INFO:colcon.colcon_core.task.python.build:Building Python package in '/ros/UR_ws/src/forward_kinematics'
[0.396s] INFO:colcon.colcon_core.shell:Skip shell extension 'powershell' for command environment: Not usable outside of PowerShell
[0.396s] DEBUG:colcon.colcon_core.shell:Skip shell extension 'dsv' for command environment
[0.401s] DEBUG:colcon.colcon_core.event_handler.log_command:Invoking command in '/ros/UR_ws/build/kuka_robot': CMAKE_PREFIX_PATH=${CMAKE_PREFIX_PATH}:/opt/ros/jazzy /usr/bin/cmake --build /ros/UR_ws/build/kuka_robot -- -j12 -l12
[0.583s] INFO:colcon.colcon_core.task.python.build:Building Python package in '/ros/UR_ws/src/rrt_motion_planning'
[0.584s] INFO:colcon.colcon_core.shell:Skip shell extension 'powershell' for command environment: Not usable outside of PowerShell
[0.584s] DEBUG:colcon.colcon_core.shell:Skip shell extension 'dsv' for command environment
[0.588s] DEBUG:colcon.colcon_core.event_handler.log_command:Invoking command in '/ros/UR_ws/build/simple_urdf': CMAKE_PREFIX_PATH=${CMAKE_PREFIX_PATH}:/opt/ros/jazzy /usr/bin/cmake --build /ros/UR_ws/build/simple_urdf -- -j12 -l12
[0.590s] DEBUG:colcon.colcon_core.event_handler.log_command:Invoked command in '/ros/UR_ws/build/kuka_robot' returned '0': CMAKE_PREFIX_PATH=${CMAKE_PREFIX_PATH}:/opt/ros/jazzy /usr/bin/cmake --build /ros/UR_ws/build/kuka_robot -- -j12 -l12
[0.597s] DEBUG:colcon.colcon_core.event_handler.log_command:Invoking command in '/ros/UR_ws/build/kuka_robot': CMAKE_PREFIX_PATH=${CMAKE_PREFIX_PATH}:/opt/ros/jazzy /usr/bin/cmake --install /ros/UR_ws/build/kuka_robot
[0.600s] DEBUG:colcon.colcon_core.event_handler.log_command:Invoking command in '/ros/UR_ws/build/ur_description': CMAKE_PREFIX_PATH=${CMAKE_PREFIX_PATH}:/opt/ros/jazzy /usr/bin/cmake --build /ros/UR_ws/build/ur_description -- -j12 -l12
[0.607s] Level 1:colcon.colcon_core.environment:create_environment_scripts_only(kuka_robot)
[0.615s] DEBUG:colcon.colcon_core.event_handler.log_command:Invoked command in '/ros/UR_ws/build/kuka_robot' returned '0': CMAKE_PREFIX_PATH=${CMAKE_PREFIX_PATH}:/opt/ros/jazzy /usr/bin/cmake --install /ros/UR_ws/build/kuka_robot
[0.616s] Level 1:colcon.colcon_core.environment:checking '/ros/UR_ws/install/kuka_robot' for CMake module files
[0.616s] Level 1:colcon.colcon_core.environment:checking '/ros/UR_ws/install/kuka_robot' for CMake config files
[0.617s] Level 1:colcon.colcon_core.shell:create_environment_hook('kuka_robot', 'cmake_prefix_path')
[0.617s] INFO:colcon.colcon_core.shell:Creating environment hook '/ros/UR_ws/install/kuka_robot/share/kuka_robot/hook/cmake_prefix_path.ps1'
[0.617s] INFO:colcon.colcon_core.shell:Creating environment descriptor '/ros/UR_ws/install/kuka_robot/share/kuka_robot/hook/cmake_prefix_path.dsv'
[0.618s] INFO:colcon.colcon_core.shell:Creating environment hook '/ros/UR_ws/install/kuka_robot/share/kuka_robot/hook/cmake_prefix_path.sh'
[0.618s] Level 1:colcon.colcon_core.environment:checking '/ros/UR_ws/install/kuka_robot/bin'
[0.618s] Level 1:colcon.colcon_core.environment:checking '/ros/UR_ws/install/kuka_robot/lib/pkgconfig/kuka_robot.pc'
[0.619s] Level 1:colcon.colcon_core.environment:checking '/ros/UR_ws/install/kuka_robot/lib/python3.12/site-packages'
[0.619s] Level 1:colcon.colcon_core.environment:checking '/ros/UR_ws/install/kuka_robot/bin'
[0.619s] INFO:colcon.colcon_core.shell:Creating package script '/ros/UR_ws/install/kuka_robot/share/kuka_robot/package.ps1'
[0.620s] INFO:colcon.colcon_core.shell:Creating package descriptor '/ros/UR_ws/install/kuka_robot/share/kuka_robot/package.dsv'
[0.621s] INFO:colcon.colcon_core.shell:Creating package script '/ros/UR_ws/install/kuka_robot/share/kuka_robot/package.sh'
[0.621s] INFO:colcon.colcon_core.shell:Creating package script '/ros/UR_ws/install/kuka_robot/share/kuka_robot/package.bash'
[0.622s] INFO:colcon.colcon_core.shell:Creating package script '/ros/UR_ws/install/kuka_robot/share/kuka_robot/package.zsh'
[0.622s] Level 1:colcon.colcon_core.environment:create_file_with_runtime_dependencies(/ros/UR_ws/install/kuka_robot/share/colcon-core/packages/kuka_robot)
[0.623s] Level 1:colcon.colcon_core.environment:create_environment_scripts_only(kuka_robot)
[0.623s] Level 1:colcon.colcon_core.environment:checking '/ros/UR_ws/install/kuka_robot' for CMake module files
[0.623s] Level 1:colcon.colcon_core.environment:checking '/ros/UR_ws/install/kuka_robot' for CMake config files
[0.623s] Level 1:colcon.colcon_core.shell:create_environment_hook('kuka_robot', 'cmake_prefix_path')
[0.624s] INFO:colcon.colcon_core.shell:Creating environment hook '/ros/UR_ws/install/kuka_robot/share/kuka_robot/hook/cmake_prefix_path.ps1'
[0.624s] INFO:colcon.colcon_core.shell:Creating environment descriptor '/ros/UR_ws/install/kuka_robot/share/kuka_robot/hook/cmake_prefix_path.dsv'
[0.624s] INFO:colcon.colcon_core.shell:Creating environment hook '/ros/UR_ws/install/kuka_robot/share/kuka_robot/hook/cmake_prefix_path.sh'
[0.625s] Level 1:colcon.colcon_core.environment:checking '/ros/UR_ws/install/kuka_robot/bin'
[0.625s] Level 1:colcon.colcon_core.environment:checking '/ros/UR_ws/install/kuka_robot/lib/pkgconfig/kuka_robot.pc'
[0.625s] Level 1:colcon.colcon_core.environment:checking '/ros/UR_ws/install/kuka_robot/lib/python3.12/site-packages'
[0.625s] Level 1:colcon.colcon_core.environment:checking '/ros/UR_ws/install/kuka_robot/bin'
[0.625s] INFO:colcon.colcon_core.shell:Creating package script '/ros/UR_ws/install/kuka_robot/share/kuka_robot/package.ps1'
[0.626s] INFO:colcon.colcon_core.shell:Creating package descriptor '/ros/UR_ws/install/kuka_robot/share/kuka_robot/package.dsv'
[0.626s] INFO:colcon.colcon_core.shell:Creating package script '/ros/UR_ws/install/kuka_robot/share/kuka_robot/package.sh'
[0.627s] INFO:colcon.colcon_core.shell:Creating package script '/ros/UR_ws/install/kuka_robot/share/kuka_robot/package.bash'
[0.627s] INFO:colcon.colcon_core.shell:Creating package script '/ros/UR_ws/install/kuka_robot/share/kuka_robot/package.zsh'
[0.627s] Level 1:colcon.colcon_core.environment:create_file_with_runtime_dependencies(/ros/UR_ws/install/kuka_robot/share/colcon-core/packages/kuka_robot)
[0.629s] DEBUG:colcon.colcon_core.event_handler.log_command:Invoked command in '/ros/UR_ws/build/simple_urdf' returned '0': CMAKE_PREFIX_PATH=${CMAKE_PREFIX_PATH}:/opt/ros/jazzy /usr/bin/cmake --build /ros/UR_ws/build/simple_urdf -- -j12 -l12
[0.630s] DEBUG:colcon.colcon_core.event_handler.log_command:Invoking command in '/ros/UR_ws/build/simple_urdf': CMAKE_PREFIX_PATH=${CMAKE_PREFIX_PATH}:/opt/ros/jazzy /usr/bin/cmake --install /ros/UR_ws/build/simple_urdf
[0.632s] DEBUG:colcon.colcon_core.event_handler.log_command:Invoked command in '/ros/UR_ws/build/ur_description' returned '0': CMAKE_PREFIX_PATH=${CMAKE_PREFIX_PATH}:/opt/ros/jazzy /usr/bin/cmake --build /ros/UR_ws/build/ur_description -- -j12 -l12
[0.632s] DEBUG:colcon.colcon_core.event_handler.log_command:Invoking command in '/ros/UR_ws/build/ur_description': CMAKE_PREFIX_PATH=${CMAKE_PREFIX_PATH}:/opt/ros/jazzy /usr/bin/cmake --install /ros/UR_ws/build/ur_description
[0.640s] Level 1:colcon.colcon_core.environment:create_environment_scripts_only(simple_urdf)
[0.640s] Level 1:colcon.colcon_core.environment:checking '/ros/UR_ws/install/simple_urdf' for CMake module files
[0.642s] Level 1:colcon.colcon_core.environment:checking '/ros/UR_ws/install/simple_urdf' for CMake config files
[0.646s] Level 1:colcon.colcon_core.shell:create_environment_hook('simple_urdf', 'cmake_prefix_path')
[0.646s] INFO:colcon.colcon_core.shell:Creating environment hook '/ros/UR_ws/install/simple_urdf/share/simple_urdf/hook/cmake_prefix_path.ps1'
[0.647s] INFO:colcon.colcon_core.shell:Creating environment descriptor '/ros/UR_ws/install/simple_urdf/share/simple_urdf/hook/cmake_prefix_path.dsv'
[0.647s] INFO:colcon.colcon_core.shell:Creating environment hook '/ros/UR_ws/install/simple_urdf/share/simple_urdf/hook/cmake_prefix_path.sh'
[0.648s] Level 1:colcon.colcon_core.environment:checking '/ros/UR_ws/install/simple_urdf/bin'
[0.648s] Level 1:colcon.colcon_core.environment:checking '/ros/UR_ws/install/simple_urdf/lib/pkgconfig/simple_urdf.pc'
[0.649s] Level 1:colcon.colcon_core.environment:checking '/ros/UR_ws/install/simple_urdf/lib/python3.12/site-packages'
[0.649s] Level 1:colcon.colcon_core.environment:checking '/ros/UR_ws/install/simple_urdf/bin'
[0.649s] DEBUG:colcon.colcon_core.event_handler.log_command:Invoked command in '/ros/UR_ws/build/simple_urdf' returned '0': CMAKE_PREFIX_PATH=${CMAKE_PREFIX_PATH}:/opt/ros/jazzy /usr/bin/cmake --install /ros/UR_ws/build/simple_urdf
[0.649s] INFO:colcon.colcon_core.shell:Creating package script '/ros/UR_ws/install/simple_urdf/share/simple_urdf/package.ps1'
[0.651s] INFO:colcon.colcon_core.shell:Creating package descriptor '/ros/UR_ws/install/simple_urdf/share/simple_urdf/package.dsv'
[0.652s] INFO:colcon.colcon_core.shell:Creating package script '/ros/UR_ws/install/simple_urdf/share/simple_urdf/package.sh'
[0.653s] INFO:colcon.colcon_core.shell:Creating package script '/ros/UR_ws/install/simple_urdf/share/simple_urdf/package.bash'
[0.654s] INFO:colcon.colcon_core.shell:Creating package script '/ros/UR_ws/install/simple_urdf/share/simple_urdf/package.zsh'
[0.655s] Level 1:colcon.colcon_core.environment:create_file_with_runtime_dependencies(/ros/UR_ws/install/simple_urdf/share/colcon-core/packages/simple_urdf)
[0.656s] Level 1:colcon.colcon_core.environment:create_environment_scripts_only(simple_urdf)
[0.656s] Level 1:colcon.colcon_core.environment:checking '/ros/UR_ws/install/simple_urdf' for CMake module files
[0.657s] Level 1:colcon.colcon_core.environment:checking '/ros/UR_ws/install/simple_urdf' for CMake config files
[0.659s] Level 1:colcon.colcon_core.shell:create_environment_hook('simple_urdf', 'cmake_prefix_path')
[0.659s] INFO:colcon.colcon_core.shell:Creating environment hook '/ros/UR_ws/install/simple_urdf/share/simple_urdf/hook/cmake_prefix_path.ps1'
[0.660s] INFO:colcon.colcon_core.shell:Creating environment descriptor '/ros/UR_ws/install/simple_urdf/share/simple_urdf/hook/cmake_prefix_path.dsv'
[0.661s] INFO:colcon.colcon_core.shell:Creating environment hook '/ros/UR_ws/install/simple_urdf/share/simple_urdf/hook/cmake_prefix_path.sh'
[0.662s] Level 1:colcon.colcon_core.environment:checking '/ros/UR_ws/install/simple_urdf/bin'
[0.662s] Level 1:colcon.colcon_core.environment:checking '/ros/UR_ws/install/simple_urdf/lib/pkgconfig/simple_urdf.pc'
[0.662s] Level 1:colcon.colcon_core.environment:checking '/ros/UR_ws/install/simple_urdf/lib/python3.12/site-packages'
[0.663s] Level 1:colcon.colcon_core.environment:checking '/ros/UR_ws/install/simple_urdf/bin'
[0.663s] INFO:colcon.colcon_core.shell:Creating package script '/ros/UR_ws/install/simple_urdf/share/simple_urdf/package.ps1'
[0.664s] INFO:colcon.colcon_core.shell:Creating package descriptor '/ros/UR_ws/install/simple_urdf/share/simple_urdf/package.dsv'
[0.665s] INFO:colcon.colcon_core.shell:Creating package script '/ros/UR_ws/install/simple_urdf/share/simple_urdf/package.sh'
[0.665s] INFO:colcon.colcon_core.shell:Creating package script '/ros/UR_ws/install/simple_urdf/share/simple_urdf/package.bash'
[0.666s] INFO:colcon.colcon_core.shell:Creating package script '/ros/UR_ws/install/simple_urdf/share/simple_urdf/package.zsh'
[0.667s] Level 1:colcon.colcon_core.environment:create_file_with_runtime_dependencies(/ros/UR_ws/install/simple_urdf/share/colcon-core/packages/simple_urdf)
[0.667s] Level 1:colcon.colcon_core.environment:create_environment_scripts_only(ur_description)
[0.668s] Level 1:colcon.colcon_core.environment:checking '/ros/UR_ws/install/ur_description' for CMake module files
[0.671s] Level 1:colcon.colcon_core.environment:checking '/ros/UR_ws/install/ur_description' for CMake config files
[0.677s] Level 1:colcon.colcon_core.shell:create_environment_hook('ur_description', 'cmake_prefix_path')
[0.677s] INFO:colcon.colcon_core.shell:Creating environment hook '/ros/UR_ws/install/ur_description/share/ur_description/hook/cmake_prefix_path.ps1'
[0.679s] INFO:colcon.colcon_core.shell:Creating environment descriptor '/ros/UR_ws/install/ur_description/share/ur_description/hook/cmake_prefix_path.dsv'
[0.680s] INFO:colcon.colcon_core.shell:Creating environment hook '/ros/UR_ws/install/ur_description/share/ur_description/hook/cmake_prefix_path.sh'
[0.682s] Level 1:colcon.colcon_core.environment:checking '/ros/UR_ws/install/ur_description/bin'
[0.682s] Level 1:colcon.colcon_core.environment:checking '/ros/UR_ws/install/ur_description/lib/pkgconfig/ur_description.pc'
[0.682s] Level 1:colcon.colcon_core.environment:checking '/ros/UR_ws/install/ur_description/lib/python3.12/site-packages'
[0.683s] Level 1:colcon.colcon_core.environment:checking '/ros/UR_ws/install/ur_description/bin'
[0.683s] INFO:colcon.colcon_core.shell:Creating package script '/ros/UR_ws/install/ur_description/share/ur_description/package.ps1'
[0.684s] INFO:colcon.colcon_core.shell:Creating package descriptor '/ros/UR_ws/install/ur_description/share/ur_description/package.dsv'
[0.685s] INFO:colcon.colcon_core.shell:Creating package script '/ros/UR_ws/install/ur_description/share/ur_description/package.sh'
[0.685s] INFO:colcon.colcon_core.shell:Creating package script '/ros/UR_ws/install/ur_description/share/ur_description/package.bash'
[0.686s] INFO:colcon.colcon_core.shell:Creating package script '/ros/UR_ws/install/ur_description/share/ur_description/package.zsh'
[0.687s] Level 1:colcon.colcon_core.environment:create_file_with_runtime_dependencies(/ros/UR_ws/install/ur_description/share/colcon-core/packages/ur_description)
[0.689s] DEBUG:colcon.colcon_core.event_handler.log_command:Invoked command in '/ros/UR_ws/build/ur_description' returned '0': CMAKE_PREFIX_PATH=${CMAKE_PREFIX_PATH}:/opt/ros/jazzy /usr/bin/cmake --install /ros/UR_ws/build/ur_description
[0.690s] Level 1:colcon.colcon_core.environment:create_environment_scripts_only(ur_description)
[0.690s] Level 1:colcon.colcon_core.environment:checking '/ros/UR_ws/install/ur_description' for CMake module files
[0.691s] Level 1:colcon.colcon_core.environment:checking '/ros/UR_ws/install/ur_description' for CMake config files
[0.693s] Level 1:colcon.colcon_core.shell:create_environment_hook('ur_description', 'cmake_prefix_path')
[0.693s] INFO:colcon.colcon_core.shell:Creating environment hook '/ros/UR_ws/install/ur_description/share/ur_description/hook/cmake_prefix_path.ps1'
[0.693s] INFO:colcon.colcon_core.shell:Creating environment descriptor '/ros/UR_ws/install/ur_description/share/ur_description/hook/cmake_prefix_path.dsv'
[0.694s] INFO:colcon.colcon_core.shell:Creating environment hook '/ros/UR_ws/install/ur_description/share/ur_description/hook/cmake_prefix_path.sh'
[0.695s] Level 1:colcon.colcon_core.environment:checking '/ros/UR_ws/install/ur_description/bin'
[0.695s] Level 1:colcon.colcon_core.environment:checking '/ros/UR_ws/install/ur_description/lib/pkgconfig/ur_description.pc'
[0.695s] Level 1:colcon.colcon_core.environment:checking '/ros/UR_ws/install/ur_description/lib/python3.12/site-packages'
[0.696s] Level 1:colcon.colcon_core.environment:checking '/ros/UR_ws/install/ur_description/bin'
[0.696s] INFO:colcon.colcon_core.shell:Creating package script '/ros/UR_ws/install/ur_description/share/ur_description/package.ps1'
[0.697s] INFO:colcon.colcon_core.shell:Creating package descriptor '/ros/UR_ws/install/ur_description/share/ur_description/package.dsv'
[0.697s] INFO:colcon.colcon_core.shell:Creating package script '/ros/UR_ws/install/ur_description/share/ur_description/package.sh'
[0.698s] INFO:colcon.colcon_core.shell:Creating package script '/ros/UR_ws/install/ur_description/share/ur_description/package.bash'
[0.698s] INFO:colcon.colcon_core.shell:Creating package script '/ros/UR_ws/install/ur_description/share/ur_description/package.zsh'
[0.699s] Level 1:colcon.colcon_core.environment:create_file_with_runtime_dependencies(/ros/UR_ws/install/ur_description/share/colcon-core/packages/ur_description)
[1.094s] DEBUG:colcon.colcon_core.event_handler.log_command:Invoking command in '/ros/UR_ws/src/forward_kinematics': PYTHONPATH=/ros/UR_ws/build/forward_kinematics/prefix_override:/usr/lib/python3/dist-packages/colcon_core/task/python/colcon_distutils_commands:/ros/UR_ws/install/forward_kinematics/lib/python3.12/site-packages:${PYTHONPATH} /usr/bin/python3 -W ignore:setup.py install is deprecated -W ignore:easy_install command is deprecated setup.py egg_info --egg-base ../../build/forward_kinematics build --build-base /ros/UR_ws/build/forward_kinematics/build install --record /ros/UR_ws/build/forward_kinematics/install.log --single-version-externally-managed install_data
[1.144s] DEBUG:colcon.colcon_core.event_handler.log_command:Invoking command in '/ros/UR_ws/src/rrt_motion_planning': PYTHONPATH=/ros/UR_ws/build/rrt_motion_planning/prefix_override:/usr/lib/python3/dist-packages/colcon_core/task/python/colcon_distutils_commands:/ros/UR_ws/install/rrt_motion_planning/lib/python3.12/site-packages:${PYTHONPATH} /usr/bin/python3 -W ignore:setup.py install is deprecated -W ignore:easy_install command is deprecated setup.py egg_info --egg-base ../../build/rrt_motion_planning build --build-base /ros/UR_ws/build/rrt_motion_planning/build install --record /ros/UR_ws/build/rrt_motion_planning/install.log --single-version-externally-managed install_data
[1.562s] Level 1:colcon.colcon_core.environment:checking '/ros/UR_ws/install/forward_kinematics' for CMake module files
[1.563s] DEBUG:colcon.colcon_core.event_handler.log_command:Invoked command in '/ros/UR_ws/src/forward_kinematics' returned '0': PYTHONPATH=/ros/UR_ws/build/forward_kinematics/prefix_override:/usr/lib/python3/dist-packages/colcon_core/task/python/colcon_distutils_commands:/ros/UR_ws/install/forward_kinematics/lib/python3.12/site-packages:${PYTHONPATH} /usr/bin/python3 -W ignore:setup.py install is deprecated -W ignore:easy_install command is deprecated setup.py egg_info --egg-base ../../build/forward_kinematics build --build-base /ros/UR_ws/build/forward_kinematics/build install --record /ros/UR_ws/build/forward_kinematics/install.log --single-version-externally-managed install_data
[1.563s] Level 1:colcon.colcon_core.environment:checking '/ros/UR_ws/install/forward_kinematics' for CMake config files
[1.563s] Level 1:colcon.colcon_core.environment:checking '/ros/UR_ws/install/forward_kinematics/lib'
[1.563s] Level 1:colcon.colcon_core.environment:checking '/ros/UR_ws/install/forward_kinematics/bin'
[1.563s] Level 1:colcon.colcon_core.environment:checking '/ros/UR_ws/install/forward_kinematics/lib/pkgconfig/forward_kinematics.pc'
[1.564s] Level 1:colcon.colcon_core.environment:checking '/ros/UR_ws/install/forward_kinematics/lib/python3.12/site-packages'
[1.564s] Level 1:colcon.colcon_core.shell:create_environment_hook('forward_kinematics', 'pythonpath')
[1.564s] INFO:colcon.colcon_core.shell:Creating environment hook '/ros/UR_ws/install/forward_kinematics/share/forward_kinematics/hook/pythonpath.ps1'
[1.564s] INFO:colcon.colcon_core.shell:Creating environment descriptor '/ros/UR_ws/install/forward_kinematics/share/forward_kinematics/hook/pythonpath.dsv'
[1.565s] INFO:colcon.colcon_core.shell:Creating environment hook '/ros/UR_ws/install/forward_kinematics/share/forward_kinematics/hook/pythonpath.sh'
[1.565s] Level 1:colcon.colcon_core.environment:checking '/ros/UR_ws/install/forward_kinematics/bin'
[1.565s] Level 1:colcon.colcon_core.environment:create_environment_scripts_only(forward_kinematics)
[1.565s] INFO:colcon.colcon_core.shell:Creating package script '/ros/UR_ws/install/forward_kinematics/share/forward_kinematics/package.ps1'
[1.566s] INFO:colcon.colcon_core.shell:Creating package descriptor '/ros/UR_ws/install/forward_kinematics/share/forward_kinematics/package.dsv'
[1.566s] INFO:colcon.colcon_core.shell:Creating package script '/ros/UR_ws/install/forward_kinematics/share/forward_kinematics/package.sh'
[1.567s] INFO:colcon.colcon_core.shell:Creating package script '/ros/UR_ws/install/forward_kinematics/share/forward_kinematics/package.bash'
[1.567s] INFO:colcon.colcon_core.shell:Creating package script '/ros/UR_ws/install/forward_kinematics/share/forward_kinematics/package.zsh'
[1.567s] Level 1:colcon.colcon_core.environment:create_file_with_runtime_dependencies(/ros/UR_ws/install/forward_kinematics/share/colcon-core/packages/forward_kinematics)
[1.600s] Level 1:colcon.colcon_core.environment:checking '/ros/UR_ws/install/rrt_motion_planning' for CMake module files
[1.600s] DEBUG:colcon.colcon_core.event_handler.log_command:Invoked command in '/ros/UR_ws/src/rrt_motion_planning' returned '0': PYTHONPATH=/ros/UR_ws/build/rrt_motion_planning/prefix_override:/usr/lib/python3/dist-packages/colcon_core/task/python/colcon_distutils_commands:/ros/UR_ws/install/rrt_motion_planning/lib/python3.12/site-packages:${PYTHONPATH} /usr/bin/python3 -W ignore:setup.py install is deprecated -W ignore:easy_install command is deprecated setup.py egg_info --egg-base ../../build/rrt_motion_planning build --build-base /ros/UR_ws/build/rrt_motion_planning/build install --record /ros/UR_ws/build/rrt_motion_planning/install.log --single-version-externally-managed install_data
[1.600s] Level 1:colcon.colcon_core.environment:checking '/ros/UR_ws/install/rrt_motion_planning' for CMake config files
[1.601s] Level 1:colcon.colcon_core.environment:checking '/ros/UR_ws/install/rrt_motion_planning/lib'
[1.601s] Level 1:colcon.colcon_core.environment:checking '/ros/UR_ws/install/rrt_motion_planning/bin'
[1.601s] Level 1:colcon.colcon_core.environment:checking '/ros/UR_ws/install/rrt_motion_planning/lib/pkgconfig/rrt_motion_planning.pc'
[1.601s] Level 1:colcon.colcon_core.environment:checking '/ros/UR_ws/install/rrt_motion_planning/lib/python3.12/site-packages'
[1.601s] Level 1:colcon.colcon_core.shell:create_environment_hook('rrt_motion_planning', 'pythonpath')
[1.601s] INFO:colcon.colcon_core.shell:Creating environment hook '/ros/UR_ws/install/rrt_motion_planning/share/rrt_motion_planning/hook/pythonpath.ps1'
[1.602s] INFO:colcon.colcon_core.shell:Creating environment descriptor '/ros/UR_ws/install/rrt_motion_planning/share/rrt_motion_planning/hook/pythonpath.dsv'
[1.602s] INFO:colcon.colcon_core.shell:Creating environment hook '/ros/UR_ws/install/rrt_motion_planning/share/rrt_motion_planning/hook/pythonpath.sh'
[1.603s] Level 1:colcon.colcon_core.environment:checking '/ros/UR_ws/install/rrt_motion_planning/bin'
[1.603s] Level 1:colcon.colcon_core.environment:create_environment_scripts_only(rrt_motion_planning)
[1.603s] INFO:colcon.colcon_core.shell:Creating package script '/ros/UR_ws/install/rrt_motion_planning/share/rrt_motion_planning/package.ps1'
[1.603s] INFO:colcon.colcon_core.shell:Creating package descriptor '/ros/UR_ws/install/rrt_motion_planning/share/rrt_motion_planning/package.dsv'
[1.604s] INFO:colcon.colcon_core.shell:Creating package script '/ros/UR_ws/install/rrt_motion_planning/share/rrt_motion_planning/package.sh'
[1.604s] INFO:colcon.colcon_core.shell:Creating package script '/ros/UR_ws/install/rrt_motion_planning/share/rrt_motion_planning/package.bash'
[1.604s] INFO:colcon.colcon_core.shell:Creating package script '/ros/UR_ws/install/rrt_motion_planning/share/rrt_motion_planning/package.zsh'
[1.605s] Level 1:colcon.colcon_core.environment:create_file_with_runtime_dependencies(/ros/UR_ws/install/rrt_motion_planning/share/colcon-core/packages/rrt_motion_planning)
[1.605s] DEBUG:colcon.colcon_parallel_executor.executor.parallel:closing loop
[1.605s] DEBUG:colcon.colcon_parallel_executor.executor.parallel:loop closed
[1.605s] DEBUG:colcon.colcon_parallel_executor.executor.parallel:run_until_complete finished with '0'
[1.605s] DEBUG:colcon.colcon_core.event_reactor:joining thread
[1.610s] INFO:colcon.colcon_core.plugin_system:Skipping extension 'colcon_notification.desktop_notification.notify_send': Could not find 'notify-send'
[1.610s] INFO:colcon.colcon_core.plugin_system:Skipping extension 'colcon_notification.desktop_notification.terminal_notifier': Not used on non-Darwin systems
[1.610s] INFO:colcon.colcon_core.plugin_system:Skipping extension 'colcon_notification.desktop_notification.win32': Not used on non-Windows systems
[1.610s] INFO:colcon.colcon_notification.desktop_notification:Sending desktop notification using 'notify2'
[1.612s] DEBUG:colcon.colcon_notification.desktop_notification.notify2:Failed to initialize notify2: org.freedesktop.DBus.Error.Spawn.ExecFailed: /usr/bin/dbus-launch terminated abnormally without any error message
[1.613s] DEBUG:colcon.colcon_core.event_reactor:joined thread
[1.613s] INFO:colcon.colcon_core.shell:Creating prefix script '/ros/UR_ws/install/local_setup.ps1'
[1.614s] INFO:colcon.colcon_core.shell:Creating prefix util module '/ros/UR_ws/install/_local_setup_util_ps1.py'
[1.615s] INFO:colcon.colcon_core.shell:Creating prefix chain script '/ros/UR_ws/install/setup.ps1'
[1.616s] INFO:colcon.colcon_core.shell:Creating prefix script '/ros/UR_ws/install/local_setup.sh'
[1.617s] INFO:colcon.colcon_core.shell:Creating prefix util module '/ros/UR_ws/install/_local_setup_util_sh.py'
[1.617s] INFO:colcon.colcon_core.shell:Creating prefix chain script '/ros/UR_ws/install/setup.sh'
[1.618s] INFO:colcon.colcon_core.shell:Creating prefix script '/ros/UR_ws/install/local_setup.bash'
[1.618s] INFO:colcon.colcon_core.shell:Creating prefix chain script '/ros/UR_ws/install/setup.bash'
[1.619s] INFO:colcon.colcon_core.shell:Creating prefix script '/ros/UR_ws/install/local_setup.zsh'
[1.619s] INFO:colcon.colcon_core.shell:Creating prefix chain script '/ros/UR_ws/install/setup.zsh'
