running egg_info
creating ../../build/rrt_motion_planning/rrt_motion_planning.egg-info
writing ../../build/rrt_motion_planning/rrt_motion_planning.egg-info/PKG-INFO
writing dependency_links to ../../build/rrt_motion_planning/rrt_motion_planning.egg-info/dependency_links.txt
writing entry points to ../../build/rrt_motion_planning/rrt_motion_planning.egg-info/entry_points.txt
writing requirements to ../../build/rrt_motion_planning/rrt_motion_planning.egg-info/requires.txt
writing top-level names to ../../build/rrt_motion_planning/rrt_motion_planning.egg-info/top_level.txt
writing manifest file '../../build/rrt_motion_planning/rrt_motion_planning.egg-info/SOURCES.txt'
reading manifest file '../../build/rrt_motion_planning/rrt_motion_planning.egg-info/SOURCES.txt'
writing manifest file '../../build/rrt_motion_planning/rrt_motion_planning.egg-info/SOURCES.txt'
running build
running build_py
creating /ros/UR_ws/build/rrt_motion_planning/build
creating /ros/UR_ws/build/rrt_motion_planning/build/lib
creating /ros/UR_ws/build/rrt_motion_planning/build/lib/rrt_motion_planning
copying rrt_motion_planning/rrt_motion_planning.py -> /ros/UR_ws/build/rrt_motion_planning/build/lib/rrt_motion_planning
copying rrt_motion_planning/__init__.py -> /ros/UR_ws/build/rrt_motion_planning/build/lib/rrt_motion_planning
running install
running install_lib
creating /ros/UR_ws/install/rrt_motion_planning/lib/python3.12/site-packages/rrt_motion_planning
copying /ros/UR_ws/build/rrt_motion_planning/build/lib/rrt_motion_planning/rrt_motion_planning.py -> /ros/UR_ws/install/rrt_motion_planning/lib/python3.12/site-packages/rrt_motion_planning
copying /ros/UR_ws/build/rrt_motion_planning/build/lib/rrt_motion_planning/__init__.py -> /ros/UR_ws/install/rrt_motion_planning/lib/python3.12/site-packages/rrt_motion_planning
byte-compiling /ros/UR_ws/install/rrt_motion_planning/lib/python3.12/site-packages/rrt_motion_planning/rrt_motion_planning.py to rrt_motion_planning.cpython-312.pyc
byte-compiling /ros/UR_ws/install/rrt_motion_planning/lib/python3.12/site-packages/rrt_motion_planning/__init__.py to __init__.cpython-312.pyc
running install_data
creating /ros/UR_ws/install/rrt_motion_planning/share/ament_index
creating /ros/UR_ws/install/rrt_motion_planning/share/ament_index/resource_index
creating /ros/UR_ws/install/rrt_motion_planning/share/ament_index/resource_index/packages
copying resource/rrt_motion_planning -> /ros/UR_ws/install/rrt_motion_planning/share/ament_index/resource_index/packages
copying package.xml -> /ros/UR_ws/install/rrt_motion_planning/share/rrt_motion_planning
running install_egg_info
Copying ../../build/rrt_motion_planning/rrt_motion_planning.egg-info to /ros/UR_ws/install/rrt_motion_planning/lib/python3.12/site-packages/rrt_motion_planning-0.0.0-py3.12.egg-info
running install_scripts
Installing rrt_motion_planning script to /ros/UR_ws/install/rrt_motion_planning/lib/rrt_motion_planning
writing list of installed files to '/ros/UR_ws/build/rrt_motion_planning/install.log'
