[0.009s] Invoking command in '/ros/Practicas_pregrado/build/robots_description': CMAKE_PREFIX_PATH=${CMAKE_PREFIX_PATH}:/ros/UR_ws/install/rrt_motion_planning:/ros/UR_ws/install/forward_kinematics:/opt/ros/jazzy /usr/bin/cmake --build /ros/Practicas_pregrado/build/robots_description -- -j12 -l12
[0.042s] Invoked command in '/ros/Practicas_pregrado/build/robots_description' returned '0': CMAKE_PREFIX_PATH=${CMAKE_PREFIX_PATH}:/ros/UR_ws/install/rrt_motion_planning:/ros/UR_ws/install/forward_kinematics:/opt/ros/jazzy /usr/bin/cmake --build /ros/Practicas_pregrado/build/robots_description -- -j12 -l12
[0.049s] Invoking command in '/ros/Practicas_pregrado/build/robots_description': CMAKE_PREFIX_PATH=${CMAKE_PREFIX_PATH}:/ros/UR_ws/install/rrt_motion_planning:/ros/UR_ws/install/forward_kinematics:/opt/ros/jazzy /usr/bin/cmake --install /ros/Practicas_pregrado/build/robots_description
[0.056s] -- Install configuration: ""
[0.056s] -- Up-to-date: /ros/Practicas_pregrado/install/robots_description/share/robots_description/launch
[0.056s] -- Up-to-date: /ros/Practicas_pregrado/install/robots_description/share/robots_description/launch/display_robot.launch.py
[0.056s] -- Up-to-date: /ros/Practicas_pregrado/install/robots_description/share/robots_description/urdf
[0.056s] -- Up-to-date: /ros/Practicas_pregrado/install/robots_description/share/robots_description/urdf/cyl_robot.urdf
[0.056s] -- Installing: /ros/Practicas_pregrado/install/robots_description/share/robots_description/urdf/ang_robot.urdf
[0.056s] -- Up-to-date: /ros/Practicas_pregrado/install/robots_description/share/robots_description/rviz
[0.056s] -- Up-to-date: /ros/Practicas_pregrado/install/robots_description/share/robots_description/rviz/urdf.rviz
[0.056s] -- Up-to-date: /ros/Practicas_pregrado/install/robots_description/share/ament_index/resource_index/package_run_dependencies/robots_description
[0.056s] -- Up-to-date: /ros/Practicas_pregrado/install/robots_description/share/ament_index/resource_index/parent_prefix_path/robots_description
[0.056s] -- Up-to-date: /ros/Practicas_pregrado/install/robots_description/share/robots_description/environment/ament_prefix_path.sh
[0.057s] -- Up-to-date: /ros/Practicas_pregrado/install/robots_description/share/robots_description/environment/ament_prefix_path.dsv
[0.057s] -- Up-to-date: /ros/Practicas_pregrado/install/robots_description/share/robots_description/environment/path.sh
[0.057s] -- Up-to-date: /ros/Practicas_pregrado/install/robots_description/share/robots_description/environment/path.dsv
[0.057s] -- Up-to-date: /ros/Practicas_pregrado/install/robots_description/share/robots_description/local_setup.bash
[0.057s] -- Up-to-date: /ros/Practicas_pregrado/install/robots_description/share/robots_description/local_setup.sh
[0.057s] -- Up-to-date: /ros/Practicas_pregrado/install/robots_description/share/robots_description/local_setup.zsh
[0.057s] -- Up-to-date: /ros/Practicas_pregrado/install/robots_description/share/robots_description/local_setup.dsv
[0.057s] -- Installing: /ros/Practicas_pregrado/install/robots_description/share/robots_description/package.dsv
[0.057s] -- Up-to-date: /ros/Practicas_pregrado/install/robots_description/share/ament_index/resource_index/packages/robots_description
[0.057s] -- Up-to-date: /ros/Practicas_pregrado/install/robots_description/share/robots_description/cmake/robots_descriptionConfig.cmake
[0.057s] -- Up-to-date: /ros/Practicas_pregrado/install/robots_description/share/robots_description/cmake/robots_descriptionConfig-version.cmake
[0.057s] -- Up-to-date: /ros/Practicas_pregrado/install/robots_description/share/robots_description/package.xml
[0.058s] Invoked command in '/ros/Practicas_pregrado/build/robots_description' returned '0': CMAKE_PREFIX_PATH=${CMAKE_PREFIX_PATH}:/ros/UR_ws/install/rrt_motion_planning:/ros/UR_ws/install/forward_kinematics:/opt/ros/jazzy /usr/bin/cmake --install /ros/Practicas_pregrado/build/robots_description
