[0.885s] Invoking command in '/ros/UR_ws/src/forward_kinematics': PYTHONPATH=/ros/UR_ws/build/forward_kinematics/prefix_override:/usr/lib/python3/dist-packages/colcon_core/task/python/colcon_distutils_commands:/ros/UR_ws/install/forward_kinematics/lib/python3.12/site-packages:${PYTHONPATH} /usr/bin/python3 -W ignore:setup.py install is deprecated -W ignore:easy_install command is deprecated setup.py egg_info --egg-base ../../build/forward_kinematics build --build-base /ros/UR_ws/build/forward_kinematics/build install --record /ros/UR_ws/build/forward_kinematics/install.log --single-version-externally-managed install_data
[1.117s] running egg_info
[1.133s] writing ../../build/forward_kinematics/forward_kinematics.egg-info/PKG-INFO
[1.134s] writing dependency_links to ../../build/forward_kinematics/forward_kinematics.egg-info/dependency_links.txt
[1.134s] writing entry points to ../../build/forward_kinematics/forward_kinematics.egg-info/entry_points.txt
[1.134s] writing requirements to ../../build/forward_kinematics/forward_kinematics.egg-info/requires.txt
[1.134s] writing top-level names to ../../build/forward_kinematics/forward_kinematics.egg-info/top_level.txt
[1.168s] reading manifest file '../../build/forward_kinematics/forward_kinematics.egg-info/SOURCES.txt'
[1.168s] writing manifest file '../../build/forward_kinematics/forward_kinematics.egg-info/SOURCES.txt'
[1.169s] running build
[1.169s] running build_py
[1.169s] copying forward_kinematics/joints_sub.py -> /ros/UR_ws/build/forward_kinematics/build/lib/forward_kinematics
[1.169s] running install
[1.175s] running install_lib
[1.192s] copying /ros/UR_ws/build/forward_kinematics/build/lib/forward_kinematics/joints_sub.py -> /ros/UR_ws/install/forward_kinematics/lib/python3.12/site-packages/forward_kinematics
[1.192s] byte-compiling /ros/UR_ws/install/forward_kinematics/lib/python3.12/site-packages/forward_kinematics/joints_sub.py to joints_sub.cpython-312.pyc
[1.193s]   File "/ros/UR_ws/install/forward_kinematics/lib/python3.12/site-packages/forward_kinematics/joints_sub.py", line 32
[1.193s]     p2 = Rz.subs(t, t1) * (Ry.subs(t, -t2) *  ((Ry.subs(t, -t3))*L1)  + p1
[1.193s]                           ^
[1.193s] SyntaxError: '(' was never closed
[1.193s] 
[1.193s] running install_data
[1.193s] running install_egg_info
[1.211s] removing '/ros/UR_ws/install/forward_kinematics/lib/python3.12/site-packages/forward_kinematics-0.0.0-py3.12.egg-info' (and everything under it)
[1.211s] Copying ../../build/forward_kinematics/forward_kinematics.egg-info to /ros/UR_ws/install/forward_kinematics/lib/python3.12/site-packages/forward_kinematics-0.0.0-py3.12.egg-info
[1.212s] running install_scripts
[1.326s] Installing joint_pub script to /ros/UR_ws/install/forward_kinematics/lib/forward_kinematics
[1.326s] Installing joint_sub script to /ros/UR_ws/install/forward_kinematics/lib/forward_kinematics
[1.326s] writing list of installed files to '/ros/UR_ws/build/forward_kinematics/install.log'
[1.348s] Invoked command in '/ros/UR_ws/src/forward_kinematics' returned '0': PYTHONPATH=/ros/UR_ws/build/forward_kinematics/prefix_override:/usr/lib/python3/dist-packages/colcon_core/task/python/colcon_distutils_commands:/ros/UR_ws/install/forward_kinematics/lib/python3.12/site-packages:${PYTHONPATH} /usr/bin/python3 -W ignore:setup.py install is deprecated -W ignore:easy_install command is deprecated setup.py egg_info --egg-base ../../build/forward_kinematics build --build-base /ros/UR_ws/build/forward_kinematics/build install --record /ros/UR_ws/build/forward_kinematics/install.log --single-version-externally-managed install_data
