[0.697s] Invoking command in '/root/Shared/src/Path-Planning-Algorithms': PYTHONPATH=/root/Shared/build/pathplanners/prefix_override:/usr/lib/python3/dist-packages/colcon_core/task/python/colcon_distutils_commands:/root/Shared/install/pathplanners/lib/python3.10/site-packages:${PYTHONPATH} /usr/bin/python3 -W ignore:setup.py install is deprecated -W ignore:easy_install command is deprecated setup.py egg_info --egg-base ../../build/pathplanners build --build-base /root/Shared/build/pathplanners/build install --record /root/Shared/build/pathplanners/install.log --single-version-externally-managed install_data
[0.881s] running egg_info
[0.881s] writing ../../build/pathplanners/pathplanners.egg-info/PKG-INFO
[0.882s] writing dependency_links to ../../build/pathplanners/pathplanners.egg-info/dependency_links.txt
[0.882s] writing entry points to ../../build/pathplanners/pathplanners.egg-info/entry_points.txt
[0.882s] writing requirements to ../../build/pathplanners/pathplanners.egg-info/requires.txt
[0.882s] writing top-level names to ../../build/pathplanners/pathplanners.egg-info/top_level.txt
[0.883s] reading manifest file '../../build/pathplanners/pathplanners.egg-info/SOURCES.txt'
[0.884s] writing manifest file '../../build/pathplanners/pathplanners.egg-info/SOURCES.txt'
[0.884s] running build
[0.884s] running build_py
[0.884s] running install
[0.884s] running install_lib
[0.885s] running install_data
[0.885s] running install_egg_info
[0.887s] removing '/root/Shared/install/pathplanners/lib/python3.10/site-packages/pathplanners-0.0.0-py3.10.egg-info' (and everything under it)
[0.887s] Copying ../../build/pathplanners/pathplanners.egg-info to /root/Shared/install/pathplanners/lib/python3.10/site-packages/pathplanners-0.0.0-py3.10.egg-info
[0.888s] running install_scripts
[0.905s] Installing bfs script to /root/Shared/install/pathplanners/lib/pathplanners
[0.905s] Installing dijkstra script to /root/Shared/install/pathplanners/lib/pathplanners
[0.905s] Installing map_node script to /root/Shared/install/pathplanners/lib/pathplanners
[0.905s] writing list of installed files to '/root/Shared/build/pathplanners/install.log'
[0.925s] Invoked command in '/root/Shared/src/Path-Planning-Algorithms' returned '0': PYTHONPATH=/root/Shared/build/pathplanners/prefix_override:/usr/lib/python3/dist-packages/colcon_core/task/python/colcon_distutils_commands:/root/Shared/install/pathplanners/lib/python3.10/site-packages:${PYTHONPATH} /usr/bin/python3 -W ignore:setup.py install is deprecated -W ignore:easy_install command is deprecated setup.py egg_info --egg-base ../../build/pathplanners build --build-base /root/Shared/build/pathplanners/build install --record /root/Shared/build/pathplanners/install.log --single-version-externally-managed install_data
