[0.692s] Invoking command in '/root/Shared/src/multidim_rrt_planner': PYTHONPATH=/root/Shared/build/multidim_rrt_planner/prefix_override:/usr/lib/python3/dist-packages/colcon_core/task/python/colcon_distutils_commands:/root/Shared/install/multidim_rrt_planner/lib/python3.10/site-packages:${PYTHONPATH} /usr/bin/python3 -W ignore:setup.py install is deprecated -W ignore:easy_install command is deprecated setup.py egg_info --egg-base ../../build/multidim_rrt_planner build --build-base /root/Shared/build/multidim_rrt_planner/build install --record /root/Shared/build/multidim_rrt_planner/install.log --single-version-externally-managed install_data
[0.907s] running egg_info
[0.908s] writing ../../build/multidim_rrt_planner/multidim_rrt_planner.egg-info/PKG-INFO
[0.908s] writing dependency_links to ../../build/multidim_rrt_planner/multidim_rrt_planner.egg-info/dependency_links.txt
[0.909s] writing entry points to ../../build/multidim_rrt_planner/multidim_rrt_planner.egg-info/entry_points.txt
[0.909s] writing requirements to ../../build/multidim_rrt_planner/multidim_rrt_planner.egg-info/requires.txt
[0.909s] writing top-level names to ../../build/multidim_rrt_planner/multidim_rrt_planner.egg-info/top_level.txt
[0.910s] reading manifest file '../../build/multidim_rrt_planner/multidim_rrt_planner.egg-info/SOURCES.txt'
[0.911s] adding license file 'LICENSE'
[0.911s] writing manifest file '../../build/multidim_rrt_planner/multidim_rrt_planner.egg-info/SOURCES.txt'
[0.911s] running build
[0.912s] running build_py
[0.912s] running install
[0.912s] running install_lib
[0.914s] running install_data
[0.914s] running install_egg_info
[0.916s] removing '/root/Shared/install/multidim_rrt_planner/lib/python3.10/site-packages/multidim_rrt_planner-0.0.7-py3.10.egg-info' (and everything under it)
[0.916s] Copying ../../build/multidim_rrt_planner/multidim_rrt_planner.egg-info to /root/Shared/install/multidim_rrt_planner/lib/python3.10/site-packages/multidim_rrt_planner-0.0.7-py3.10.egg-info
[0.916s] running install_scripts
[0.937s] Installing map_frame_pub script to /root/Shared/install/multidim_rrt_planner/lib/multidim_rrt_planner
[0.937s] Installing obstacle_pub_2D script to /root/Shared/install/multidim_rrt_planner/lib/multidim_rrt_planner
[0.937s] Installing obstacle_pub_3D script to /root/Shared/install/multidim_rrt_planner/lib/multidim_rrt_planner
[0.937s] Installing occupancy_pub script to /root/Shared/install/multidim_rrt_planner/lib/multidim_rrt_planner
[0.937s] Installing rrt2D script to /root/Shared/install/multidim_rrt_planner/lib/multidim_rrt_planner
[0.937s] Installing rrt3D script to /root/Shared/install/multidim_rrt_planner/lib/multidim_rrt_planner
[0.938s] writing list of installed files to '/root/Shared/build/multidim_rrt_planner/install.log'
[0.959s] Invoked command in '/root/Shared/src/multidim_rrt_planner' returned '0': PYTHONPATH=/root/Shared/build/multidim_rrt_planner/prefix_override:/usr/lib/python3/dist-packages/colcon_core/task/python/colcon_distutils_commands:/root/Shared/install/multidim_rrt_planner/lib/python3.10/site-packages:${PYTHONPATH} /usr/bin/python3 -W ignore:setup.py install is deprecated -W ignore:easy_install command is deprecated setup.py egg_info --egg-base ../../build/multidim_rrt_planner build --build-base /root/Shared/build/multidim_rrt_planner/build install --record /root/Shared/build/multidim_rrt_planner/install.log --single-version-externally-managed install_data
