[0.129s] DEBUG:colcon:Command line arguments: ['/usr/bin/colcon', 'build']
[0.129s] DEBUG:colcon:Parsed command line arguments: Namespace(log_base=None, log_level=None, verb_name='build', build_base='build', install_base='install', merge_install=False, symlink_install=False, test_result_base=None, continue_on_error=False, executor='parallel', parallel_workers=12, event_handlers=None, ignore_user_meta=False, metas=['./colcon.meta'], base_paths=['.'], packages_ignore=None, packages_ignore_regex=None, paths=None, packages_up_to=None, packages_up_to_regex=None, packages_above=None, packages_above_and_dependencies=None, packages_above_depth=None, packages_select_by_dep=None, packages_skip_by_dep=None, packages_skip_up_to=None, packages_select_build_failed=False, packages_skip_build_finished=False, packages_select_test_failures=False, packages_skip_test_passed=False, packages_select=None, packages_skip=None, packages_select_regex=None, packages_skip_regex=None, packages_start=None, packages_end=None, cmake_args=None, cmake_target=None, cmake_target_skip_unavailable=False, cmake_clean_cache=False, cmake_clean_first=False, cmake_force_configure=False, ament_cmake_args=None, catkin_cmake_args=None, catkin_skip_building_tests=False, mixin_files=None, mixin=None, verb_parser=<colcon_mixin.mixin.mixin_argument.MixinArgumentDecorator object at 0x7fc762aa4260>, verb_extension=<colcon_core.verb.build.BuildVerb object at 0x7fc762a7bf50>, main=<bound method BuildVerb.main of <colcon_core.verb.build.BuildVerb object at 0x7fc762a7bf50>>, mixin_verb=('build',))
[0.176s] Level 1:colcon.colcon_core.package_discovery:discover_packages(colcon_meta) check parameters
[0.177s] INFO:colcon.colcon_metadata.package_discovery.colcon_meta:Using configuration from '/root/.colcon/metadata/default/Gazebo.meta'
[0.177s] INFO:colcon.colcon_metadata.package_discovery.colcon_meta:Using configuration from '/root/.colcon/metadata/default/fastdds.meta'
[0.178s] INFO:colcon.colcon_metadata.package_discovery.colcon_meta:Using configuration from '/root/.colcon/metadata/default/fastrtps.meta'
[0.178s] Level 1:colcon.colcon_core.package_discovery:discover_packages(recursive) check parameters
[0.178s] Level 1:colcon.colcon_core.package_discovery:discover_packages(ignore) check parameters
[0.178s] Level 1:colcon.colcon_core.package_discovery:discover_packages(path) check parameters
[0.178s] Level 1:colcon.colcon_core.package_discovery:discover_packages(colcon_meta) discover
[0.178s] Level 1:colcon.colcon_core.package_discovery:discover_packages(recursive) discover
[0.178s] INFO:colcon.colcon_core.package_discovery:Crawling recursively for packages in '/ros/UR_ws'
[0.178s] Level 1:colcon.colcon_core.package_identification:_identify(.) by extensions ['ignore', 'ignore_ament_install']
[0.178s] Level 1:colcon.colcon_core.package_identification:_identify(.) by extension 'ignore'
[0.178s] Level 1:colcon.colcon_core.package_identification:_identify(.) by extension 'ignore_ament_install'
[0.178s] Level 1:colcon.colcon_core.package_identification:_identify(.) by extensions ['colcon_pkg']
[0.178s] Level 1:colcon.colcon_core.package_identification:_identify(.) by extension 'colcon_pkg'
[0.178s] Level 1:colcon.colcon_core.package_identification:_identify(.) by extensions ['colcon_meta']
[0.178s] Level 1:colcon.colcon_core.package_identification:_identify(.) by extension 'colcon_meta'
[0.178s] Level 1:colcon.colcon_core.package_identification:_identify(.) by extensions ['ros']
[0.178s] Level 1:colcon.colcon_core.package_identification:_identify(.) by extension 'ros'
[0.204s] Level 1:colcon.colcon_core.package_identification:_identify(.) by extensions ['cmake', 'python']
[0.204s] Level 1:colcon.colcon_core.package_identification:_identify(.) by extension 'cmake'
[0.204s] Level 1:colcon.colcon_core.package_identification:_identify(.) by extension 'python'
[0.204s] Level 1:colcon.colcon_core.package_identification:_identify(.) by extensions ['python_setup_py']
[0.205s] Level 1:colcon.colcon_core.package_identification:_identify(.) by extension 'python_setup_py'
[0.205s] Level 1:colcon.colcon_core.package_identification:_identify(build) by extensions ['ignore', 'ignore_ament_install']
[0.205s] Level 1:colcon.colcon_core.package_identification:_identify(build) by extension 'ignore'
[0.205s] Level 1:colcon.colcon_core.package_identification:_identify(build) ignored
[0.205s] Level 1:colcon.colcon_core.package_identification:_identify(install) by extensions ['ignore', 'ignore_ament_install']
[0.205s] Level 1:colcon.colcon_core.package_identification:_identify(install) by extension 'ignore'
[0.205s] Level 1:colcon.colcon_core.package_identification:_identify(install) ignored
[0.205s] Level 1:colcon.colcon_core.package_identification:_identify(log) by extensions ['ignore', 'ignore_ament_install']
[0.205s] Level 1:colcon.colcon_core.package_identification:_identify(log) by extension 'ignore'
[0.205s] Level 1:colcon.colcon_core.package_identification:_identify(log) ignored
[0.205s] Level 1:colcon.colcon_core.package_identification:_identify(src) by extensions ['ignore', 'ignore_ament_install']
[0.205s] Level 1:colcon.colcon_core.package_identification:_identify(src) by extension 'ignore'
[0.205s] Level 1:colcon.colcon_core.package_identification:_identify(src) by extension 'ignore_ament_install'
[0.205s] Level 1:colcon.colcon_core.package_identification:_identify(src) by extensions ['colcon_pkg']
[0.205s] Level 1:colcon.colcon_core.package_identification:_identify(src) by extension 'colcon_pkg'
[0.206s] Level 1:colcon.colcon_core.package_identification:_identify(src) by extensions ['colcon_meta']
[0.206s] Level 1:colcon.colcon_core.package_identification:_identify(src) by extension 'colcon_meta'
[0.206s] Level 1:colcon.colcon_core.package_identification:_identify(src) by extensions ['ros']
[0.206s] Level 1:colcon.colcon_core.package_identification:_identify(src) by extension 'ros'
[0.206s] Level 1:colcon.colcon_core.package_identification:_identify(src) by extensions ['cmake', 'python']
[0.206s] Level 1:colcon.colcon_core.package_identification:_identify(src) by extension 'cmake'
[0.206s] Level 1:colcon.colcon_core.package_identification:_identify(src) by extension 'python'
[0.206s] Level 1:colcon.colcon_core.package_identification:_identify(src) by extensions ['python_setup_py']
[0.206s] Level 1:colcon.colcon_core.package_identification:_identify(src) by extension 'python_setup_py'
[0.206s] Level 1:colcon.colcon_core.package_identification:_identify(src/Universal_Robots_ROS2_Description) by extensions ['ignore', 'ignore_ament_install']
[0.206s] Level 1:colcon.colcon_core.package_identification:_identify(src/Universal_Robots_ROS2_Description) by extension 'ignore'
[0.206s] Level 1:colcon.colcon_core.package_identification:_identify(src/Universal_Robots_ROS2_Description) by extension 'ignore_ament_install'
[0.206s] Level 1:colcon.colcon_core.package_identification:_identify(src/Universal_Robots_ROS2_Description) by extensions ['colcon_pkg']
[0.206s] Level 1:colcon.colcon_core.package_identification:_identify(src/Universal_Robots_ROS2_Description) by extension 'colcon_pkg'
[0.206s] Level 1:colcon.colcon_core.package_identification:_identify(src/Universal_Robots_ROS2_Description) by extensions ['colcon_meta']
[0.206s] Level 1:colcon.colcon_core.package_identification:_identify(src/Universal_Robots_ROS2_Description) by extension 'colcon_meta'
[0.206s] Level 1:colcon.colcon_core.package_identification:_identify(src/Universal_Robots_ROS2_Description) by extensions ['ros']
[0.206s] Level 1:colcon.colcon_core.package_identification:_identify(src/Universal_Robots_ROS2_Description) by extension 'ros'
[0.209s] DEBUG:colcon.colcon_core.package_identification:Package 'src/Universal_Robots_ROS2_Description' with type 'ros.ament_cmake' and name 'ur_description'
[0.209s] Level 1:colcon.colcon_core.package_identification:_identify(src/forward_kinematics) by extensions ['ignore', 'ignore_ament_install']
[0.209s] Level 1:colcon.colcon_core.package_identification:_identify(src/forward_kinematics) by extension 'ignore'
[0.209s] Level 1:colcon.colcon_core.package_identification:_identify(src/forward_kinematics) by extension 'ignore_ament_install'
[0.209s] Level 1:colcon.colcon_core.package_identification:_identify(src/forward_kinematics) by extensions ['colcon_pkg']
[0.209s] Level 1:colcon.colcon_core.package_identification:_identify(src/forward_kinematics) by extension 'colcon_pkg'
[0.209s] Level 1:colcon.colcon_core.package_identification:_identify(src/forward_kinematics) by extensions ['colcon_meta']
[0.209s] Level 1:colcon.colcon_core.package_identification:_identify(src/forward_kinematics) by extension 'colcon_meta'
[0.209s] Level 1:colcon.colcon_core.package_identification:_identify(src/forward_kinematics) by extensions ['ros']
[0.209s] Level 1:colcon.colcon_core.package_identification:_identify(src/forward_kinematics) by extension 'ros'
[0.210s] DEBUG:colcon.colcon_core.package_identification:Package 'src/forward_kinematics' with type 'ros.ament_python' and name 'forward_kinematics'
[0.210s] Level 1:colcon.colcon_core.package_identification:_identify(src/rrt_motion_planning) by extensions ['ignore', 'ignore_ament_install']
[0.210s] Level 1:colcon.colcon_core.package_identification:_identify(src/rrt_motion_planning) by extension 'ignore'
[0.210s] Level 1:colcon.colcon_core.package_identification:_identify(src/rrt_motion_planning) by extension 'ignore_ament_install'
[0.210s] Level 1:colcon.colcon_core.package_identification:_identify(src/rrt_motion_planning) by extensions ['colcon_pkg']
[0.210s] Level 1:colcon.colcon_core.package_identification:_identify(src/rrt_motion_planning) by extension 'colcon_pkg'
[0.210s] Level 1:colcon.colcon_core.package_identification:_identify(src/rrt_motion_planning) by extensions ['colcon_meta']
[0.210s] Level 1:colcon.colcon_core.package_identification:_identify(src/rrt_motion_planning) by extension 'colcon_meta'
[0.210s] Level 1:colcon.colcon_core.package_identification:_identify(src/rrt_motion_planning) by extensions ['ros']
[0.210s] Level 1:colcon.colcon_core.package_identification:_identify(src/rrt_motion_planning) by extension 'ros'
[0.211s] DEBUG:colcon.colcon_core.package_identification:Package 'src/rrt_motion_planning' with type 'ros.ament_python' and name 'rrt_motion_planning'
[0.212s] Level 1:colcon.colcon_core.package_identification:_identify(src/simple_urdf) by extensions ['ignore', 'ignore_ament_install']
[0.212s] Level 1:colcon.colcon_core.package_identification:_identify(src/simple_urdf) by extension 'ignore'
[0.212s] Level 1:colcon.colcon_core.package_identification:_identify(src/simple_urdf) by extension 'ignore_ament_install'
[0.212s] Level 1:colcon.colcon_core.package_identification:_identify(src/simple_urdf) by extensions ['colcon_pkg']
[0.212s] Level 1:colcon.colcon_core.package_identification:_identify(src/simple_urdf) by extension 'colcon_pkg'
[0.212s] Level 1:colcon.colcon_core.package_identification:_identify(src/simple_urdf) by extensions ['colcon_meta']
[0.212s] Level 1:colcon.colcon_core.package_identification:_identify(src/simple_urdf) by extension 'colcon_meta'
[0.212s] Level 1:colcon.colcon_core.package_identification:_identify(src/simple_urdf) by extensions ['ros']
[0.212s] Level 1:colcon.colcon_core.package_identification:_identify(src/simple_urdf) by extension 'ros'
[0.213s] DEBUG:colcon.colcon_core.package_identification:Package 'src/simple_urdf' with type 'ros.ament_cmake' and name 'simple_urdf'
[0.213s] Level 1:colcon.colcon_core.package_discovery:discover_packages(recursive) using defaults
[0.213s] Level 1:colcon.colcon_core.package_discovery:discover_packages(ignore) discover
[0.213s] Level 1:colcon.colcon_core.package_discovery:discover_packages(ignore) using defaults
[0.213s] Level 1:colcon.colcon_core.package_discovery:discover_packages(path) discover
[0.213s] Level 1:colcon.colcon_core.package_discovery:discover_packages(path) using defaults
[0.232s] Level 5:colcon.colcon_core.verb:set package 'forward_kinematics' build argument 'cmake_args' from command line to 'None'
[0.232s] Level 5:colcon.colcon_core.verb:set package 'forward_kinematics' build argument 'cmake_target' from command line to 'None'
[0.232s] Level 5:colcon.colcon_core.verb:set package 'forward_kinematics' build argument 'cmake_target_skip_unavailable' from command line to 'False'
[0.232s] Level 5:colcon.colcon_core.verb:set package 'forward_kinematics' build argument 'cmake_clean_cache' from command line to 'False'
[0.232s] Level 5:colcon.colcon_core.verb:set package 'forward_kinematics' build argument 'cmake_clean_first' from command line to 'False'
[0.232s] Level 5:colcon.colcon_core.verb:set package 'forward_kinematics' build argument 'cmake_force_configure' from command line to 'False'
[0.232s] Level 5:colcon.colcon_core.verb:set package 'forward_kinematics' build argument 'ament_cmake_args' from command line to 'None'
[0.232s] Level 5:colcon.colcon_core.verb:set package 'forward_kinematics' build argument 'catkin_cmake_args' from command line to 'None'
[0.232s] Level 5:colcon.colcon_core.verb:set package 'forward_kinematics' build argument 'catkin_skip_building_tests' from command line to 'False'
[0.232s] DEBUG:colcon.colcon_core.verb:Building package 'forward_kinematics' with the following arguments: {'ament_cmake_args': None, 'build_base': '/ros/UR_ws/build/forward_kinematics', 'catkin_cmake_args': None, 'catkin_skip_building_tests': False, 'cmake_args': None, 'cmake_clean_cache': False, 'cmake_clean_first': False, 'cmake_force_configure': False, 'cmake_target': None, 'cmake_target_skip_unavailable': False, 'install_base': '/ros/UR_ws/install/forward_kinematics', 'merge_install': False, 'path': '/ros/UR_ws/src/forward_kinematics', 'symlink_install': False, 'test_result_base': None}
[0.232s] Level 5:colcon.colcon_core.verb:set package 'rrt_motion_planning' build argument 'cmake_args' from command line to 'None'
[0.232s] Level 5:colcon.colcon_core.verb:set package 'rrt_motion_planning' build argument 'cmake_target' from command line to 'None'
[0.232s] Level 5:colcon.colcon_core.verb:set package 'rrt_motion_planning' build argument 'cmake_target_skip_unavailable' from command line to 'False'
[0.232s] Level 5:colcon.colcon_core.verb:set package 'rrt_motion_planning' build argument 'cmake_clean_cache' from command line to 'False'
[0.232s] Level 5:colcon.colcon_core.verb:set package 'rrt_motion_planning' build argument 'cmake_clean_first' from command line to 'False'
[0.232s] Level 5:colcon.colcon_core.verb:set package 'rrt_motion_planning' build argument 'cmake_force_configure' from command line to 'False'
[0.232s] Level 5:colcon.colcon_core.verb:set package 'rrt_motion_planning' build argument 'ament_cmake_args' from command line to 'None'
[0.232s] Level 5:colcon.colcon_core.verb:set package 'rrt_motion_planning' build argument 'catkin_cmake_args' from command line to 'None'
[0.232s] Level 5:colcon.colcon_core.verb:set package 'rrt_motion_planning' build argument 'catkin_skip_building_tests' from command line to 'False'
[0.232s] DEBUG:colcon.colcon_core.verb:Building package 'rrt_motion_planning' with the following arguments: {'ament_cmake_args': None, 'build_base': '/ros/UR_ws/build/rrt_motion_planning', 'catkin_cmake_args': None, 'catkin_skip_building_tests': False, 'cmake_args': None, 'cmake_clean_cache': False, 'cmake_clean_first': False, 'cmake_force_configure': False, 'cmake_target': None, 'cmake_target_skip_unavailable': False, 'install_base': '/ros/UR_ws/install/rrt_motion_planning', 'merge_install': False, 'path': '/ros/UR_ws/src/rrt_motion_planning', 'symlink_install': False, 'test_result_base': None}
[0.233s] Level 5:colcon.colcon_core.verb:set package 'simple_urdf' build argument 'cmake_args' from command line to 'None'
[0.233s] Level 5:colcon.colcon_core.verb:set package 'simple_urdf' build argument 'cmake_target' from command line to 'None'
[0.233s] Level 5:colcon.colcon_core.verb:set package 'simple_urdf' build argument 'cmake_target_skip_unavailable' from command line to 'False'
[0.233s] Level 5:colcon.colcon_core.verb:set package 'simple_urdf' build argument 'cmake_clean_cache' from command line to 'False'
[0.233s] Level 5:colcon.colcon_core.verb:set package 'simple_urdf' build argument 'cmake_clean_first' from command line to 'False'
[0.233s] Level 5:colcon.colcon_core.verb:set package 'simple_urdf' build argument 'cmake_force_configure' from command line to 'False'
[0.233s] Level 5:colcon.colcon_core.verb:set package 'simple_urdf' build argument 'ament_cmake_args' from command line to 'None'
[0.233s] Level 5:colcon.colcon_core.verb:set package 'simple_urdf' build argument 'catkin_cmake_args' from command line to 'None'
[0.233s] Level 5:colcon.colcon_core.verb:set package 'simple_urdf' build argument 'catkin_skip_building_tests' from command line to 'False'
[0.233s] DEBUG:colcon.colcon_core.verb:Building package 'simple_urdf' with the following arguments: {'ament_cmake_args': None, 'build_base': '/ros/UR_ws/build/simple_urdf', 'catkin_cmake_args': None, 'catkin_skip_building_tests': False, 'cmake_args': None, 'cmake_clean_cache': False, 'cmake_clean_first': False, 'cmake_force_configure': False, 'cmake_target': None, 'cmake_target_skip_unavailable': False, 'install_base': '/ros/UR_ws/install/simple_urdf', 'merge_install': False, 'path': '/ros/UR_ws/src/simple_urdf', 'symlink_install': False, 'test_result_base': None}
[0.233s] Level 5:colcon.colcon_core.verb:set package 'ur_description' build argument 'cmake_args' from command line to 'None'
[0.233s] Level 5:colcon.colcon_core.verb:set package 'ur_description' build argument 'cmake_target' from command line to 'None'
[0.233s] Level 5:colcon.colcon_core.verb:set package 'ur_description' build argument 'cmake_target_skip_unavailable' from command line to 'False'
[0.233s] Level 5:colcon.colcon_core.verb:set package 'ur_description' build argument 'cmake_clean_cache' from command line to 'False'
[0.233s] Level 5:colcon.colcon_core.verb:set package 'ur_description' build argument 'cmake_clean_first' from command line to 'False'
[0.233s] Level 5:colcon.colcon_core.verb:set package 'ur_description' build argument 'cmake_force_configure' from command line to 'False'
[0.233s] Level 5:colcon.colcon_core.verb:set package 'ur_description' build argument 'ament_cmake_args' from command line to 'None'
[0.233s] Level 5:colcon.colcon_core.verb:set package 'ur_description' build argument 'catkin_cmake_args' from command line to 'None'
[0.233s] Level 5:colcon.colcon_core.verb:set package 'ur_description' build argument 'catkin_skip_building_tests' from command line to 'False'
[0.233s] DEBUG:colcon.colcon_core.verb:Building package 'ur_description' with the following arguments: {'ament_cmake_args': None, 'build_base': '/ros/UR_ws/build/ur_description', 'catkin_cmake_args': None, 'catkin_skip_building_tests': False, 'cmake_args': None, 'cmake_clean_cache': False, 'cmake_clean_first': False, 'cmake_force_configure': False, 'cmake_target': None, 'cmake_target_skip_unavailable': False, 'install_base': '/ros/UR_ws/install/ur_description', 'merge_install': False, 'path': '/ros/UR_ws/src/Universal_Robots_ROS2_Description', 'symlink_install': False, 'test_result_base': None}
[0.233s] INFO:colcon.colcon_core.executor:Executing jobs using 'parallel' executor
[0.234s] DEBUG:colcon.colcon_parallel_executor.executor.parallel:run_until_complete
[0.234s] INFO:colcon.colcon_ros.task.ament_python.build:Building ROS package in '/ros/UR_ws/src/forward_kinematics' with build type 'ament_python'
[0.234s] Level 1:colcon.colcon_core.shell:create_environment_hook('forward_kinematics', 'ament_prefix_path')
[0.238s] INFO:colcon.colcon_core.plugin_system:Skipping extension 'colcon_core.shell.bat': Not used on non-Windows systems
[0.238s] INFO:colcon.colcon_core.shell:Creating environment hook '/ros/UR_ws/install/forward_kinematics/share/forward_kinematics/hook/ament_prefix_path.ps1'
[0.239s] INFO:colcon.colcon_core.shell:Creating environment descriptor '/ros/UR_ws/install/forward_kinematics/share/forward_kinematics/hook/ament_prefix_path.dsv'
[0.239s] INFO:colcon.colcon_core.shell:Creating environment hook '/ros/UR_ws/install/forward_kinematics/share/forward_kinematics/hook/ament_prefix_path.sh'
[0.240s] INFO:colcon.colcon_core.shell:Skip shell extension 'powershell' for command environment: Not usable outside of PowerShell
[0.240s] DEBUG:colcon.colcon_core.shell:Skip shell extension 'dsv' for command environment
[0.245s] INFO:colcon.colcon_ros.task.ament_python.build:Building ROS package in '/ros/UR_ws/src/rrt_motion_planning' with build type 'ament_python'
[0.245s] Level 1:colcon.colcon_core.shell:create_environment_hook('rrt_motion_planning', 'ament_prefix_path')
[0.245s] INFO:colcon.colcon_core.shell:Creating environment hook '/ros/UR_ws/install/rrt_motion_planning/share/rrt_motion_planning/hook/ament_prefix_path.ps1'
[0.246s] INFO:colcon.colcon_core.shell:Creating environment descriptor '/ros/UR_ws/install/rrt_motion_planning/share/rrt_motion_planning/hook/ament_prefix_path.dsv'
[0.246s] INFO:colcon.colcon_core.shell:Creating environment hook '/ros/UR_ws/install/rrt_motion_planning/share/rrt_motion_planning/hook/ament_prefix_path.sh'
[0.247s] INFO:colcon.colcon_core.shell:Skip shell extension 'powershell' for command environment: Not usable outside of PowerShell
[0.247s] DEBUG:colcon.colcon_core.shell:Skip shell extension 'dsv' for command environment
[0.250s] INFO:colcon.colcon_ros.task.ament_cmake.build:Building ROS package in '/ros/UR_ws/src/simple_urdf' with build type 'ament_cmake'
[0.250s] INFO:colcon.colcon_cmake.task.cmake.build:Building CMake package in '/ros/UR_ws/src/simple_urdf'
[0.250s] INFO:colcon.colcon_core.shell:Skip shell extension 'powershell' for command environment: Not usable outside of PowerShell
[0.250s] DEBUG:colcon.colcon_core.shell:Skip shell extension 'dsv' for command environment
[0.252s] INFO:colcon.colcon_ros.task.ament_cmake.build:Building ROS package in '/ros/UR_ws/src/Universal_Robots_ROS2_Description' with build type 'ament_cmake'
[0.253s] INFO:colcon.colcon_cmake.task.cmake.build:Building CMake package in '/ros/UR_ws/src/Universal_Robots_ROS2_Description'
[0.253s] INFO:colcon.colcon_core.shell:Skip shell extension 'powershell' for command environment: Not usable outside of PowerShell
[0.253s] DEBUG:colcon.colcon_core.shell:Skip shell extension 'dsv' for command environment
[0.461s] INFO:colcon.colcon_core.task.python.build:Building Python package in '/ros/UR_ws/src/forward_kinematics'
[0.461s] INFO:colcon.colcon_core.shell:Skip shell extension 'powershell' for command environment: Not usable outside of PowerShell
[0.461s] DEBUG:colcon.colcon_core.shell:Skip shell extension 'dsv' for command environment
[0.645s] INFO:colcon.colcon_core.task.python.build:Building Python package in '/ros/UR_ws/src/rrt_motion_planning'
[0.645s] INFO:colcon.colcon_core.shell:Skip shell extension 'powershell' for command environment: Not usable outside of PowerShell
[0.645s] DEBUG:colcon.colcon_core.shell:Skip shell extension 'dsv' for command environment
[0.650s] DEBUG:colcon.colcon_core.event_handler.log_command:Invoking command in '/ros/UR_ws/build/simple_urdf': CMAKE_PREFIX_PATH=${CMAKE_PREFIX_PATH}:/opt/ros/jazzy /usr/bin/cmake --build /ros/UR_ws/build/simple_urdf -- -j12 -l12
[0.655s] DEBUG:colcon.colcon_core.event_handler.log_command:Invoking command in '/ros/UR_ws/build/ur_description': CMAKE_PREFIX_PATH=${CMAKE_PREFIX_PATH}:/opt/ros/jazzy /usr/bin/cmake --build /ros/UR_ws/build/ur_description -- -j12 -l12
[0.700s] DEBUG:colcon.colcon_core.event_handler.log_command:Invoked command in '/ros/UR_ws/build/ur_description' returned '0': CMAKE_PREFIX_PATH=${CMAKE_PREFIX_PATH}:/opt/ros/jazzy /usr/bin/cmake --build /ros/UR_ws/build/ur_description -- -j12 -l12
[0.708s] DEBUG:colcon.colcon_core.event_handler.log_command:Invoking command in '/ros/UR_ws/build/ur_description': CMAKE_PREFIX_PATH=${CMAKE_PREFIX_PATH}:/opt/ros/jazzy /usr/bin/cmake --install /ros/UR_ws/build/ur_description
[0.708s] DEBUG:colcon.colcon_core.event_handler.log_command:Invoked command in '/ros/UR_ws/build/simple_urdf' returned '0': CMAKE_PREFIX_PATH=${CMAKE_PREFIX_PATH}:/opt/ros/jazzy /usr/bin/cmake --build /ros/UR_ws/build/simple_urdf -- -j12 -l12
[0.710s] DEBUG:colcon.colcon_core.event_handler.log_command:Invoking command in '/ros/UR_ws/build/simple_urdf': CMAKE_PREFIX_PATH=${CMAKE_PREFIX_PATH}:/opt/ros/jazzy /usr/bin/cmake --install /ros/UR_ws/build/simple_urdf
[0.719s] Level 1:colcon.colcon_core.environment:create_environment_scripts_only(simple_urdf)
[0.722s] DEBUG:colcon.colcon_core.event_handler.log_command:Invoked command in '/ros/UR_ws/build/simple_urdf' returned '0': CMAKE_PREFIX_PATH=${CMAKE_PREFIX_PATH}:/opt/ros/jazzy /usr/bin/cmake --install /ros/UR_ws/build/simple_urdf
[0.741s] Level 1:colcon.colcon_core.environment:checking '/ros/UR_ws/install/simple_urdf' for CMake module files
[0.741s] Level 1:colcon.colcon_core.environment:checking '/ros/UR_ws/install/simple_urdf' for CMake config files
[0.741s] Level 1:colcon.colcon_core.shell:create_environment_hook('simple_urdf', 'cmake_prefix_path')
[0.742s] INFO:colcon.colcon_core.shell:Creating environment hook '/ros/UR_ws/install/simple_urdf/share/simple_urdf/hook/cmake_prefix_path.ps1'
[0.742s] INFO:colcon.colcon_core.shell:Creating environment descriptor '/ros/UR_ws/install/simple_urdf/share/simple_urdf/hook/cmake_prefix_path.dsv'
[0.742s] INFO:colcon.colcon_core.shell:Creating environment hook '/ros/UR_ws/install/simple_urdf/share/simple_urdf/hook/cmake_prefix_path.sh'
[0.743s] Level 1:colcon.colcon_core.environment:checking '/ros/UR_ws/install/simple_urdf/bin'
[0.743s] Level 1:colcon.colcon_core.environment:checking '/ros/UR_ws/install/simple_urdf/lib/pkgconfig/simple_urdf.pc'
[0.743s] Level 1:colcon.colcon_core.environment:checking '/ros/UR_ws/install/simple_urdf/lib/python3.12/site-packages'
[0.743s] Level 1:colcon.colcon_core.environment:checking '/ros/UR_ws/install/simple_urdf/bin'
[0.743s] INFO:colcon.colcon_core.shell:Creating package script '/ros/UR_ws/install/simple_urdf/share/simple_urdf/package.ps1'
[0.744s] INFO:colcon.colcon_core.shell:Creating package descriptor '/ros/UR_ws/install/simple_urdf/share/simple_urdf/package.dsv'
[0.745s] INFO:colcon.colcon_core.shell:Creating package script '/ros/UR_ws/install/simple_urdf/share/simple_urdf/package.sh'
[0.745s] INFO:colcon.colcon_core.shell:Creating package script '/ros/UR_ws/install/simple_urdf/share/simple_urdf/package.bash'
[0.746s] INFO:colcon.colcon_core.shell:Creating package script '/ros/UR_ws/install/simple_urdf/share/simple_urdf/package.zsh'
[0.747s] Level 1:colcon.colcon_core.environment:create_file_with_runtime_dependencies(/ros/UR_ws/install/simple_urdf/share/colcon-core/packages/simple_urdf)
[0.747s] Level 1:colcon.colcon_core.environment:create_environment_scripts_only(simple_urdf)
[0.747s] Level 1:colcon.colcon_core.environment:checking '/ros/UR_ws/install/simple_urdf' for CMake module files
[0.748s] Level 1:colcon.colcon_core.environment:checking '/ros/UR_ws/install/simple_urdf' for CMake config files
[0.748s] Level 1:colcon.colcon_core.shell:create_environment_hook('simple_urdf', 'cmake_prefix_path')
[0.748s] INFO:colcon.colcon_core.shell:Creating environment hook '/ros/UR_ws/install/simple_urdf/share/simple_urdf/hook/cmake_prefix_path.ps1'
[0.748s] INFO:colcon.colcon_core.shell:Creating environment descriptor '/ros/UR_ws/install/simple_urdf/share/simple_urdf/hook/cmake_prefix_path.dsv'
[0.749s] INFO:colcon.colcon_core.shell:Creating environment hook '/ros/UR_ws/install/simple_urdf/share/simple_urdf/hook/cmake_prefix_path.sh'
[0.749s] Level 1:colcon.colcon_core.environment:checking '/ros/UR_ws/install/simple_urdf/bin'
[0.749s] Level 1:colcon.colcon_core.environment:checking '/ros/UR_ws/install/simple_urdf/lib/pkgconfig/simple_urdf.pc'
[0.749s] Level 1:colcon.colcon_core.environment:checking '/ros/UR_ws/install/simple_urdf/lib/python3.12/site-packages'
[0.750s] Level 1:colcon.colcon_core.environment:checking '/ros/UR_ws/install/simple_urdf/bin'
[0.750s] INFO:colcon.colcon_core.shell:Creating package script '/ros/UR_ws/install/simple_urdf/share/simple_urdf/package.ps1'
[0.750s] INFO:colcon.colcon_core.shell:Creating package descriptor '/ros/UR_ws/install/simple_urdf/share/simple_urdf/package.dsv'
[0.751s] INFO:colcon.colcon_core.shell:Creating package script '/ros/UR_ws/install/simple_urdf/share/simple_urdf/package.sh'
[0.751s] INFO:colcon.colcon_core.shell:Creating package script '/ros/UR_ws/install/simple_urdf/share/simple_urdf/package.bash'
[0.751s] INFO:colcon.colcon_core.shell:Creating package script '/ros/UR_ws/install/simple_urdf/share/simple_urdf/package.zsh'
[0.751s] Level 1:colcon.colcon_core.environment:create_file_with_runtime_dependencies(/ros/UR_ws/install/simple_urdf/share/colcon-core/packages/simple_urdf)
[0.752s] Level 1:colcon.colcon_core.environment:create_environment_scripts_only(ur_description)
[0.753s] Level 1:colcon.colcon_core.environment:checking '/ros/UR_ws/install/ur_description' for CMake module files
[0.753s] DEBUG:colcon.colcon_core.event_handler.log_command:Invoked command in '/ros/UR_ws/build/ur_description' returned '0': CMAKE_PREFIX_PATH=${CMAKE_PREFIX_PATH}:/opt/ros/jazzy /usr/bin/cmake --install /ros/UR_ws/build/ur_description
[0.753s] Level 1:colcon.colcon_core.environment:checking '/ros/UR_ws/install/ur_description' for CMake config files
[0.754s] Level 1:colcon.colcon_core.shell:create_environment_hook('ur_description', 'cmake_prefix_path')
[0.754s] INFO:colcon.colcon_core.shell:Creating environment hook '/ros/UR_ws/install/ur_description/share/ur_description/hook/cmake_prefix_path.ps1'
[0.755s] INFO:colcon.colcon_core.shell:Creating environment descriptor '/ros/UR_ws/install/ur_description/share/ur_description/hook/cmake_prefix_path.dsv'
[0.755s] INFO:colcon.colcon_core.shell:Creating environment hook '/ros/UR_ws/install/ur_description/share/ur_description/hook/cmake_prefix_path.sh'
[0.756s] Level 1:colcon.colcon_core.environment:checking '/ros/UR_ws/install/ur_description/bin'
[0.756s] Level 1:colcon.colcon_core.environment:checking '/ros/UR_ws/install/ur_description/lib/pkgconfig/ur_description.pc'
[0.756s] Level 1:colcon.colcon_core.environment:checking '/ros/UR_ws/install/ur_description/lib/python3.12/site-packages'
[0.756s] Level 1:colcon.colcon_core.environment:checking '/ros/UR_ws/install/ur_description/bin'
[0.756s] INFO:colcon.colcon_core.shell:Creating package script '/ros/UR_ws/install/ur_description/share/ur_description/package.ps1'
[0.756s] INFO:colcon.colcon_core.shell:Creating package descriptor '/ros/UR_ws/install/ur_description/share/ur_description/package.dsv'
[0.757s] INFO:colcon.colcon_core.shell:Creating package script '/ros/UR_ws/install/ur_description/share/ur_description/package.sh'
[0.757s] INFO:colcon.colcon_core.shell:Creating package script '/ros/UR_ws/install/ur_description/share/ur_description/package.bash'
[0.758s] INFO:colcon.colcon_core.shell:Creating package script '/ros/UR_ws/install/ur_description/share/ur_description/package.zsh'
[0.758s] Level 1:colcon.colcon_core.environment:create_file_with_runtime_dependencies(/ros/UR_ws/install/ur_description/share/colcon-core/packages/ur_description)
[0.758s] Level 1:colcon.colcon_core.environment:create_environment_scripts_only(ur_description)
[0.758s] Level 1:colcon.colcon_core.environment:checking '/ros/UR_ws/install/ur_description' for CMake module files
[0.759s] Level 1:colcon.colcon_core.environment:checking '/ros/UR_ws/install/ur_description' for CMake config files
[0.760s] Level 1:colcon.colcon_core.shell:create_environment_hook('ur_description', 'cmake_prefix_path')
[0.760s] INFO:colcon.colcon_core.shell:Creating environment hook '/ros/UR_ws/install/ur_description/share/ur_description/hook/cmake_prefix_path.ps1'
[0.761s] INFO:colcon.colcon_core.shell:Creating environment descriptor '/ros/UR_ws/install/ur_description/share/ur_description/hook/cmake_prefix_path.dsv'
[0.761s] INFO:colcon.colcon_core.shell:Creating environment hook '/ros/UR_ws/install/ur_description/share/ur_description/hook/cmake_prefix_path.sh'
[0.761s] Level 1:colcon.colcon_core.environment:checking '/ros/UR_ws/install/ur_description/bin'
[0.761s] Level 1:colcon.colcon_core.environment:checking '/ros/UR_ws/install/ur_description/lib/pkgconfig/ur_description.pc'
[0.762s] Level 1:colcon.colcon_core.environment:checking '/ros/UR_ws/install/ur_description/lib/python3.12/site-packages'
[0.762s] Level 1:colcon.colcon_core.environment:checking '/ros/UR_ws/install/ur_description/bin'
[0.762s] INFO:colcon.colcon_core.shell:Creating package script '/ros/UR_ws/install/ur_description/share/ur_description/package.ps1'
[0.762s] INFO:colcon.colcon_core.shell:Creating package descriptor '/ros/UR_ws/install/ur_description/share/ur_description/package.dsv'
[0.763s] INFO:colcon.colcon_core.shell:Creating package script '/ros/UR_ws/install/ur_description/share/ur_description/package.sh'
[0.763s] INFO:colcon.colcon_core.shell:Creating package script '/ros/UR_ws/install/ur_description/share/ur_description/package.bash'
[0.763s] INFO:colcon.colcon_core.shell:Creating package script '/ros/UR_ws/install/ur_description/share/ur_description/package.zsh'
[0.764s] Level 1:colcon.colcon_core.environment:create_file_with_runtime_dependencies(/ros/UR_ws/install/ur_description/share/colcon-core/packages/ur_description)
[1.182s] DEBUG:colcon.colcon_core.event_handler.log_command:Invoking command in '/ros/UR_ws/src/rrt_motion_planning': PYTHONPATH=/ros/UR_ws/build/rrt_motion_planning/prefix_override:/usr/lib/python3/dist-packages/colcon_core/task/python/colcon_distutils_commands:/ros/UR_ws/install/rrt_motion_planning/lib/python3.12/site-packages:${PYTHONPATH} /usr/bin/python3 -W ignore:setup.py install is deprecated -W ignore:easy_install command is deprecated setup.py egg_info --egg-base ../../build/rrt_motion_planning build --build-base /ros/UR_ws/build/rrt_motion_planning/build install --record /ros/UR_ws/build/rrt_motion_planning/install.log --single-version-externally-managed install_data
[1.183s] DEBUG:colcon.colcon_core.event_handler.log_command:Invoking command in '/ros/UR_ws/src/forward_kinematics': PYTHONPATH=/ros/UR_ws/build/forward_kinematics/prefix_override:/usr/lib/python3/dist-packages/colcon_core/task/python/colcon_distutils_commands:/ros/UR_ws/install/forward_kinematics/lib/python3.12/site-packages:${PYTHONPATH} /usr/bin/python3 -W ignore:setup.py install is deprecated -W ignore:easy_install command is deprecated setup.py egg_info --egg-base ../../build/forward_kinematics build --build-base /ros/UR_ws/build/forward_kinematics/build install --record /ros/UR_ws/build/forward_kinematics/install.log --single-version-externally-managed install_data
[1.643s] Level 1:colcon.colcon_core.environment:checking '/ros/UR_ws/install/forward_kinematics' for CMake module files
[1.643s] DEBUG:colcon.colcon_core.event_handler.log_command:Invoked command in '/ros/UR_ws/src/forward_kinematics' returned '0': PYTHONPATH=/ros/UR_ws/build/forward_kinematics/prefix_override:/usr/lib/python3/dist-packages/colcon_core/task/python/colcon_distutils_commands:/ros/UR_ws/install/forward_kinematics/lib/python3.12/site-packages:${PYTHONPATH} /usr/bin/python3 -W ignore:setup.py install is deprecated -W ignore:easy_install command is deprecated setup.py egg_info --egg-base ../../build/forward_kinematics build --build-base /ros/UR_ws/build/forward_kinematics/build install --record /ros/UR_ws/build/forward_kinematics/install.log --single-version-externally-managed install_data
[1.644s] Level 1:colcon.colcon_core.environment:checking '/ros/UR_ws/install/forward_kinematics' for CMake config files
[1.644s] Level 1:colcon.colcon_core.environment:checking '/ros/UR_ws/install/forward_kinematics/lib'
[1.644s] Level 1:colcon.colcon_core.environment:checking '/ros/UR_ws/install/forward_kinematics/bin'
[1.644s] Level 1:colcon.colcon_core.environment:checking '/ros/UR_ws/install/forward_kinematics/lib/pkgconfig/forward_kinematics.pc'
[1.644s] Level 1:colcon.colcon_core.environment:checking '/ros/UR_ws/install/forward_kinematics/lib/python3.12/site-packages'
[1.645s] Level 1:colcon.colcon_core.shell:create_environment_hook('forward_kinematics', 'pythonpath')
[1.645s] INFO:colcon.colcon_core.shell:Creating environment hook '/ros/UR_ws/install/forward_kinematics/share/forward_kinematics/hook/pythonpath.ps1'
[1.645s] INFO:colcon.colcon_core.shell:Creating environment descriptor '/ros/UR_ws/install/forward_kinematics/share/forward_kinematics/hook/pythonpath.dsv'
[1.645s] INFO:colcon.colcon_core.shell:Creating environment hook '/ros/UR_ws/install/forward_kinematics/share/forward_kinematics/hook/pythonpath.sh'
[1.646s] Level 1:colcon.colcon_core.environment:checking '/ros/UR_ws/install/forward_kinematics/bin'
[1.646s] Level 1:colcon.colcon_core.environment:create_environment_scripts_only(forward_kinematics)
[1.646s] INFO:colcon.colcon_core.shell:Creating package script '/ros/UR_ws/install/forward_kinematics/share/forward_kinematics/package.ps1'
[1.646s] INFO:colcon.colcon_core.shell:Creating package descriptor '/ros/UR_ws/install/forward_kinematics/share/forward_kinematics/package.dsv'
[1.647s] INFO:colcon.colcon_core.shell:Creating package script '/ros/UR_ws/install/forward_kinematics/share/forward_kinematics/package.sh'
[1.647s] INFO:colcon.colcon_core.shell:Creating package script '/ros/UR_ws/install/forward_kinematics/share/forward_kinematics/package.bash'
[1.647s] INFO:colcon.colcon_core.shell:Creating package script '/ros/UR_ws/install/forward_kinematics/share/forward_kinematics/package.zsh'
[1.648s] Level 1:colcon.colcon_core.environment:create_file_with_runtime_dependencies(/ros/UR_ws/install/forward_kinematics/share/colcon-core/packages/forward_kinematics)
[1.666s] Level 1:colcon.colcon_core.environment:checking '/ros/UR_ws/install/rrt_motion_planning' for CMake module files
[1.666s] DEBUG:colcon.colcon_core.event_handler.log_command:Invoked command in '/ros/UR_ws/src/rrt_motion_planning' returned '0': PYTHONPATH=/ros/UR_ws/build/rrt_motion_planning/prefix_override:/usr/lib/python3/dist-packages/colcon_core/task/python/colcon_distutils_commands:/ros/UR_ws/install/rrt_motion_planning/lib/python3.12/site-packages:${PYTHONPATH} /usr/bin/python3 -W ignore:setup.py install is deprecated -W ignore:easy_install command is deprecated setup.py egg_info --egg-base ../../build/rrt_motion_planning build --build-base /ros/UR_ws/build/rrt_motion_planning/build install --record /ros/UR_ws/build/rrt_motion_planning/install.log --single-version-externally-managed install_data
[1.666s] Level 1:colcon.colcon_core.environment:checking '/ros/UR_ws/install/rrt_motion_planning' for CMake config files
[1.667s] Level 1:colcon.colcon_core.environment:checking '/ros/UR_ws/install/rrt_motion_planning/lib'
[1.667s] Level 1:colcon.colcon_core.environment:checking '/ros/UR_ws/install/rrt_motion_planning/bin'
[1.667s] Level 1:colcon.colcon_core.environment:checking '/ros/UR_ws/install/rrt_motion_planning/lib/pkgconfig/rrt_motion_planning.pc'
[1.667s] Level 1:colcon.colcon_core.environment:checking '/ros/UR_ws/install/rrt_motion_planning/lib/python3.12/site-packages'
[1.667s] Level 1:colcon.colcon_core.shell:create_environment_hook('rrt_motion_planning', 'pythonpath')
[1.667s] INFO:colcon.colcon_core.shell:Creating environment hook '/ros/UR_ws/install/rrt_motion_planning/share/rrt_motion_planning/hook/pythonpath.ps1'
[1.668s] INFO:colcon.colcon_core.shell:Creating environment descriptor '/ros/UR_ws/install/rrt_motion_planning/share/rrt_motion_planning/hook/pythonpath.dsv'
[1.668s] INFO:colcon.colcon_core.shell:Creating environment hook '/ros/UR_ws/install/rrt_motion_planning/share/rrt_motion_planning/hook/pythonpath.sh'
[1.669s] Level 1:colcon.colcon_core.environment:checking '/ros/UR_ws/install/rrt_motion_planning/bin'
[1.669s] Level 1:colcon.colcon_core.environment:create_environment_scripts_only(rrt_motion_planning)
[1.669s] INFO:colcon.colcon_core.shell:Creating package script '/ros/UR_ws/install/rrt_motion_planning/share/rrt_motion_planning/package.ps1'
[1.669s] INFO:colcon.colcon_core.shell:Creating package descriptor '/ros/UR_ws/install/rrt_motion_planning/share/rrt_motion_planning/package.dsv'
[1.670s] INFO:colcon.colcon_core.shell:Creating package script '/ros/UR_ws/install/rrt_motion_planning/share/rrt_motion_planning/package.sh'
[1.670s] INFO:colcon.colcon_core.shell:Creating package script '/ros/UR_ws/install/rrt_motion_planning/share/rrt_motion_planning/package.bash'
[1.670s] INFO:colcon.colcon_core.shell:Creating package script '/ros/UR_ws/install/rrt_motion_planning/share/rrt_motion_planning/package.zsh'
[1.670s] Level 1:colcon.colcon_core.environment:create_file_with_runtime_dependencies(/ros/UR_ws/install/rrt_motion_planning/share/colcon-core/packages/rrt_motion_planning)
[1.671s] DEBUG:colcon.colcon_parallel_executor.executor.parallel:closing loop
[1.671s] DEBUG:colcon.colcon_parallel_executor.executor.parallel:loop closed
[1.671s] DEBUG:colcon.colcon_parallel_executor.executor.parallel:run_until_complete finished with '0'
[1.671s] DEBUG:colcon.colcon_core.event_reactor:joining thread
[1.678s] INFO:colcon.colcon_core.plugin_system:Skipping extension 'colcon_notification.desktop_notification.notify_send': Could not find 'notify-send'
[1.678s] INFO:colcon.colcon_core.plugin_system:Skipping extension 'colcon_notification.desktop_notification.terminal_notifier': Not used on non-Darwin systems
[1.678s] INFO:colcon.colcon_core.plugin_system:Skipping extension 'colcon_notification.desktop_notification.win32': Not used on non-Windows systems
[1.678s] INFO:colcon.colcon_notification.desktop_notification:Sending desktop notification using 'notify2'
[1.679s] DEBUG:colcon.colcon_notification.desktop_notification.notify2:Failed to initialize notify2: org.freedesktop.DBus.Error.Spawn.ExecFailed: /usr/bin/dbus-launch terminated abnormally without any error message
[1.679s] DEBUG:colcon.colcon_core.event_reactor:joined thread
[1.680s] INFO:colcon.colcon_core.shell:Creating prefix script '/ros/UR_ws/install/local_setup.ps1'
[1.681s] INFO:colcon.colcon_core.shell:Creating prefix util module '/ros/UR_ws/install/_local_setup_util_ps1.py'
[1.682s] INFO:colcon.colcon_core.shell:Creating prefix chain script '/ros/UR_ws/install/setup.ps1'
[1.682s] INFO:colcon.colcon_core.shell:Creating prefix script '/ros/UR_ws/install/local_setup.sh'
[1.683s] INFO:colcon.colcon_core.shell:Creating prefix util module '/ros/UR_ws/install/_local_setup_util_sh.py'
[1.683s] INFO:colcon.colcon_core.shell:Creating prefix chain script '/ros/UR_ws/install/setup.sh'
[1.684s] INFO:colcon.colcon_core.shell:Creating prefix script '/ros/UR_ws/install/local_setup.bash'
[1.685s] INFO:colcon.colcon_core.shell:Creating prefix chain script '/ros/UR_ws/install/setup.bash'
[1.686s] INFO:colcon.colcon_core.shell:Creating prefix script '/ros/UR_ws/install/local_setup.zsh'
[1.686s] INFO:colcon.colcon_core.shell:Creating prefix chain script '/ros/UR_ws/install/setup.zsh'
