[0.787s] Invoking command in '/ros/Kinematics_Lab/UR_ws/src/kinematics_mh12': PYTHONPATH=/ros/Kinematics_Lab/UR_ws/build/kinematics_mh12/prefix_override:/usr/lib/python3/dist-packages/colcon_core/task/python/colcon_distutils_commands:/ros/Kinematics_Lab/UR_ws/install/kinematics_mh12/lib/python3.12/site-packages:${PYTHONPATH} /usr/bin/python3 -W ignore:setup.py install is deprecated -W ignore:easy_install command is deprecated setup.py egg_info --egg-base ../../build/kinematics_mh12 build --build-base /ros/Kinematics_Lab/UR_ws/build/kinematics_mh12/build install --record /ros/Kinematics_Lab/UR_ws/build/kinematics_mh12/install.log --single-version-externally-managed install_data
[1.052s] running egg_info
[1.075s] writing ../../build/kinematics_mh12/kinematics_mh12.egg-info/PKG-INFO
[1.075s] writing dependency_links to ../../build/kinematics_mh12/kinematics_mh12.egg-info/dependency_links.txt
[1.075s] writing entry points to ../../build/kinematics_mh12/kinematics_mh12.egg-info/entry_points.txt
[1.075s] writing requirements to ../../build/kinematics_mh12/kinematics_mh12.egg-info/requires.txt
[1.076s] writing top-level names to ../../build/kinematics_mh12/kinematics_mh12.egg-info/top_level.txt
[1.112s] reading manifest file '../../build/kinematics_mh12/kinematics_mh12.egg-info/SOURCES.txt'
[1.113s] writing manifest file '../../build/kinematics_mh12/kinematics_mh12.egg-info/SOURCES.txt'
[1.113s] running build
[1.113s] running build_py
[1.114s] copying kinematics_mh12/inv_kinematics_mh12.py -> /ros/Kinematics_Lab/UR_ws/build/kinematics_mh12/build/lib/kinematics_mh12
[1.114s] copying kinematics_mh12/fw_kinematics_mh12.py -> /ros/Kinematics_Lab/UR_ws/build/kinematics_mh12/build/lib/kinematics_mh12
[1.114s] running install
[1.121s] running install_lib
[1.144s] copying /ros/Kinematics_Lab/UR_ws/build/kinematics_mh12/build/lib/kinematics_mh12/inv_kinematics_mh12.py -> /ros/Kinematics_Lab/UR_ws/install/kinematics_mh12/lib/python3.12/site-packages/kinematics_mh12
[1.144s] copying /ros/Kinematics_Lab/UR_ws/build/kinematics_mh12/build/lib/kinematics_mh12/fw_kinematics_mh12.py -> /ros/Kinematics_Lab/UR_ws/install/kinematics_mh12/lib/python3.12/site-packages/kinematics_mh12
[1.145s] byte-compiling /ros/Kinematics_Lab/UR_ws/install/kinematics_mh12/lib/python3.12/site-packages/kinematics_mh12/inv_kinematics_mh12.py to inv_kinematics_mh12.cpython-312.pyc
[1.146s] byte-compiling /ros/Kinematics_Lab/UR_ws/install/kinematics_mh12/lib/python3.12/site-packages/kinematics_mh12/fw_kinematics_mh12.py to fw_kinematics_mh12.cpython-312.pyc
[1.148s] running install_data
[1.148s] creating /ros/Kinematics_Lab/UR_ws/install/kinematics_mh12/share/kinematics_mh12/launch
[1.148s] copying launch/launch_mode.launch.py -> /ros/Kinematics_Lab/UR_ws/install/kinematics_mh12/share/kinematics_mh12/launch
[1.148s] creating /ros/Kinematics_Lab/UR_ws/install/kinematics_mh12/share/kinematics_mh12/config
[1.148s] copying config/robot_view.rviz -> /ros/Kinematics_Lab/UR_ws/install/kinematics_mh12/share/kinematics_mh12/config
[1.149s] copying config/kinematics_ws.code-workspace -> /ros/Kinematics_Lab/UR_ws/install/kinematics_mh12/share/kinematics_mh12/config
[1.149s] creating /ros/Kinematics_Lab/UR_ws/install/kinematics_mh12/share/kinematics_mh12/rviz
[1.149s] running install_egg_info
[1.169s] removing '/ros/Kinematics_Lab/UR_ws/install/kinematics_mh12/lib/python3.12/site-packages/kinematics_mh12-0.0.0-py3.12.egg-info' (and everything under it)
[1.169s] Copying ../../build/kinematics_mh12/kinematics_mh12.egg-info to /ros/Kinematics_Lab/UR_ws/install/kinematics_mh12/lib/python3.12/site-packages/kinematics_mh12-0.0.0-py3.12.egg-info
[1.170s] running install_scripts
[1.299s] Installing forward script to /ros/Kinematics_Lab/UR_ws/install/kinematics_mh12/lib/kinematics_mh12
[1.299s] Installing inverse script to /ros/Kinematics_Lab/UR_ws/install/kinematics_mh12/lib/kinematics_mh12
[1.299s] writing list of installed files to '/ros/Kinematics_Lab/UR_ws/build/kinematics_mh12/install.log'
[1.328s] Invoked command in '/ros/Kinematics_Lab/UR_ws/src/kinematics_mh12' returned '0': PYTHONPATH=/ros/Kinematics_Lab/UR_ws/build/kinematics_mh12/prefix_override:/usr/lib/python3/dist-packages/colcon_core/task/python/colcon_distutils_commands:/ros/Kinematics_Lab/UR_ws/install/kinematics_mh12/lib/python3.12/site-packages:${PYTHONPATH} /usr/bin/python3 -W ignore:setup.py install is deprecated -W ignore:easy_install command is deprecated setup.py egg_info --egg-base ../../build/kinematics_mh12 build --build-base /ros/Kinematics_Lab/UR_ws/build/kinematics_mh12/build install --record /ros/Kinematics_Lab/UR_ws/build/kinematics_mh12/install.log --single-version-externally-managed install_data
