[0.033s] Invoking command in '/root/Shared/build/custom_interfaces': CMAKE_PREFIX_PATH=${CMAKE_PREFIX_PATH}:/root/Shared/install/pathplanners:/root/Shared/install/multidim_rrt_planner:/opt/ros/humble /usr/bin/cmake --build /root/Shared/build/custom_interfaces -- -j12 -l12
[0.271s] [  2%] Built target custom_interfaces__cpp
[0.271s] [ 12%] Built target custom_interfaces__rosidl_generator_c
[0.271s] [ 12%] Built target ament_cmake_python_copy_custom_interfaces
[0.271s] [ 23%] Built target custom_interfaces__rosidl_typesupport_introspection_c
[0.271s] [ 34%] Built target custom_interfaces__rosidl_typesupport_cpp
[0.271s] [ 44%] Built target custom_interfaces__rosidl_typesupport_introspection_cpp
[0.271s] [ 55%] Built target custom_interfaces__rosidl_typesupport_fastrtps_c
[0.271s] [ 65%] Built target custom_interfaces__rosidl_typesupport_c
[0.271s] [ 76%] Built target custom_interfaces__rosidl_typesupport_fastrtps_cpp
[0.272s] [ 76%] Built target custom_interfaces
[0.272s] [ 78%] Built target custom_interfaces__py
[0.272s] [ 87%] Built target custom_interfaces__rosidl_generator_py
[0.272s] [ 91%] Built target custom_interfaces__rosidl_typesupport_c__pyext
[0.272s] [ 95%] Built target custom_interfaces__rosidl_typesupport_fastrtps_c__pyext
[0.272s] [100%] Built target custom_interfaces__rosidl_typesupport_introspection_c__pyext
[0.305s] running egg_info
[0.306s] writing custom_interfaces.egg-info/PKG-INFO
[0.306s] writing dependency_links to custom_interfaces.egg-info/dependency_links.txt
[0.306s] writing top-level names to custom_interfaces.egg-info/top_level.txt
[0.308s] reading manifest file 'custom_interfaces.egg-info/SOURCES.txt'
[0.308s] writing manifest file 'custom_interfaces.egg-info/SOURCES.txt'
[0.340s] [100%] Built target ament_cmake_python_build_custom_interfaces_egg
