[0.100s] DEBUG:colcon:Command line arguments: ['/usr/bin/colcon', 'build']
[0.100s] DEBUG:colcon:Parsed command line arguments: Namespace(log_base=None, log_level=None, verb_name='build', build_base='build', install_base='install', merge_install=False, symlink_install=False, test_result_base=None, continue_on_error=False, executor='parallel', parallel_workers=12, event_handlers=None, ignore_user_meta=False, metas=['./colcon.meta'], base_paths=['.'], packages_ignore=None, packages_ignore_regex=None, paths=None, packages_up_to=None, packages_up_to_regex=None, packages_above=None, packages_above_and_dependencies=None, packages_above_depth=None, packages_select_by_dep=None, packages_skip_by_dep=None, packages_skip_up_to=None, packages_select_build_failed=False, packages_skip_build_finished=False, packages_select_test_failures=False, packages_skip_test_passed=False, packages_select=None, packages_skip=None, packages_select_regex=None, packages_skip_regex=None, packages_start=None, packages_end=None, cmake_args=None, cmake_target=None, cmake_target_skip_unavailable=False, cmake_clean_cache=False, cmake_clean_first=False, cmake_force_configure=False, ament_cmake_args=None, catkin_cmake_args=None, catkin_skip_building_tests=False, mixin_files=None, mixin=None, verb_parser=<colcon_mixin.mixin.mixin_argument.MixinArgumentDecorator object at 0x7fa0f0bf0320>, verb_extension=<colcon_core.verb.build.BuildVerb object at 0x7fa0f0bc7d70>, main=<bound method BuildVerb.main of <colcon_core.verb.build.BuildVerb object at 0x7fa0f0bc7d70>>, mixin_verb=('build',))
[0.134s] Level 1:colcon.colcon_core.package_discovery:discover_packages(colcon_meta) check parameters
[0.134s] INFO:colcon.colcon_metadata.package_discovery.colcon_meta:Using configuration from '/root/.colcon/metadata/default/Gazebo.meta'
[0.135s] INFO:colcon.colcon_metadata.package_discovery.colcon_meta:Using configuration from '/root/.colcon/metadata/default/fastdds.meta'
[0.135s] INFO:colcon.colcon_metadata.package_discovery.colcon_meta:Using configuration from '/root/.colcon/metadata/default/fastrtps.meta'
[0.135s] Level 1:colcon.colcon_core.package_discovery:discover_packages(recursive) check parameters
[0.135s] Level 1:colcon.colcon_core.package_discovery:discover_packages(ignore) check parameters
[0.135s] Level 1:colcon.colcon_core.package_discovery:discover_packages(path) check parameters
[0.135s] Level 1:colcon.colcon_core.package_discovery:discover_packages(colcon_meta) discover
[0.135s] Level 1:colcon.colcon_core.package_discovery:discover_packages(recursive) discover
[0.135s] INFO:colcon.colcon_core.package_discovery:Crawling recursively for packages in '/ros/UR_ws'
[0.135s] Level 1:colcon.colcon_core.package_identification:_identify(.) by extensions ['ignore', 'ignore_ament_install']
[0.135s] Level 1:colcon.colcon_core.package_identification:_identify(.) by extension 'ignore'
[0.135s] Level 1:colcon.colcon_core.package_identification:_identify(.) by extension 'ignore_ament_install'
[0.135s] Level 1:colcon.colcon_core.package_identification:_identify(.) by extensions ['colcon_pkg']
[0.136s] Level 1:colcon.colcon_core.package_identification:_identify(.) by extension 'colcon_pkg'
[0.136s] Level 1:colcon.colcon_core.package_identification:_identify(.) by extensions ['colcon_meta']
[0.136s] Level 1:colcon.colcon_core.package_identification:_identify(.) by extension 'colcon_meta'
[0.136s] Level 1:colcon.colcon_core.package_identification:_identify(.) by extensions ['ros']
[0.136s] Level 1:colcon.colcon_core.package_identification:_identify(.) by extension 'ros'
[0.158s] Level 1:colcon.colcon_core.package_identification:_identify(.) by extensions ['cmake', 'python']
[0.158s] Level 1:colcon.colcon_core.package_identification:_identify(.) by extension 'cmake'
[0.158s] Level 1:colcon.colcon_core.package_identification:_identify(.) by extension 'python'
[0.158s] Level 1:colcon.colcon_core.package_identification:_identify(.) by extensions ['python_setup_py']
[0.158s] Level 1:colcon.colcon_core.package_identification:_identify(.) by extension 'python_setup_py'
[0.158s] Level 1:colcon.colcon_core.package_identification:_identify(build) by extensions ['ignore', 'ignore_ament_install']
[0.158s] Level 1:colcon.colcon_core.package_identification:_identify(build) by extension 'ignore'
[0.158s] Level 1:colcon.colcon_core.package_identification:_identify(build) ignored
[0.158s] Level 1:colcon.colcon_core.package_identification:_identify(install) by extensions ['ignore', 'ignore_ament_install']
[0.159s] Level 1:colcon.colcon_core.package_identification:_identify(install) by extension 'ignore'
[0.159s] Level 1:colcon.colcon_core.package_identification:_identify(install) ignored
[0.159s] Level 1:colcon.colcon_core.package_identification:_identify(log) by extensions ['ignore', 'ignore_ament_install']
[0.159s] Level 1:colcon.colcon_core.package_identification:_identify(log) by extension 'ignore'
[0.159s] Level 1:colcon.colcon_core.package_identification:_identify(log) ignored
[0.159s] Level 1:colcon.colcon_core.package_identification:_identify(src) by extensions ['ignore', 'ignore_ament_install']
[0.159s] Level 1:colcon.colcon_core.package_identification:_identify(src) by extension 'ignore'
[0.159s] Level 1:colcon.colcon_core.package_identification:_identify(src) by extension 'ignore_ament_install'
[0.159s] Level 1:colcon.colcon_core.package_identification:_identify(src) by extensions ['colcon_pkg']
[0.159s] Level 1:colcon.colcon_core.package_identification:_identify(src) by extension 'colcon_pkg'
[0.159s] Level 1:colcon.colcon_core.package_identification:_identify(src) by extensions ['colcon_meta']
[0.159s] Level 1:colcon.colcon_core.package_identification:_identify(src) by extension 'colcon_meta'
[0.159s] Level 1:colcon.colcon_core.package_identification:_identify(src) by extensions ['ros']
[0.159s] Level 1:colcon.colcon_core.package_identification:_identify(src) by extension 'ros'
[0.159s] Level 1:colcon.colcon_core.package_identification:_identify(src) by extensions ['cmake', 'python']
[0.159s] Level 1:colcon.colcon_core.package_identification:_identify(src) by extension 'cmake'
[0.159s] Level 1:colcon.colcon_core.package_identification:_identify(src) by extension 'python'
[0.159s] Level 1:colcon.colcon_core.package_identification:_identify(src) by extensions ['python_setup_py']
[0.159s] Level 1:colcon.colcon_core.package_identification:_identify(src) by extension 'python_setup_py'
[0.159s] Level 1:colcon.colcon_core.package_identification:_identify(src/Universal_Robots_ROS2_Description) by extensions ['ignore', 'ignore_ament_install']
[0.159s] Level 1:colcon.colcon_core.package_identification:_identify(src/Universal_Robots_ROS2_Description) by extension 'ignore'
[0.160s] Level 1:colcon.colcon_core.package_identification:_identify(src/Universal_Robots_ROS2_Description) by extension 'ignore_ament_install'
[0.160s] Level 1:colcon.colcon_core.package_identification:_identify(src/Universal_Robots_ROS2_Description) by extensions ['colcon_pkg']
[0.160s] Level 1:colcon.colcon_core.package_identification:_identify(src/Universal_Robots_ROS2_Description) by extension 'colcon_pkg'
[0.160s] Level 1:colcon.colcon_core.package_identification:_identify(src/Universal_Robots_ROS2_Description) by extensions ['colcon_meta']
[0.160s] Level 1:colcon.colcon_core.package_identification:_identify(src/Universal_Robots_ROS2_Description) by extension 'colcon_meta'
[0.160s] Level 1:colcon.colcon_core.package_identification:_identify(src/Universal_Robots_ROS2_Description) by extensions ['ros']
[0.160s] Level 1:colcon.colcon_core.package_identification:_identify(src/Universal_Robots_ROS2_Description) by extension 'ros'
[0.162s] DEBUG:colcon.colcon_core.package_identification:Package 'src/Universal_Robots_ROS2_Description' with type 'ros.ament_cmake' and name 'ur_description'
[0.162s] Level 1:colcon.colcon_core.package_discovery:discover_packages(recursive) using defaults
[0.162s] Level 1:colcon.colcon_core.package_discovery:discover_packages(ignore) discover
[0.162s] Level 1:colcon.colcon_core.package_discovery:discover_packages(ignore) using defaults
[0.162s] Level 1:colcon.colcon_core.package_discovery:discover_packages(path) discover
[0.162s] Level 1:colcon.colcon_core.package_discovery:discover_packages(path) using defaults
[0.177s] Level 5:colcon.colcon_core.verb:set package 'ur_description' build argument 'cmake_args' from command line to 'None'
[0.177s] Level 5:colcon.colcon_core.verb:set package 'ur_description' build argument 'cmake_target' from command line to 'None'
[0.177s] Level 5:colcon.colcon_core.verb:set package 'ur_description' build argument 'cmake_target_skip_unavailable' from command line to 'False'
[0.177s] Level 5:colcon.colcon_core.verb:set package 'ur_description' build argument 'cmake_clean_cache' from command line to 'False'
[0.177s] Level 5:colcon.colcon_core.verb:set package 'ur_description' build argument 'cmake_clean_first' from command line to 'False'
[0.177s] Level 5:colcon.colcon_core.verb:set package 'ur_description' build argument 'cmake_force_configure' from command line to 'False'
[0.177s] Level 5:colcon.colcon_core.verb:set package 'ur_description' build argument 'ament_cmake_args' from command line to 'None'
[0.177s] Level 5:colcon.colcon_core.verb:set package 'ur_description' build argument 'catkin_cmake_args' from command line to 'None'
[0.177s] Level 5:colcon.colcon_core.verb:set package 'ur_description' build argument 'catkin_skip_building_tests' from command line to 'False'
[0.177s] DEBUG:colcon.colcon_core.verb:Building package 'ur_description' with the following arguments: {'ament_cmake_args': None, 'build_base': '/ros/UR_ws/build/ur_description', 'catkin_cmake_args': None, 'catkin_skip_building_tests': False, 'cmake_args': None, 'cmake_clean_cache': False, 'cmake_clean_first': False, 'cmake_force_configure': False, 'cmake_target': None, 'cmake_target_skip_unavailable': False, 'install_base': '/ros/UR_ws/install/ur_description', 'merge_install': False, 'path': '/ros/UR_ws/src/Universal_Robots_ROS2_Description', 'symlink_install': False, 'test_result_base': None}
[0.177s] INFO:colcon.colcon_core.executor:Executing jobs using 'parallel' executor
[0.178s] DEBUG:colcon.colcon_parallel_executor.executor.parallel:run_until_complete
[0.178s] INFO:colcon.colcon_ros.task.ament_cmake.build:Building ROS package in '/ros/UR_ws/src/Universal_Robots_ROS2_Description' with build type 'ament_cmake'
[0.178s] INFO:colcon.colcon_cmake.task.cmake.build:Building CMake package in '/ros/UR_ws/src/Universal_Robots_ROS2_Description'
[0.180s] INFO:colcon.colcon_core.plugin_system:Skipping extension 'colcon_core.shell.bat': Not used on non-Windows systems
[0.180s] INFO:colcon.colcon_core.shell:Skip shell extension 'powershell' for command environment: Not usable outside of PowerShell
[0.180s] DEBUG:colcon.colcon_core.shell:Skip shell extension 'dsv' for command environment
[0.181s] WARNING:colcon.colcon_ros.prefix_path.ament:The path '/ros/UR_ws/install/ur_description' in the environment variable AMENT_PREFIX_PATH doesn't exist
[0.181s] WARNING:colcon.colcon_ros.prefix_path.catkin:The path '/ros/UR_ws/install/ur_description' in the environment variable CMAKE_PREFIX_PATH doesn't exist
[0.187s] DEBUG:colcon.colcon_core.event_handler.log_command:Invoking command in '/ros/UR_ws/build/ur_description': CMAKE_PREFIX_PATH=${CMAKE_PREFIX_PATH}:/opt/ros/jazzy /usr/bin/cmake /ros/UR_ws/src/Universal_Robots_ROS2_Description -DCMAKE_INSTALL_PREFIX=/ros/UR_ws/install/ur_description
[1.305s] DEBUG:colcon.colcon_core.event_handler.log_command:Invoked command in '/ros/UR_ws/build/ur_description' returned '0': CMAKE_PREFIX_PATH=${CMAKE_PREFIX_PATH}:/opt/ros/jazzy /usr/bin/cmake /ros/UR_ws/src/Universal_Robots_ROS2_Description -DCMAKE_INSTALL_PREFIX=/ros/UR_ws/install/ur_description
[1.306s] DEBUG:colcon.colcon_core.event_handler.log_command:Invoking command in '/ros/UR_ws/build/ur_description': CMAKE_PREFIX_PATH=${CMAKE_PREFIX_PATH}:/opt/ros/jazzy /usr/bin/cmake --build /ros/UR_ws/build/ur_description -- -j12 -l12
[1.337s] DEBUG:colcon.colcon_core.event_handler.log_command:Invoked command in '/ros/UR_ws/build/ur_description' returned '0': CMAKE_PREFIX_PATH=${CMAKE_PREFIX_PATH}:/opt/ros/jazzy /usr/bin/cmake --build /ros/UR_ws/build/ur_description -- -j12 -l12
[1.345s] DEBUG:colcon.colcon_core.event_handler.log_command:Invoking command in '/ros/UR_ws/build/ur_description': CMAKE_PREFIX_PATH=${CMAKE_PREFIX_PATH}:/opt/ros/jazzy /usr/bin/cmake --install /ros/UR_ws/build/ur_description
[1.408s] Level 1:colcon.colcon_core.environment:create_environment_scripts_only(ur_description)
[1.409s] DEBUG:colcon.colcon_core.event_handler.log_command:Invoked command in '/ros/UR_ws/build/ur_description' returned '0': CMAKE_PREFIX_PATH=${CMAKE_PREFIX_PATH}:/opt/ros/jazzy /usr/bin/cmake --install /ros/UR_ws/build/ur_description
[1.410s] Level 1:colcon.colcon_core.environment:checking '/ros/UR_ws/install/ur_description' for CMake module files
[1.411s] Level 1:colcon.colcon_core.environment:checking '/ros/UR_ws/install/ur_description' for CMake config files
[1.412s] Level 1:colcon.colcon_core.shell:create_environment_hook('ur_description', 'cmake_prefix_path')
[1.412s] INFO:colcon.colcon_core.shell:Creating environment hook '/ros/UR_ws/install/ur_description/share/ur_description/hook/cmake_prefix_path.ps1'
[1.412s] INFO:colcon.colcon_core.shell:Creating environment descriptor '/ros/UR_ws/install/ur_description/share/ur_description/hook/cmake_prefix_path.dsv'
[1.413s] INFO:colcon.colcon_core.shell:Creating environment hook '/ros/UR_ws/install/ur_description/share/ur_description/hook/cmake_prefix_path.sh'
[1.413s] Level 1:colcon.colcon_core.environment:checking '/ros/UR_ws/install/ur_description/bin'
[1.413s] Level 1:colcon.colcon_core.environment:checking '/ros/UR_ws/install/ur_description/lib/pkgconfig/ur_description.pc'
[1.415s] Level 1:colcon.colcon_core.environment:checking '/ros/UR_ws/install/ur_description/lib/python3.12/site-packages'
[1.415s] Level 1:colcon.colcon_core.environment:checking '/ros/UR_ws/install/ur_description/bin'
[1.415s] INFO:colcon.colcon_core.shell:Creating package script '/ros/UR_ws/install/ur_description/share/ur_description/package.ps1'
[1.416s] INFO:colcon.colcon_core.shell:Creating package descriptor '/ros/UR_ws/install/ur_description/share/ur_description/package.dsv'
[1.416s] INFO:colcon.colcon_core.shell:Creating package script '/ros/UR_ws/install/ur_description/share/ur_description/package.sh'
[1.417s] INFO:colcon.colcon_core.shell:Creating package script '/ros/UR_ws/install/ur_description/share/ur_description/package.bash'
[1.417s] INFO:colcon.colcon_core.shell:Creating package script '/ros/UR_ws/install/ur_description/share/ur_description/package.zsh'
[1.418s] Level 1:colcon.colcon_core.environment:create_file_with_runtime_dependencies(/ros/UR_ws/install/ur_description/share/colcon-core/packages/ur_description)
[1.418s] Level 1:colcon.colcon_core.environment:create_environment_scripts_only(ur_description)
[1.418s] Level 1:colcon.colcon_core.environment:checking '/ros/UR_ws/install/ur_description' for CMake module files
[1.419s] Level 1:colcon.colcon_core.environment:checking '/ros/UR_ws/install/ur_description' for CMake config files
[1.420s] Level 1:colcon.colcon_core.shell:create_environment_hook('ur_description', 'cmake_prefix_path')
[1.420s] INFO:colcon.colcon_core.shell:Creating environment hook '/ros/UR_ws/install/ur_description/share/ur_description/hook/cmake_prefix_path.ps1'
[1.420s] INFO:colcon.colcon_core.shell:Creating environment descriptor '/ros/UR_ws/install/ur_description/share/ur_description/hook/cmake_prefix_path.dsv'
[1.421s] INFO:colcon.colcon_core.shell:Creating environment hook '/ros/UR_ws/install/ur_description/share/ur_description/hook/cmake_prefix_path.sh'
[1.421s] Level 1:colcon.colcon_core.environment:checking '/ros/UR_ws/install/ur_description/bin'
[1.421s] Level 1:colcon.colcon_core.environment:checking '/ros/UR_ws/install/ur_description/lib/pkgconfig/ur_description.pc'
[1.421s] Level 1:colcon.colcon_core.environment:checking '/ros/UR_ws/install/ur_description/lib/python3.12/site-packages'
[1.422s] Level 1:colcon.colcon_core.environment:checking '/ros/UR_ws/install/ur_description/bin'
[1.422s] INFO:colcon.colcon_core.shell:Creating package script '/ros/UR_ws/install/ur_description/share/ur_description/package.ps1'
[1.422s] INFO:colcon.colcon_core.shell:Creating package descriptor '/ros/UR_ws/install/ur_description/share/ur_description/package.dsv'
[1.422s] INFO:colcon.colcon_core.shell:Creating package script '/ros/UR_ws/install/ur_description/share/ur_description/package.sh'
[1.423s] INFO:colcon.colcon_core.shell:Creating package script '/ros/UR_ws/install/ur_description/share/ur_description/package.bash'
[1.423s] INFO:colcon.colcon_core.shell:Creating package script '/ros/UR_ws/install/ur_description/share/ur_description/package.zsh'
[1.423s] Level 1:colcon.colcon_core.environment:create_file_with_runtime_dependencies(/ros/UR_ws/install/ur_description/share/colcon-core/packages/ur_description)
[1.424s] DEBUG:colcon.colcon_parallel_executor.executor.parallel:closing loop
[1.424s] DEBUG:colcon.colcon_parallel_executor.executor.parallel:loop closed
[1.424s] DEBUG:colcon.colcon_parallel_executor.executor.parallel:run_until_complete finished with '0'
[1.424s] DEBUG:colcon.colcon_core.event_reactor:joining thread
[1.428s] INFO:colcon.colcon_core.plugin_system:Skipping extension 'colcon_notification.desktop_notification.notify_send': Could not find 'notify-send'
[1.429s] INFO:colcon.colcon_core.plugin_system:Skipping extension 'colcon_notification.desktop_notification.terminal_notifier': Not used on non-Darwin systems
[1.429s] INFO:colcon.colcon_core.plugin_system:Skipping extension 'colcon_notification.desktop_notification.win32': Not used on non-Windows systems
[1.429s] INFO:colcon.colcon_notification.desktop_notification:Sending desktop notification using 'notify2'
[1.430s] DEBUG:colcon.colcon_notification.desktop_notification.notify2:Failed to initialize notify2: org.freedesktop.DBus.Error.Spawn.ExecFailed: /usr/bin/dbus-launch terminated abnormally without any error message
[1.430s] DEBUG:colcon.colcon_core.event_reactor:joined thread
[1.431s] INFO:colcon.colcon_core.shell:Creating prefix script '/ros/UR_ws/install/local_setup.ps1'
[1.431s] INFO:colcon.colcon_core.shell:Creating prefix util module '/ros/UR_ws/install/_local_setup_util_ps1.py'
[1.432s] INFO:colcon.colcon_core.shell:Creating prefix chain script '/ros/UR_ws/install/setup.ps1'
[1.433s] INFO:colcon.colcon_core.shell:Creating prefix script '/ros/UR_ws/install/local_setup.sh'
[1.434s] INFO:colcon.colcon_core.shell:Creating prefix util module '/ros/UR_ws/install/_local_setup_util_sh.py'
[1.435s] INFO:colcon.colcon_core.shell:Creating prefix chain script '/ros/UR_ws/install/setup.sh'
[1.436s] INFO:colcon.colcon_core.shell:Creating prefix script '/ros/UR_ws/install/local_setup.bash'
[1.436s] INFO:colcon.colcon_core.shell:Creating prefix chain script '/ros/UR_ws/install/setup.bash'
[1.437s] INFO:colcon.colcon_core.shell:Creating prefix script '/ros/UR_ws/install/local_setup.zsh'
[1.437s] INFO:colcon.colcon_core.shell:Creating prefix chain script '/ros/UR_ws/install/setup.zsh'
