-- Found ament_cmake: 1.3.12 (/opt/ros/humble/share/ament_cmake/cmake)
-- Found rosidl_default_generators: 1.2.0 (/opt/ros/humble/share/rosidl_default_generators/cmake)
-- Using all available rosidl_typesupport_c: rosidl_typesupport_fastrtps_c;rosidl_typesupport_introspection_c
-- Found rosidl_adapter: 3.1.7 (/opt/ros/humble/share/rosidl_adapter/cmake)
-- Using all available rosidl_typesupport_cpp: rosidl_typesupport_fastrtps_cpp;rosidl_typesupport_introspection_cpp
-- Found ament_cmake_ros: 0.10.0 (/opt/ros/humble/share/ament_cmake_ros/cmake)
-- Using all available rosidl_typesupport_c: rosidl_typesupport_fastrtps_c;rosidl_typesupport_introspection_c
-- Using all available rosidl_typesupport_cpp: rosidl_typesupport_fastrtps_cpp;rosidl_typesupport_introspection_cpp
-- Found python_cmake_module: 0.10.0 (/opt/ros/humble/share/python_cmake_module/cmake)
-- Using PYTHON_EXECUTABLE: /usr/bin/python3
-- Using PYTHON_INCLUDE_DIRS: /usr/include/python3.10
-- Using PYTHON_LIBRARIES: /usr/lib/x86_64-linux-gnu/libpython3.10.so
-- Found ament_lint_auto: 0.12.14 (/opt/ros/humble/share/ament_lint_auto/cmake)
-- Added test 'lint_cmake' to check CMake code style
-- Added test 'xmllint' to check XML markup files
-- Configuring done
-- Generating done
-- Build files have been written to: /root/Shared/build/custom_interfaces
[  2%] [34m[1mGenerating C code for ROS interfaces[0m
[  4%] [34m[1mGenerating C++ code for ROS interfaces[0m
[  4%] Built target ament_cmake_python_copy_custom_interfaces
running egg_info
writing custom_interfaces.egg-info/PKG-INFO
writing dependency_links to custom_interfaces.egg-info/dependency_links.txt
writing top-level names to custom_interfaces.egg-info/top_level.txt
reading manifest file 'custom_interfaces.egg-info/SOURCES.txt'
writing manifest file 'custom_interfaces.egg-info/SOURCES.txt'
[  4%] Built target ament_cmake_python_build_custom_interfaces_egg
[  4%] Built target custom_interfaces__cpp
[35m[1mConsolidate compiler generated dependencies of target custom_interfaces__rosidl_generator_c[0m
[ 10%] [34m[1mGenerating C++ introspection for ROS interfaces[0m
[ 10%] [34m[1mGenerating C++ type support for eProsima Fast-RTPS[0m
[ 10%] [34m[1mGenerating C++ type support dispatch for ROS interfaces[0m
[ 14%] [32mBuilding C object CMakeFiles/custom_interfaces__rosidl_generator_c.dir/rosidl_generator_c/custom_interfaces/msg/detail/adjacency_list__functions.c.o[0m
[ 14%] [32mBuilding C object CMakeFiles/custom_interfaces__rosidl_generator_c.dir/rosidl_generator_c/custom_interfaces/msg/detail/neighbors__functions.c.o[0m
[ 17%] [32mBuilding C object CMakeFiles/custom_interfaces__rosidl_generator_c.dir/rosidl_generator_c/custom_interfaces/msg/detail/point__functions.c.o[0m
[ 19%] [32m[1mLinking C shared library libcustom_interfaces__rosidl_generator_c.so[0m
[ 19%] Built target custom_interfaces__rosidl_generator_c
[ 23%] [34m[1mGenerating C type support dispatch for ROS interfaces[0m
[ 23%] [34m[1mGenerating C type support for eProsima Fast-RTPS[0m
[ 25%] [34m[1mGenerating C introspection for ROS interfaces[0m
[35m[1mConsolidate compiler generated dependencies of target custom_interfaces__rosidl_typesupport_cpp[0m
[ 27%] [32mBuilding CXX object CMakeFiles/custom_interfaces__rosidl_typesupport_cpp.dir/rosidl_typesupport_cpp/custom_interfaces/msg/point__type_support.cpp.o[0m
[ 29%] [32mBuilding CXX object CMakeFiles/custom_interfaces__rosidl_typesupport_cpp.dir/rosidl_typesupport_cpp/custom_interfaces/msg/neighbors__type_support.cpp.o[0m
[ 31%] [32mBuilding CXX object CMakeFiles/custom_interfaces__rosidl_typesupport_cpp.dir/rosidl_typesupport_cpp/custom_interfaces/msg/adjacency_list__type_support.cpp.o[0m
[35m[1mConsolidate compiler generated dependencies of target custom_interfaces__rosidl_typesupport_introspection_cpp[0m
[ 34%] [32mBuilding CXX object CMakeFiles/custom_interfaces__rosidl_typesupport_introspection_cpp.dir/rosidl_typesupport_introspection_cpp/custom_interfaces/msg/detail/point__type_support.cpp.o[0m
[ 38%] [32mBuilding CXX object CMakeFiles/custom_interfaces__rosidl_typesupport_introspection_cpp.dir/rosidl_typesupport_introspection_cpp/custom_interfaces/msg/detail/adjacency_list__type_support.cpp.o[0m
[ 36%] [32mBuilding CXX object CMakeFiles/custom_interfaces__rosidl_typesupport_introspection_cpp.dir/rosidl_typesupport_introspection_cpp/custom_interfaces/msg/detail/neighbors__type_support.cpp.o[0m
[35m[1mConsolidate compiler generated dependencies of target custom_interfaces__rosidl_typesupport_fastrtps_cpp[0m
[ 42%] [32mBuilding CXX object CMakeFiles/custom_interfaces__rosidl_typesupport_fastrtps_cpp.dir/rosidl_typesupport_fastrtps_cpp/custom_interfaces/msg/detail/dds_fastrtps/adjacency_list__type_support.cpp.o[0m
[ 42%] [32mBuilding CXX object CMakeFiles/custom_interfaces__rosidl_typesupport_fastrtps_cpp.dir/rosidl_typesupport_fastrtps_cpp/custom_interfaces/msg/detail/dds_fastrtps/neighbors__type_support.cpp.o[0m
[ 44%] [32mBuilding CXX object CMakeFiles/custom_interfaces__rosidl_typesupport_fastrtps_cpp.dir/rosidl_typesupport_fastrtps_cpp/custom_interfaces/msg/detail/dds_fastrtps/point__type_support.cpp.o[0m
[35m[1mConsolidate compiler generated dependencies of target custom_interfaces__rosidl_typesupport_c[0m
[ 46%] [32mBuilding CXX object CMakeFiles/custom_interfaces__rosidl_typesupport_c.dir/rosidl_typesupport_c/custom_interfaces/msg/point__type_support.cpp.o[0m
[ 48%] [32mBuilding CXX object CMakeFiles/custom_interfaces__rosidl_typesupport_c.dir/rosidl_typesupport_c/custom_interfaces/msg/neighbors__type_support.cpp.o[0m
[ 51%] [32mBuilding CXX object CMakeFiles/custom_interfaces__rosidl_typesupport_c.dir/rosidl_typesupport_c/custom_interfaces/msg/adjacency_list__type_support.cpp.o[0m
[ 53%] [32m[1mLinking CXX shared library libcustom_interfaces__rosidl_typesupport_c.so[0m
[35m[1mConsolidate compiler generated dependencies of target custom_interfaces__rosidl_typesupport_introspection_c[0m
[35m[1mConsolidate compiler generated dependencies of target custom_interfaces__rosidl_typesupport_fastrtps_c[0m
[ 55%] [32mBuilding C object CMakeFiles/custom_interfaces__rosidl_typesupport_introspection_c.dir/rosidl_typesupport_introspection_c/custom_interfaces/msg/detail/point__type_support.c.o[0m
[ 57%] [32mBuilding CXX object CMakeFiles/custom_interfaces__rosidl_typesupport_fastrtps_c.dir/rosidl_typesupport_fastrtps_c/custom_interfaces/msg/detail/point__type_support_c.cpp.o[0m
[ 57%] Built target custom_interfaces__rosidl_typesupport_c
[ 59%] [32mBuilding C object CMakeFiles/custom_interfaces__rosidl_typesupport_introspection_c.dir/rosidl_typesupport_introspection_c/custom_interfaces/msg/detail/neighbors__type_support.c.o[0m
[ 61%] [32mBuilding C object CMakeFiles/custom_interfaces__rosidl_typesupport_introspection_c.dir/rosidl_typesupport_introspection_c/custom_interfaces/msg/detail/adjacency_list__type_support.c.o[0m
[ 63%] [32mBuilding CXX object CMakeFiles/custom_interfaces__rosidl_typesupport_fastrtps_c.dir/rosidl_typesupport_fastrtps_c/custom_interfaces/msg/detail/neighbors__type_support_c.cpp.o[0m
[ 65%] [32mBuilding CXX object CMakeFiles/custom_interfaces__rosidl_typesupport_fastrtps_c.dir/rosidl_typesupport_fastrtps_c/custom_interfaces/msg/detail/adjacency_list__type_support_c.cpp.o[0m
[ 68%] [32m[1mLinking CXX shared library libcustom_interfaces__rosidl_typesupport_cpp.so[0m
[ 70%] [32m[1mLinking C shared library libcustom_interfaces__rosidl_typesupport_introspection_c.so[0m
[ 70%] Built target custom_interfaces__rosidl_typesupport_cpp
[ 70%] Built target custom_interfaces__rosidl_typesupport_introspection_c
[ 72%] [32m[1mLinking CXX shared library libcustom_interfaces__rosidl_typesupport_introspection_cpp.so[0m
[ 74%] [32m[1mLinking CXX shared library libcustom_interfaces__rosidl_typesupport_fastrtps_cpp.so[0m
[ 74%] Built target custom_interfaces__rosidl_typesupport_introspection_cpp
[ 76%] [32m[1mLinking CXX shared library libcustom_interfaces__rosidl_typesupport_fastrtps_c.so[0m
[ 76%] Built target custom_interfaces__rosidl_typesupport_fastrtps_cpp
[ 76%] Built target custom_interfaces__rosidl_typesupport_fastrtps_c
[ 76%] Built target custom_interfaces
[ 78%] [34m[1mGenerating Python code for ROS interfaces[0m
[ 78%] Built target custom_interfaces__py
[35m[1mConsolidate compiler generated dependencies of target custom_interfaces__rosidl_generator_py[0m
[ 85%] [32mBuilding C object CMakeFiles/custom_interfaces__rosidl_generator_py.dir/rosidl_generator_py/custom_interfaces/msg/_point_s.c.o[0m
[ 85%] [32mBuilding C object CMakeFiles/custom_interfaces__rosidl_generator_py.dir/rosidl_generator_py/custom_interfaces/msg/_neighbors_s.c.o[0m
[ 85%] [32mBuilding C object CMakeFiles/custom_interfaces__rosidl_generator_py.dir/rosidl_generator_py/custom_interfaces/msg/_adjacency_list_s.c.o[0m
[ 87%] [32m[1mLinking C shared library rosidl_generator_py/custom_interfaces/libcustom_interfaces__rosidl_generator_py.so[0m
[ 87%] Built target custom_interfaces__rosidl_generator_py
[35m[1mConsolidate compiler generated dependencies of target custom_interfaces__rosidl_typesupport_c__pyext[0m
[35m[1mConsolidate compiler generated dependencies of target custom_interfaces__rosidl_typesupport_fastrtps_c__pyext[0m
[35m[1mConsolidate compiler generated dependencies of target custom_interfaces__rosidl_typesupport_introspection_c__pyext[0m
[ 93%] [32mBuilding C object CMakeFiles/custom_interfaces__rosidl_typesupport_c__pyext.dir/rosidl_generator_py/custom_interfaces/_custom_interfaces_s.ep.rosidl_typesupport_c.c.o[0m
[ 93%] [32mBuilding C object CMakeFiles/custom_interfaces__rosidl_typesupport_fastrtps_c__pyext.dir/rosidl_generator_py/custom_interfaces/_custom_interfaces_s.ep.rosidl_typesupport_fastrtps_c.c.o[0m
[ 93%] [32mBuilding C object CMakeFiles/custom_interfaces__rosidl_typesupport_introspection_c__pyext.dir/rosidl_generator_py/custom_interfaces/_custom_interfaces_s.ep.rosidl_typesupport_introspection_c.c.o[0m
[ 95%] [32m[1mLinking C shared library rosidl_generator_py/custom_interfaces/custom_interfaces_s__rosidl_typesupport_introspection_c.cpython-310-x86_64-linux-gnu.so[0m
[ 97%] [32m[1mLinking C shared library rosidl_generator_py/custom_interfaces/custom_interfaces_s__rosidl_typesupport_c.cpython-310-x86_64-linux-gnu.so[0m
[100%] [32m[1mLinking C shared library rosidl_generator_py/custom_interfaces/custom_interfaces_s__rosidl_typesupport_fastrtps_c.cpython-310-x86_64-linux-gnu.so[0m
[100%] Built target custom_interfaces__rosidl_typesupport_c__pyext
[100%] Built target custom_interfaces__rosidl_typesupport_introspection_c__pyext
[100%] Built target custom_interfaces__rosidl_typesupport_fastrtps_c__pyext
-- Install configuration: ""
-- Up-to-date: /root/Shared/install/custom_interfaces/share/ament_index/resource_index/rosidl_interfaces/custom_interfaces
-- Up-to-date: /root/Shared/install/custom_interfaces/include/custom_interfaces/custom_interfaces
-- Up-to-date: /root/Shared/install/custom_interfaces/include/custom_interfaces/custom_interfaces/msg
-- Installing: /root/Shared/install/custom_interfaces/include/custom_interfaces/custom_interfaces/msg/adjacency_list.h
-- Installing: /root/Shared/install/custom_interfaces/include/custom_interfaces/custom_interfaces/msg/point.h
-- Installing: /root/Shared/install/custom_interfaces/include/custom_interfaces/custom_interfaces/msg/neighbors.h
-- Up-to-date: /root/Shared/install/custom_interfaces/include/custom_interfaces/custom_interfaces/msg/detail
-- Installing: /root/Shared/install/custom_interfaces/include/custom_interfaces/custom_interfaces/msg/detail/adjacency_list__type_support.h
-- Installing: /root/Shared/install/custom_interfaces/include/custom_interfaces/custom_interfaces/msg/detail/adjacency_list__functions.h
-- Installing: /root/Shared/install/custom_interfaces/include/custom_interfaces/custom_interfaces/msg/detail/point__functions.h
-- Installing: /root/Shared/install/custom_interfaces/include/custom_interfaces/custom_interfaces/msg/detail/point__functions.c
-- Installing: /root/Shared/install/custom_interfaces/include/custom_interfaces/custom_interfaces/msg/detail/neighbors__functions.h
-- Installing: /root/Shared/install/custom_interfaces/include/custom_interfaces/custom_interfaces/msg/detail/neighbors__struct.h
-- Installing: /root/Shared/install/custom_interfaces/include/custom_interfaces/custom_interfaces/msg/detail/adjacency_list__struct.h
-- Installing: /root/Shared/install/custom_interfaces/include/custom_interfaces/custom_interfaces/msg/detail/adjacency_list__functions.c
-- Installing: /root/Shared/install/custom_interfaces/include/custom_interfaces/custom_interfaces/msg/detail/neighbors__type_support.h
-- Installing: /root/Shared/install/custom_interfaces/include/custom_interfaces/custom_interfaces/msg/detail/point__type_support.h
-- Installing: /root/Shared/install/custom_interfaces/include/custom_interfaces/custom_interfaces/msg/detail/point__struct.h
-- Installing: /root/Shared/install/custom_interfaces/include/custom_interfaces/custom_interfaces/msg/detail/neighbors__functions.c
-- Up-to-date: /root/Shared/install/custom_interfaces/include/custom_interfaces/custom_interfaces/msg/rosidl_generator_c__visibility_control.h
-- Up-to-date: /root/Shared/install/custom_interfaces/share/custom_interfaces/environment/library_path.sh
-- Installing: /root/Shared/install/custom_interfaces/share/custom_interfaces/environment/library_path.dsv
-- Installing: /root/Shared/install/custom_interfaces/lib/libcustom_interfaces__rosidl_generator_c.so
-- Set runtime path of "/root/Shared/install/custom_interfaces/lib/libcustom_interfaces__rosidl_generator_c.so" to ""
-- Up-to-date: /root/Shared/install/custom_interfaces/include/custom_interfaces/custom_interfaces
-- Up-to-date: /root/Shared/install/custom_interfaces/include/custom_interfaces/custom_interfaces/msg
-- Up-to-date: /root/Shared/install/custom_interfaces/include/custom_interfaces/custom_interfaces/msg/rosidl_typesupport_fastrtps_c__visibility_control.h
-- Up-to-date: /root/Shared/install/custom_interfaces/include/custom_interfaces/custom_interfaces/msg/detail
-- Installing: /root/Shared/install/custom_interfaces/include/custom_interfaces/custom_interfaces/msg/detail/neighbors__rosidl_typesupport_fastrtps_c.h
-- Installing: /root/Shared/install/custom_interfaces/include/custom_interfaces/custom_interfaces/msg/detail/point__rosidl_typesupport_fastrtps_c.h
-- Installing: /root/Shared/install/custom_interfaces/include/custom_interfaces/custom_interfaces/msg/detail/adjacency_list__rosidl_typesupport_fastrtps_c.h
-- Installing: /root/Shared/install/custom_interfaces/lib/libcustom_interfaces__rosidl_typesupport_fastrtps_c.so
-- Set runtime path of "/root/Shared/install/custom_interfaces/lib/libcustom_interfaces__rosidl_typesupport_fastrtps_c.so" to ""
-- Up-to-date: /root/Shared/install/custom_interfaces/include/custom_interfaces/custom_interfaces
-- Up-to-date: /root/Shared/install/custom_interfaces/include/custom_interfaces/custom_interfaces/msg
-- Up-to-date: /root/Shared/install/custom_interfaces/include/custom_interfaces/custom_interfaces/msg/rosidl_typesupport_introspection_c__visibility_control.h
-- Up-to-date: /root/Shared/install/custom_interfaces/include/custom_interfaces/custom_interfaces/msg/detail
-- Installing: /root/Shared/install/custom_interfaces/include/custom_interfaces/custom_interfaces/msg/detail/adjacency_list__rosidl_typesupport_introspection_c.h
-- Installing: /root/Shared/install/custom_interfaces/include/custom_interfaces/custom_interfaces/msg/detail/neighbors__rosidl_typesupport_introspection_c.h
-- Installing: /root/Shared/install/custom_interfaces/include/custom_interfaces/custom_interfaces/msg/detail/point__type_support.c
-- Installing: /root/Shared/install/custom_interfaces/include/custom_interfaces/custom_interfaces/msg/detail/neighbors__type_support.c
-- Installing: /root/Shared/install/custom_interfaces/include/custom_interfaces/custom_interfaces/msg/detail/adjacency_list__type_support.c
-- Installing: /root/Shared/install/custom_interfaces/include/custom_interfaces/custom_interfaces/msg/detail/point__rosidl_typesupport_introspection_c.h
-- Installing: /root/Shared/install/custom_interfaces/lib/libcustom_interfaces__rosidl_typesupport_introspection_c.so
-- Set runtime path of "/root/Shared/install/custom_interfaces/lib/libcustom_interfaces__rosidl_typesupport_introspection_c.so" to ""
-- Installing: /root/Shared/install/custom_interfaces/lib/libcustom_interfaces__rosidl_typesupport_c.so
-- Set runtime path of "/root/Shared/install/custom_interfaces/lib/libcustom_interfaces__rosidl_typesupport_c.so" to ""
-- Up-to-date: /root/Shared/install/custom_interfaces/include/custom_interfaces/custom_interfaces
-- Up-to-date: /root/Shared/install/custom_interfaces/include/custom_interfaces/custom_interfaces/msg
-- Installing: /root/Shared/install/custom_interfaces/include/custom_interfaces/custom_interfaces/msg/neighbors.hpp
-- Installing: /root/Shared/install/custom_interfaces/include/custom_interfaces/custom_interfaces/msg/point.hpp
-- Up-to-date: /root/Shared/install/custom_interfaces/include/custom_interfaces/custom_interfaces/msg/rosidl_generator_cpp__visibility_control.hpp
-- Up-to-date: /root/Shared/install/custom_interfaces/include/custom_interfaces/custom_interfaces/msg/detail
-- Installing: /root/Shared/install/custom_interfaces/include/custom_interfaces/custom_interfaces/msg/detail/adjacency_list__type_support.hpp
-- Installing: /root/Shared/install/custom_interfaces/include/custom_interfaces/custom_interfaces/msg/detail/point__builder.hpp
-- Installing: /root/Shared/install/custom_interfaces/include/custom_interfaces/custom_interfaces/msg/detail/neighbors__traits.hpp
-- Installing: /root/Shared/install/custom_interfaces/include/custom_interfaces/custom_interfaces/msg/detail/neighbors__builder.hpp
-- Installing: /root/Shared/install/custom_interfaces/include/custom_interfaces/custom_interfaces/msg/detail/adjacency_list__struct.hpp
-- Installing: /root/Shared/install/custom_interfaces/include/custom_interfaces/custom_interfaces/msg/detail/point__traits.hpp
-- Installing: /root/Shared/install/custom_interfaces/include/custom_interfaces/custom_interfaces/msg/detail/adjacency_list__builder.hpp
-- Installing: /root/Shared/install/custom_interfaces/include/custom_interfaces/custom_interfaces/msg/detail/neighbors__struct.hpp
-- Installing: /root/Shared/install/custom_interfaces/include/custom_interfaces/custom_interfaces/msg/detail/neighbors__type_support.hpp
-- Installing: /root/Shared/install/custom_interfaces/include/custom_interfaces/custom_interfaces/msg/detail/adjacency_list__traits.hpp
-- Installing: /root/Shared/install/custom_interfaces/include/custom_interfaces/custom_interfaces/msg/detail/point__struct.hpp
-- Installing: /root/Shared/install/custom_interfaces/include/custom_interfaces/custom_interfaces/msg/detail/point__type_support.hpp
-- Installing: /root/Shared/install/custom_interfaces/include/custom_interfaces/custom_interfaces/msg/adjacency_list.hpp
-- Up-to-date: /root/Shared/install/custom_interfaces/include/custom_interfaces/custom_interfaces
-- Up-to-date: /root/Shared/install/custom_interfaces/include/custom_interfaces/custom_interfaces/msg
-- Up-to-date: /root/Shared/install/custom_interfaces/include/custom_interfaces/custom_interfaces/msg/detail
-- Installing: /root/Shared/install/custom_interfaces/include/custom_interfaces/custom_interfaces/msg/detail/point__rosidl_typesupport_fastrtps_cpp.hpp
-- Installing: /root/Shared/install/custom_interfaces/include/custom_interfaces/custom_interfaces/msg/detail/neighbors__rosidl_typesupport_fastrtps_cpp.hpp
-- Up-to-date: /root/Shared/install/custom_interfaces/include/custom_interfaces/custom_interfaces/msg/detail/dds_fastrtps
-- Installing: /root/Shared/install/custom_interfaces/include/custom_interfaces/custom_interfaces/msg/detail/adjacency_list__rosidl_typesupport_fastrtps_cpp.hpp
-- Up-to-date: /root/Shared/install/custom_interfaces/include/custom_interfaces/custom_interfaces/msg/rosidl_typesupport_fastrtps_cpp__visibility_control.h
-- Installing: /root/Shared/install/custom_interfaces/lib/libcustom_interfaces__rosidl_typesupport_fastrtps_cpp.so
-- Set runtime path of "/root/Shared/install/custom_interfaces/lib/libcustom_interfaces__rosidl_typesupport_fastrtps_cpp.so" to ""
-- Up-to-date: /root/Shared/install/custom_interfaces/include/custom_interfaces/custom_interfaces
-- Up-to-date: /root/Shared/install/custom_interfaces/include/custom_interfaces/custom_interfaces/msg
-- Up-to-date: /root/Shared/install/custom_interfaces/include/custom_interfaces/custom_interfaces/msg/detail
-- Installing: /root/Shared/install/custom_interfaces/include/custom_interfaces/custom_interfaces/msg/detail/adjacency_list__rosidl_typesupport_introspection_cpp.hpp
-- Installing: /root/Shared/install/custom_interfaces/include/custom_interfaces/custom_interfaces/msg/detail/neighbors__rosidl_typesupport_introspection_cpp.hpp
-- Installing: /root/Shared/install/custom_interfaces/include/custom_interfaces/custom_interfaces/msg/detail/point__type_support.cpp
-- Installing: /root/Shared/install/custom_interfaces/include/custom_interfaces/custom_interfaces/msg/detail/adjacency_list__type_support.cpp
-- Installing: /root/Shared/install/custom_interfaces/include/custom_interfaces/custom_interfaces/msg/detail/point__rosidl_typesupport_introspection_cpp.hpp
-- Installing: /root/Shared/install/custom_interfaces/include/custom_interfaces/custom_interfaces/msg/detail/neighbors__type_support.cpp
-- Installing: /root/Shared/install/custom_interfaces/lib/libcustom_interfaces__rosidl_typesupport_introspection_cpp.so
-- Set runtime path of "/root/Shared/install/custom_interfaces/lib/libcustom_interfaces__rosidl_typesupport_introspection_cpp.so" to ""
-- Installing: /root/Shared/install/custom_interfaces/lib/libcustom_interfaces__rosidl_typesupport_cpp.so
-- Set runtime path of "/root/Shared/install/custom_interfaces/lib/libcustom_interfaces__rosidl_typesupport_cpp.so" to ""
-- Up-to-date: /root/Shared/install/custom_interfaces/share/custom_interfaces/environment/pythonpath.sh
-- Installing: /root/Shared/install/custom_interfaces/share/custom_interfaces/environment/pythonpath.dsv
-- Up-to-date: /root/Shared/install/custom_interfaces/local/lib/python3.10/dist-packages/custom_interfaces-0.0.0-py3.10.egg-info
-- Installing: /root/Shared/install/custom_interfaces/local/lib/python3.10/dist-packages/custom_interfaces-0.0.0-py3.10.egg-info/PKG-INFO
-- Installing: /root/Shared/install/custom_interfaces/local/lib/python3.10/dist-packages/custom_interfaces-0.0.0-py3.10.egg-info/SOURCES.txt
-- Installing: /root/Shared/install/custom_interfaces/local/lib/python3.10/dist-packages/custom_interfaces-0.0.0-py3.10.egg-info/dependency_links.txt
-- Installing: /root/Shared/install/custom_interfaces/local/lib/python3.10/dist-packages/custom_interfaces-0.0.0-py3.10.egg-info/top_level.txt
-- Up-to-date: /root/Shared/install/custom_interfaces/local/lib/python3.10/dist-packages/custom_interfaces
-- Installing: /root/Shared/install/custom_interfaces/local/lib/python3.10/dist-packages/custom_interfaces/_custom_interfaces_s.ep.rosidl_typesupport_fastrtps_c.c
-- Up-to-date: /root/Shared/install/custom_interfaces/local/lib/python3.10/dist-packages/custom_interfaces/msg
-- Installing: /root/Shared/install/custom_interfaces/local/lib/python3.10/dist-packages/custom_interfaces/msg/_neighbors.py
-- Installing: /root/Shared/install/custom_interfaces/local/lib/python3.10/dist-packages/custom_interfaces/msg/__init__.py
-- Installing: /root/Shared/install/custom_interfaces/local/lib/python3.10/dist-packages/custom_interfaces/msg/_adjacency_list_s.c
-- Installing: /root/Shared/install/custom_interfaces/local/lib/python3.10/dist-packages/custom_interfaces/msg/_point_s.c
-- Installing: /root/Shared/install/custom_interfaces/local/lib/python3.10/dist-packages/custom_interfaces/msg/_adjacency_list.py
-- Installing: /root/Shared/install/custom_interfaces/local/lib/python3.10/dist-packages/custom_interfaces/msg/_neighbors_s.c
-- Installing: /root/Shared/install/custom_interfaces/local/lib/python3.10/dist-packages/custom_interfaces/msg/_point.py
-- Installing: /root/Shared/install/custom_interfaces/local/lib/python3.10/dist-packages/custom_interfaces/__init__.py
-- Installing: /root/Shared/install/custom_interfaces/local/lib/python3.10/dist-packages/custom_interfaces/custom_interfaces_s__rosidl_typesupport_c.cpython-310-x86_64-linux-gnu.so
-- Installing: /root/Shared/install/custom_interfaces/local/lib/python3.10/dist-packages/custom_interfaces/libcustom_interfaces__rosidl_generator_py.so
-- Installing: /root/Shared/install/custom_interfaces/local/lib/python3.10/dist-packages/custom_interfaces/_custom_interfaces_s.ep.rosidl_typesupport_introspection_c.c
-- Installing: /root/Shared/install/custom_interfaces/local/lib/python3.10/dist-packages/custom_interfaces/custom_interfaces_s__rosidl_typesupport_introspection_c.cpython-310-x86_64-linux-gnu.so
-- Installing: /root/Shared/install/custom_interfaces/local/lib/python3.10/dist-packages/custom_interfaces/_custom_interfaces_s.ep.rosidl_typesupport_c.c
-- Installing: /root/Shared/install/custom_interfaces/local/lib/python3.10/dist-packages/custom_interfaces/custom_interfaces_s__rosidl_typesupport_fastrtps_c.cpython-310-x86_64-linux-gnu.so
Listing '/root/Shared/install/custom_interfaces/local/lib/python3.10/dist-packages/custom_interfaces'...
Compiling '/root/Shared/install/custom_interfaces/local/lib/python3.10/dist-packages/custom_interfaces/__init__.py'...
Listing '/root/Shared/install/custom_interfaces/local/lib/python3.10/dist-packages/custom_interfaces/msg'...
Compiling '/root/Shared/install/custom_interfaces/local/lib/python3.10/dist-packages/custom_interfaces/msg/__init__.py'...
Compiling '/root/Shared/install/custom_interfaces/local/lib/python3.10/dist-packages/custom_interfaces/msg/_adjacency_list.py'...
Compiling '/root/Shared/install/custom_interfaces/local/lib/python3.10/dist-packages/custom_interfaces/msg/_neighbors.py'...
Compiling '/root/Shared/install/custom_interfaces/local/lib/python3.10/dist-packages/custom_interfaces/msg/_point.py'...
-- Installing: /root/Shared/install/custom_interfaces/local/lib/python3.10/dist-packages/custom_interfaces/custom_interfaces_s__rosidl_typesupport_fastrtps_c.cpython-310-x86_64-linux-gnu.so
-- Set runtime path of "/root/Shared/install/custom_interfaces/local/lib/python3.10/dist-packages/custom_interfaces/custom_interfaces_s__rosidl_typesupport_fastrtps_c.cpython-310-x86_64-linux-gnu.so" to ""
-- Installing: /root/Shared/install/custom_interfaces/local/lib/python3.10/dist-packages/custom_interfaces/custom_interfaces_s__rosidl_typesupport_introspection_c.cpython-310-x86_64-linux-gnu.so
-- Set runtime path of "/root/Shared/install/custom_interfaces/local/lib/python3.10/dist-packages/custom_interfaces/custom_interfaces_s__rosidl_typesupport_introspection_c.cpython-310-x86_64-linux-gnu.so" to ""
-- Installing: /root/Shared/install/custom_interfaces/local/lib/python3.10/dist-packages/custom_interfaces/custom_interfaces_s__rosidl_typesupport_c.cpython-310-x86_64-linux-gnu.so
-- Set runtime path of "/root/Shared/install/custom_interfaces/local/lib/python3.10/dist-packages/custom_interfaces/custom_interfaces_s__rosidl_typesupport_c.cpython-310-x86_64-linux-gnu.so" to ""
-- Installing: /root/Shared/install/custom_interfaces/lib/libcustom_interfaces__rosidl_generator_py.so
-- Set runtime path of "/root/Shared/install/custom_interfaces/lib/libcustom_interfaces__rosidl_generator_py.so" to ""
-- Installing: /root/Shared/install/custom_interfaces/share/custom_interfaces/msg/Point.idl
-- Up-to-date: /root/Shared/install/custom_interfaces/share/custom_interfaces/msg/Neighbors.idl
-- Up-to-date: /root/Shared/install/custom_interfaces/share/custom_interfaces/msg/AdjacencyList.idl
-- Installing: /root/Shared/install/custom_interfaces/share/custom_interfaces/msg/Point.msg
-- Up-to-date: /root/Shared/install/custom_interfaces/share/custom_interfaces/msg/Neighbors.msg
-- Up-to-date: /root/Shared/install/custom_interfaces/share/custom_interfaces/msg/AdjacencyList.msg
-- Up-to-date: /root/Shared/install/custom_interfaces/share/ament_index/resource_index/package_run_dependencies/custom_interfaces
-- Up-to-date: /root/Shared/install/custom_interfaces/share/ament_index/resource_index/parent_prefix_path/custom_interfaces
-- Up-to-date: /root/Shared/install/custom_interfaces/share/custom_interfaces/environment/ament_prefix_path.sh
-- Installing: /root/Shared/install/custom_interfaces/share/custom_interfaces/environment/ament_prefix_path.dsv
-- Up-to-date: /root/Shared/install/custom_interfaces/share/custom_interfaces/environment/path.sh
-- Installing: /root/Shared/install/custom_interfaces/share/custom_interfaces/environment/path.dsv
-- Up-to-date: /root/Shared/install/custom_interfaces/share/custom_interfaces/local_setup.bash
-- Up-to-date: /root/Shared/install/custom_interfaces/share/custom_interfaces/local_setup.sh
-- Up-to-date: /root/Shared/install/custom_interfaces/share/custom_interfaces/local_setup.zsh
-- Installing: /root/Shared/install/custom_interfaces/share/custom_interfaces/local_setup.dsv
-- Installing: /root/Shared/install/custom_interfaces/share/custom_interfaces/package.dsv
-- Up-to-date: /root/Shared/install/custom_interfaces/share/ament_index/resource_index/packages/custom_interfaces
-- Up-to-date: /root/Shared/install/custom_interfaces/share/custom_interfaces/cmake/export_custom_interfaces__rosidl_generator_cExport.cmake
-- Up-to-date: /root/Shared/install/custom_interfaces/share/custom_interfaces/cmake/export_custom_interfaces__rosidl_generator_cExport-noconfig.cmake
-- Up-to-date: /root/Shared/install/custom_interfaces/share/custom_interfaces/cmake/export_custom_interfaces__rosidl_typesupport_fastrtps_cExport.cmake
-- Up-to-date: /root/Shared/install/custom_interfaces/share/custom_interfaces/cmake/export_custom_interfaces__rosidl_typesupport_fastrtps_cExport-noconfig.cmake
-- Up-to-date: /root/Shared/install/custom_interfaces/share/custom_interfaces/cmake/custom_interfaces__rosidl_typesupport_introspection_cExport.cmake
-- Up-to-date: /root/Shared/install/custom_interfaces/share/custom_interfaces/cmake/custom_interfaces__rosidl_typesupport_introspection_cExport-noconfig.cmake
-- Up-to-date: /root/Shared/install/custom_interfaces/share/custom_interfaces/cmake/custom_interfaces__rosidl_typesupport_cExport.cmake
-- Up-to-date: /root/Shared/install/custom_interfaces/share/custom_interfaces/cmake/custom_interfaces__rosidl_typesupport_cExport-noconfig.cmake
-- Up-to-date: /root/Shared/install/custom_interfaces/share/custom_interfaces/cmake/export_custom_interfaces__rosidl_generator_cppExport.cmake
-- Up-to-date: /root/Shared/install/custom_interfaces/share/custom_interfaces/cmake/export_custom_interfaces__rosidl_typesupport_fastrtps_cppExport.cmake
-- Up-to-date: /root/Shared/install/custom_interfaces/share/custom_interfaces/cmake/export_custom_interfaces__rosidl_typesupport_fastrtps_cppExport-noconfig.cmake
-- Up-to-date: /root/Shared/install/custom_interfaces/share/custom_interfaces/cmake/custom_interfaces__rosidl_typesupport_introspection_cppExport.cmake
-- Up-to-date: /root/Shared/install/custom_interfaces/share/custom_interfaces/cmake/custom_interfaces__rosidl_typesupport_introspection_cppExport-noconfig.cmake
-- Up-to-date: /root/Shared/install/custom_interfaces/share/custom_interfaces/cmake/custom_interfaces__rosidl_typesupport_cppExport.cmake
-- Up-to-date: /root/Shared/install/custom_interfaces/share/custom_interfaces/cmake/custom_interfaces__rosidl_typesupport_cppExport-noconfig.cmake
-- Up-to-date: /root/Shared/install/custom_interfaces/share/custom_interfaces/cmake/export_custom_interfaces__rosidl_generator_pyExport.cmake
-- Up-to-date: /root/Shared/install/custom_interfaces/share/custom_interfaces/cmake/export_custom_interfaces__rosidl_generator_pyExport-noconfig.cmake
-- Up-to-date: /root/Shared/install/custom_interfaces/share/custom_interfaces/cmake/rosidl_cmake-extras.cmake
-- Up-to-date: /root/Shared/install/custom_interfaces/share/custom_interfaces/cmake/ament_cmake_export_include_directories-extras.cmake
-- Up-to-date: /root/Shared/install/custom_interfaces/share/custom_interfaces/cmake/ament_cmake_export_libraries-extras.cmake
-- Up-to-date: /root/Shared/install/custom_interfaces/share/custom_interfaces/cmake/ament_cmake_export_targets-extras.cmake
-- Up-to-date: /root/Shared/install/custom_interfaces/share/custom_interfaces/cmake/rosidl_cmake_export_typesupport_targets-extras.cmake
-- Up-to-date: /root/Shared/install/custom_interfaces/share/custom_interfaces/cmake/ament_cmake_export_dependencies-extras.cmake
-- Up-to-date: /root/Shared/install/custom_interfaces/share/custom_interfaces/cmake/rosidl_cmake_export_typesupport_libraries-extras.cmake
-- Up-to-date: /root/Shared/install/custom_interfaces/share/custom_interfaces/cmake/custom_interfacesConfig.cmake
-- Up-to-date: /root/Shared/install/custom_interfaces/share/custom_interfaces/cmake/custom_interfacesConfig-version.cmake
-- Up-to-date: /root/Shared/install/custom_interfaces/share/custom_interfaces/package.xml
