[0.027s] Invoking command in '/root/Shared/build/custom_interfaces': CMAKE_PREFIX_PATH=${CMAKE_PREFIX_PATH}:/root/Shared/install/pathplanners:/root/Shared/install/multidim_rrt_planner:/opt/ros/humble /usr/bin/cmake --build /root/Shared/build/custom_interfaces -- -j12 -l12
[0.236s] -- Found ament_cmake: 1.3.12 (/opt/ros/humble/share/ament_cmake/cmake)
[0.236s] -- Found rosidl_default_generators: 1.2.0 (/opt/ros/humble/share/rosidl_default_generators/cmake)
[0.236s] -- Using all available rosidl_typesupport_c: rosidl_typesupport_fastrtps_c;rosidl_typesupport_introspection_c
[0.236s] -- Found rosidl_adapter: 3.1.7 (/opt/ros/humble/share/rosidl_adapter/cmake)
[0.236s] -- Using all available rosidl_typesupport_cpp: rosidl_typesupport_fastrtps_cpp;rosidl_typesupport_introspection_cpp
[0.403s] -- Found ament_cmake_ros: 0.10.0 (/opt/ros/humble/share/ament_cmake_ros/cmake)
[0.552s] -- Using all available rosidl_typesupport_c: rosidl_typesupport_fastrtps_c;rosidl_typesupport_introspection_c
[0.741s] -- Using all available rosidl_typesupport_cpp: rosidl_typesupport_fastrtps_cpp;rosidl_typesupport_introspection_cpp
[0.759s] -- Found python_cmake_module: 0.10.0 (/opt/ros/humble/share/python_cmake_module/cmake)
[0.777s] -- Using PYTHON_EXECUTABLE: /usr/bin/python3
[0.777s] -- Using PYTHON_INCLUDE_DIRS: /usr/include/python3.10
[0.777s] -- Using PYTHON_LIBRARIES: /usr/lib/x86_64-linux-gnu/libpython3.10.so
[0.786s] -- Found ament_lint_auto: 0.12.14 (/opt/ros/humble/share/ament_lint_auto/cmake)
[0.793s] -- Added test 'lint_cmake' to check CMake code style
[0.794s] -- Added test 'xmllint' to check XML markup files
[0.795s] -- Configuring done
[0.821s] -- Generating done
[0.830s] -- Build files have been written to: /root/Shared/build/custom_interfaces
[0.847s] [  2%] [34m[1mGenerating C code for ROS interfaces[0m
[0.855s] [  4%] [34m[1mGenerating C++ code for ROS interfaces[0m
[0.863s] [  4%] Built target ament_cmake_python_copy_custom_interfaces
[1.071s] running egg_info
[1.071s] writing custom_interfaces.egg-info/PKG-INFO
[1.072s] writing dependency_links to custom_interfaces.egg-info/dependency_links.txt
[1.072s] writing top-level names to custom_interfaces.egg-info/top_level.txt
[1.073s] reading manifest file 'custom_interfaces.egg-info/SOURCES.txt'
[1.074s] writing manifest file 'custom_interfaces.egg-info/SOURCES.txt'
[1.094s] [  4%] Built target ament_cmake_python_build_custom_interfaces_egg
[1.153s] [  4%] Built target custom_interfaces__cpp
[1.159s] [35m[1mConsolidate compiler generated dependencies of target custom_interfaces__rosidl_generator_c[0m
[1.160s] [ 10%] [34m[1mGenerating C++ introspection for ROS interfaces[0m
[1.160s] [ 10%] [34m[1mGenerating C++ type support for eProsima Fast-RTPS[0m
[1.160s] [ 10%] [34m[1mGenerating C++ type support dispatch for ROS interfaces[0m
[1.167s] [ 14%] [32mBuilding C object CMakeFiles/custom_interfaces__rosidl_generator_c.dir/rosidl_generator_c/custom_interfaces/msg/detail/adjacency_list__functions.c.o[0m
[1.167s] [ 14%] [32mBuilding C object CMakeFiles/custom_interfaces__rosidl_generator_c.dir/rosidl_generator_c/custom_interfaces/msg/detail/neighbors__functions.c.o[0m
[1.168s] [ 17%] [32mBuilding C object CMakeFiles/custom_interfaces__rosidl_generator_c.dir/rosidl_generator_c/custom_interfaces/msg/detail/point__functions.c.o[0m
[1.216s] [ 19%] [32m[1mLinking C shared library libcustom_interfaces__rosidl_generator_c.so[0m
[1.242s] [ 19%] Built target custom_interfaces__rosidl_generator_c
[1.250s] [ 23%] [34m[1mGenerating C type support dispatch for ROS interfaces[0m
[1.250s] [ 23%] [34m[1mGenerating C type support for eProsima Fast-RTPS[0m
[1.251s] [ 25%] [34m[1mGenerating C introspection for ROS interfaces[0m
[1.374s] [35m[1mConsolidate compiler generated dependencies of target custom_interfaces__rosidl_typesupport_cpp[0m
[1.387s] [ 27%] [32mBuilding CXX object CMakeFiles/custom_interfaces__rosidl_typesupport_cpp.dir/rosidl_typesupport_cpp/custom_interfaces/msg/point__type_support.cpp.o[0m
[1.387s] [ 29%] [32mBuilding CXX object CMakeFiles/custom_interfaces__rosidl_typesupport_cpp.dir/rosidl_typesupport_cpp/custom_interfaces/msg/neighbors__type_support.cpp.o[0m
[1.387s] [ 31%] [32mBuilding CXX object CMakeFiles/custom_interfaces__rosidl_typesupport_cpp.dir/rosidl_typesupport_cpp/custom_interfaces/msg/adjacency_list__type_support.cpp.o[0m
[1.422s] [35m[1mConsolidate compiler generated dependencies of target custom_interfaces__rosidl_typesupport_introspection_cpp[0m
[1.433s] [ 34%] [32mBuilding CXX object CMakeFiles/custom_interfaces__rosidl_typesupport_introspection_cpp.dir/rosidl_typesupport_introspection_cpp/custom_interfaces/msg/detail/point__type_support.cpp.o[0m
[1.436s] [ 38%] [32mBuilding CXX object CMakeFiles/custom_interfaces__rosidl_typesupport_introspection_cpp.dir/rosidl_typesupport_introspection_cpp/custom_interfaces/msg/detail/adjacency_list__type_support.cpp.o[0m
[1.436s] [ 36%] [32mBuilding CXX object CMakeFiles/custom_interfaces__rosidl_typesupport_introspection_cpp.dir/rosidl_typesupport_introspection_cpp/custom_interfaces/msg/detail/neighbors__type_support.cpp.o[0m
[1.438s] [35m[1mConsolidate compiler generated dependencies of target custom_interfaces__rosidl_typesupport_fastrtps_cpp[0m
[1.454s] [ 42%] [32mBuilding CXX object CMakeFiles/custom_interfaces__rosidl_typesupport_fastrtps_cpp.dir/rosidl_typesupport_fastrtps_cpp/custom_interfaces/msg/detail/dds_fastrtps/adjacency_list__type_support.cpp.o[0m
[1.455s] [ 42%] [32mBuilding CXX object CMakeFiles/custom_interfaces__rosidl_typesupport_fastrtps_cpp.dir/rosidl_typesupport_fastrtps_cpp/custom_interfaces/msg/detail/dds_fastrtps/neighbors__type_support.cpp.o[0m
[1.462s] [ 44%] [32mBuilding CXX object CMakeFiles/custom_interfaces__rosidl_typesupport_fastrtps_cpp.dir/rosidl_typesupport_fastrtps_cpp/custom_interfaces/msg/detail/dds_fastrtps/point__type_support.cpp.o[0m
[1.518s] [35m[1mConsolidate compiler generated dependencies of target custom_interfaces__rosidl_typesupport_c[0m
[1.531s] [ 46%] [32mBuilding CXX object CMakeFiles/custom_interfaces__rosidl_typesupport_c.dir/rosidl_typesupport_c/custom_interfaces/msg/point__type_support.cpp.o[0m
[1.567s] [ 48%] [32mBuilding CXX object CMakeFiles/custom_interfaces__rosidl_typesupport_c.dir/rosidl_typesupport_c/custom_interfaces/msg/neighbors__type_support.cpp.o[0m
[1.606s] [ 51%] [32mBuilding CXX object CMakeFiles/custom_interfaces__rosidl_typesupport_c.dir/rosidl_typesupport_c/custom_interfaces/msg/adjacency_list__type_support.cpp.o[0m
[1.643s] [ 53%] [32m[1mLinking CXX shared library libcustom_interfaces__rosidl_typesupport_c.so[0m
[1.645s] [35m[1mConsolidate compiler generated dependencies of target custom_interfaces__rosidl_typesupport_introspection_c[0m
[1.660s] [35m[1mConsolidate compiler generated dependencies of target custom_interfaces__rosidl_typesupport_fastrtps_c[0m
[1.660s] [ 55%] [32mBuilding C object CMakeFiles/custom_interfaces__rosidl_typesupport_introspection_c.dir/rosidl_typesupport_introspection_c/custom_interfaces/msg/detail/point__type_support.c.o[0m
[1.675s] [ 57%] [32mBuilding CXX object CMakeFiles/custom_interfaces__rosidl_typesupport_fastrtps_c.dir/rosidl_typesupport_fastrtps_c/custom_interfaces/msg/detail/point__type_support_c.cpp.o[0m
[1.698s] [ 57%] Built target custom_interfaces__rosidl_typesupport_c
[1.702s] [ 59%] [32mBuilding C object CMakeFiles/custom_interfaces__rosidl_typesupport_introspection_c.dir/rosidl_typesupport_introspection_c/custom_interfaces/msg/detail/neighbors__type_support.c.o[0m
[1.710s] [ 61%] [32mBuilding C object CMakeFiles/custom_interfaces__rosidl_typesupport_introspection_c.dir/rosidl_typesupport_introspection_c/custom_interfaces/msg/detail/adjacency_list__type_support.c.o[0m
[1.716s] [ 63%] [32mBuilding CXX object CMakeFiles/custom_interfaces__rosidl_typesupport_fastrtps_c.dir/rosidl_typesupport_fastrtps_c/custom_interfaces/msg/detail/neighbors__type_support_c.cpp.o[0m
[1.717s] [ 65%] [32mBuilding CXX object CMakeFiles/custom_interfaces__rosidl_typesupport_fastrtps_c.dir/rosidl_typesupport_fastrtps_c/custom_interfaces/msg/detail/adjacency_list__type_support_c.cpp.o[0m
[1.731s] [ 68%] [32m[1mLinking CXX shared library libcustom_interfaces__rosidl_typesupport_cpp.so[0m
[1.753s] [ 70%] [32m[1mLinking C shared library libcustom_interfaces__rosidl_typesupport_introspection_c.so[0m
[1.787s] [ 70%] Built target custom_interfaces__rosidl_typesupport_cpp
[1.794s] [ 70%] Built target custom_interfaces__rosidl_typesupport_introspection_c
[1.954s] [ 72%] [32m[1mLinking CXX shared library libcustom_interfaces__rosidl_typesupport_introspection_cpp.so[0m
[2.013s] [ 74%] [32m[1mLinking CXX shared library libcustom_interfaces__rosidl_typesupport_fastrtps_cpp.so[0m
[2.014s] [ 74%] Built target custom_interfaces__rosidl_typesupport_introspection_cpp
[2.066s] [ 76%] [32m[1mLinking CXX shared library libcustom_interfaces__rosidl_typesupport_fastrtps_c.so[0m
[2.067s] [ 76%] Built target custom_interfaces__rosidl_typesupport_fastrtps_cpp
[2.116s] [ 76%] Built target custom_interfaces__rosidl_typesupport_fastrtps_c
[2.130s] [ 76%] Built target custom_interfaces
[2.145s] [ 78%] [34m[1mGenerating Python code for ROS interfaces[0m
[2.505s] [ 78%] Built target custom_interfaces__py
[2.514s] [35m[1mConsolidate compiler generated dependencies of target custom_interfaces__rosidl_generator_py[0m
[2.525s] [ 85%] [32mBuilding C object CMakeFiles/custom_interfaces__rosidl_generator_py.dir/rosidl_generator_py/custom_interfaces/msg/_point_s.c.o[0m
[2.525s] [ 85%] [32mBuilding C object CMakeFiles/custom_interfaces__rosidl_generator_py.dir/rosidl_generator_py/custom_interfaces/msg/_neighbors_s.c.o[0m
[2.525s] [ 85%] [32mBuilding C object CMakeFiles/custom_interfaces__rosidl_generator_py.dir/rosidl_generator_py/custom_interfaces/msg/_adjacency_list_s.c.o[0m
[2.601s] [ 87%] [32m[1mLinking C shared library rosidl_generator_py/custom_interfaces/libcustom_interfaces__rosidl_generator_py.so[0m
[2.629s] [ 87%] Built target custom_interfaces__rosidl_generator_py
[2.637s] [35m[1mConsolidate compiler generated dependencies of target custom_interfaces__rosidl_typesupport_c__pyext[0m
[2.637s] [35m[1mConsolidate compiler generated dependencies of target custom_interfaces__rosidl_typesupport_fastrtps_c__pyext[0m
[2.637s] [35m[1mConsolidate compiler generated dependencies of target custom_interfaces__rosidl_typesupport_introspection_c__pyext[0m
[2.646s] [ 93%] [32mBuilding C object CMakeFiles/custom_interfaces__rosidl_typesupport_c__pyext.dir/rosidl_generator_py/custom_interfaces/_custom_interfaces_s.ep.rosidl_typesupport_c.c.o[0m
[2.646s] [ 93%] [32mBuilding C object CMakeFiles/custom_interfaces__rosidl_typesupport_fastrtps_c__pyext.dir/rosidl_generator_py/custom_interfaces/_custom_interfaces_s.ep.rosidl_typesupport_fastrtps_c.c.o[0m
[2.646s] [ 93%] [32mBuilding C object CMakeFiles/custom_interfaces__rosidl_typesupport_introspection_c__pyext.dir/rosidl_generator_py/custom_interfaces/_custom_interfaces_s.ep.rosidl_typesupport_introspection_c.c.o[0m
[2.717s] [ 95%] [32m[1mLinking C shared library rosidl_generator_py/custom_interfaces/custom_interfaces_s__rosidl_typesupport_introspection_c.cpython-310-x86_64-linux-gnu.so[0m
[2.717s] [ 97%] [32m[1mLinking C shared library rosidl_generator_py/custom_interfaces/custom_interfaces_s__rosidl_typesupport_c.cpython-310-x86_64-linux-gnu.so[0m
[2.719s] [100%] [32m[1mLinking C shared library rosidl_generator_py/custom_interfaces/custom_interfaces_s__rosidl_typesupport_fastrtps_c.cpython-310-x86_64-linux-gnu.so[0m
[2.741s] [100%] Built target custom_interfaces__rosidl_typesupport_c__pyext
[2.741s] [100%] Built target custom_interfaces__rosidl_typesupport_introspection_c__pyext
[2.743s] [100%] Built target custom_interfaces__rosidl_typesupport_fastrtps_c__pyext
[2.751s] Invoked command in '/root/Shared/build/custom_interfaces' returned '0': CMAKE_PREFIX_PATH=${CMAKE_PREFIX_PATH}:/root/Shared/install/pathplanners:/root/Shared/install/multidim_rrt_planner:/opt/ros/humble /usr/bin/cmake --build /root/Shared/build/custom_interfaces -- -j12 -l12
[2.752s] Invoking command in '/root/Shared/build/custom_interfaces': CMAKE_PREFIX_PATH=${CMAKE_PREFIX_PATH}:/root/Shared/install/pathplanners:/root/Shared/install/multidim_rrt_planner:/opt/ros/humble /usr/bin/cmake --install /root/Shared/build/custom_interfaces
[2.758s] -- Install configuration: ""
[2.758s] -- Up-to-date: /root/Shared/install/custom_interfaces/share/ament_index/resource_index/rosidl_interfaces/custom_interfaces
[2.758s] -- Up-to-date: /root/Shared/install/custom_interfaces/include/custom_interfaces/custom_interfaces
[2.758s] -- Up-to-date: /root/Shared/install/custom_interfaces/include/custom_interfaces/custom_interfaces/msg
[2.758s] -- Installing: /root/Shared/install/custom_interfaces/include/custom_interfaces/custom_interfaces/msg/adjacency_list.h
[2.758s] -- Installing: /root/Shared/install/custom_interfaces/include/custom_interfaces/custom_interfaces/msg/point.h
[2.758s] -- Installing: /root/Shared/install/custom_interfaces/include/custom_interfaces/custom_interfaces/msg/neighbors.h
[2.759s] -- Up-to-date: /root/Shared/install/custom_interfaces/include/custom_interfaces/custom_interfaces/msg/detail
[2.759s] -- Installing: /root/Shared/install/custom_interfaces/include/custom_interfaces/custom_interfaces/msg/detail/adjacency_list__type_support.h
[2.759s] -- Installing: /root/Shared/install/custom_interfaces/include/custom_interfaces/custom_interfaces/msg/detail/adjacency_list__functions.h
[2.759s] -- Installing: /root/Shared/install/custom_interfaces/include/custom_interfaces/custom_interfaces/msg/detail/point__functions.h
[2.759s] -- Installing: /root/Shared/install/custom_interfaces/include/custom_interfaces/custom_interfaces/msg/detail/point__functions.c
[2.759s] -- Installing: /root/Shared/install/custom_interfaces/include/custom_interfaces/custom_interfaces/msg/detail/neighbors__functions.h
[2.759s] -- Installing: /root/Shared/install/custom_interfaces/include/custom_interfaces/custom_interfaces/msg/detail/neighbors__struct.h
[2.759s] -- Installing: /root/Shared/install/custom_interfaces/include/custom_interfaces/custom_interfaces/msg/detail/adjacency_list__struct.h
[2.759s] -- Installing: /root/Shared/install/custom_interfaces/include/custom_interfaces/custom_interfaces/msg/detail/adjacency_list__functions.c
[2.759s] -- Installing: /root/Shared/install/custom_interfaces/include/custom_interfaces/custom_interfaces/msg/detail/neighbors__type_support.h
[2.759s] -- Installing: /root/Shared/install/custom_interfaces/include/custom_interfaces/custom_interfaces/msg/detail/point__type_support.h
[2.759s] -- Installing: /root/Shared/install/custom_interfaces/include/custom_interfaces/custom_interfaces/msg/detail/point__struct.h
[2.759s] -- Installing: /root/Shared/install/custom_interfaces/include/custom_interfaces/custom_interfaces/msg/detail/neighbors__functions.c
[2.759s] -- Up-to-date: /root/Shared/install/custom_interfaces/include/custom_interfaces/custom_interfaces/msg/rosidl_generator_c__visibility_control.h
[2.759s] -- Up-to-date: /root/Shared/install/custom_interfaces/share/custom_interfaces/environment/library_path.sh
[2.759s] -- Installing: /root/Shared/install/custom_interfaces/share/custom_interfaces/environment/library_path.dsv
[2.759s] -- Installing: /root/Shared/install/custom_interfaces/lib/libcustom_interfaces__rosidl_generator_c.so
[2.760s] -- Set runtime path of "/root/Shared/install/custom_interfaces/lib/libcustom_interfaces__rosidl_generator_c.so" to ""
[2.760s] -- Up-to-date: /root/Shared/install/custom_interfaces/include/custom_interfaces/custom_interfaces
[2.760s] -- Up-to-date: /root/Shared/install/custom_interfaces/include/custom_interfaces/custom_interfaces/msg
[2.760s] -- Up-to-date: /root/Shared/install/custom_interfaces/include/custom_interfaces/custom_interfaces/msg/rosidl_typesupport_fastrtps_c__visibility_control.h
[2.760s] -- Up-to-date: /root/Shared/install/custom_interfaces/include/custom_interfaces/custom_interfaces/msg/detail
[2.760s] -- Installing: /root/Shared/install/custom_interfaces/include/custom_interfaces/custom_interfaces/msg/detail/neighbors__rosidl_typesupport_fastrtps_c.h
[2.760s] -- Installing: /root/Shared/install/custom_interfaces/include/custom_interfaces/custom_interfaces/msg/detail/point__rosidl_typesupport_fastrtps_c.h
[2.760s] -- Installing: /root/Shared/install/custom_interfaces/include/custom_interfaces/custom_interfaces/msg/detail/adjacency_list__rosidl_typesupport_fastrtps_c.h
[2.760s] -- Installing: /root/Shared/install/custom_interfaces/lib/libcustom_interfaces__rosidl_typesupport_fastrtps_c.so
[2.760s] -- Set runtime path of "/root/Shared/install/custom_interfaces/lib/libcustom_interfaces__rosidl_typesupport_fastrtps_c.so" to ""
[2.760s] -- Up-to-date: /root/Shared/install/custom_interfaces/include/custom_interfaces/custom_interfaces
[2.760s] -- Up-to-date: /root/Shared/install/custom_interfaces/include/custom_interfaces/custom_interfaces/msg
[2.760s] -- Up-to-date: /root/Shared/install/custom_interfaces/include/custom_interfaces/custom_interfaces/msg/rosidl_typesupport_introspection_c__visibility_control.h
[2.761s] -- Up-to-date: /root/Shared/install/custom_interfaces/include/custom_interfaces/custom_interfaces/msg/detail
[2.761s] -- Installing: /root/Shared/install/custom_interfaces/include/custom_interfaces/custom_interfaces/msg/detail/adjacency_list__rosidl_typesupport_introspection_c.h
[2.761s] -- Installing: /root/Shared/install/custom_interfaces/include/custom_interfaces/custom_interfaces/msg/detail/neighbors__rosidl_typesupport_introspection_c.h
[2.761s] -- Installing: /root/Shared/install/custom_interfaces/include/custom_interfaces/custom_interfaces/msg/detail/point__type_support.c
[2.761s] -- Installing: /root/Shared/install/custom_interfaces/include/custom_interfaces/custom_interfaces/msg/detail/neighbors__type_support.c
[2.761s] -- Installing: /root/Shared/install/custom_interfaces/include/custom_interfaces/custom_interfaces/msg/detail/adjacency_list__type_support.c
[2.761s] -- Installing: /root/Shared/install/custom_interfaces/include/custom_interfaces/custom_interfaces/msg/detail/point__rosidl_typesupport_introspection_c.h
[2.761s] -- Installing: /root/Shared/install/custom_interfaces/lib/libcustom_interfaces__rosidl_typesupport_introspection_c.so
[2.761s] -- Set runtime path of "/root/Shared/install/custom_interfaces/lib/libcustom_interfaces__rosidl_typesupport_introspection_c.so" to ""
[2.761s] -- Installing: /root/Shared/install/custom_interfaces/lib/libcustom_interfaces__rosidl_typesupport_c.so
[2.761s] -- Set runtime path of "/root/Shared/install/custom_interfaces/lib/libcustom_interfaces__rosidl_typesupport_c.so" to ""
[2.761s] -- Up-to-date: /root/Shared/install/custom_interfaces/include/custom_interfaces/custom_interfaces
[2.762s] -- Up-to-date: /root/Shared/install/custom_interfaces/include/custom_interfaces/custom_interfaces/msg
[2.762s] -- Installing: /root/Shared/install/custom_interfaces/include/custom_interfaces/custom_interfaces/msg/neighbors.hpp
[2.762s] -- Installing: /root/Shared/install/custom_interfaces/include/custom_interfaces/custom_interfaces/msg/point.hpp
[2.762s] -- Up-to-date: /root/Shared/install/custom_interfaces/include/custom_interfaces/custom_interfaces/msg/rosidl_generator_cpp__visibility_control.hpp
[2.762s] -- Up-to-date: /root/Shared/install/custom_interfaces/include/custom_interfaces/custom_interfaces/msg/detail
[2.762s] -- Installing: /root/Shared/install/custom_interfaces/include/custom_interfaces/custom_interfaces/msg/detail/adjacency_list__type_support.hpp
[2.762s] -- Installing: /root/Shared/install/custom_interfaces/include/custom_interfaces/custom_interfaces/msg/detail/point__builder.hpp
[2.762s] -- Installing: /root/Shared/install/custom_interfaces/include/custom_interfaces/custom_interfaces/msg/detail/neighbors__traits.hpp
[2.762s] -- Installing: /root/Shared/install/custom_interfaces/include/custom_interfaces/custom_interfaces/msg/detail/neighbors__builder.hpp
[2.762s] -- Installing: /root/Shared/install/custom_interfaces/include/custom_interfaces/custom_interfaces/msg/detail/adjacency_list__struct.hpp
[2.762s] -- Installing: /root/Shared/install/custom_interfaces/include/custom_interfaces/custom_interfaces/msg/detail/point__traits.hpp
[2.762s] -- Installing: /root/Shared/install/custom_interfaces/include/custom_interfaces/custom_interfaces/msg/detail/adjacency_list__builder.hpp
[2.762s] -- Installing: /root/Shared/install/custom_interfaces/include/custom_interfaces/custom_interfaces/msg/detail/neighbors__struct.hpp
[2.762s] -- Installing: /root/Shared/install/custom_interfaces/include/custom_interfaces/custom_interfaces/msg/detail/neighbors__type_support.hpp
[2.762s] -- Installing: /root/Shared/install/custom_interfaces/include/custom_interfaces/custom_interfaces/msg/detail/adjacency_list__traits.hpp
[2.762s] -- Installing: /root/Shared/install/custom_interfaces/include/custom_interfaces/custom_interfaces/msg/detail/point__struct.hpp
[2.763s] -- Installing: /root/Shared/install/custom_interfaces/include/custom_interfaces/custom_interfaces/msg/detail/point__type_support.hpp
[2.763s] -- Installing: /root/Shared/install/custom_interfaces/include/custom_interfaces/custom_interfaces/msg/adjacency_list.hpp
[2.763s] -- Up-to-date: /root/Shared/install/custom_interfaces/include/custom_interfaces/custom_interfaces
[2.763s] -- Up-to-date: /root/Shared/install/custom_interfaces/include/custom_interfaces/custom_interfaces/msg
[2.763s] -- Up-to-date: /root/Shared/install/custom_interfaces/include/custom_interfaces/custom_interfaces/msg/detail
[2.763s] -- Installing: /root/Shared/install/custom_interfaces/include/custom_interfaces/custom_interfaces/msg/detail/point__rosidl_typesupport_fastrtps_cpp.hpp
[2.763s] -- Installing: /root/Shared/install/custom_interfaces/include/custom_interfaces/custom_interfaces/msg/detail/neighbors__rosidl_typesupport_fastrtps_cpp.hpp
[2.763s] -- Up-to-date: /root/Shared/install/custom_interfaces/include/custom_interfaces/custom_interfaces/msg/detail/dds_fastrtps
[2.763s] -- Installing: /root/Shared/install/custom_interfaces/include/custom_interfaces/custom_interfaces/msg/detail/adjacency_list__rosidl_typesupport_fastrtps_cpp.hpp
[2.763s] -- Up-to-date: /root/Shared/install/custom_interfaces/include/custom_interfaces/custom_interfaces/msg/rosidl_typesupport_fastrtps_cpp__visibility_control.h
[2.763s] -- Installing: /root/Shared/install/custom_interfaces/lib/libcustom_interfaces__rosidl_typesupport_fastrtps_cpp.so
[2.763s] -- Set runtime path of "/root/Shared/install/custom_interfaces/lib/libcustom_interfaces__rosidl_typesupport_fastrtps_cpp.so" to ""
[2.763s] -- Up-to-date: /root/Shared/install/custom_interfaces/include/custom_interfaces/custom_interfaces
[2.763s] -- Up-to-date: /root/Shared/install/custom_interfaces/include/custom_interfaces/custom_interfaces/msg
[2.763s] -- Up-to-date: /root/Shared/install/custom_interfaces/include/custom_interfaces/custom_interfaces/msg/detail
[2.763s] -- Installing: /root/Shared/install/custom_interfaces/include/custom_interfaces/custom_interfaces/msg/detail/adjacency_list__rosidl_typesupport_introspection_cpp.hpp
[2.764s] -- Installing: /root/Shared/install/custom_interfaces/include/custom_interfaces/custom_interfaces/msg/detail/neighbors__rosidl_typesupport_introspection_cpp.hpp
[2.764s] -- Installing: /root/Shared/install/custom_interfaces/include/custom_interfaces/custom_interfaces/msg/detail/point__type_support.cpp
[2.764s] -- Installing: /root/Shared/install/custom_interfaces/include/custom_interfaces/custom_interfaces/msg/detail/adjacency_list__type_support.cpp
[2.764s] -- Installing: /root/Shared/install/custom_interfaces/include/custom_interfaces/custom_interfaces/msg/detail/point__rosidl_typesupport_introspection_cpp.hpp
[2.764s] -- Installing: /root/Shared/install/custom_interfaces/include/custom_interfaces/custom_interfaces/msg/detail/neighbors__type_support.cpp
[2.764s] -- Installing: /root/Shared/install/custom_interfaces/lib/libcustom_interfaces__rosidl_typesupport_introspection_cpp.so
[2.764s] -- Set runtime path of "/root/Shared/install/custom_interfaces/lib/libcustom_interfaces__rosidl_typesupport_introspection_cpp.so" to ""
[2.764s] -- Installing: /root/Shared/install/custom_interfaces/lib/libcustom_interfaces__rosidl_typesupport_cpp.so
[2.764s] -- Set runtime path of "/root/Shared/install/custom_interfaces/lib/libcustom_interfaces__rosidl_typesupport_cpp.so" to ""
[2.764s] -- Up-to-date: /root/Shared/install/custom_interfaces/share/custom_interfaces/environment/pythonpath.sh
[2.764s] -- Installing: /root/Shared/install/custom_interfaces/share/custom_interfaces/environment/pythonpath.dsv
[2.765s] -- Up-to-date: /root/Shared/install/custom_interfaces/local/lib/python3.10/dist-packages/custom_interfaces-0.0.0-py3.10.egg-info
[2.765s] -- Installing: /root/Shared/install/custom_interfaces/local/lib/python3.10/dist-packages/custom_interfaces-0.0.0-py3.10.egg-info/PKG-INFO
[2.765s] -- Installing: /root/Shared/install/custom_interfaces/local/lib/python3.10/dist-packages/custom_interfaces-0.0.0-py3.10.egg-info/SOURCES.txt
[2.765s] -- Installing: /root/Shared/install/custom_interfaces/local/lib/python3.10/dist-packages/custom_interfaces-0.0.0-py3.10.egg-info/dependency_links.txt
[2.765s] -- Installing: /root/Shared/install/custom_interfaces/local/lib/python3.10/dist-packages/custom_interfaces-0.0.0-py3.10.egg-info/top_level.txt
[2.765s] -- Up-to-date: /root/Shared/install/custom_interfaces/local/lib/python3.10/dist-packages/custom_interfaces
[2.765s] -- Installing: /root/Shared/install/custom_interfaces/local/lib/python3.10/dist-packages/custom_interfaces/_custom_interfaces_s.ep.rosidl_typesupport_fastrtps_c.c
[2.765s] -- Up-to-date: /root/Shared/install/custom_interfaces/local/lib/python3.10/dist-packages/custom_interfaces/msg
[2.765s] -- Installing: /root/Shared/install/custom_interfaces/local/lib/python3.10/dist-packages/custom_interfaces/msg/_neighbors.py
[2.765s] -- Installing: /root/Shared/install/custom_interfaces/local/lib/python3.10/dist-packages/custom_interfaces/msg/__init__.py
[2.765s] -- Installing: /root/Shared/install/custom_interfaces/local/lib/python3.10/dist-packages/custom_interfaces/msg/_adjacency_list_s.c
[2.765s] -- Installing: /root/Shared/install/custom_interfaces/local/lib/python3.10/dist-packages/custom_interfaces/msg/_point_s.c
[2.765s] -- Installing: /root/Shared/install/custom_interfaces/local/lib/python3.10/dist-packages/custom_interfaces/msg/_adjacency_list.py
[2.765s] -- Installing: /root/Shared/install/custom_interfaces/local/lib/python3.10/dist-packages/custom_interfaces/msg/_neighbors_s.c
[2.765s] -- Installing: /root/Shared/install/custom_interfaces/local/lib/python3.10/dist-packages/custom_interfaces/msg/_point.py
[2.765s] -- Installing: /root/Shared/install/custom_interfaces/local/lib/python3.10/dist-packages/custom_interfaces/__init__.py
[2.766s] -- Installing: /root/Shared/install/custom_interfaces/local/lib/python3.10/dist-packages/custom_interfaces/custom_interfaces_s__rosidl_typesupport_c.cpython-310-x86_64-linux-gnu.so
[2.766s] -- Installing: /root/Shared/install/custom_interfaces/local/lib/python3.10/dist-packages/custom_interfaces/libcustom_interfaces__rosidl_generator_py.so
[2.766s] -- Installing: /root/Shared/install/custom_interfaces/local/lib/python3.10/dist-packages/custom_interfaces/_custom_interfaces_s.ep.rosidl_typesupport_introspection_c.c
[2.766s] -- Installing: /root/Shared/install/custom_interfaces/local/lib/python3.10/dist-packages/custom_interfaces/custom_interfaces_s__rosidl_typesupport_introspection_c.cpython-310-x86_64-linux-gnu.so
[2.766s] -- Installing: /root/Shared/install/custom_interfaces/local/lib/python3.10/dist-packages/custom_interfaces/_custom_interfaces_s.ep.rosidl_typesupport_c.c
[2.766s] -- Installing: /root/Shared/install/custom_interfaces/local/lib/python3.10/dist-packages/custom_interfaces/custom_interfaces_s__rosidl_typesupport_fastrtps_c.cpython-310-x86_64-linux-gnu.so
[2.795s] Listing '/root/Shared/install/custom_interfaces/local/lib/python3.10/dist-packages/custom_interfaces'...
[2.795s] Compiling '/root/Shared/install/custom_interfaces/local/lib/python3.10/dist-packages/custom_interfaces/__init__.py'...
[2.795s] Listing '/root/Shared/install/custom_interfaces/local/lib/python3.10/dist-packages/custom_interfaces/msg'...
[2.795s] Compiling '/root/Shared/install/custom_interfaces/local/lib/python3.10/dist-packages/custom_interfaces/msg/__init__.py'...
[2.796s] Compiling '/root/Shared/install/custom_interfaces/local/lib/python3.10/dist-packages/custom_interfaces/msg/_adjacency_list.py'...
[2.796s] Compiling '/root/Shared/install/custom_interfaces/local/lib/python3.10/dist-packages/custom_interfaces/msg/_neighbors.py'...
[2.796s] Compiling '/root/Shared/install/custom_interfaces/local/lib/python3.10/dist-packages/custom_interfaces/msg/_point.py'...
[2.799s] -- Installing: /root/Shared/install/custom_interfaces/local/lib/python3.10/dist-packages/custom_interfaces/custom_interfaces_s__rosidl_typesupport_fastrtps_c.cpython-310-x86_64-linux-gnu.so
[2.799s] -- Set runtime path of "/root/Shared/install/custom_interfaces/local/lib/python3.10/dist-packages/custom_interfaces/custom_interfaces_s__rosidl_typesupport_fastrtps_c.cpython-310-x86_64-linux-gnu.so" to ""
[2.799s] -- Installing: /root/Shared/install/custom_interfaces/local/lib/python3.10/dist-packages/custom_interfaces/custom_interfaces_s__rosidl_typesupport_introspection_c.cpython-310-x86_64-linux-gnu.so
[2.799s] -- Set runtime path of "/root/Shared/install/custom_interfaces/local/lib/python3.10/dist-packages/custom_interfaces/custom_interfaces_s__rosidl_typesupport_introspection_c.cpython-310-x86_64-linux-gnu.so" to ""
[2.800s] -- Installing: /root/Shared/install/custom_interfaces/local/lib/python3.10/dist-packages/custom_interfaces/custom_interfaces_s__rosidl_typesupport_c.cpython-310-x86_64-linux-gnu.so
[2.800s] -- Set runtime path of "/root/Shared/install/custom_interfaces/local/lib/python3.10/dist-packages/custom_interfaces/custom_interfaces_s__rosidl_typesupport_c.cpython-310-x86_64-linux-gnu.so" to ""
[2.800s] -- Installing: /root/Shared/install/custom_interfaces/lib/libcustom_interfaces__rosidl_generator_py.so
[2.800s] -- Set runtime path of "/root/Shared/install/custom_interfaces/lib/libcustom_interfaces__rosidl_generator_py.so" to ""
[2.800s] -- Installing: /root/Shared/install/custom_interfaces/share/custom_interfaces/msg/Point.idl
[2.800s] -- Up-to-date: /root/Shared/install/custom_interfaces/share/custom_interfaces/msg/Neighbors.idl
[2.800s] -- Up-to-date: /root/Shared/install/custom_interfaces/share/custom_interfaces/msg/AdjacencyList.idl
[2.800s] -- Installing: /root/Shared/install/custom_interfaces/share/custom_interfaces/msg/Point.msg
[2.800s] -- Up-to-date: /root/Shared/install/custom_interfaces/share/custom_interfaces/msg/Neighbors.msg
[2.801s] -- Up-to-date: /root/Shared/install/custom_interfaces/share/custom_interfaces/msg/AdjacencyList.msg
[2.801s] -- Up-to-date: /root/Shared/install/custom_interfaces/share/ament_index/resource_index/package_run_dependencies/custom_interfaces
[2.801s] -- Up-to-date: /root/Shared/install/custom_interfaces/share/ament_index/resource_index/parent_prefix_path/custom_interfaces
[2.801s] -- Up-to-date: /root/Shared/install/custom_interfaces/share/custom_interfaces/environment/ament_prefix_path.sh
[2.801s] -- Installing: /root/Shared/install/custom_interfaces/share/custom_interfaces/environment/ament_prefix_path.dsv
[2.801s] -- Up-to-date: /root/Shared/install/custom_interfaces/share/custom_interfaces/environment/path.sh
[2.801s] -- Installing: /root/Shared/install/custom_interfaces/share/custom_interfaces/environment/path.dsv
[2.801s] -- Up-to-date: /root/Shared/install/custom_interfaces/share/custom_interfaces/local_setup.bash
[2.801s] -- Up-to-date: /root/Shared/install/custom_interfaces/share/custom_interfaces/local_setup.sh
[2.801s] -- Up-to-date: /root/Shared/install/custom_interfaces/share/custom_interfaces/local_setup.zsh
[2.801s] -- Installing: /root/Shared/install/custom_interfaces/share/custom_interfaces/local_setup.dsv
[2.801s] -- Installing: /root/Shared/install/custom_interfaces/share/custom_interfaces/package.dsv
[2.801s] -- Up-to-date: /root/Shared/install/custom_interfaces/share/ament_index/resource_index/packages/custom_interfaces
[2.802s] -- Up-to-date: /root/Shared/install/custom_interfaces/share/custom_interfaces/cmake/export_custom_interfaces__rosidl_generator_cExport.cmake
[2.802s] -- Up-to-date: /root/Shared/install/custom_interfaces/share/custom_interfaces/cmake/export_custom_interfaces__rosidl_generator_cExport-noconfig.cmake
[2.802s] -- Up-to-date: /root/Shared/install/custom_interfaces/share/custom_interfaces/cmake/export_custom_interfaces__rosidl_typesupport_fastrtps_cExport.cmake
[2.802s] -- Up-to-date: /root/Shared/install/custom_interfaces/share/custom_interfaces/cmake/export_custom_interfaces__rosidl_typesupport_fastrtps_cExport-noconfig.cmake
[2.802s] -- Up-to-date: /root/Shared/install/custom_interfaces/share/custom_interfaces/cmake/custom_interfaces__rosidl_typesupport_introspection_cExport.cmake
[2.802s] -- Up-to-date: /root/Shared/install/custom_interfaces/share/custom_interfaces/cmake/custom_interfaces__rosidl_typesupport_introspection_cExport-noconfig.cmake
[2.802s] -- Up-to-date: /root/Shared/install/custom_interfaces/share/custom_interfaces/cmake/custom_interfaces__rosidl_typesupport_cExport.cmake
[2.802s] -- Up-to-date: /root/Shared/install/custom_interfaces/share/custom_interfaces/cmake/custom_interfaces__rosidl_typesupport_cExport-noconfig.cmake
[2.802s] -- Up-to-date: /root/Shared/install/custom_interfaces/share/custom_interfaces/cmake/export_custom_interfaces__rosidl_generator_cppExport.cmake
[2.802s] -- Up-to-date: /root/Shared/install/custom_interfaces/share/custom_interfaces/cmake/export_custom_interfaces__rosidl_typesupport_fastrtps_cppExport.cmake
[2.802s] -- Up-to-date: /root/Shared/install/custom_interfaces/share/custom_interfaces/cmake/export_custom_interfaces__rosidl_typesupport_fastrtps_cppExport-noconfig.cmake
[2.802s] -- Up-to-date: /root/Shared/install/custom_interfaces/share/custom_interfaces/cmake/custom_interfaces__rosidl_typesupport_introspection_cppExport.cmake
[2.802s] -- Up-to-date: /root/Shared/install/custom_interfaces/share/custom_interfaces/cmake/custom_interfaces__rosidl_typesupport_introspection_cppExport-noconfig.cmake
[2.802s] -- Up-to-date: /root/Shared/install/custom_interfaces/share/custom_interfaces/cmake/custom_interfaces__rosidl_typesupport_cppExport.cmake
[2.802s] -- Up-to-date: /root/Shared/install/custom_interfaces/share/custom_interfaces/cmake/custom_interfaces__rosidl_typesupport_cppExport-noconfig.cmake
[2.802s] -- Up-to-date: /root/Shared/install/custom_interfaces/share/custom_interfaces/cmake/export_custom_interfaces__rosidl_generator_pyExport.cmake
[2.802s] -- Up-to-date: /root/Shared/install/custom_interfaces/share/custom_interfaces/cmake/export_custom_interfaces__rosidl_generator_pyExport-noconfig.cmake
[2.803s] -- Up-to-date: /root/Shared/install/custom_interfaces/share/custom_interfaces/cmake/rosidl_cmake-extras.cmake
[2.803s] -- Up-to-date: /root/Shared/install/custom_interfaces/share/custom_interfaces/cmake/ament_cmake_export_include_directories-extras.cmake
[2.803s] -- Up-to-date: /root/Shared/install/custom_interfaces/share/custom_interfaces/cmake/ament_cmake_export_libraries-extras.cmake
[2.803s] -- Up-to-date: /root/Shared/install/custom_interfaces/share/custom_interfaces/cmake/ament_cmake_export_targets-extras.cmake
[2.803s] -- Up-to-date: /root/Shared/install/custom_interfaces/share/custom_interfaces/cmake/rosidl_cmake_export_typesupport_targets-extras.cmake
[2.803s] -- Up-to-date: /root/Shared/install/custom_interfaces/share/custom_interfaces/cmake/ament_cmake_export_dependencies-extras.cmake
[2.803s] -- Up-to-date: /root/Shared/install/custom_interfaces/share/custom_interfaces/cmake/rosidl_cmake_export_typesupport_libraries-extras.cmake
[2.803s] -- Up-to-date: /root/Shared/install/custom_interfaces/share/custom_interfaces/cmake/custom_interfacesConfig.cmake
[2.803s] -- Up-to-date: /root/Shared/install/custom_interfaces/share/custom_interfaces/cmake/custom_interfacesConfig-version.cmake
[2.803s] -- Up-to-date: /root/Shared/install/custom_interfaces/share/custom_interfaces/package.xml
[2.804s] Invoked command in '/root/Shared/build/custom_interfaces' returned '0': CMAKE_PREFIX_PATH=${CMAKE_PREFIX_PATH}:/root/Shared/install/pathplanners:/root/Shared/install/multidim_rrt_planner:/opt/ros/humble /usr/bin/cmake --install /root/Shared/build/custom_interfaces
