[0.489s] Invoking command in '/ros/Kinematics_Lab/UR_ws/src/forward_kinematics': PYTHONPATH=/ros/Kinematics_Lab/UR_ws/build/forward_kinematics/prefix_override:/usr/lib/python3/dist-packages/colcon_core/task/python/colcon_distutils_commands:/ros/Kinematics_Lab/UR_ws/install/forward_kinematics/lib/python3.12/site-packages: /usr/bin/python3 -W ignore:setup.py install is deprecated -W ignore:easy_install command is deprecated setup.py egg_info --egg-base ../../build/forward_kinematics build --build-base /ros/Kinematics_Lab/UR_ws/build/forward_kinematics/build install --record /ros/Kinematics_Lab/UR_ws/build/forward_kinematics/install.log --single-version-externally-managed install_data
[0.648s] running egg_info
[0.656s] writing ../../build/forward_kinematics/forward_kinematics.egg-info/PKG-INFO
[0.657s] writing dependency_links to ../../build/forward_kinematics/forward_kinematics.egg-info/dependency_links.txt
[0.657s] writing entry points to ../../build/forward_kinematics/forward_kinematics.egg-info/entry_points.txt
[0.657s] writing requirements to ../../build/forward_kinematics/forward_kinematics.egg-info/requires.txt
[0.657s] writing top-level names to ../../build/forward_kinematics/forward_kinematics.egg-info/top_level.txt
[0.673s] reading manifest file '../../build/forward_kinematics/forward_kinematics.egg-info/SOURCES.txt'
[0.674s] writing manifest file '../../build/forward_kinematics/forward_kinematics.egg-info/SOURCES.txt'
[0.674s] running build
[0.674s] running build_py
[0.674s] copying forward_kinematics/poe_rrr.py -> /ros/Kinematics_Lab/UR_ws/build/forward_kinematics/build/lib/forward_kinematics
[0.675s] copying forward_kinematics/poe_rrr_ros.py -> /ros/Kinematics_Lab/UR_ws/build/forward_kinematics/build/lib/forward_kinematics
[0.675s] running install
[0.681s] running install_lib
[0.690s] copying /ros/Kinematics_Lab/UR_ws/build/forward_kinematics/build/lib/forward_kinematics/poe_rrr.py -> /ros/Kinematics_Lab/UR_ws/install/forward_kinematics/lib/python3.12/site-packages/forward_kinematics
[0.690s] copying /ros/Kinematics_Lab/UR_ws/build/forward_kinematics/build/lib/forward_kinematics/poe_rrr_ros.py -> /ros/Kinematics_Lab/UR_ws/install/forward_kinematics/lib/python3.12/site-packages/forward_kinematics
[0.691s] byte-compiling /ros/Kinematics_Lab/UR_ws/install/forward_kinematics/lib/python3.12/site-packages/forward_kinematics/poe_rrr.py to poe_rrr.cpython-312.pyc
[0.692s] byte-compiling /ros/Kinematics_Lab/UR_ws/install/forward_kinematics/lib/python3.12/site-packages/forward_kinematics/poe_rrr_ros.py to poe_rrr_ros.cpython-312.pyc
[0.694s] running install_data
[0.694s] running install_egg_info
[0.702s] removing '/ros/Kinematics_Lab/UR_ws/install/forward_kinematics/lib/python3.12/site-packages/forward_kinematics-0.0.0-py3.12.egg-info' (and everything under it)
[0.703s] Copying ../../build/forward_kinematics/forward_kinematics.egg-info to /ros/Kinematics_Lab/UR_ws/install/forward_kinematics/lib/python3.12/site-packages/forward_kinematics-0.0.0-py3.12.egg-info
[0.704s] running install_scripts
[0.771s] Installing example_poe script to /ros/Kinematics_Lab/UR_ws/install/forward_kinematics/lib/forward_kinematics
[0.771s] Installing fwd_kr6 script to /ros/Kinematics_Lab/UR_ws/install/forward_kinematics/lib/forward_kinematics
[0.771s] Installing fwd_rr script to /ros/Kinematics_Lab/UR_ws/install/forward_kinematics/lib/forward_kinematics
[0.771s] Installing fwd_ur5 script to /ros/Kinematics_Lab/UR_ws/install/forward_kinematics/lib/forward_kinematics
[0.772s] Installing joint_pub script to /ros/Kinematics_Lab/UR_ws/install/forward_kinematics/lib/forward_kinematics
[0.772s] Installing joint_sub script to /ros/Kinematics_Lab/UR_ws/install/forward_kinematics/lib/forward_kinematics
[0.772s] writing list of installed files to '/ros/Kinematics_Lab/UR_ws/build/forward_kinematics/install.log'
[0.796s] Invoked command in '/ros/Kinematics_Lab/UR_ws/src/forward_kinematics' returned '0': PYTHONPATH=/ros/Kinematics_Lab/UR_ws/build/forward_kinematics/prefix_override:/usr/lib/python3/dist-packages/colcon_core/task/python/colcon_distutils_commands:/ros/Kinematics_Lab/UR_ws/install/forward_kinematics/lib/python3.12/site-packages: /usr/bin/python3 -W ignore:setup.py install is deprecated -W ignore:easy_install command is deprecated setup.py egg_info --egg-base ../../build/forward_kinematics build --build-base /ros/Kinematics_Lab/UR_ws/build/forward_kinematics/build install --record /ros/Kinematics_Lab/UR_ws/build/forward_kinematics/install.log --single-version-externally-managed install_data
