[0.853s] Invoking command in '/root/Shared/src/Path-Planning-Algorithms': PYTHONPATH=/root/Shared/build/pathplanners/prefix_override:/usr/lib/python3/dist-packages/colcon_core/task/python/colcon_distutils_commands:/root/Shared/install/pathplanners/lib/python3.10/site-packages:${PYTHONPATH} /usr/bin/python3 -W ignore:setup.py install is deprecated -W ignore:easy_install command is deprecated setup.py egg_info --egg-base ../../build/pathplanners build --build-base /root/Shared/build/pathplanners/build install --record /root/Shared/build/pathplanners/install.log --single-version-externally-managed install_data
[1.065s] running egg_info
[1.065s] writing ../../build/pathplanners/pathplanners.egg-info/PKG-INFO
[1.066s] writing dependency_links to ../../build/pathplanners/pathplanners.egg-info/dependency_links.txt
[1.066s] writing entry points to ../../build/pathplanners/pathplanners.egg-info/entry_points.txt
[1.067s] writing requirements to ../../build/pathplanners/pathplanners.egg-info/requires.txt
[1.067s] writing top-level names to ../../build/pathplanners/pathplanners.egg-info/top_level.txt
[1.068s] reading manifest file '../../build/pathplanners/pathplanners.egg-info/SOURCES.txt'
[1.069s] writing manifest file '../../build/pathplanners/pathplanners.egg-info/SOURCES.txt'
[1.069s] running build
[1.069s] running build_py
[1.069s] running install
[1.070s] running install_lib
[1.071s] running install_data
[1.071s] running install_egg_info
[1.073s] removing '/root/Shared/install/pathplanners/lib/python3.10/site-packages/pathplanners-0.0.0-py3.10.egg-info' (and everything under it)
[1.073s] Copying ../../build/pathplanners/pathplanners.egg-info to /root/Shared/install/pathplanners/lib/python3.10/site-packages/pathplanners-0.0.0-py3.10.egg-info
[1.074s] running install_scripts
[1.100s] Installing bfs script to /root/Shared/install/pathplanners/lib/pathplanners
[1.100s] Installing dijkstra script to /root/Shared/install/pathplanners/lib/pathplanners
[1.100s] Installing map_node script to /root/Shared/install/pathplanners/lib/pathplanners
[1.100s] writing list of installed files to '/root/Shared/build/pathplanners/install.log'
[1.132s] Invoked command in '/root/Shared/src/Path-Planning-Algorithms' returned '0': PYTHONPATH=/root/Shared/build/pathplanners/prefix_override:/usr/lib/python3/dist-packages/colcon_core/task/python/colcon_distutils_commands:/root/Shared/install/pathplanners/lib/python3.10/site-packages:${PYTHONPATH} /usr/bin/python3 -W ignore:setup.py install is deprecated -W ignore:easy_install command is deprecated setup.py egg_info --egg-base ../../build/pathplanners build --build-base /root/Shared/build/pathplanners/build install --record /root/Shared/build/pathplanners/install.log --single-version-externally-managed install_data
