running egg_info
creating ../../build/multidim_rrt_planner/multidim_rrt_planner.egg-info
writing ../../build/multidim_rrt_planner/multidim_rrt_planner.egg-info/PKG-INFO
writing dependency_links to ../../build/multidim_rrt_planner/multidim_rrt_planner.egg-info/dependency_links.txt
writing entry points to ../../build/multidim_rrt_planner/multidim_rrt_planner.egg-info/entry_points.txt
writing requirements to ../../build/multidim_rrt_planner/multidim_rrt_planner.egg-info/requires.txt
writing top-level names to ../../build/multidim_rrt_planner/multidim_rrt_planner.egg-info/top_level.txt
writing manifest file '../../build/multidim_rrt_planner/multidim_rrt_planner.egg-info/SOURCES.txt'
reading manifest file '../../build/multidim_rrt_planner/multidim_rrt_planner.egg-info/SOURCES.txt'
adding license file 'LICENSE'
writing manifest file '../../build/multidim_rrt_planner/multidim_rrt_planner.egg-info/SOURCES.txt'
running build
running build_py
creating /root/Shared/build/multidim_rrt_planner/build
creating /root/Shared/build/multidim_rrt_planner/build/lib
creating /root/Shared/build/multidim_rrt_planner/build/lib/multidim_rrt_planner
copying multidim_rrt_planner/obstacle_pub_3D.py -> /root/Shared/build/multidim_rrt_planner/build/lib/multidim_rrt_planner
copying multidim_rrt_planner/__init__.py -> /root/Shared/build/multidim_rrt_planner/build/lib/multidim_rrt_planner
copying multidim_rrt_planner/Marker.py -> /root/Shared/build/multidim_rrt_planner/build/lib/multidim_rrt_planner
copying multidim_rrt_planner/rrt3D.py -> /root/Shared/build/multidim_rrt_planner/build/lib/multidim_rrt_planner
copying multidim_rrt_planner/rrt2D.py -> /root/Shared/build/multidim_rrt_planner/build/lib/multidim_rrt_planner
copying multidim_rrt_planner/obstacle_pub_2D.py -> /root/Shared/build/multidim_rrt_planner/build/lib/multidim_rrt_planner
copying multidim_rrt_planner/map_frame_pub.py -> /root/Shared/build/multidim_rrt_planner/build/lib/multidim_rrt_planner
copying multidim_rrt_planner/TreeNode.py -> /root/Shared/build/multidim_rrt_planner/build/lib/multidim_rrt_planner
copying multidim_rrt_planner/occupancy_pub.py -> /root/Shared/build/multidim_rrt_planner/build/lib/multidim_rrt_planner
running install
running install_lib
creating /root/Shared/install/multidim_rrt_planner/lib/python3.10/site-packages/multidim_rrt_planner
copying /root/Shared/build/multidim_rrt_planner/build/lib/multidim_rrt_planner/obstacle_pub_3D.py -> /root/Shared/install/multidim_rrt_planner/lib/python3.10/site-packages/multidim_rrt_planner
copying /root/Shared/build/multidim_rrt_planner/build/lib/multidim_rrt_planner/__init__.py -> /root/Shared/install/multidim_rrt_planner/lib/python3.10/site-packages/multidim_rrt_planner
copying /root/Shared/build/multidim_rrt_planner/build/lib/multidim_rrt_planner/Marker.py -> /root/Shared/install/multidim_rrt_planner/lib/python3.10/site-packages/multidim_rrt_planner
copying /root/Shared/build/multidim_rrt_planner/build/lib/multidim_rrt_planner/rrt3D.py -> /root/Shared/install/multidim_rrt_planner/lib/python3.10/site-packages/multidim_rrt_planner
copying /root/Shared/build/multidim_rrt_planner/build/lib/multidim_rrt_planner/rrt2D.py -> /root/Shared/install/multidim_rrt_planner/lib/python3.10/site-packages/multidim_rrt_planner
copying /root/Shared/build/multidim_rrt_planner/build/lib/multidim_rrt_planner/obstacle_pub_2D.py -> /root/Shared/install/multidim_rrt_planner/lib/python3.10/site-packages/multidim_rrt_planner
copying /root/Shared/build/multidim_rrt_planner/build/lib/multidim_rrt_planner/map_frame_pub.py -> /root/Shared/install/multidim_rrt_planner/lib/python3.10/site-packages/multidim_rrt_planner
copying /root/Shared/build/multidim_rrt_planner/build/lib/multidim_rrt_planner/TreeNode.py -> /root/Shared/install/multidim_rrt_planner/lib/python3.10/site-packages/multidim_rrt_planner
copying /root/Shared/build/multidim_rrt_planner/build/lib/multidim_rrt_planner/occupancy_pub.py -> /root/Shared/install/multidim_rrt_planner/lib/python3.10/site-packages/multidim_rrt_planner
byte-compiling /root/Shared/install/multidim_rrt_planner/lib/python3.10/site-packages/multidim_rrt_planner/obstacle_pub_3D.py to obstacle_pub_3D.cpython-310.pyc
byte-compiling /root/Shared/install/multidim_rrt_planner/lib/python3.10/site-packages/multidim_rrt_planner/__init__.py to __init__.cpython-310.pyc
byte-compiling /root/Shared/install/multidim_rrt_planner/lib/python3.10/site-packages/multidim_rrt_planner/Marker.py to Marker.cpython-310.pyc
byte-compiling /root/Shared/install/multidim_rrt_planner/lib/python3.10/site-packages/multidim_rrt_planner/rrt3D.py to rrt3D.cpython-310.pyc
byte-compiling /root/Shared/install/multidim_rrt_planner/lib/python3.10/site-packages/multidim_rrt_planner/rrt2D.py to rrt2D.cpython-310.pyc
byte-compiling /root/Shared/install/multidim_rrt_planner/lib/python3.10/site-packages/multidim_rrt_planner/obstacle_pub_2D.py to obstacle_pub_2D.cpython-310.pyc
byte-compiling /root/Shared/install/multidim_rrt_planner/lib/python3.10/site-packages/multidim_rrt_planner/map_frame_pub.py to map_frame_pub.cpython-310.pyc
byte-compiling /root/Shared/install/multidim_rrt_planner/lib/python3.10/site-packages/multidim_rrt_planner/TreeNode.py to TreeNode.cpython-310.pyc
byte-compiling /root/Shared/install/multidim_rrt_planner/lib/python3.10/site-packages/multidim_rrt_planner/occupancy_pub.py to occupancy_pub.cpython-310.pyc
running install_data
creating /root/Shared/install/multidim_rrt_planner/share/ament_index
creating /root/Shared/install/multidim_rrt_planner/share/ament_index/resource_index
creating /root/Shared/install/multidim_rrt_planner/share/ament_index/resource_index/packages
copying resource/multidim_rrt_planner -> /root/Shared/install/multidim_rrt_planner/share/ament_index/resource_index/packages
copying package.xml -> /root/Shared/install/multidim_rrt_planner/share/multidim_rrt_planner
creating /root/Shared/install/multidim_rrt_planner/share/multidim_rrt_planner/launch
copying launch/rrt2Dlaunch.xml -> /root/Shared/install/multidim_rrt_planner/share/multidim_rrt_planner/launch
copying launch/rrt3Dlaunch.xml -> /root/Shared/install/multidim_rrt_planner/share/multidim_rrt_planner/launch
creating /root/Shared/install/multidim_rrt_planner/share/multidim_rrt_planner/config
copying config/rrt2Dconfig.rviz -> /root/Shared/install/multidim_rrt_planner/share/multidim_rrt_planner/config
copying config/rrt3Dconfig.rviz -> /root/Shared/install/multidim_rrt_planner/share/multidim_rrt_planner/config
running install_egg_info
Copying ../../build/multidim_rrt_planner/multidim_rrt_planner.egg-info to /root/Shared/install/multidim_rrt_planner/lib/python3.10/site-packages/multidim_rrt_planner-0.0.7-py3.10.egg-info
running install_scripts
Installing map_frame_pub script to /root/Shared/install/multidim_rrt_planner/lib/multidim_rrt_planner
Installing obstacle_pub_2D script to /root/Shared/install/multidim_rrt_planner/lib/multidim_rrt_planner
Installing obstacle_pub_3D script to /root/Shared/install/multidim_rrt_planner/lib/multidim_rrt_planner
Installing occupancy_pub script to /root/Shared/install/multidim_rrt_planner/lib/multidim_rrt_planner
Installing rrt2D script to /root/Shared/install/multidim_rrt_planner/lib/multidim_rrt_planner
Installing rrt3D script to /root/Shared/install/multidim_rrt_planner/lib/multidim_rrt_planner
writing list of installed files to '/root/Shared/build/multidim_rrt_planner/install.log'
