[0.720s] Invoking command in '/root/Shared/src/multidim_rrt_planner': PYTHONPATH=/root/Shared/build/multidim_rrt_planner/prefix_override:/usr/lib/python3/dist-packages/colcon_core/task/python/colcon_distutils_commands:/root/Shared/install/multidim_rrt_planner/lib/python3.10/site-packages:${PYTHONPATH} /usr/bin/python3 -W ignore:setup.py install is deprecated -W ignore:easy_install command is deprecated setup.py egg_info --egg-base ../../build/multidim_rrt_planner build --build-base /root/Shared/build/multidim_rrt_planner/build install --record /root/Shared/build/multidim_rrt_planner/install.log --single-version-externally-managed install_data
[0.910s] running egg_info
[0.911s] creating ../../build/multidim_rrt_planner/multidim_rrt_planner.egg-info
[0.911s] writing ../../build/multidim_rrt_planner/multidim_rrt_planner.egg-info/PKG-INFO
[0.911s] writing dependency_links to ../../build/multidim_rrt_planner/multidim_rrt_planner.egg-info/dependency_links.txt
[0.911s] writing entry points to ../../build/multidim_rrt_planner/multidim_rrt_planner.egg-info/entry_points.txt
[0.911s] writing requirements to ../../build/multidim_rrt_planner/multidim_rrt_planner.egg-info/requires.txt
[0.912s] writing top-level names to ../../build/multidim_rrt_planner/multidim_rrt_planner.egg-info/top_level.txt
[0.912s] writing manifest file '../../build/multidim_rrt_planner/multidim_rrt_planner.egg-info/SOURCES.txt'
[0.913s] reading manifest file '../../build/multidim_rrt_planner/multidim_rrt_planner.egg-info/SOURCES.txt'
[0.913s] adding license file 'LICENSE'
[0.914s] writing manifest file '../../build/multidim_rrt_planner/multidim_rrt_planner.egg-info/SOURCES.txt'
[0.914s] running build
[0.914s] running build_py
[0.914s] creating /root/Shared/build/multidim_rrt_planner/build
[0.914s] creating /root/Shared/build/multidim_rrt_planner/build/lib
[0.914s] creating /root/Shared/build/multidim_rrt_planner/build/lib/multidim_rrt_planner
[0.914s] copying multidim_rrt_planner/obstacle_pub_3D.py -> /root/Shared/build/multidim_rrt_planner/build/lib/multidim_rrt_planner
[0.914s] copying multidim_rrt_planner/__init__.py -> /root/Shared/build/multidim_rrt_planner/build/lib/multidim_rrt_planner
[0.914s] copying multidim_rrt_planner/Marker.py -> /root/Shared/build/multidim_rrt_planner/build/lib/multidim_rrt_planner
[0.914s] copying multidim_rrt_planner/rrt3D.py -> /root/Shared/build/multidim_rrt_planner/build/lib/multidim_rrt_planner
[0.915s] copying multidim_rrt_planner/rrt2D.py -> /root/Shared/build/multidim_rrt_planner/build/lib/multidim_rrt_planner
[0.915s] copying multidim_rrt_planner/obstacle_pub_2D.py -> /root/Shared/build/multidim_rrt_planner/build/lib/multidim_rrt_planner
[0.915s] copying multidim_rrt_planner/map_frame_pub.py -> /root/Shared/build/multidim_rrt_planner/build/lib/multidim_rrt_planner
[0.915s] copying multidim_rrt_planner/TreeNode.py -> /root/Shared/build/multidim_rrt_planner/build/lib/multidim_rrt_planner
[0.915s] copying multidim_rrt_planner/occupancy_pub.py -> /root/Shared/build/multidim_rrt_planner/build/lib/multidim_rrt_planner
[0.915s] running install
[0.915s] running install_lib
[0.916s] creating /root/Shared/install/multidim_rrt_planner/lib/python3.10/site-packages/multidim_rrt_planner
[0.916s] copying /root/Shared/build/multidim_rrt_planner/build/lib/multidim_rrt_planner/obstacle_pub_3D.py -> /root/Shared/install/multidim_rrt_planner/lib/python3.10/site-packages/multidim_rrt_planner
[0.916s] copying /root/Shared/build/multidim_rrt_planner/build/lib/multidim_rrt_planner/__init__.py -> /root/Shared/install/multidim_rrt_planner/lib/python3.10/site-packages/multidim_rrt_planner
[0.916s] copying /root/Shared/build/multidim_rrt_planner/build/lib/multidim_rrt_planner/Marker.py -> /root/Shared/install/multidim_rrt_planner/lib/python3.10/site-packages/multidim_rrt_planner
[0.916s] copying /root/Shared/build/multidim_rrt_planner/build/lib/multidim_rrt_planner/rrt3D.py -> /root/Shared/install/multidim_rrt_planner/lib/python3.10/site-packages/multidim_rrt_planner
[0.916s] copying /root/Shared/build/multidim_rrt_planner/build/lib/multidim_rrt_planner/rrt2D.py -> /root/Shared/install/multidim_rrt_planner/lib/python3.10/site-packages/multidim_rrt_planner
[0.916s] copying /root/Shared/build/multidim_rrt_planner/build/lib/multidim_rrt_planner/obstacle_pub_2D.py -> /root/Shared/install/multidim_rrt_planner/lib/python3.10/site-packages/multidim_rrt_planner
[0.916s] copying /root/Shared/build/multidim_rrt_planner/build/lib/multidim_rrt_planner/map_frame_pub.py -> /root/Shared/install/multidim_rrt_planner/lib/python3.10/site-packages/multidim_rrt_planner
[0.916s] copying /root/Shared/build/multidim_rrt_planner/build/lib/multidim_rrt_planner/TreeNode.py -> /root/Shared/install/multidim_rrt_planner/lib/python3.10/site-packages/multidim_rrt_planner
[0.917s] copying /root/Shared/build/multidim_rrt_planner/build/lib/multidim_rrt_planner/occupancy_pub.py -> /root/Shared/install/multidim_rrt_planner/lib/python3.10/site-packages/multidim_rrt_planner
[0.917s] byte-compiling /root/Shared/install/multidim_rrt_planner/lib/python3.10/site-packages/multidim_rrt_planner/obstacle_pub_3D.py to obstacle_pub_3D.cpython-310.pyc
[0.917s] byte-compiling /root/Shared/install/multidim_rrt_planner/lib/python3.10/site-packages/multidim_rrt_planner/__init__.py to __init__.cpython-310.pyc
[0.918s] byte-compiling /root/Shared/install/multidim_rrt_planner/lib/python3.10/site-packages/multidim_rrt_planner/Marker.py to Marker.cpython-310.pyc
[0.918s] byte-compiling /root/Shared/install/multidim_rrt_planner/lib/python3.10/site-packages/multidim_rrt_planner/rrt3D.py to rrt3D.cpython-310.pyc
[0.919s] byte-compiling /root/Shared/install/multidim_rrt_planner/lib/python3.10/site-packages/multidim_rrt_planner/rrt2D.py to rrt2D.cpython-310.pyc
[0.921s] byte-compiling /root/Shared/install/multidim_rrt_planner/lib/python3.10/site-packages/multidim_rrt_planner/obstacle_pub_2D.py to obstacle_pub_2D.cpython-310.pyc
[0.921s] byte-compiling /root/Shared/install/multidim_rrt_planner/lib/python3.10/site-packages/multidim_rrt_planner/map_frame_pub.py to map_frame_pub.cpython-310.pyc
[0.922s] byte-compiling /root/Shared/install/multidim_rrt_planner/lib/python3.10/site-packages/multidim_rrt_planner/TreeNode.py to TreeNode.cpython-310.pyc
[0.922s] byte-compiling /root/Shared/install/multidim_rrt_planner/lib/python3.10/site-packages/multidim_rrt_planner/occupancy_pub.py to occupancy_pub.cpython-310.pyc
[0.922s] running install_data
[0.922s] creating /root/Shared/install/multidim_rrt_planner/share/ament_index
[0.922s] creating /root/Shared/install/multidim_rrt_planner/share/ament_index/resource_index
[0.922s] creating /root/Shared/install/multidim_rrt_planner/share/ament_index/resource_index/packages
[0.922s] copying resource/multidim_rrt_planner -> /root/Shared/install/multidim_rrt_planner/share/ament_index/resource_index/packages
[0.922s] copying package.xml -> /root/Shared/install/multidim_rrt_planner/share/multidim_rrt_planner
[0.923s] creating /root/Shared/install/multidim_rrt_planner/share/multidim_rrt_planner/launch
[0.923s] copying launch/rrt2Dlaunch.xml -> /root/Shared/install/multidim_rrt_planner/share/multidim_rrt_planner/launch
[0.923s] copying launch/rrt3Dlaunch.xml -> /root/Shared/install/multidim_rrt_planner/share/multidim_rrt_planner/launch
[0.923s] creating /root/Shared/install/multidim_rrt_planner/share/multidim_rrt_planner/config
[0.923s] copying config/rrt2Dconfig.rviz -> /root/Shared/install/multidim_rrt_planner/share/multidim_rrt_planner/config
[0.923s] copying config/rrt3Dconfig.rviz -> /root/Shared/install/multidim_rrt_planner/share/multidim_rrt_planner/config
[0.923s] running install_egg_info
[0.924s] Copying ../../build/multidim_rrt_planner/multidim_rrt_planner.egg-info to /root/Shared/install/multidim_rrt_planner/lib/python3.10/site-packages/multidim_rrt_planner-0.0.7-py3.10.egg-info
[0.925s] running install_scripts
[0.945s] Installing map_frame_pub script to /root/Shared/install/multidim_rrt_planner/lib/multidim_rrt_planner
[0.945s] Installing obstacle_pub_2D script to /root/Shared/install/multidim_rrt_planner/lib/multidim_rrt_planner
[0.945s] Installing obstacle_pub_3D script to /root/Shared/install/multidim_rrt_planner/lib/multidim_rrt_planner
[0.945s] Installing occupancy_pub script to /root/Shared/install/multidim_rrt_planner/lib/multidim_rrt_planner
[0.946s] Installing rrt2D script to /root/Shared/install/multidim_rrt_planner/lib/multidim_rrt_planner
[0.946s] Installing rrt3D script to /root/Shared/install/multidim_rrt_planner/lib/multidim_rrt_planner
[0.946s] writing list of installed files to '/root/Shared/build/multidim_rrt_planner/install.log'
[0.969s] Invoked command in '/root/Shared/src/multidim_rrt_planner' returned '0': PYTHONPATH=/root/Shared/build/multidim_rrt_planner/prefix_override:/usr/lib/python3/dist-packages/colcon_core/task/python/colcon_distutils_commands:/root/Shared/install/multidim_rrt_planner/lib/python3.10/site-packages:${PYTHONPATH} /usr/bin/python3 -W ignore:setup.py install is deprecated -W ignore:easy_install command is deprecated setup.py egg_info --egg-base ../../build/multidim_rrt_planner build --build-base /root/Shared/build/multidim_rrt_planner/build install --record /root/Shared/build/multidim_rrt_planner/install.log --single-version-externally-managed install_data
