running egg_info
creating ../../build/kinematics_mh12/kinematics_mh12.egg-info
writing ../../build/kinematics_mh12/kinematics_mh12.egg-info/PKG-INFO
writing dependency_links to ../../build/kinematics_mh12/kinematics_mh12.egg-info/dependency_links.txt
writing entry points to ../../build/kinematics_mh12/kinematics_mh12.egg-info/entry_points.txt
writing requirements to ../../build/kinematics_mh12/kinematics_mh12.egg-info/requires.txt
writing top-level names to ../../build/kinematics_mh12/kinematics_mh12.egg-info/top_level.txt
writing manifest file '../../build/kinematics_mh12/kinematics_mh12.egg-info/SOURCES.txt'
reading manifest file '../../build/kinematics_mh12/kinematics_mh12.egg-info/SOURCES.txt'
writing manifest file '../../build/kinematics_mh12/kinematics_mh12.egg-info/SOURCES.txt'
running build
running build_py
creating /ros/Kinematics_Lab/UR_ws/build/kinematics_mh12/build
creating /ros/Kinematics_Lab/UR_ws/build/kinematics_mh12/build/lib
creating /ros/Kinematics_Lab/UR_ws/build/kinematics_mh12/build/lib/kinematics_mh12
copying kinematics_mh12/inv_kinematics_mh12.py -> /ros/Kinematics_Lab/UR_ws/build/kinematics_mh12/build/lib/kinematics_mh12
copying kinematics_mh12/__init__.py -> /ros/Kinematics_Lab/UR_ws/build/kinematics_mh12/build/lib/kinematics_mh12
copying kinematics_mh12/fw_kinematics_mh12.py -> /ros/Kinematics_Lab/UR_ws/build/kinematics_mh12/build/lib/kinematics_mh12
running install
running install_lib
creating /ros/Kinematics_Lab/UR_ws/install/kinematics_mh12/lib/python3.12/site-packages/kinematics_mh12
copying /ros/Kinematics_Lab/UR_ws/build/kinematics_mh12/build/lib/kinematics_mh12/inv_kinematics_mh12.py -> /ros/Kinematics_Lab/UR_ws/install/kinematics_mh12/lib/python3.12/site-packages/kinematics_mh12
copying /ros/Kinematics_Lab/UR_ws/build/kinematics_mh12/build/lib/kinematics_mh12/__init__.py -> /ros/Kinematics_Lab/UR_ws/install/kinematics_mh12/lib/python3.12/site-packages/kinematics_mh12
copying /ros/Kinematics_Lab/UR_ws/build/kinematics_mh12/build/lib/kinematics_mh12/fw_kinematics_mh12.py -> /ros/Kinematics_Lab/UR_ws/install/kinematics_mh12/lib/python3.12/site-packages/kinematics_mh12
byte-compiling /ros/Kinematics_Lab/UR_ws/install/kinematics_mh12/lib/python3.12/site-packages/kinematics_mh12/inv_kinematics_mh12.py to inv_kinematics_mh12.cpython-312.pyc
byte-compiling /ros/Kinematics_Lab/UR_ws/install/kinematics_mh12/lib/python3.12/site-packages/kinematics_mh12/__init__.py to __init__.cpython-312.pyc
byte-compiling /ros/Kinematics_Lab/UR_ws/install/kinematics_mh12/lib/python3.12/site-packages/kinematics_mh12/fw_kinematics_mh12.py to fw_kinematics_mh12.cpython-312.pyc
running install_data
creating /ros/Kinematics_Lab/UR_ws/install/kinematics_mh12/share/ament_index
creating /ros/Kinematics_Lab/UR_ws/install/kinematics_mh12/share/ament_index/resource_index
creating /ros/Kinematics_Lab/UR_ws/install/kinematics_mh12/share/ament_index/resource_index/packages
copying resource/kinematics_mh12 -> /ros/Kinematics_Lab/UR_ws/install/kinematics_mh12/share/ament_index/resource_index/packages
copying package.xml -> /ros/Kinematics_Lab/UR_ws/install/kinematics_mh12/share/kinematics_mh12
running install_egg_info
Copying ../../build/kinematics_mh12/kinematics_mh12.egg-info to /ros/Kinematics_Lab/UR_ws/install/kinematics_mh12/lib/python3.12/site-packages/kinematics_mh12-0.0.0-py3.12.egg-info
running install_scripts
Installing forward script to /ros/Kinematics_Lab/UR_ws/install/kinematics_mh12/lib/kinematics_mh12
Installing inverse script to /ros/Kinematics_Lab/UR_ws/install/kinematics_mh12/lib/kinematics_mh12
writing list of installed files to '/ros/Kinematics_Lab/UR_ws/build/kinematics_mh12/install.log'
