[0.762s] Invoking command in '/ros/Kinematics_Lab/UR_ws/src/kinematics_mh12': PYTHONPATH=/ros/Kinematics_Lab/UR_ws/build/kinematics_mh12/prefix_override:/usr/lib/python3/dist-packages/colcon_core/task/python/colcon_distutils_commands:/ros/Kinematics_Lab/UR_ws/install/kinematics_mh12/lib/python3.12/site-packages:${PYTHONPATH} /usr/bin/python3 -W ignore:setup.py install is deprecated -W ignore:easy_install command is deprecated setup.py egg_info --egg-base ../../build/kinematics_mh12 build --build-base /ros/Kinematics_Lab/UR_ws/build/kinematics_mh12/build install --record /ros/Kinematics_Lab/UR_ws/build/kinematics_mh12/install.log --single-version-externally-managed install_data
[1.026s] running egg_info
[1.026s] creating ../../build/kinematics_mh12/kinematics_mh12.egg-info
[1.044s] writing ../../build/kinematics_mh12/kinematics_mh12.egg-info/PKG-INFO
[1.044s] writing dependency_links to ../../build/kinematics_mh12/kinematics_mh12.egg-info/dependency_links.txt
[1.044s] writing entry points to ../../build/kinematics_mh12/kinematics_mh12.egg-info/entry_points.txt
[1.044s] writing requirements to ../../build/kinematics_mh12/kinematics_mh12.egg-info/requires.txt
[1.044s] writing top-level names to ../../build/kinematics_mh12/kinematics_mh12.egg-info/top_level.txt
[1.044s] writing manifest file '../../build/kinematics_mh12/kinematics_mh12.egg-info/SOURCES.txt'
[1.082s] reading manifest file '../../build/kinematics_mh12/kinematics_mh12.egg-info/SOURCES.txt'
[1.083s] writing manifest file '../../build/kinematics_mh12/kinematics_mh12.egg-info/SOURCES.txt'
[1.083s] running build
[1.083s] running build_py
[1.083s] creating /ros/Kinematics_Lab/UR_ws/build/kinematics_mh12/build
[1.083s] creating /ros/Kinematics_Lab/UR_ws/build/kinematics_mh12/build/lib
[1.083s] creating /ros/Kinematics_Lab/UR_ws/build/kinematics_mh12/build/lib/kinematics_mh12
[1.084s] copying kinematics_mh12/inv_kinematics_mh12.py -> /ros/Kinematics_Lab/UR_ws/build/kinematics_mh12/build/lib/kinematics_mh12
[1.084s] copying kinematics_mh12/__init__.py -> /ros/Kinematics_Lab/UR_ws/build/kinematics_mh12/build/lib/kinematics_mh12
[1.084s] copying kinematics_mh12/fw_kinematics_mh12.py -> /ros/Kinematics_Lab/UR_ws/build/kinematics_mh12/build/lib/kinematics_mh12
[1.084s] running install
[1.093s] running install_lib
[1.110s] creating /ros/Kinematics_Lab/UR_ws/install/kinematics_mh12/lib/python3.12/site-packages/kinematics_mh12
[1.111s] copying /ros/Kinematics_Lab/UR_ws/build/kinematics_mh12/build/lib/kinematics_mh12/inv_kinematics_mh12.py -> /ros/Kinematics_Lab/UR_ws/install/kinematics_mh12/lib/python3.12/site-packages/kinematics_mh12
[1.111s] copying /ros/Kinematics_Lab/UR_ws/build/kinematics_mh12/build/lib/kinematics_mh12/__init__.py -> /ros/Kinematics_Lab/UR_ws/install/kinematics_mh12/lib/python3.12/site-packages/kinematics_mh12
[1.111s] copying /ros/Kinematics_Lab/UR_ws/build/kinematics_mh12/build/lib/kinematics_mh12/fw_kinematics_mh12.py -> /ros/Kinematics_Lab/UR_ws/install/kinematics_mh12/lib/python3.12/site-packages/kinematics_mh12
[1.111s] byte-compiling /ros/Kinematics_Lab/UR_ws/install/kinematics_mh12/lib/python3.12/site-packages/kinematics_mh12/inv_kinematics_mh12.py to inv_kinematics_mh12.cpython-312.pyc
[1.111s] byte-compiling /ros/Kinematics_Lab/UR_ws/install/kinematics_mh12/lib/python3.12/site-packages/kinematics_mh12/__init__.py to __init__.cpython-312.pyc
[1.111s] byte-compiling /ros/Kinematics_Lab/UR_ws/install/kinematics_mh12/lib/python3.12/site-packages/kinematics_mh12/fw_kinematics_mh12.py to fw_kinematics_mh12.cpython-312.pyc
[1.112s] running install_data
[1.112s] creating /ros/Kinematics_Lab/UR_ws/install/kinematics_mh12/share/ament_index
[1.112s] creating /ros/Kinematics_Lab/UR_ws/install/kinematics_mh12/share/ament_index/resource_index
[1.112s] creating /ros/Kinematics_Lab/UR_ws/install/kinematics_mh12/share/ament_index/resource_index/packages
[1.112s] copying resource/kinematics_mh12 -> /ros/Kinematics_Lab/UR_ws/install/kinematics_mh12/share/ament_index/resource_index/packages
[1.112s] copying package.xml -> /ros/Kinematics_Lab/UR_ws/install/kinematics_mh12/share/kinematics_mh12
[1.112s] running install_egg_info
[1.134s] Copying ../../build/kinematics_mh12/kinematics_mh12.egg-info to /ros/Kinematics_Lab/UR_ws/install/kinematics_mh12/lib/python3.12/site-packages/kinematics_mh12-0.0.0-py3.12.egg-info
[1.134s] running install_scripts
[1.268s] Installing forward script to /ros/Kinematics_Lab/UR_ws/install/kinematics_mh12/lib/kinematics_mh12
[1.268s] Installing inverse script to /ros/Kinematics_Lab/UR_ws/install/kinematics_mh12/lib/kinematics_mh12
[1.268s] writing list of installed files to '/ros/Kinematics_Lab/UR_ws/build/kinematics_mh12/install.log'
[1.295s] Invoked command in '/ros/Kinematics_Lab/UR_ws/src/kinematics_mh12' returned '0': PYTHONPATH=/ros/Kinematics_Lab/UR_ws/build/kinematics_mh12/prefix_override:/usr/lib/python3/dist-packages/colcon_core/task/python/colcon_distutils_commands:/ros/Kinematics_Lab/UR_ws/install/kinematics_mh12/lib/python3.12/site-packages:${PYTHONPATH} /usr/bin/python3 -W ignore:setup.py install is deprecated -W ignore:easy_install command is deprecated setup.py egg_info --egg-base ../../build/kinematics_mh12 build --build-base /ros/Kinematics_Lab/UR_ws/build/kinematics_mh12/build install --record /ros/Kinematics_Lab/UR_ws/build/kinematics_mh12/install.log --single-version-externally-managed install_data
