[0.195s] Invoking command in '/ros/UR_ws/build/kuka_robot': CMAKE_PREFIX_PATH=${CMAKE_PREFIX_PATH}:/opt/ros/jazzy /usr/bin/cmake --build /ros/UR_ws/build/kuka_robot -- -j12 -l12
[0.383s] Invoked command in '/ros/UR_ws/build/kuka_robot' returned '0': CMAKE_PREFIX_PATH=${CMAKE_PREFIX_PATH}:/opt/ros/jazzy /usr/bin/cmake --build /ros/UR_ws/build/kuka_robot -- -j12 -l12
[0.390s] Invoking command in '/ros/UR_ws/build/kuka_robot': CMAKE_PREFIX_PATH=${CMAKE_PREFIX_PATH}:/opt/ros/jazzy /usr/bin/cmake --install /ros/UR_ws/build/kuka_robot
[0.397s] -- Install configuration: ""
[0.397s] -- Up-to-date: /ros/UR_ws/install/kuka_robot/share/kuka_robot/launch
[0.397s] -- Up-to-date: /ros/UR_ws/install/kuka_robot/share/kuka_robot/launch/kr6r700_test.launch.py
[0.398s] -- Up-to-date: /ros/UR_ws/install/kuka_robot/share/kuka_robot/launch/kr6r900_test.launch.py
[0.398s] -- Up-to-date: /ros/UR_ws/install/kuka_robot/share/kuka_robot/launch/load_kr6r700sixx.launch
[0.398s] -- Up-to-date: /ros/UR_ws/install/kuka_robot/share/kuka_robot/launch/test_kr6r700sixx.launch
[0.398s] -- Up-to-date: /ros/UR_ws/install/kuka_robot/share/kuka_robot/meshes
[0.398s] -- Up-to-date: /ros/UR_ws/install/kuka_robot/share/kuka_robot/meshes/kr6_agilus
[0.398s] -- Up-to-date: /ros/UR_ws/install/kuka_robot/share/kuka_robot/meshes/kr6_agilus/visual
[0.398s] -- Up-to-date: /ros/UR_ws/install/kuka_robot/share/kuka_robot/meshes/kr6_agilus/visual/link_3.dae
[0.399s] -- Up-to-date: /ros/UR_ws/install/kuka_robot/share/kuka_robot/meshes/kr6_agilus/visual/link_1.dae
[0.399s] -- Up-to-date: /ros/UR_ws/install/kuka_robot/share/kuka_robot/meshes/kr6_agilus/visual/base_link.dae
[0.399s] -- Up-to-date: /ros/UR_ws/install/kuka_robot/share/kuka_robot/meshes/kr6_agilus/visual/link_5.dae
[0.399s] -- Up-to-date: /ros/UR_ws/install/kuka_robot/share/kuka_robot/meshes/kr6_agilus/visual/link_6.dae
[0.399s] -- Up-to-date: /ros/UR_ws/install/kuka_robot/share/kuka_robot/meshes/kr6_agilus/collision
[0.399s] -- Up-to-date: /ros/UR_ws/install/kuka_robot/share/kuka_robot/meshes/kr6_agilus/collision/link_3.stl
[0.399s] -- Up-to-date: /ros/UR_ws/install/kuka_robot/share/kuka_robot/meshes/kr6_agilus/collision/link_5.stl
[0.399s] -- Up-to-date: /ros/UR_ws/install/kuka_robot/share/kuka_robot/meshes/kr6_agilus/collision/link_6.stl
[0.399s] -- Up-to-date: /ros/UR_ws/install/kuka_robot/share/kuka_robot/meshes/kr6_agilus/collision/base_link.stl
[0.400s] -- Up-to-date: /ros/UR_ws/install/kuka_robot/share/kuka_robot/meshes/kr6_agilus/collision/link_1.stl
[0.400s] -- Up-to-date: /ros/UR_ws/install/kuka_robot/share/kuka_robot/meshes/kr10r900_2
[0.400s] -- Up-to-date: /ros/UR_ws/install/kuka_robot/share/kuka_robot/meshes/kr10r900_2/visual
[0.400s] -- Up-to-date: /ros/UR_ws/install/kuka_robot/share/kuka_robot/meshes/kr10r900_2/visual/link_3.stl
[0.400s] -- Up-to-date: /ros/UR_ws/install/kuka_robot/share/kuka_robot/meshes/kr10r900_2/visual/link_2.stl
[0.400s] -- Up-to-date: /ros/UR_ws/install/kuka_robot/share/kuka_robot/meshes/kr10r900_2/visual/link_5.stl
[0.400s] -- Up-to-date: /ros/UR_ws/install/kuka_robot/share/kuka_robot/meshes/kr10r900_2/visual/link_6.stl
[0.400s] -- Up-to-date: /ros/UR_ws/install/kuka_robot/share/kuka_robot/meshes/kr10r900_2/visual/link_4.stl
[0.401s] -- Up-to-date: /ros/UR_ws/install/kuka_robot/share/kuka_robot/meshes/kr10r900_2/visual/base_link.stl
[0.401s] -- Up-to-date: /ros/UR_ws/install/kuka_robot/share/kuka_robot/meshes/kr10r900_2/visual/link_1.stl
[0.401s] -- Up-to-date: /ros/UR_ws/install/kuka_robot/share/kuka_robot/meshes/kr10r900_2/collision
[0.401s] -- Up-to-date: /ros/UR_ws/install/kuka_robot/share/kuka_robot/meshes/kr10r900_2/collision/link_3.stl
[0.401s] -- Up-to-date: /ros/UR_ws/install/kuka_robot/share/kuka_robot/meshes/kr10r900_2/collision/link_2.stl
[0.401s] -- Up-to-date: /ros/UR_ws/install/kuka_robot/share/kuka_robot/meshes/kr10r900_2/collision/link_5.stl
[0.401s] -- Up-to-date: /ros/UR_ws/install/kuka_robot/share/kuka_robot/meshes/kr10r900_2/collision/link_6.stl
[0.401s] -- Up-to-date: /ros/UR_ws/install/kuka_robot/share/kuka_robot/meshes/kr10r900_2/collision/link_4.stl
[0.402s] -- Up-to-date: /ros/UR_ws/install/kuka_robot/share/kuka_robot/meshes/kr10r900_2/collision/base_link.stl
[0.402s] -- Up-to-date: /ros/UR_ws/install/kuka_robot/share/kuka_robot/meshes/kr10r900_2/collision/link_1.stl
[0.402s] -- Up-to-date: /ros/UR_ws/install/kuka_robot/share/kuka_robot/meshes/kr6r900sixx
[0.402s] -- Up-to-date: /ros/UR_ws/install/kuka_robot/share/kuka_robot/meshes/kr6r900sixx/visual
[0.402s] -- Up-to-date: /ros/UR_ws/install/kuka_robot/share/kuka_robot/meshes/kr6r900sixx/visual/link_4.dae
[0.402s] -- Up-to-date: /ros/UR_ws/install/kuka_robot/share/kuka_robot/meshes/kr6r900sixx/visual/link_2.dae
[0.402s] -- Up-to-date: /ros/UR_ws/install/kuka_robot/share/kuka_robot/meshes/kr6r900sixx/collision
[0.402s] -- Up-to-date: /ros/UR_ws/install/kuka_robot/share/kuka_robot/meshes/kr6r900sixx/collision/link_2.stl
[0.402s] -- Up-to-date: /ros/UR_ws/install/kuka_robot/share/kuka_robot/meshes/kr6r900sixx/collision/link_4.stl
[0.403s] -- Up-to-date: /ros/UR_ws/install/kuka_robot/share/kuka_robot/meshes/kr6r700sixx
[0.403s] -- Up-to-date: /ros/UR_ws/install/kuka_robot/share/kuka_robot/meshes/kr6r700sixx/visual
[0.403s] -- Up-to-date: /ros/UR_ws/install/kuka_robot/share/kuka_robot/meshes/kr6r700sixx/visual/link_4.dae
[0.403s] -- Up-to-date: /ros/UR_ws/install/kuka_robot/share/kuka_robot/meshes/kr6r700sixx/visual/link_2.dae
[0.403s] -- Up-to-date: /ros/UR_ws/install/kuka_robot/share/kuka_robot/meshes/kr6r700sixx/collision
[0.403s] -- Up-to-date: /ros/UR_ws/install/kuka_robot/share/kuka_robot/meshes/kr6r700sixx/collision/link_2.stl
[0.403s] -- Up-to-date: /ros/UR_ws/install/kuka_robot/share/kuka_robot/meshes/kr6r700sixx/collision/link_4.stl
[0.403s] -- Up-to-date: /ros/UR_ws/install/kuka_robot/share/kuka_robot/rviz
[0.404s] -- Up-to-date: /ros/UR_ws/install/kuka_robot/share/kuka_robot/rviz/robot_state_visualize.rviz
[0.404s] -- Up-to-date: /ros/UR_ws/install/kuka_robot/share/kuka_robot/urdf
[0.404s] -- Up-to-date: /ros/UR_ws/install/kuka_robot/share/kuka_robot/urdf/common_constants.xacro
[0.404s] -- Up-to-date: /ros/UR_ws/install/kuka_robot/share/kuka_robot/urdf/kr6r700sixx_macro.xacro
[0.404s] -- Up-to-date: /ros/UR_ws/install/kuka_robot/share/kuka_robot/urdf/kr6r900sixx_macro.xacro
[0.404s] -- Up-to-date: /ros/UR_ws/install/kuka_robot/share/kuka_robot/urdf/common_colours.xacro
[0.405s] -- Up-to-date: /ros/UR_ws/install/kuka_robot/share/kuka_robot/urdf/kr6r900_2.xacro
[0.405s] -- Up-to-date: /ros/UR_ws/install/kuka_robot/share/kuka_robot/urdf/kr6r900sixx.xacro
[0.405s] -- Up-to-date: /ros/UR_ws/install/kuka_robot/share/kuka_robot/urdf/common_materials.xacro
[0.405s] -- Up-to-date: /ros/UR_ws/install/kuka_robot/share/kuka_robot/urdf/kr6r700sixx.xacro
[0.405s] -- Up-to-date: /ros/UR_ws/install/kuka_robot/share/kuka_robot/urdf/kr6r900_2_macro.xacro
[0.406s] -- Up-to-date: /ros/UR_ws/install/kuka_robot/share/ament_index/resource_index/package_run_dependencies/kuka_robot
[0.406s] -- Up-to-date: /ros/UR_ws/install/kuka_robot/share/ament_index/resource_index/parent_prefix_path/kuka_robot
[0.406s] -- Up-to-date: /ros/UR_ws/install/kuka_robot/share/kuka_robot/environment/ament_prefix_path.sh
[0.406s] -- Up-to-date: /ros/UR_ws/install/kuka_robot/share/kuka_robot/environment/ament_prefix_path.dsv
[0.406s] -- Up-to-date: /ros/UR_ws/install/kuka_robot/share/kuka_robot/environment/path.sh
[0.407s] -- Up-to-date: /ros/UR_ws/install/kuka_robot/share/kuka_robot/environment/path.dsv
[0.407s] -- Up-to-date: /ros/UR_ws/install/kuka_robot/share/kuka_robot/local_setup.bash
[0.407s] -- Up-to-date: /ros/UR_ws/install/kuka_robot/share/kuka_robot/local_setup.sh
[0.407s] -- Up-to-date: /ros/UR_ws/install/kuka_robot/share/kuka_robot/local_setup.zsh
[0.407s] -- Up-to-date: /ros/UR_ws/install/kuka_robot/share/kuka_robot/local_setup.dsv
[0.407s] -- Installing: /ros/UR_ws/install/kuka_robot/share/kuka_robot/package.dsv
[0.407s] -- Up-to-date: /ros/UR_ws/install/kuka_robot/share/ament_index/resource_index/packages/kuka_robot
[0.408s] -- Up-to-date: /ros/UR_ws/install/kuka_robot/share/kuka_robot/cmake/kuka_robotConfig.cmake
[0.408s] -- Up-to-date: /ros/UR_ws/install/kuka_robot/share/kuka_robot/cmake/kuka_robotConfig-version.cmake
[0.408s] -- Up-to-date: /ros/UR_ws/install/kuka_robot/share/kuka_robot/package.xml
[0.408s] Invoked command in '/ros/UR_ws/build/kuka_robot' returned '0': CMAKE_PREFIX_PATH=${CMAKE_PREFIX_PATH}:/opt/ros/jazzy /usr/bin/cmake --install /ros/UR_ws/build/kuka_robot
