[0.104s] DEBUG:colcon:Command line arguments: ['/usr/bin/colcon', 'build']
[0.104s] DEBUG:colcon:Parsed command line arguments: Namespace(log_base=None, log_level=None, verb_name='build', build_base='build', install_base='install', merge_install=False, symlink_install=False, test_result_base=None, continue_on_error=False, executor='parallel', parallel_workers=12, event_handlers=None, ignore_user_meta=False, metas=['./colcon.meta'], base_paths=['.'], packages_ignore=None, packages_ignore_regex=None, paths=None, packages_up_to=None, packages_up_to_regex=None, packages_above=None, packages_above_and_dependencies=None, packages_above_depth=None, packages_select_by_dep=None, packages_skip_by_dep=None, packages_skip_up_to=None, packages_select_build_failed=False, packages_skip_build_finished=False, packages_select_test_failures=False, packages_skip_test_passed=False, packages_select=None, packages_skip=None, packages_select_regex=None, packages_skip_regex=None, packages_start=None, packages_end=None, cmake_args=None, cmake_target=None, cmake_target_skip_unavailable=False, cmake_clean_cache=False, cmake_clean_first=False, cmake_force_configure=False, ament_cmake_args=None, catkin_cmake_args=None, catkin_skip_building_tests=False, mixin_files=None, mixin=None, verb_parser=<colcon_mixin.mixin.mixin_argument.MixinArgumentDecorator object at 0x7f9f89bd0dc0>, verb_extension=<colcon_core.verb.build.BuildVerb object at 0x7f9f89bd08b0>, main=<bound method BuildVerb.main of <colcon_core.verb.build.BuildVerb object at 0x7f9f89bd08b0>>, mixin_verb=('build',))
[0.239s] Level 1:colcon.colcon_core.package_discovery:discover_packages(colcon_meta) check parameters
[0.240s] INFO:colcon.colcon_metadata.package_discovery.colcon_meta:Using configuration from '/root/.colcon/metadata/default/Gazebo.meta'
[0.240s] INFO:colcon.colcon_metadata.package_discovery.colcon_meta:Using configuration from '/root/.colcon/metadata/default/fastdds.meta'
[0.241s] INFO:colcon.colcon_metadata.package_discovery.colcon_meta:Using configuration from '/root/.colcon/metadata/default/fastrtps.meta'
[0.241s] Level 1:colcon.colcon_core.package_discovery:discover_packages(recursive) check parameters
[0.241s] Level 1:colcon.colcon_core.package_discovery:discover_packages(ignore) check parameters
[0.241s] Level 1:colcon.colcon_core.package_discovery:discover_packages(path) check parameters
[0.241s] Level 1:colcon.colcon_core.package_discovery:discover_packages(colcon_meta) discover
[0.241s] Level 1:colcon.colcon_core.package_discovery:discover_packages(recursive) discover
[0.241s] INFO:colcon.colcon_core.package_discovery:Crawling recursively for packages in '/root/Shared'
[0.241s] Level 1:colcon.colcon_core.package_identification:_identify(.) by extensions ['ignore', 'ignore_ament_install']
[0.241s] Level 1:colcon.colcon_core.package_identification:_identify(.) by extension 'ignore'
[0.241s] Level 1:colcon.colcon_core.package_identification:_identify(.) by extension 'ignore_ament_install'
[0.241s] Level 1:colcon.colcon_core.package_identification:_identify(.) by extensions ['colcon_pkg']
[0.241s] Level 1:colcon.colcon_core.package_identification:_identify(.) by extension 'colcon_pkg'
[0.241s] Level 1:colcon.colcon_core.package_identification:_identify(.) by extensions ['colcon_meta']
[0.241s] Level 1:colcon.colcon_core.package_identification:_identify(.) by extension 'colcon_meta'
[0.241s] Level 1:colcon.colcon_core.package_identification:_identify(.) by extensions ['ros']
[0.242s] Level 1:colcon.colcon_core.package_identification:_identify(.) by extension 'ros'
[0.251s] Level 1:colcon.colcon_core.package_identification:_identify(.) by extensions ['cmake', 'python']
[0.251s] Level 1:colcon.colcon_core.package_identification:_identify(.) by extension 'cmake'
[0.251s] Level 1:colcon.colcon_core.package_identification:_identify(.) by extension 'python'
[0.251s] Level 1:colcon.colcon_core.package_identification:_identify(.) by extensions ['python_setup_py']
[0.251s] Level 1:colcon.colcon_core.package_identification:_identify(.) by extension 'python_setup_py'
[0.251s] Level 1:colcon.colcon_core.package_identification:_identify(build) by extensions ['ignore', 'ignore_ament_install']
[0.251s] Level 1:colcon.colcon_core.package_identification:_identify(build) by extension 'ignore'
[0.251s] Level 1:colcon.colcon_core.package_identification:_identify(build) ignored
[0.251s] Level 1:colcon.colcon_core.package_identification:_identify(install) by extensions ['ignore', 'ignore_ament_install']
[0.252s] Level 1:colcon.colcon_core.package_identification:_identify(install) by extension 'ignore'
[0.252s] Level 1:colcon.colcon_core.package_identification:_identify(install) ignored
[0.252s] Level 1:colcon.colcon_core.package_identification:_identify(log) by extensions ['ignore', 'ignore_ament_install']
[0.252s] Level 1:colcon.colcon_core.package_identification:_identify(log) by extension 'ignore'
[0.252s] Level 1:colcon.colcon_core.package_identification:_identify(log) ignored
[0.252s] Level 1:colcon.colcon_core.package_identification:_identify(src) by extensions ['ignore', 'ignore_ament_install']
[0.252s] Level 1:colcon.colcon_core.package_identification:_identify(src) by extension 'ignore'
[0.252s] Level 1:colcon.colcon_core.package_identification:_identify(src) by extension 'ignore_ament_install'
[0.252s] Level 1:colcon.colcon_core.package_identification:_identify(src) by extensions ['colcon_pkg']
[0.252s] Level 1:colcon.colcon_core.package_identification:_identify(src) by extension 'colcon_pkg'
[0.252s] Level 1:colcon.colcon_core.package_identification:_identify(src) by extensions ['colcon_meta']
[0.252s] Level 1:colcon.colcon_core.package_identification:_identify(src) by extension 'colcon_meta'
[0.252s] Level 1:colcon.colcon_core.package_identification:_identify(src) by extensions ['ros']
[0.252s] Level 1:colcon.colcon_core.package_identification:_identify(src) by extension 'ros'
[0.252s] Level 1:colcon.colcon_core.package_identification:_identify(src) by extensions ['cmake', 'python']
[0.252s] Level 1:colcon.colcon_core.package_identification:_identify(src) by extension 'cmake'
[0.252s] Level 1:colcon.colcon_core.package_identification:_identify(src) by extension 'python'
[0.252s] Level 1:colcon.colcon_core.package_identification:_identify(src) by extensions ['python_setup_py']
[0.252s] Level 1:colcon.colcon_core.package_identification:_identify(src) by extension 'python_setup_py'
[0.253s] Level 1:colcon.colcon_core.package_identification:_identify(src/Path-Planning-Algorithms) by extensions ['ignore', 'ignore_ament_install']
[0.253s] Level 1:colcon.colcon_core.package_identification:_identify(src/Path-Planning-Algorithms) by extension 'ignore'
[0.253s] Level 1:colcon.colcon_core.package_identification:_identify(src/Path-Planning-Algorithms) by extension 'ignore_ament_install'
[0.253s] Level 1:colcon.colcon_core.package_identification:_identify(src/Path-Planning-Algorithms) by extensions ['colcon_pkg']
[0.253s] Level 1:colcon.colcon_core.package_identification:_identify(src/Path-Planning-Algorithms) by extension 'colcon_pkg'
[0.253s] Level 1:colcon.colcon_core.package_identification:_identify(src/Path-Planning-Algorithms) by extensions ['colcon_meta']
[0.253s] Level 1:colcon.colcon_core.package_identification:_identify(src/Path-Planning-Algorithms) by extension 'colcon_meta'
[0.253s] Level 1:colcon.colcon_core.package_identification:_identify(src/Path-Planning-Algorithms) by extensions ['ros']
[0.253s] Level 1:colcon.colcon_core.package_identification:_identify(src/Path-Planning-Algorithms) by extension 'ros'
[0.255s] DEBUG:colcon.colcon_core.package_identification:Package 'src/Path-Planning-Algorithms' with type 'ros.ament_python' and name 'pathplanners'
[0.255s] Level 1:colcon.colcon_core.package_identification:_identify(src/TurtleBot-RRT-Star) by extensions ['ignore', 'ignore_ament_install']
[0.255s] Level 1:colcon.colcon_core.package_identification:_identify(src/TurtleBot-RRT-Star) by extension 'ignore'
[0.255s] Level 1:colcon.colcon_core.package_identification:_identify(src/TurtleBot-RRT-Star) by extension 'ignore_ament_install'
[0.255s] Level 1:colcon.colcon_core.package_identification:_identify(src/TurtleBot-RRT-Star) by extensions ['colcon_pkg']
[0.255s] Level 1:colcon.colcon_core.package_identification:_identify(src/TurtleBot-RRT-Star) by extension 'colcon_pkg'
[0.255s] Level 1:colcon.colcon_core.package_identification:_identify(src/TurtleBot-RRT-Star) by extensions ['colcon_meta']
[0.255s] Level 1:colcon.colcon_core.package_identification:_identify(src/TurtleBot-RRT-Star) by extension 'colcon_meta'
[0.255s] Level 1:colcon.colcon_core.package_identification:_identify(src/TurtleBot-RRT-Star) by extensions ['ros']
[0.256s] Level 1:colcon.colcon_core.package_identification:_identify(src/TurtleBot-RRT-Star) by extension 'ros'
[0.257s] DEBUG:colcon.colcon_core.package_identification:Package 'src/TurtleBot-RRT-Star' with type 'ros.ament_cmake' and name 'nav2_rrtstar_planner'
[0.257s] Level 1:colcon.colcon_core.package_identification:_identify(src/custom_interfaces) by extensions ['ignore', 'ignore_ament_install']
[0.257s] Level 1:colcon.colcon_core.package_identification:_identify(src/custom_interfaces) by extension 'ignore'
[0.257s] Level 1:colcon.colcon_core.package_identification:_identify(src/custom_interfaces) by extension 'ignore_ament_install'
[0.257s] Level 1:colcon.colcon_core.package_identification:_identify(src/custom_interfaces) by extensions ['colcon_pkg']
[0.257s] Level 1:colcon.colcon_core.package_identification:_identify(src/custom_interfaces) by extension 'colcon_pkg'
[0.257s] Level 1:colcon.colcon_core.package_identification:_identify(src/custom_interfaces) by extensions ['colcon_meta']
[0.258s] Level 1:colcon.colcon_core.package_identification:_identify(src/custom_interfaces) by extension 'colcon_meta'
[0.258s] Level 1:colcon.colcon_core.package_identification:_identify(src/custom_interfaces) by extensions ['ros']
[0.258s] Level 1:colcon.colcon_core.package_identification:_identify(src/custom_interfaces) by extension 'ros'
[0.258s] DEBUG:colcon.colcon_core.package_identification:Package 'src/custom_interfaces' with type 'ros.ament_cmake' and name 'custom_interfaces'
[0.258s] Level 1:colcon.colcon_core.package_identification:_identify(src/multidim_rrt_planner) by extensions ['ignore', 'ignore_ament_install']
[0.258s] Level 1:colcon.colcon_core.package_identification:_identify(src/multidim_rrt_planner) by extension 'ignore'
[0.258s] Level 1:colcon.colcon_core.package_identification:_identify(src/multidim_rrt_planner) by extension 'ignore_ament_install'
[0.258s] Level 1:colcon.colcon_core.package_identification:_identify(src/multidim_rrt_planner) by extensions ['colcon_pkg']
[0.258s] Level 1:colcon.colcon_core.package_identification:_identify(src/multidim_rrt_planner) by extension 'colcon_pkg'
[0.258s] Level 1:colcon.colcon_core.package_identification:_identify(src/multidim_rrt_planner) by extensions ['colcon_meta']
[0.258s] Level 1:colcon.colcon_core.package_identification:_identify(src/multidim_rrt_planner) by extension 'colcon_meta'
[0.258s] Level 1:colcon.colcon_core.package_identification:_identify(src/multidim_rrt_planner) by extensions ['ros']
[0.258s] Level 1:colcon.colcon_core.package_identification:_identify(src/multidim_rrt_planner) by extension 'ros'
[0.259s] DEBUG:colcon.colcon_core.package_identification:Package 'src/multidim_rrt_planner' with type 'ros.ament_python' and name 'multidim_rrt_planner'
[0.259s] Level 1:colcon.colcon_core.package_discovery:discover_packages(recursive) using defaults
[0.259s] Level 1:colcon.colcon_core.package_discovery:discover_packages(ignore) discover
[0.259s] Level 1:colcon.colcon_core.package_discovery:discover_packages(ignore) using defaults
[0.259s] Level 1:colcon.colcon_core.package_discovery:discover_packages(path) discover
[0.259s] Level 1:colcon.colcon_core.package_discovery:discover_packages(path) using defaults
[0.277s] Level 5:colcon.colcon_core.verb:set package 'custom_interfaces' build argument 'cmake_args' from command line to 'None'
[0.277s] Level 5:colcon.colcon_core.verb:set package 'custom_interfaces' build argument 'cmake_target' from command line to 'None'
[0.277s] Level 5:colcon.colcon_core.verb:set package 'custom_interfaces' build argument 'cmake_target_skip_unavailable' from command line to 'False'
[0.277s] Level 5:colcon.colcon_core.verb:set package 'custom_interfaces' build argument 'cmake_clean_cache' from command line to 'False'
[0.277s] Level 5:colcon.colcon_core.verb:set package 'custom_interfaces' build argument 'cmake_clean_first' from command line to 'False'
[0.277s] Level 5:colcon.colcon_core.verb:set package 'custom_interfaces' build argument 'cmake_force_configure' from command line to 'False'
[0.277s] Level 5:colcon.colcon_core.verb:set package 'custom_interfaces' build argument 'ament_cmake_args' from command line to 'None'
[0.277s] Level 5:colcon.colcon_core.verb:set package 'custom_interfaces' build argument 'catkin_cmake_args' from command line to 'None'
[0.277s] Level 5:colcon.colcon_core.verb:set package 'custom_interfaces' build argument 'catkin_skip_building_tests' from command line to 'False'
[0.277s] DEBUG:colcon.colcon_core.verb:Building package 'custom_interfaces' with the following arguments: {'ament_cmake_args': None, 'build_base': '/root/Shared/build/custom_interfaces', 'catkin_cmake_args': None, 'catkin_skip_building_tests': False, 'cmake_args': None, 'cmake_clean_cache': False, 'cmake_clean_first': False, 'cmake_force_configure': False, 'cmake_target': None, 'cmake_target_skip_unavailable': False, 'install_base': '/root/Shared/install/custom_interfaces', 'merge_install': False, 'path': '/root/Shared/src/custom_interfaces', 'symlink_install': False, 'test_result_base': None}
[0.278s] Level 5:colcon.colcon_core.verb:set package 'multidim_rrt_planner' build argument 'cmake_args' from command line to 'None'
[0.278s] Level 5:colcon.colcon_core.verb:set package 'multidim_rrt_planner' build argument 'cmake_target' from command line to 'None'
[0.278s] Level 5:colcon.colcon_core.verb:set package 'multidim_rrt_planner' build argument 'cmake_target_skip_unavailable' from command line to 'False'
[0.278s] Level 5:colcon.colcon_core.verb:set package 'multidim_rrt_planner' build argument 'cmake_clean_cache' from command line to 'False'
[0.278s] Level 5:colcon.colcon_core.verb:set package 'multidim_rrt_planner' build argument 'cmake_clean_first' from command line to 'False'
[0.278s] Level 5:colcon.colcon_core.verb:set package 'multidim_rrt_planner' build argument 'cmake_force_configure' from command line to 'False'
[0.278s] Level 5:colcon.colcon_core.verb:set package 'multidim_rrt_planner' build argument 'ament_cmake_args' from command line to 'None'
[0.278s] Level 5:colcon.colcon_core.verb:set package 'multidim_rrt_planner' build argument 'catkin_cmake_args' from command line to 'None'
[0.278s] Level 5:colcon.colcon_core.verb:set package 'multidim_rrt_planner' build argument 'catkin_skip_building_tests' from command line to 'False'
[0.278s] DEBUG:colcon.colcon_core.verb:Building package 'multidim_rrt_planner' with the following arguments: {'ament_cmake_args': None, 'build_base': '/root/Shared/build/multidim_rrt_planner', 'catkin_cmake_args': None, 'catkin_skip_building_tests': False, 'cmake_args': None, 'cmake_clean_cache': False, 'cmake_clean_first': False, 'cmake_force_configure': False, 'cmake_target': None, 'cmake_target_skip_unavailable': False, 'install_base': '/root/Shared/install/multidim_rrt_planner', 'merge_install': False, 'path': '/root/Shared/src/multidim_rrt_planner', 'symlink_install': False, 'test_result_base': None}
[0.278s] Level 5:colcon.colcon_core.verb:set package 'nav2_rrtstar_planner' build argument 'cmake_args' from command line to 'None'
[0.278s] Level 5:colcon.colcon_core.verb:set package 'nav2_rrtstar_planner' build argument 'cmake_target' from command line to 'None'
[0.278s] Level 5:colcon.colcon_core.verb:set package 'nav2_rrtstar_planner' build argument 'cmake_target_skip_unavailable' from command line to 'False'
[0.278s] Level 5:colcon.colcon_core.verb:set package 'nav2_rrtstar_planner' build argument 'cmake_clean_cache' from command line to 'False'
[0.278s] Level 5:colcon.colcon_core.verb:set package 'nav2_rrtstar_planner' build argument 'cmake_clean_first' from command line to 'False'
[0.278s] Level 5:colcon.colcon_core.verb:set package 'nav2_rrtstar_planner' build argument 'cmake_force_configure' from command line to 'False'
[0.279s] Level 5:colcon.colcon_core.verb:set package 'nav2_rrtstar_planner' build argument 'ament_cmake_args' from command line to 'None'
[0.279s] Level 5:colcon.colcon_core.verb:set package 'nav2_rrtstar_planner' build argument 'catkin_cmake_args' from command line to 'None'
[0.279s] Level 5:colcon.colcon_core.verb:set package 'nav2_rrtstar_planner' build argument 'catkin_skip_building_tests' from command line to 'False'
[0.279s] DEBUG:colcon.colcon_core.verb:Building package 'nav2_rrtstar_planner' with the following arguments: {'ament_cmake_args': None, 'build_base': '/root/Shared/build/nav2_rrtstar_planner', 'catkin_cmake_args': None, 'catkin_skip_building_tests': False, 'cmake_args': None, 'cmake_clean_cache': False, 'cmake_clean_first': False, 'cmake_force_configure': False, 'cmake_target': None, 'cmake_target_skip_unavailable': False, 'install_base': '/root/Shared/install/nav2_rrtstar_planner', 'merge_install': False, 'path': '/root/Shared/src/TurtleBot-RRT-Star', 'symlink_install': False, 'test_result_base': None}
[0.279s] Level 5:colcon.colcon_core.verb:set package 'pathplanners' build argument 'cmake_args' from command line to 'None'
[0.279s] Level 5:colcon.colcon_core.verb:set package 'pathplanners' build argument 'cmake_target' from command line to 'None'
[0.279s] Level 5:colcon.colcon_core.verb:set package 'pathplanners' build argument 'cmake_target_skip_unavailable' from command line to 'False'
[0.279s] Level 5:colcon.colcon_core.verb:set package 'pathplanners' build argument 'cmake_clean_cache' from command line to 'False'
[0.279s] Level 5:colcon.colcon_core.verb:set package 'pathplanners' build argument 'cmake_clean_first' from command line to 'False'
[0.279s] Level 5:colcon.colcon_core.verb:set package 'pathplanners' build argument 'cmake_force_configure' from command line to 'False'
[0.279s] Level 5:colcon.colcon_core.verb:set package 'pathplanners' build argument 'ament_cmake_args' from command line to 'None'
[0.279s] Level 5:colcon.colcon_core.verb:set package 'pathplanners' build argument 'catkin_cmake_args' from command line to 'None'
[0.279s] Level 5:colcon.colcon_core.verb:set package 'pathplanners' build argument 'catkin_skip_building_tests' from command line to 'False'
[0.279s] DEBUG:colcon.colcon_core.verb:Building package 'pathplanners' with the following arguments: {'ament_cmake_args': None, 'build_base': '/root/Shared/build/pathplanners', 'catkin_cmake_args': None, 'catkin_skip_building_tests': False, 'cmake_args': None, 'cmake_clean_cache': False, 'cmake_clean_first': False, 'cmake_force_configure': False, 'cmake_target': None, 'cmake_target_skip_unavailable': False, 'install_base': '/root/Shared/install/pathplanners', 'merge_install': False, 'path': '/root/Shared/src/Path-Planning-Algorithms', 'symlink_install': False, 'test_result_base': None}
[0.279s] INFO:colcon.colcon_core.executor:Executing jobs using 'parallel' executor
[0.281s] DEBUG:colcon.colcon_parallel_executor.executor.parallel:run_until_complete
[0.281s] INFO:colcon.colcon_ros.task.ament_cmake.build:Building ROS package in '/root/Shared/src/custom_interfaces' with build type 'ament_cmake'
[0.282s] INFO:colcon.colcon_cmake.task.cmake.build:Building CMake package in '/root/Shared/src/custom_interfaces'
[0.283s] INFO:colcon.colcon_core.plugin_system:Skipping extension 'colcon_core.shell.bat': Not used on non-Windows systems
[0.284s] INFO:colcon.colcon_core.shell:Skip shell extension 'powershell' for command environment: Not usable outside of PowerShell
[0.284s] DEBUG:colcon.colcon_core.shell:Skip shell extension 'dsv' for command environment
[0.296s] INFO:colcon.colcon_ros.task.ament_python.build:Building ROS package in '/root/Shared/src/multidim_rrt_planner' with build type 'ament_python'
[0.296s] Level 1:colcon.colcon_core.shell:create_environment_hook('multidim_rrt_planner', 'ament_prefix_path')
[0.296s] INFO:colcon.colcon_core.shell:Creating environment hook '/root/Shared/install/multidim_rrt_planner/share/multidim_rrt_planner/hook/ament_prefix_path.ps1'
[0.297s] INFO:colcon.colcon_core.shell:Creating environment descriptor '/root/Shared/install/multidim_rrt_planner/share/multidim_rrt_planner/hook/ament_prefix_path.dsv'
[0.297s] INFO:colcon.colcon_core.shell:Creating environment hook '/root/Shared/install/multidim_rrt_planner/share/multidim_rrt_planner/hook/ament_prefix_path.sh'
[0.298s] INFO:colcon.colcon_core.shell:Skip shell extension 'powershell' for command environment: Not usable outside of PowerShell
[0.298s] DEBUG:colcon.colcon_core.shell:Skip shell extension 'dsv' for command environment
[0.300s] INFO:colcon.colcon_ros.task.ament_cmake.build:Building ROS package in '/root/Shared/src/TurtleBot-RRT-Star' with build type 'ament_cmake'
[0.300s] INFO:colcon.colcon_cmake.task.cmake.build:Building CMake package in '/root/Shared/src/TurtleBot-RRT-Star'
[0.301s] INFO:colcon.colcon_core.shell:Skip shell extension 'powershell' for command environment: Not usable outside of PowerShell
[0.301s] DEBUG:colcon.colcon_core.shell:Skip shell extension 'dsv' for command environment
[0.304s] INFO:colcon.colcon_ros.task.ament_python.build:Building ROS package in '/root/Shared/src/Path-Planning-Algorithms' with build type 'ament_python'
[0.304s] Level 1:colcon.colcon_core.shell:create_environment_hook('pathplanners', 'ament_prefix_path')
[0.304s] INFO:colcon.colcon_core.shell:Creating environment hook '/root/Shared/install/pathplanners/share/pathplanners/hook/ament_prefix_path.ps1'
[0.304s] INFO:colcon.colcon_core.shell:Creating environment descriptor '/root/Shared/install/pathplanners/share/pathplanners/hook/ament_prefix_path.dsv'
[0.305s] INFO:colcon.colcon_core.shell:Creating environment hook '/root/Shared/install/pathplanners/share/pathplanners/hook/ament_prefix_path.sh'
[0.305s] INFO:colcon.colcon_core.shell:Skip shell extension 'powershell' for command environment: Not usable outside of PowerShell
[0.305s] DEBUG:colcon.colcon_core.shell:Skip shell extension 'dsv' for command environment
[0.313s] DEBUG:colcon.colcon_core.event_handler.log_command:Invoking command in '/root/Shared/build/custom_interfaces': CMAKE_PREFIX_PATH=${CMAKE_PREFIX_PATH}:/root/Shared/install/pathplanners:/root/Shared/install/multidim_rrt_planner:/opt/ros/humble /usr/bin/cmake --build /root/Shared/build/custom_interfaces -- -j12 -l12
[0.530s] INFO:colcon.colcon_core.task.python.build:Building Python package in '/root/Shared/src/multidim_rrt_planner'
[0.530s] INFO:colcon.colcon_core.shell:Skip shell extension 'powershell' for command environment: Not usable outside of PowerShell
[0.531s] DEBUG:colcon.colcon_core.shell:Skip shell extension 'dsv' for command environment
[0.536s] DEBUG:colcon.colcon_core.event_handler.log_command:Invoking command in '/root/Shared/build/nav2_rrtstar_planner': CMAKE_PREFIX_PATH=${CMAKE_PREFIX_PATH}:/root/Shared/install/pathplanners:/root/Shared/install/multidim_rrt_planner:/opt/ros/humble /usr/bin/cmake --build /root/Shared/build/nav2_rrtstar_planner -- -j12 -l12
[0.764s] INFO:colcon.colcon_core.task.python.build:Building Python package in '/root/Shared/src/Path-Planning-Algorithms'
[0.764s] INFO:colcon.colcon_core.shell:Skip shell extension 'powershell' for command environment: Not usable outside of PowerShell
[0.764s] DEBUG:colcon.colcon_core.shell:Skip shell extension 'dsv' for command environment
[0.770s] DEBUG:colcon.colcon_core.event_handler.log_command:Invoked command in '/root/Shared/build/custom_interfaces' returned '0': CMAKE_PREFIX_PATH=${CMAKE_PREFIX_PATH}:/root/Shared/install/pathplanners:/root/Shared/install/multidim_rrt_planner:/opt/ros/humble /usr/bin/cmake --build /root/Shared/build/custom_interfaces -- -j12 -l12
[0.777s] DEBUG:colcon.colcon_core.event_handler.log_command:Invoking command in '/root/Shared/build/custom_interfaces': CMAKE_PREFIX_PATH=${CMAKE_PREFIX_PATH}:/root/Shared/install/pathplanners:/root/Shared/install/multidim_rrt_planner:/opt/ros/humble /usr/bin/cmake --install /root/Shared/build/custom_interfaces
[0.778s] DEBUG:colcon.colcon_core.event_handler.log_command:Invoked command in '/root/Shared/build/nav2_rrtstar_planner' returned '0': CMAKE_PREFIX_PATH=${CMAKE_PREFIX_PATH}:/root/Shared/install/pathplanners:/root/Shared/install/multidim_rrt_planner:/opt/ros/humble /usr/bin/cmake --build /root/Shared/build/nav2_rrtstar_planner -- -j12 -l12
[0.779s] DEBUG:colcon.colcon_core.event_handler.log_command:Invoking command in '/root/Shared/build/nav2_rrtstar_planner': CMAKE_PREFIX_PATH=${CMAKE_PREFIX_PATH}:/root/Shared/install/pathplanners:/root/Shared/install/multidim_rrt_planner:/opt/ros/humble /usr/bin/cmake --install /root/Shared/build/nav2_rrtstar_planner
[0.788s] Level 1:colcon.colcon_core.environment:create_environment_scripts_only(nav2_rrtstar_planner)
[0.794s] Level 1:colcon.colcon_core.environment:checking '/root/Shared/install/nav2_rrtstar_planner' for CMake module files
[0.796s] Level 1:colcon.colcon_core.environment:checking '/root/Shared/install/nav2_rrtstar_planner' for CMake config files
[0.799s] Level 1:colcon.colcon_core.shell:create_environment_hook('nav2_rrtstar_planner', 'cmake_prefix_path')
[0.799s] INFO:colcon.colcon_core.shell:Creating environment hook '/root/Shared/install/nav2_rrtstar_planner/share/nav2_rrtstar_planner/hook/cmake_prefix_path.ps1'
[0.800s] INFO:colcon.colcon_core.shell:Creating environment descriptor '/root/Shared/install/nav2_rrtstar_planner/share/nav2_rrtstar_planner/hook/cmake_prefix_path.dsv'
[0.800s] INFO:colcon.colcon_core.shell:Creating environment hook '/root/Shared/install/nav2_rrtstar_planner/share/nav2_rrtstar_planner/hook/cmake_prefix_path.sh'
[0.803s] Level 1:colcon.colcon_core.environment:checking '/root/Shared/install/nav2_rrtstar_planner/lib'
[0.803s] DEBUG:colcon.colcon_core.event_handler.log_command:Invoked command in '/root/Shared/build/nav2_rrtstar_planner' returned '0': CMAKE_PREFIX_PATH=${CMAKE_PREFIX_PATH}:/root/Shared/install/pathplanners:/root/Shared/install/multidim_rrt_planner:/opt/ros/humble /usr/bin/cmake --install /root/Shared/build/nav2_rrtstar_planner
[0.803s] Level 1:colcon.colcon_core.shell:create_environment_hook('nav2_rrtstar_planner', 'ld_library_path_lib')
[0.803s] INFO:colcon.colcon_core.shell:Creating environment hook '/root/Shared/install/nav2_rrtstar_planner/share/nav2_rrtstar_planner/hook/ld_library_path_lib.ps1'
[0.804s] INFO:colcon.colcon_core.shell:Creating environment descriptor '/root/Shared/install/nav2_rrtstar_planner/share/nav2_rrtstar_planner/hook/ld_library_path_lib.dsv'
[0.804s] INFO:colcon.colcon_core.shell:Creating environment hook '/root/Shared/install/nav2_rrtstar_planner/share/nav2_rrtstar_planner/hook/ld_library_path_lib.sh'
[0.804s] Level 1:colcon.colcon_core.environment:checking '/root/Shared/install/nav2_rrtstar_planner/bin'
[0.804s] Level 1:colcon.colcon_core.environment:checking '/root/Shared/install/nav2_rrtstar_planner/lib/pkgconfig/nav2_rrtstar_planner.pc'
[0.805s] Level 1:colcon.colcon_core.environment:checking '/root/Shared/install/nav2_rrtstar_planner/lib/python3.10/site-packages'
[0.805s] Level 1:colcon.colcon_core.environment:checking '/root/Shared/install/nav2_rrtstar_planner/bin'
[0.805s] INFO:colcon.colcon_core.shell:Creating package script '/root/Shared/install/nav2_rrtstar_planner/share/nav2_rrtstar_planner/package.ps1'
[0.806s] INFO:colcon.colcon_core.shell:Creating package descriptor '/root/Shared/install/nav2_rrtstar_planner/share/nav2_rrtstar_planner/package.dsv'
[0.806s] INFO:colcon.colcon_core.shell:Creating package script '/root/Shared/install/nav2_rrtstar_planner/share/nav2_rrtstar_planner/package.sh'
[0.807s] INFO:colcon.colcon_core.shell:Creating package script '/root/Shared/install/nav2_rrtstar_planner/share/nav2_rrtstar_planner/package.bash'
[0.808s] INFO:colcon.colcon_core.shell:Creating package script '/root/Shared/install/nav2_rrtstar_planner/share/nav2_rrtstar_planner/package.zsh'
[0.809s] Level 1:colcon.colcon_core.environment:create_file_with_runtime_dependencies(/root/Shared/install/nav2_rrtstar_planner/share/colcon-core/packages/nav2_rrtstar_planner)
[0.810s] Level 1:colcon.colcon_core.environment:create_environment_scripts_only(nav2_rrtstar_planner)
[0.810s] Level 1:colcon.colcon_core.environment:checking '/root/Shared/install/nav2_rrtstar_planner' for CMake module files
[0.811s] Level 1:colcon.colcon_core.environment:checking '/root/Shared/install/nav2_rrtstar_planner' for CMake config files
[0.811s] Level 1:colcon.colcon_core.shell:create_environment_hook('nav2_rrtstar_planner', 'cmake_prefix_path')
[0.811s] INFO:colcon.colcon_core.shell:Creating environment hook '/root/Shared/install/nav2_rrtstar_planner/share/nav2_rrtstar_planner/hook/cmake_prefix_path.ps1'
[0.812s] INFO:colcon.colcon_core.shell:Creating environment descriptor '/root/Shared/install/nav2_rrtstar_planner/share/nav2_rrtstar_planner/hook/cmake_prefix_path.dsv'
[0.812s] INFO:colcon.colcon_core.shell:Creating environment hook '/root/Shared/install/nav2_rrtstar_planner/share/nav2_rrtstar_planner/hook/cmake_prefix_path.sh'
[0.813s] Level 1:colcon.colcon_core.environment:checking '/root/Shared/install/nav2_rrtstar_planner/lib'
[0.813s] Level 1:colcon.colcon_core.shell:create_environment_hook('nav2_rrtstar_planner', 'ld_library_path_lib')
[0.813s] INFO:colcon.colcon_core.shell:Creating environment hook '/root/Shared/install/nav2_rrtstar_planner/share/nav2_rrtstar_planner/hook/ld_library_path_lib.ps1'
[0.814s] INFO:colcon.colcon_core.shell:Creating environment descriptor '/root/Shared/install/nav2_rrtstar_planner/share/nav2_rrtstar_planner/hook/ld_library_path_lib.dsv'
[0.814s] INFO:colcon.colcon_core.shell:Creating environment hook '/root/Shared/install/nav2_rrtstar_planner/share/nav2_rrtstar_planner/hook/ld_library_path_lib.sh'
[0.814s] Level 1:colcon.colcon_core.environment:checking '/root/Shared/install/nav2_rrtstar_planner/bin'
[0.814s] Level 1:colcon.colcon_core.environment:checking '/root/Shared/install/nav2_rrtstar_planner/lib/pkgconfig/nav2_rrtstar_planner.pc'
[0.815s] Level 1:colcon.colcon_core.environment:checking '/root/Shared/install/nav2_rrtstar_planner/lib/python3.10/site-packages'
[0.815s] Level 1:colcon.colcon_core.environment:checking '/root/Shared/install/nav2_rrtstar_planner/bin'
[0.815s] INFO:colcon.colcon_core.shell:Creating package script '/root/Shared/install/nav2_rrtstar_planner/share/nav2_rrtstar_planner/package.ps1'
[0.815s] INFO:colcon.colcon_core.shell:Creating package descriptor '/root/Shared/install/nav2_rrtstar_planner/share/nav2_rrtstar_planner/package.dsv'
[0.816s] INFO:colcon.colcon_core.shell:Creating package script '/root/Shared/install/nav2_rrtstar_planner/share/nav2_rrtstar_planner/package.sh'
[0.816s] INFO:colcon.colcon_core.shell:Creating package script '/root/Shared/install/nav2_rrtstar_planner/share/nav2_rrtstar_planner/package.bash'
[0.817s] INFO:colcon.colcon_core.shell:Creating package script '/root/Shared/install/nav2_rrtstar_planner/share/nav2_rrtstar_planner/package.zsh'
[0.819s] Level 1:colcon.colcon_core.environment:create_file_with_runtime_dependencies(/root/Shared/install/nav2_rrtstar_planner/share/colcon-core/packages/nav2_rrtstar_planner)
[0.821s] Level 1:colcon.colcon_core.environment:create_environment_scripts_only(custom_interfaces)
[0.822s] Level 1:colcon.colcon_core.environment:checking '/root/Shared/install/custom_interfaces' for CMake module files
[0.823s] Level 1:colcon.colcon_core.environment:checking '/root/Shared/install/custom_interfaces' for CMake config files
[0.823s] DEBUG:colcon.colcon_core.event_handler.log_command:Invoked command in '/root/Shared/build/custom_interfaces' returned '0': CMAKE_PREFIX_PATH=${CMAKE_PREFIX_PATH}:/root/Shared/install/pathplanners:/root/Shared/install/multidim_rrt_planner:/opt/ros/humble /usr/bin/cmake --install /root/Shared/build/custom_interfaces
[0.823s] Level 1:colcon.colcon_core.shell:create_environment_hook('custom_interfaces', 'cmake_prefix_path')
[0.823s] INFO:colcon.colcon_core.shell:Creating environment hook '/root/Shared/install/custom_interfaces/share/custom_interfaces/hook/cmake_prefix_path.ps1'
[0.823s] INFO:colcon.colcon_core.shell:Creating environment descriptor '/root/Shared/install/custom_interfaces/share/custom_interfaces/hook/cmake_prefix_path.dsv'
[0.824s] INFO:colcon.colcon_core.shell:Creating environment hook '/root/Shared/install/custom_interfaces/share/custom_interfaces/hook/cmake_prefix_path.sh'
[0.824s] Level 1:colcon.colcon_core.environment:checking '/root/Shared/install/custom_interfaces/lib'
[0.824s] Level 1:colcon.colcon_core.shell:create_environment_hook('custom_interfaces', 'ld_library_path_lib')
[0.824s] INFO:colcon.colcon_core.shell:Creating environment hook '/root/Shared/install/custom_interfaces/share/custom_interfaces/hook/ld_library_path_lib.ps1'
[0.825s] INFO:colcon.colcon_core.shell:Creating environment descriptor '/root/Shared/install/custom_interfaces/share/custom_interfaces/hook/ld_library_path_lib.dsv'
[0.825s] INFO:colcon.colcon_core.shell:Creating environment hook '/root/Shared/install/custom_interfaces/share/custom_interfaces/hook/ld_library_path_lib.sh'
[0.825s] Level 1:colcon.colcon_core.environment:checking '/root/Shared/install/custom_interfaces/bin'
[0.825s] Level 1:colcon.colcon_core.environment:checking '/root/Shared/install/custom_interfaces/lib/pkgconfig/custom_interfaces.pc'
[0.826s] Level 1:colcon.colcon_core.environment:checking '/root/Shared/install/custom_interfaces/lib/python3.10/site-packages'
[0.826s] Level 1:colcon.colcon_core.environment:checking '/root/Shared/install/custom_interfaces/bin'
[0.826s] INFO:colcon.colcon_core.shell:Creating package script '/root/Shared/install/custom_interfaces/share/custom_interfaces/package.ps1'
[0.826s] INFO:colcon.colcon_core.shell:Creating package descriptor '/root/Shared/install/custom_interfaces/share/custom_interfaces/package.dsv'
[0.827s] INFO:colcon.colcon_core.shell:Creating package script '/root/Shared/install/custom_interfaces/share/custom_interfaces/package.sh'
[0.827s] INFO:colcon.colcon_core.shell:Creating package script '/root/Shared/install/custom_interfaces/share/custom_interfaces/package.bash'
[0.827s] INFO:colcon.colcon_core.shell:Creating package script '/root/Shared/install/custom_interfaces/share/custom_interfaces/package.zsh'
[0.828s] Level 1:colcon.colcon_core.environment:create_file_with_runtime_dependencies(/root/Shared/install/custom_interfaces/share/colcon-core/packages/custom_interfaces)
[0.828s] Level 1:colcon.colcon_core.environment:create_environment_scripts_only(custom_interfaces)
[0.828s] Level 1:colcon.colcon_core.environment:checking '/root/Shared/install/custom_interfaces' for CMake module files
[0.829s] Level 1:colcon.colcon_core.environment:checking '/root/Shared/install/custom_interfaces' for CMake config files
[0.829s] Level 1:colcon.colcon_core.shell:create_environment_hook('custom_interfaces', 'cmake_prefix_path')
[0.829s] INFO:colcon.colcon_core.shell:Creating environment hook '/root/Shared/install/custom_interfaces/share/custom_interfaces/hook/cmake_prefix_path.ps1'
[0.829s] INFO:colcon.colcon_core.shell:Creating environment descriptor '/root/Shared/install/custom_interfaces/share/custom_interfaces/hook/cmake_prefix_path.dsv'
[0.830s] INFO:colcon.colcon_core.shell:Creating environment hook '/root/Shared/install/custom_interfaces/share/custom_interfaces/hook/cmake_prefix_path.sh'
[0.830s] Level 1:colcon.colcon_core.environment:checking '/root/Shared/install/custom_interfaces/lib'
[0.830s] Level 1:colcon.colcon_core.shell:create_environment_hook('custom_interfaces', 'ld_library_path_lib')
[0.830s] INFO:colcon.colcon_core.shell:Creating environment hook '/root/Shared/install/custom_interfaces/share/custom_interfaces/hook/ld_library_path_lib.ps1'
[0.831s] INFO:colcon.colcon_core.shell:Creating environment descriptor '/root/Shared/install/custom_interfaces/share/custom_interfaces/hook/ld_library_path_lib.dsv'
[0.831s] INFO:colcon.colcon_core.shell:Creating environment hook '/root/Shared/install/custom_interfaces/share/custom_interfaces/hook/ld_library_path_lib.sh'
[0.831s] Level 1:colcon.colcon_core.environment:checking '/root/Shared/install/custom_interfaces/bin'
[0.831s] Level 1:colcon.colcon_core.environment:checking '/root/Shared/install/custom_interfaces/lib/pkgconfig/custom_interfaces.pc'
[0.831s] Level 1:colcon.colcon_core.environment:checking '/root/Shared/install/custom_interfaces/lib/python3.10/site-packages'
[0.832s] Level 1:colcon.colcon_core.environment:checking '/root/Shared/install/custom_interfaces/bin'
[0.832s] INFO:colcon.colcon_core.shell:Creating package script '/root/Shared/install/custom_interfaces/share/custom_interfaces/package.ps1'
[0.832s] INFO:colcon.colcon_core.shell:Creating package descriptor '/root/Shared/install/custom_interfaces/share/custom_interfaces/package.dsv'
[0.833s] INFO:colcon.colcon_core.shell:Creating package script '/root/Shared/install/custom_interfaces/share/custom_interfaces/package.sh'
[0.833s] INFO:colcon.colcon_core.shell:Creating package script '/root/Shared/install/custom_interfaces/share/custom_interfaces/package.bash'
[0.833s] INFO:colcon.colcon_core.shell:Creating package script '/root/Shared/install/custom_interfaces/share/custom_interfaces/package.zsh'
[0.834s] Level 1:colcon.colcon_core.environment:create_file_with_runtime_dependencies(/root/Shared/install/custom_interfaces/share/colcon-core/packages/custom_interfaces)
[1.028s] DEBUG:colcon.colcon_core.event_handler.log_command:Invoking command in '/root/Shared/src/multidim_rrt_planner': PYTHONPATH=/root/Shared/build/multidim_rrt_planner/prefix_override:/usr/lib/python3/dist-packages/colcon_core/task/python/colcon_distutils_commands:/root/Shared/install/multidim_rrt_planner/lib/python3.10/site-packages:${PYTHONPATH} /usr/bin/python3 -W ignore:setup.py install is deprecated -W ignore:easy_install command is deprecated setup.py egg_info --egg-base ../../build/multidim_rrt_planner build --build-base /root/Shared/build/multidim_rrt_planner/build install --record /root/Shared/build/multidim_rrt_planner/install.log --single-version-externally-managed install_data
[1.049s] DEBUG:colcon.colcon_core.event_handler.log_command:Invoking command in '/root/Shared/src/Path-Planning-Algorithms': PYTHONPATH=/root/Shared/build/pathplanners/prefix_override:/usr/lib/python3/dist-packages/colcon_core/task/python/colcon_distutils_commands:/root/Shared/install/pathplanners/lib/python3.10/site-packages:${PYTHONPATH} /usr/bin/python3 -W ignore:setup.py install is deprecated -W ignore:easy_install command is deprecated setup.py egg_info --egg-base ../../build/pathplanners build --build-base /root/Shared/build/pathplanners/build install --record /root/Shared/build/pathplanners/install.log --single-version-externally-managed install_data
[1.264s] Level 1:colcon.colcon_core.environment:checking '/root/Shared/install/multidim_rrt_planner' for CMake module files
[1.265s] DEBUG:colcon.colcon_core.event_handler.log_command:Invoked command in '/root/Shared/src/multidim_rrt_planner' returned '0': PYTHONPATH=/root/Shared/build/multidim_rrt_planner/prefix_override:/usr/lib/python3/dist-packages/colcon_core/task/python/colcon_distutils_commands:/root/Shared/install/multidim_rrt_planner/lib/python3.10/site-packages:${PYTHONPATH} /usr/bin/python3 -W ignore:setup.py install is deprecated -W ignore:easy_install command is deprecated setup.py egg_info --egg-base ../../build/multidim_rrt_planner build --build-base /root/Shared/build/multidim_rrt_planner/build install --record /root/Shared/build/multidim_rrt_planner/install.log --single-version-externally-managed install_data
[1.265s] Level 1:colcon.colcon_core.environment:checking '/root/Shared/install/multidim_rrt_planner' for CMake config files
[1.265s] Level 1:colcon.colcon_core.environment:checking '/root/Shared/install/multidim_rrt_planner/lib'
[1.265s] Level 1:colcon.colcon_core.environment:checking '/root/Shared/install/multidim_rrt_planner/bin'
[1.265s] Level 1:colcon.colcon_core.environment:checking '/root/Shared/install/multidim_rrt_planner/lib/pkgconfig/multidim_rrt_planner.pc'
[1.266s] Level 1:colcon.colcon_core.environment:checking '/root/Shared/install/multidim_rrt_planner/lib/python3.10/site-packages'
[1.266s] Level 1:colcon.colcon_core.shell:create_environment_hook('multidim_rrt_planner', 'pythonpath')
[1.266s] INFO:colcon.colcon_core.shell:Creating environment hook '/root/Shared/install/multidim_rrt_planner/share/multidim_rrt_planner/hook/pythonpath.ps1'
[1.266s] INFO:colcon.colcon_core.shell:Creating environment descriptor '/root/Shared/install/multidim_rrt_planner/share/multidim_rrt_planner/hook/pythonpath.dsv'
[1.267s] INFO:colcon.colcon_core.shell:Creating environment hook '/root/Shared/install/multidim_rrt_planner/share/multidim_rrt_planner/hook/pythonpath.sh'
[1.267s] Level 1:colcon.colcon_core.environment:checking '/root/Shared/install/multidim_rrt_planner/bin'
[1.267s] Level 1:colcon.colcon_core.environment:create_environment_scripts_only(multidim_rrt_planner)
[1.267s] INFO:colcon.colcon_core.shell:Creating package script '/root/Shared/install/multidim_rrt_planner/share/multidim_rrt_planner/package.ps1'
[1.268s] INFO:colcon.colcon_core.shell:Creating package descriptor '/root/Shared/install/multidim_rrt_planner/share/multidim_rrt_planner/package.dsv'
[1.268s] INFO:colcon.colcon_core.shell:Creating package script '/root/Shared/install/multidim_rrt_planner/share/multidim_rrt_planner/package.sh'
[1.269s] INFO:colcon.colcon_core.shell:Creating package script '/root/Shared/install/multidim_rrt_planner/share/multidim_rrt_planner/package.bash'
[1.269s] INFO:colcon.colcon_core.shell:Creating package script '/root/Shared/install/multidim_rrt_planner/share/multidim_rrt_planner/package.zsh'
[1.269s] Level 1:colcon.colcon_core.environment:create_file_with_runtime_dependencies(/root/Shared/install/multidim_rrt_planner/share/colcon-core/packages/multidim_rrt_planner)
[1.276s] Level 1:colcon.colcon_core.environment:checking '/root/Shared/install/pathplanners' for CMake module files
[1.277s] DEBUG:colcon.colcon_core.event_handler.log_command:Invoked command in '/root/Shared/src/Path-Planning-Algorithms' returned '0': PYTHONPATH=/root/Shared/build/pathplanners/prefix_override:/usr/lib/python3/dist-packages/colcon_core/task/python/colcon_distutils_commands:/root/Shared/install/pathplanners/lib/python3.10/site-packages:${PYTHONPATH} /usr/bin/python3 -W ignore:setup.py install is deprecated -W ignore:easy_install command is deprecated setup.py egg_info --egg-base ../../build/pathplanners build --build-base /root/Shared/build/pathplanners/build install --record /root/Shared/build/pathplanners/install.log --single-version-externally-managed install_data
[1.277s] Level 1:colcon.colcon_core.environment:checking '/root/Shared/install/pathplanners' for CMake config files
[1.277s] Level 1:colcon.colcon_core.environment:checking '/root/Shared/install/pathplanners/lib'
[1.277s] Level 1:colcon.colcon_core.environment:checking '/root/Shared/install/pathplanners/bin'
[1.277s] Level 1:colcon.colcon_core.environment:checking '/root/Shared/install/pathplanners/lib/pkgconfig/pathplanners.pc'
[1.277s] Level 1:colcon.colcon_core.environment:checking '/root/Shared/install/pathplanners/lib/python3.10/site-packages'
[1.277s] Level 1:colcon.colcon_core.shell:create_environment_hook('pathplanners', 'pythonpath')
[1.278s] INFO:colcon.colcon_core.shell:Creating environment hook '/root/Shared/install/pathplanners/share/pathplanners/hook/pythonpath.ps1'
[1.278s] INFO:colcon.colcon_core.shell:Creating environment descriptor '/root/Shared/install/pathplanners/share/pathplanners/hook/pythonpath.dsv'
[1.278s] INFO:colcon.colcon_core.shell:Creating environment hook '/root/Shared/install/pathplanners/share/pathplanners/hook/pythonpath.sh'
[1.279s] Level 1:colcon.colcon_core.environment:checking '/root/Shared/install/pathplanners/bin'
[1.279s] Level 1:colcon.colcon_core.environment:create_environment_scripts_only(pathplanners)
[1.279s] INFO:colcon.colcon_core.shell:Creating package script '/root/Shared/install/pathplanners/share/pathplanners/package.ps1'
[1.279s] INFO:colcon.colcon_core.shell:Creating package descriptor '/root/Shared/install/pathplanners/share/pathplanners/package.dsv'
[1.280s] INFO:colcon.colcon_core.shell:Creating package script '/root/Shared/install/pathplanners/share/pathplanners/package.sh'
[1.280s] INFO:colcon.colcon_core.shell:Creating package script '/root/Shared/install/pathplanners/share/pathplanners/package.bash'
[1.280s] INFO:colcon.colcon_core.shell:Creating package script '/root/Shared/install/pathplanners/share/pathplanners/package.zsh'
[1.281s] Level 1:colcon.colcon_core.environment:create_file_with_runtime_dependencies(/root/Shared/install/pathplanners/share/colcon-core/packages/pathplanners)
[1.281s] DEBUG:colcon.colcon_parallel_executor.executor.parallel:closing loop
[1.281s] DEBUG:colcon.colcon_parallel_executor.executor.parallel:loop closed
[1.281s] DEBUG:colcon.colcon_parallel_executor.executor.parallel:run_until_complete finished with '0'
[1.281s] DEBUG:colcon.colcon_core.event_reactor:joining thread
[1.285s] INFO:colcon.colcon_core.plugin_system:Skipping extension 'colcon_notification.desktop_notification.notify_send': Could not find 'notify-send'
[1.285s] INFO:colcon.colcon_core.plugin_system:Skipping extension 'colcon_notification.desktop_notification.terminal_notifier': Not used on non-Darwin systems
[1.286s] INFO:colcon.colcon_core.plugin_system:Skipping extension 'colcon_notification.desktop_notification.win32': Not used on non-Windows systems
[1.286s] INFO:colcon.colcon_notification.desktop_notification:Sending desktop notification using 'notify2'
[1.287s] DEBUG:colcon.colcon_notification.desktop_notification.notify2:Failed to initialize notify2: org.freedesktop.DBus.Error.Spawn.ExecFailed: /usr/bin/dbus-launch terminated abnormally without any error message
[1.287s] DEBUG:colcon.colcon_core.event_reactor:joined thread
[1.288s] INFO:colcon.colcon_core.shell:Creating prefix script '/root/Shared/install/local_setup.ps1'
[1.289s] INFO:colcon.colcon_core.shell:Creating prefix util module '/root/Shared/install/_local_setup_util_ps1.py'
[1.290s] INFO:colcon.colcon_core.shell:Creating prefix chain script '/root/Shared/install/setup.ps1'
[1.291s] INFO:colcon.colcon_core.shell:Creating prefix script '/root/Shared/install/local_setup.sh'
[1.291s] INFO:colcon.colcon_core.shell:Creating prefix util module '/root/Shared/install/_local_setup_util_sh.py'
[1.292s] INFO:colcon.colcon_core.shell:Creating prefix chain script '/root/Shared/install/setup.sh'
[1.293s] INFO:colcon.colcon_core.shell:Creating prefix script '/root/Shared/install/local_setup.bash'
[1.293s] INFO:colcon.colcon_core.shell:Creating prefix chain script '/root/Shared/install/setup.bash'
[1.294s] INFO:colcon.colcon_core.shell:Creating prefix script '/root/Shared/install/local_setup.zsh'
[1.295s] INFO:colcon.colcon_core.shell:Creating prefix chain script '/root/Shared/install/setup.zsh'
