[0.717s] Invoking command in '/ros/Kinematics_Lab/UR_ws/src/kinematics_mh12': PYTHONPATH=/ros/Kinematics_Lab/UR_ws/build/kinematics_mh12/prefix_override:/usr/lib/python3/dist-packages/colcon_core/task/python/colcon_distutils_commands:/ros/Kinematics_Lab/UR_ws/install/kinematics_mh12/lib/python3.12/site-packages:${PYTHONPATH} /usr/bin/python3 -W ignore:setup.py install is deprecated -W ignore:easy_install command is deprecated setup.py egg_info --egg-base ../../build/kinematics_mh12 build --build-base /ros/Kinematics_Lab/UR_ws/build/kinematics_mh12/build install --record /ros/Kinematics_Lab/UR_ws/build/kinematics_mh12/install.log --single-version-externally-managed install_data
[0.965s] running egg_info
[0.984s] writing ../../build/kinematics_mh12/kinematics_mh12.egg-info/PKG-INFO
[0.984s] writing dependency_links to ../../build/kinematics_mh12/kinematics_mh12.egg-info/dependency_links.txt
[0.984s] writing entry points to ../../build/kinematics_mh12/kinematics_mh12.egg-info/entry_points.txt
[0.985s] writing requirements to ../../build/kinematics_mh12/kinematics_mh12.egg-info/requires.txt
[0.985s] writing top-level names to ../../build/kinematics_mh12/kinematics_mh12.egg-info/top_level.txt
[1.021s] reading manifest file '../../build/kinematics_mh12/kinematics_mh12.egg-info/SOURCES.txt'
[1.021s] writing manifest file '../../build/kinematics_mh12/kinematics_mh12.egg-info/SOURCES.txt'
[1.021s] running build
[1.021s] running build_py
[1.022s] copying kinematics_mh12/inv_kinematics_mh12.py -> /ros/Kinematics_Lab/UR_ws/build/kinematics_mh12/build/lib/kinematics_mh12
[1.022s] running install
[1.027s] running install_lib
[1.046s] copying /ros/Kinematics_Lab/UR_ws/build/kinematics_mh12/build/lib/kinematics_mh12/inv_kinematics_mh12.py -> /ros/Kinematics_Lab/UR_ws/install/kinematics_mh12/lib/python3.12/site-packages/kinematics_mh12
[1.047s] byte-compiling /ros/Kinematics_Lab/UR_ws/install/kinematics_mh12/lib/python3.12/site-packages/kinematics_mh12/inv_kinematics_mh12.py to inv_kinematics_mh12.cpython-312.pyc
[1.048s] running install_data
[1.048s] running install_egg_info
[1.070s] removing '/ros/Kinematics_Lab/UR_ws/install/kinematics_mh12/lib/python3.12/site-packages/kinematics_mh12-0.0.0-py3.12.egg-info' (and everything under it)
[1.070s] Copying ../../build/kinematics_mh12/kinematics_mh12.egg-info to /ros/Kinematics_Lab/UR_ws/install/kinematics_mh12/lib/python3.12/site-packages/kinematics_mh12-0.0.0-py3.12.egg-info
[1.070s] running install_scripts
[1.194s] Installing forward script to /ros/Kinematics_Lab/UR_ws/install/kinematics_mh12/lib/kinematics_mh12
[1.194s] Installing inverse script to /ros/Kinematics_Lab/UR_ws/install/kinematics_mh12/lib/kinematics_mh12
[1.195s] writing list of installed files to '/ros/Kinematics_Lab/UR_ws/build/kinematics_mh12/install.log'
[1.218s] Invoked command in '/ros/Kinematics_Lab/UR_ws/src/kinematics_mh12' returned '0': PYTHONPATH=/ros/Kinematics_Lab/UR_ws/build/kinematics_mh12/prefix_override:/usr/lib/python3/dist-packages/colcon_core/task/python/colcon_distutils_commands:/ros/Kinematics_Lab/UR_ws/install/kinematics_mh12/lib/python3.12/site-packages:${PYTHONPATH} /usr/bin/python3 -W ignore:setup.py install is deprecated -W ignore:easy_install command is deprecated setup.py egg_info --egg-base ../../build/kinematics_mh12 build --build-base /ros/Kinematics_Lab/UR_ws/build/kinematics_mh12/build install --record /ros/Kinematics_Lab/UR_ws/build/kinematics_mh12/install.log --single-version-externally-managed install_data
