[0.009s] Invoking command in '/ros/UR_ws/build/simple_urdf': CMAKE_PREFIX_PATH=${CMAKE_PREFIX_PATH}:/opt/ros/jazzy /usr/bin/cmake --build /ros/UR_ws/build/simple_urdf -- -j12 -l12
[0.039s] Invoked command in '/ros/UR_ws/build/simple_urdf' returned '0': CMAKE_PREFIX_PATH=${CMAKE_PREFIX_PATH}:/opt/ros/jazzy /usr/bin/cmake --build /ros/UR_ws/build/simple_urdf -- -j12 -l12
[0.047s] Invoking command in '/ros/UR_ws/build/simple_urdf': CMAKE_PREFIX_PATH=${CMAKE_PREFIX_PATH}:/opt/ros/jazzy /usr/bin/cmake --install /ros/UR_ws/build/simple_urdf
[0.053s] -- Install configuration: ""
[0.053s] -- Up-to-date: /ros/UR_ws/install/simple_urdf/share/simple_urdf/launch
[0.053s] -- Up-to-date: /ros/UR_ws/install/simple_urdf/share/simple_urdf/launch/rr_test.launch.py
[0.053s] -- Up-to-date: /ros/UR_ws/install/simple_urdf/share/simple_urdf/urdf
[0.053s] -- Up-to-date: /ros/UR_ws/install/simple_urdf/share/simple_urdf/urdf/rr.urdf
[0.054s] -- Up-to-date: /ros/UR_ws/install/simple_urdf/share/simple_urdf/rviz
[0.054s] -- Up-to-date: /ros/UR_ws/install/simple_urdf/share/simple_urdf/rviz/robot_state_visualize.rviz
[0.054s] -- Up-to-date: /ros/UR_ws/install/simple_urdf/share/ament_index/resource_index/package_run_dependencies/simple_urdf
[0.054s] -- Up-to-date: /ros/UR_ws/install/simple_urdf/share/ament_index/resource_index/parent_prefix_path/simple_urdf
[0.054s] -- Up-to-date: /ros/UR_ws/install/simple_urdf/share/simple_urdf/environment/ament_prefix_path.sh
[0.054s] -- Up-to-date: /ros/UR_ws/install/simple_urdf/share/simple_urdf/environment/ament_prefix_path.dsv
[0.054s] -- Up-to-date: /ros/UR_ws/install/simple_urdf/share/simple_urdf/environment/path.sh
[0.054s] -- Up-to-date: /ros/UR_ws/install/simple_urdf/share/simple_urdf/environment/path.dsv
[0.054s] -- Up-to-date: /ros/UR_ws/install/simple_urdf/share/simple_urdf/local_setup.bash
[0.054s] -- Up-to-date: /ros/UR_ws/install/simple_urdf/share/simple_urdf/local_setup.sh
[0.054s] -- Up-to-date: /ros/UR_ws/install/simple_urdf/share/simple_urdf/local_setup.zsh
[0.054s] -- Up-to-date: /ros/UR_ws/install/simple_urdf/share/simple_urdf/local_setup.dsv
[0.054s] -- Installing: /ros/UR_ws/install/simple_urdf/share/simple_urdf/package.dsv
[0.055s] -- Up-to-date: /ros/UR_ws/install/simple_urdf/share/ament_index/resource_index/packages/simple_urdf
[0.055s] -- Up-to-date: /ros/UR_ws/install/simple_urdf/share/simple_urdf/cmake/simple_urdfConfig.cmake
[0.055s] -- Up-to-date: /ros/UR_ws/install/simple_urdf/share/simple_urdf/cmake/simple_urdfConfig-version.cmake
[0.055s] -- Up-to-date: /ros/UR_ws/install/simple_urdf/share/simple_urdf/package.xml
[0.055s] Invoked command in '/ros/UR_ws/build/simple_urdf' returned '0': CMAKE_PREFIX_PATH=${CMAKE_PREFIX_PATH}:/opt/ros/jazzy /usr/bin/cmake --install /ros/UR_ws/build/simple_urdf
