running egg_info
writing ../../build/forward_kinematics/forward_kinematics.egg-info/PKG-INFO
writing dependency_links to ../../build/forward_kinematics/forward_kinematics.egg-info/dependency_links.txt
writing entry points to ../../build/forward_kinematics/forward_kinematics.egg-info/entry_points.txt
writing requirements to ../../build/forward_kinematics/forward_kinematics.egg-info/requires.txt
writing top-level names to ../../build/forward_kinematics/forward_kinematics.egg-info/top_level.txt
reading manifest file '../../build/forward_kinematics/forward_kinematics.egg-info/SOURCES.txt'
writing manifest file '../../build/forward_kinematics/forward_kinematics.egg-info/SOURCES.txt'
running build
running build_py
copying forward_kinematics/poe_rrr.py -> /ros/UR_ws/build/forward_kinematics/build/lib/forward_kinematics
copying forward_kinematics/poe_rr.py -> /ros/UR_ws/build/forward_kinematics/build/lib/forward_kinematics
copying forward_kinematics/poe.py -> /ros/UR_ws/build/forward_kinematics/build/lib/forward_kinematics
copying forward_kinematics/jinv_kr6.py -> /ros/UR_ws/build/forward_kinematics/build/lib/forward_kinematics
copying forward_kinematics/jinv_ur6.py -> /ros/UR_ws/build/forward_kinematics/build/lib/forward_kinematics
copying forward_kinematics/rodrigues.py -> /ros/UR_ws/build/forward_kinematics/build/lib/forward_kinematics
copying forward_kinematics/fwd_ur5.py -> /ros/UR_ws/build/forward_kinematics/build/lib/forward_kinematics
running install
running install_lib
copying /ros/UR_ws/build/forward_kinematics/build/lib/forward_kinematics/poe_rrr.py -> /ros/UR_ws/install/forward_kinematics/lib/python3.12/site-packages/forward_kinematics
copying /ros/UR_ws/build/forward_kinematics/build/lib/forward_kinematics/poe_rr.py -> /ros/UR_ws/install/forward_kinematics/lib/python3.12/site-packages/forward_kinematics
copying /ros/UR_ws/build/forward_kinematics/build/lib/forward_kinematics/poe.py -> /ros/UR_ws/install/forward_kinematics/lib/python3.12/site-packages/forward_kinematics
copying /ros/UR_ws/build/forward_kinematics/build/lib/forward_kinematics/jinv_kr6.py -> /ros/UR_ws/install/forward_kinematics/lib/python3.12/site-packages/forward_kinematics
copying /ros/UR_ws/build/forward_kinematics/build/lib/forward_kinematics/jinv_ur6.py -> /ros/UR_ws/install/forward_kinematics/lib/python3.12/site-packages/forward_kinematics
copying /ros/UR_ws/build/forward_kinematics/build/lib/forward_kinematics/rodrigues.py -> /ros/UR_ws/install/forward_kinematics/lib/python3.12/site-packages/forward_kinematics
copying /ros/UR_ws/build/forward_kinematics/build/lib/forward_kinematics/fwd_ur5.py -> /ros/UR_ws/install/forward_kinematics/lib/python3.12/site-packages/forward_kinematics
byte-compiling /ros/UR_ws/install/forward_kinematics/lib/python3.12/site-packages/forward_kinematics/poe_rrr.py to poe_rrr.cpython-312.pyc
byte-compiling /ros/UR_ws/install/forward_kinematics/lib/python3.12/site-packages/forward_kinematics/poe_rr.py to poe_rr.cpython-312.pyc
byte-compiling /ros/UR_ws/install/forward_kinematics/lib/python3.12/site-packages/forward_kinematics/poe.py to poe.cpython-312.pyc
byte-compiling /ros/UR_ws/install/forward_kinematics/lib/python3.12/site-packages/forward_kinematics/jinv_kr6.py to jinv_kr6.cpython-312.pyc
byte-compiling /ros/UR_ws/install/forward_kinematics/lib/python3.12/site-packages/forward_kinematics/jinv_ur6.py to jinv_ur6.cpython-312.pyc
byte-compiling /ros/UR_ws/install/forward_kinematics/lib/python3.12/site-packages/forward_kinematics/rodrigues.py to rodrigues.cpython-312.pyc
byte-compiling /ros/UR_ws/install/forward_kinematics/lib/python3.12/site-packages/forward_kinematics/fwd_ur5.py to fwd_ur5.cpython-312.pyc
running install_data
running install_egg_info
removing '/ros/UR_ws/install/forward_kinematics/lib/python3.12/site-packages/forward_kinematics-0.0.0-py3.12.egg-info' (and everything under it)
Copying ../../build/forward_kinematics/forward_kinematics.egg-info to /ros/UR_ws/install/forward_kinematics/lib/python3.12/site-packages/forward_kinematics-0.0.0-py3.12.egg-info
running install_scripts
Installing fwd_kr6 script to /ros/UR_ws/install/forward_kinematics/lib/forward_kinematics
Installing fwd_rr script to /ros/UR_ws/install/forward_kinematics/lib/forward_kinematics
Installing fwd_ur5 script to /ros/UR_ws/install/forward_kinematics/lib/forward_kinematics
Installing joint_pub script to /ros/UR_ws/install/forward_kinematics/lib/forward_kinematics
Installing joint_sub script to /ros/UR_ws/install/forward_kinematics/lib/forward_kinematics
writing list of installed files to '/ros/UR_ws/build/forward_kinematics/install.log'
