[0.948s] Invoking command in '/ros/UR_ws/src/forward_kinematics': PYTHONPATH=/ros/UR_ws/build/forward_kinematics/prefix_override:/usr/lib/python3/dist-packages/colcon_core/task/python/colcon_distutils_commands:/ros/UR_ws/install/forward_kinematics/lib/python3.12/site-packages:${PYTHONPATH} /usr/bin/python3 -W ignore:setup.py install is deprecated -W ignore:easy_install command is deprecated setup.py egg_info --egg-base ../../build/forward_kinematics build --build-base /ros/UR_ws/build/forward_kinematics/build install --record /ros/UR_ws/build/forward_kinematics/install.log --single-version-externally-managed install_data
[1.184s] running egg_info
[1.203s] writing ../../build/forward_kinematics/forward_kinematics.egg-info/PKG-INFO
[1.203s] writing dependency_links to ../../build/forward_kinematics/forward_kinematics.egg-info/dependency_links.txt
[1.204s] writing entry points to ../../build/forward_kinematics/forward_kinematics.egg-info/entry_points.txt
[1.204s] writing requirements to ../../build/forward_kinematics/forward_kinematics.egg-info/requires.txt
[1.204s] writing top-level names to ../../build/forward_kinematics/forward_kinematics.egg-info/top_level.txt
[1.237s] reading manifest file '../../build/forward_kinematics/forward_kinematics.egg-info/SOURCES.txt'
[1.238s] writing manifest file '../../build/forward_kinematics/forward_kinematics.egg-info/SOURCES.txt'
[1.239s] running build
[1.239s] running build_py
[1.239s] copying forward_kinematics/poe_rrr.py -> /ros/UR_ws/build/forward_kinematics/build/lib/forward_kinematics
[1.239s] copying forward_kinematics/poe_rr.py -> /ros/UR_ws/build/forward_kinematics/build/lib/forward_kinematics
[1.239s] copying forward_kinematics/poe.py -> /ros/UR_ws/build/forward_kinematics/build/lib/forward_kinematics
[1.239s] copying forward_kinematics/jinv_kr6.py -> /ros/UR_ws/build/forward_kinematics/build/lib/forward_kinematics
[1.239s] copying forward_kinematics/jinv_ur6.py -> /ros/UR_ws/build/forward_kinematics/build/lib/forward_kinematics
[1.239s] copying forward_kinematics/rodrigues.py -> /ros/UR_ws/build/forward_kinematics/build/lib/forward_kinematics
[1.239s] copying forward_kinematics/fwd_ur5.py -> /ros/UR_ws/build/forward_kinematics/build/lib/forward_kinematics
[1.240s] running install
[1.245s] running install_lib
[1.262s] copying /ros/UR_ws/build/forward_kinematics/build/lib/forward_kinematics/poe_rrr.py -> /ros/UR_ws/install/forward_kinematics/lib/python3.12/site-packages/forward_kinematics
[1.262s] copying /ros/UR_ws/build/forward_kinematics/build/lib/forward_kinematics/poe_rr.py -> /ros/UR_ws/install/forward_kinematics/lib/python3.12/site-packages/forward_kinematics
[1.262s] copying /ros/UR_ws/build/forward_kinematics/build/lib/forward_kinematics/poe.py -> /ros/UR_ws/install/forward_kinematics/lib/python3.12/site-packages/forward_kinematics
[1.262s] copying /ros/UR_ws/build/forward_kinematics/build/lib/forward_kinematics/jinv_kr6.py -> /ros/UR_ws/install/forward_kinematics/lib/python3.12/site-packages/forward_kinematics
[1.263s] copying /ros/UR_ws/build/forward_kinematics/build/lib/forward_kinematics/jinv_ur6.py -> /ros/UR_ws/install/forward_kinematics/lib/python3.12/site-packages/forward_kinematics
[1.263s] copying /ros/UR_ws/build/forward_kinematics/build/lib/forward_kinematics/rodrigues.py -> /ros/UR_ws/install/forward_kinematics/lib/python3.12/site-packages/forward_kinematics
[1.263s] copying /ros/UR_ws/build/forward_kinematics/build/lib/forward_kinematics/fwd_ur5.py -> /ros/UR_ws/install/forward_kinematics/lib/python3.12/site-packages/forward_kinematics
[1.263s] byte-compiling /ros/UR_ws/install/forward_kinematics/lib/python3.12/site-packages/forward_kinematics/poe_rrr.py to poe_rrr.cpython-312.pyc
[1.264s] byte-compiling /ros/UR_ws/install/forward_kinematics/lib/python3.12/site-packages/forward_kinematics/poe_rr.py to poe_rr.cpython-312.pyc
[1.265s] byte-compiling /ros/UR_ws/install/forward_kinematics/lib/python3.12/site-packages/forward_kinematics/poe.py to poe.cpython-312.pyc
[1.265s] byte-compiling /ros/UR_ws/install/forward_kinematics/lib/python3.12/site-packages/forward_kinematics/jinv_kr6.py to jinv_kr6.cpython-312.pyc
[1.267s] byte-compiling /ros/UR_ws/install/forward_kinematics/lib/python3.12/site-packages/forward_kinematics/jinv_ur6.py to jinv_ur6.cpython-312.pyc
[1.268s] byte-compiling /ros/UR_ws/install/forward_kinematics/lib/python3.12/site-packages/forward_kinematics/rodrigues.py to rodrigues.cpython-312.pyc
[1.268s] byte-compiling /ros/UR_ws/install/forward_kinematics/lib/python3.12/site-packages/forward_kinematics/fwd_ur5.py to fwd_ur5.cpython-312.pyc
[1.269s] running install_data
[1.269s] running install_egg_info
[1.287s] removing '/ros/UR_ws/install/forward_kinematics/lib/python3.12/site-packages/forward_kinematics-0.0.0-py3.12.egg-info' (and everything under it)
[1.287s] Copying ../../build/forward_kinematics/forward_kinematics.egg-info to /ros/UR_ws/install/forward_kinematics/lib/python3.12/site-packages/forward_kinematics-0.0.0-py3.12.egg-info
[1.288s] running install_scripts
[1.399s] Installing fwd_kr6 script to /ros/UR_ws/install/forward_kinematics/lib/forward_kinematics
[1.399s] Installing fwd_rr script to /ros/UR_ws/install/forward_kinematics/lib/forward_kinematics
[1.399s] Installing fwd_ur5 script to /ros/UR_ws/install/forward_kinematics/lib/forward_kinematics
[1.399s] Installing joint_pub script to /ros/UR_ws/install/forward_kinematics/lib/forward_kinematics
[1.399s] Installing joint_sub script to /ros/UR_ws/install/forward_kinematics/lib/forward_kinematics
[1.400s] writing list of installed files to '/ros/UR_ws/build/forward_kinematics/install.log'
[1.424s] Invoked command in '/ros/UR_ws/src/forward_kinematics' returned '0': PYTHONPATH=/ros/UR_ws/build/forward_kinematics/prefix_override:/usr/lib/python3/dist-packages/colcon_core/task/python/colcon_distutils_commands:/ros/UR_ws/install/forward_kinematics/lib/python3.12/site-packages:${PYTHONPATH} /usr/bin/python3 -W ignore:setup.py install is deprecated -W ignore:easy_install command is deprecated setup.py egg_info --egg-base ../../build/forward_kinematics build --build-base /ros/UR_ws/build/forward_kinematics/build install --record /ros/UR_ws/build/forward_kinematics/install.log --single-version-externally-managed install_data
