[0.008s] Invoking command in '/ros/UR_ws/build/ur_description': CMAKE_PREFIX_PATH=${CMAKE_PREFIX_PATH}:/opt/ros/jazzy /usr/bin/cmake /ros/UR_ws/src/Universal_Robots_ROS2_Description -DCMAKE_INSTALL_PREFIX=/ros/UR_ws/install/ur_description
[0.050s] -- The C compiler identification is GNU 13.3.0
[0.093s] -- The CXX compiler identification is GNU 13.3.0
[0.104s] -- Detecting C compiler ABI info
[0.167s] -- Detecting C compiler ABI info - done
[0.175s] -- Check for working C compiler: /usr/bin/cc - skipped
[0.176s] -- Detecting C compile features
[0.176s] -- Detecting C compile features - done
[0.182s] -- Detecting CXX compiler ABI info
[0.259s] -- Detecting CXX compiler ABI info - done
[0.268s] -- Check for working CXX compiler: /usr/bin/c++ - skipped
[0.268s] -- Detecting CXX compile features
[0.269s] -- Detecting CXX compile features - done
[0.272s] -- Found ament_cmake: 2.5.4 (/opt/ros/jazzy/share/ament_cmake/cmake)
[0.398s] -- Found Python3: /usr/bin/python3 (found version "3.12.3") found components: Interpreter 
[0.509s] -- Found ament_cmake_pytest: 2.5.4 (/opt/ros/jazzy/share/ament_cmake_pytest/cmake)
[1.120s] -- Configuring done (1.1s)
[1.122s] -- Generating done (0.0s)
[1.124s] -- Build files have been written to: /ros/UR_ws/build/ur_description
[1.127s] Invoked command in '/ros/UR_ws/build/ur_description' returned '0': CMAKE_PREFIX_PATH=${CMAKE_PREFIX_PATH}:/opt/ros/jazzy /usr/bin/cmake /ros/UR_ws/src/Universal_Robots_ROS2_Description -DCMAKE_INSTALL_PREFIX=/ros/UR_ws/install/ur_description
[1.128s] Invoking command in '/ros/UR_ws/build/ur_description': CMAKE_PREFIX_PATH=${CMAKE_PREFIX_PATH}:/opt/ros/jazzy /usr/bin/cmake --build /ros/UR_ws/build/ur_description -- -j12 -l12
[1.159s] Invoked command in '/ros/UR_ws/build/ur_description' returned '0': CMAKE_PREFIX_PATH=${CMAKE_PREFIX_PATH}:/opt/ros/jazzy /usr/bin/cmake --build /ros/UR_ws/build/ur_description -- -j12 -l12
[1.166s] Invoking command in '/ros/UR_ws/build/ur_description': CMAKE_PREFIX_PATH=${CMAKE_PREFIX_PATH}:/opt/ros/jazzy /usr/bin/cmake --install /ros/UR_ws/build/ur_description
[1.172s] -- Install configuration: ""
[1.172s] -- Installing: /ros/UR_ws/install/ur_description/share/ur_description/config
[1.172s] -- Installing: /ros/UR_ws/install/ur_description/share/ur_description/config/ur3e
[1.172s] -- Installing: /ros/UR_ws/install/ur_description/share/ur_description/config/ur3e/physical_parameters.yaml
[1.173s] -- Installing: /ros/UR_ws/install/ur_description/share/ur_description/config/ur3e/visual_parameters.yaml
[1.173s] -- Installing: /ros/UR_ws/install/ur_description/share/ur_description/config/ur3e/joint_limits.yaml
[1.173s] -- Installing: /ros/UR_ws/install/ur_description/share/ur_description/config/ur3e/default_kinematics.yaml
[1.173s] -- Installing: /ros/UR_ws/install/ur_description/share/ur_description/config/initial_positions.yaml
[1.173s] -- Installing: /ros/UR_ws/install/ur_description/share/ur_description/config/ur3
[1.173s] -- Installing: /ros/UR_ws/install/ur_description/share/ur_description/config/ur3/physical_parameters.yaml
[1.173s] -- Installing: /ros/UR_ws/install/ur_description/share/ur_description/config/ur3/visual_parameters.yaml
[1.173s] -- Installing: /ros/UR_ws/install/ur_description/share/ur_description/config/ur3/joint_limits.yaml
[1.173s] -- Installing: /ros/UR_ws/install/ur_description/share/ur_description/config/ur3/default_kinematics.yaml
[1.174s] -- Installing: /ros/UR_ws/install/ur_description/share/ur_description/config/ur18
[1.174s] -- Installing: /ros/UR_ws/install/ur_description/share/ur_description/config/ur18/physical_parameters.yaml
[1.174s] -- Installing: /ros/UR_ws/install/ur_description/share/ur_description/config/ur18/visual_parameters.yaml
[1.174s] -- Installing: /ros/UR_ws/install/ur_description/share/ur_description/config/ur18/joint_limits.yaml
[1.174s] -- Installing: /ros/UR_ws/install/ur_description/share/ur_description/config/ur18/default_kinematics.yaml
[1.174s] -- Installing: /ros/UR_ws/install/ur_description/share/ur_description/config/ur12e
[1.174s] -- Installing: /ros/UR_ws/install/ur_description/share/ur_description/config/ur12e/physical_parameters.yaml
[1.175s] -- Installing: /ros/UR_ws/install/ur_description/share/ur_description/config/ur12e/visual_parameters.yaml
[1.175s] -- Installing: /ros/UR_ws/install/ur_description/share/ur_description/config/ur12e/joint_limits.yaml
[1.175s] -- Installing: /ros/UR_ws/install/ur_description/share/ur_description/config/ur12e/default_kinematics.yaml
[1.175s] -- Installing: /ros/UR_ws/install/ur_description/share/ur_description/config/ur16e
[1.175s] -- Installing: /ros/UR_ws/install/ur_description/share/ur_description/config/ur16e/physical_parameters.yaml
[1.175s] -- Installing: /ros/UR_ws/install/ur_description/share/ur_description/config/ur16e/visual_parameters.yaml
[1.175s] -- Installing: /ros/UR_ws/install/ur_description/share/ur_description/config/ur16e/joint_limits.yaml
[1.176s] -- Installing: /ros/UR_ws/install/ur_description/share/ur_description/config/ur16e/default_kinematics.yaml
[1.176s] -- Installing: /ros/UR_ws/install/ur_description/share/ur_description/config/ur7e
[1.176s] -- Installing: /ros/UR_ws/install/ur_description/share/ur_description/config/ur7e/physical_parameters.yaml
[1.176s] -- Installing: /ros/UR_ws/install/ur_description/share/ur_description/config/ur7e/visual_parameters.yaml
[1.176s] -- Installing: /ros/UR_ws/install/ur_description/share/ur_description/config/ur7e/joint_limits.yaml
[1.176s] -- Installing: /ros/UR_ws/install/ur_description/share/ur_description/config/ur7e/default_kinematics.yaml
[1.176s] -- Installing: /ros/UR_ws/install/ur_description/share/ur_description/config/ur20
[1.177s] -- Installing: /ros/UR_ws/install/ur_description/share/ur_description/config/ur20/physical_parameters.yaml
[1.177s] -- Installing: /ros/UR_ws/install/ur_description/share/ur_description/config/ur20/visual_parameters.yaml
[1.177s] -- Installing: /ros/UR_ws/install/ur_description/share/ur_description/config/ur20/joint_limits.yaml
[1.177s] -- Installing: /ros/UR_ws/install/ur_description/share/ur_description/config/ur20/default_kinematics.yaml
[1.177s] -- Installing: /ros/UR_ws/install/ur_description/share/ur_description/config/ur10
[1.177s] -- Installing: /ros/UR_ws/install/ur_description/share/ur_description/config/ur10/physical_parameters.yaml
[1.177s] -- Installing: /ros/UR_ws/install/ur_description/share/ur_description/config/ur10/visual_parameters.yaml
[1.178s] -- Installing: /ros/UR_ws/install/ur_description/share/ur_description/config/ur10/joint_limits.yaml
[1.178s] -- Installing: /ros/UR_ws/install/ur_description/share/ur_description/config/ur10/default_kinematics.yaml
[1.178s] -- Installing: /ros/UR_ws/install/ur_description/share/ur_description/config/ur10e
[1.178s] -- Installing: /ros/UR_ws/install/ur_description/share/ur_description/config/ur10e/physical_parameters.yaml
[1.178s] -- Installing: /ros/UR_ws/install/ur_description/share/ur_description/config/ur10e/visual_parameters.yaml
[1.178s] -- Installing: /ros/UR_ws/install/ur_description/share/ur_description/config/ur10e/joint_limits.yaml
[1.178s] -- Installing: /ros/UR_ws/install/ur_description/share/ur_description/config/ur10e/default_kinematics.yaml
[1.178s] -- Installing: /ros/UR_ws/install/ur_description/share/ur_description/config/ur5
[1.179s] -- Installing: /ros/UR_ws/install/ur_description/share/ur_description/config/ur5/physical_parameters.yaml
[1.179s] -- Installing: /ros/UR_ws/install/ur_description/share/ur_description/config/ur5/visual_parameters.yaml
[1.179s] -- Installing: /ros/UR_ws/install/ur_description/share/ur_description/config/ur5/joint_limits.yaml
[1.179s] -- Installing: /ros/UR_ws/install/ur_description/share/ur_description/config/ur5/default_kinematics.yaml
[1.179s] -- Installing: /ros/UR_ws/install/ur_description/share/ur_description/config/ur8long
[1.179s] -- Installing: /ros/UR_ws/install/ur_description/share/ur_description/config/ur8long/physical_parameters.yaml
[1.179s] -- Installing: /ros/UR_ws/install/ur_description/share/ur_description/config/ur8long/visual_parameters.yaml
[1.180s] -- Installing: /ros/UR_ws/install/ur_description/share/ur_description/config/ur8long/joint_limits.yaml
[1.180s] -- Installing: /ros/UR_ws/install/ur_description/share/ur_description/config/ur8long/default_kinematics.yaml
[1.180s] -- Installing: /ros/UR_ws/install/ur_description/share/ur_description/config/ur15
[1.180s] -- Installing: /ros/UR_ws/install/ur_description/share/ur_description/config/ur15/physical_parameters.yaml
[1.180s] -- Installing: /ros/UR_ws/install/ur_description/share/ur_description/config/ur15/visual_parameters.yaml
[1.180s] -- Installing: /ros/UR_ws/install/ur_description/share/ur_description/config/ur15/joint_limits.yaml
[1.180s] -- Installing: /ros/UR_ws/install/ur_description/share/ur_description/config/ur15/default_kinematics.yaml
[1.180s] -- Installing: /ros/UR_ws/install/ur_description/share/ur_description/config/ur5e
[1.181s] -- Installing: /ros/UR_ws/install/ur_description/share/ur_description/config/ur5e/physical_parameters.yaml
[1.181s] -- Installing: /ros/UR_ws/install/ur_description/share/ur_description/config/ur5e/visual_parameters.yaml
[1.181s] -- Installing: /ros/UR_ws/install/ur_description/share/ur_description/config/ur5e/joint_limits.yaml
[1.181s] -- Installing: /ros/UR_ws/install/ur_description/share/ur_description/config/ur5e/default_kinematics.yaml
[1.181s] -- Installing: /ros/UR_ws/install/ur_description/share/ur_description/config/ur30
[1.181s] -- Installing: /ros/UR_ws/install/ur_description/share/ur_description/config/ur30/physical_parameters.yaml
[1.181s] -- Installing: /ros/UR_ws/install/ur_description/share/ur_description/config/ur30/visual_parameters.yaml
[1.181s] -- Installing: /ros/UR_ws/install/ur_description/share/ur_description/config/ur30/joint_limits.yaml
[1.181s] -- Installing: /ros/UR_ws/install/ur_description/share/ur_description/config/ur30/default_kinematics.yaml
[1.181s] -- Installing: /ros/UR_ws/install/ur_description/share/ur_description/launch
[1.182s] -- Installing: /ros/UR_ws/install/ur_description/share/ur_description/launch/view_ur.launch.py
[1.182s] -- Installing: /ros/UR_ws/install/ur_description/share/ur_description/meshes
[1.182s] -- Installing: /ros/UR_ws/install/ur_description/share/ur_description/meshes/ur3e
[1.182s] -- Installing: /ros/UR_ws/install/ur_description/share/ur_description/meshes/ur3e/visual
[1.182s] -- Installing: /ros/UR_ws/install/ur_description/share/ur_description/meshes/ur3e/visual/upperarm.dae
[1.182s] -- Installing: /ros/UR_ws/install/ur_description/share/ur_description/meshes/ur3e/visual/base.dae
[1.182s] -- Installing: /ros/UR_ws/install/ur_description/share/ur_description/meshes/ur3e/visual/forearm.dae
[1.183s] -- Installing: /ros/UR_ws/install/ur_description/share/ur_description/meshes/ur3e/visual/wrist3.dae
[1.183s] -- Installing: /ros/UR_ws/install/ur_description/share/ur_description/meshes/ur3e/visual/wrist2.dae
[1.184s] -- Installing: /ros/UR_ws/install/ur_description/share/ur_description/meshes/ur3e/visual/wrist1.dae
[1.185s] -- Installing: /ros/UR_ws/install/ur_description/share/ur_description/meshes/ur3e/visual/shoulder.dae
[1.186s] -- Installing: /ros/UR_ws/install/ur_description/share/ur_description/meshes/ur3e/collision
[1.186s] -- Installing: /ros/UR_ws/install/ur_description/share/ur_description/meshes/ur3e/collision/base.stl
[1.186s] -- Installing: /ros/UR_ws/install/ur_description/share/ur_description/meshes/ur3e/collision/shoulder.stl
[1.186s] -- Installing: /ros/UR_ws/install/ur_description/share/ur_description/meshes/ur3e/collision/wrist1.stl
[1.186s] -- Installing: /ros/UR_ws/install/ur_description/share/ur_description/meshes/ur3e/collision/upperarm.stl
[1.186s] -- Installing: /ros/UR_ws/install/ur_description/share/ur_description/meshes/ur3e/collision/forearm.stl
[1.186s] -- Installing: /ros/UR_ws/install/ur_description/share/ur_description/meshes/ur3e/collision/wrist2.stl
[1.186s] -- Installing: /ros/UR_ws/install/ur_description/share/ur_description/meshes/ur3e/collision/wrist3.stl
[1.187s] -- Installing: /ros/UR_ws/install/ur_description/share/ur_description/meshes/ur3
[1.187s] -- Installing: /ros/UR_ws/install/ur_description/share/ur_description/meshes/ur3/visual
[1.187s] -- Installing: /ros/UR_ws/install/ur_description/share/ur_description/meshes/ur3/visual/upperarm.dae
[1.188s] -- Installing: /ros/UR_ws/install/ur_description/share/ur_description/meshes/ur3/visual/base.dae
[1.188s] -- Installing: /ros/UR_ws/install/ur_description/share/ur_description/meshes/ur3/visual/forearm.dae
[1.189s] -- Installing: /ros/UR_ws/install/ur_description/share/ur_description/meshes/ur3/visual/wrist3.dae
[1.189s] -- Installing: /ros/UR_ws/install/ur_description/share/ur_description/meshes/ur3/visual/wrist2.dae
[1.189s] -- Installing: /ros/UR_ws/install/ur_description/share/ur_description/meshes/ur3/visual/wrist1.dae
[1.190s] -- Installing: /ros/UR_ws/install/ur_description/share/ur_description/meshes/ur3/visual/shoulder.dae
[1.191s] -- Installing: /ros/UR_ws/install/ur_description/share/ur_description/meshes/ur3/collision
[1.191s] -- Installing: /ros/UR_ws/install/ur_description/share/ur_description/meshes/ur3/collision/base.stl
[1.191s] -- Installing: /ros/UR_ws/install/ur_description/share/ur_description/meshes/ur3/collision/shoulder.stl
[1.191s] -- Installing: /ros/UR_ws/install/ur_description/share/ur_description/meshes/ur3/collision/wrist1.stl
[1.191s] -- Installing: /ros/UR_ws/install/ur_description/share/ur_description/meshes/ur3/collision/upperarm.stl
[1.192s] -- Installing: /ros/UR_ws/install/ur_description/share/ur_description/meshes/ur3/collision/forearm.stl
[1.192s] -- Installing: /ros/UR_ws/install/ur_description/share/ur_description/meshes/ur3/collision/wrist2.stl
[1.192s] -- Installing: /ros/UR_ws/install/ur_description/share/ur_description/meshes/ur3/collision/wrist3.stl
[1.192s] -- Installing: /ros/UR_ws/install/ur_description/share/ur_description/meshes/ur18
[1.192s] -- Installing: /ros/UR_ws/install/ur_description/share/ur_description/meshes/ur18/visual
[1.193s] -- Installing: /ros/UR_ws/install/ur_description/share/ur_description/meshes/ur18/visual/upperarm.dae
[1.193s] -- Installing: /ros/UR_ws/install/ur_description/share/ur_description/meshes/ur18/visual/forearm.dae
[1.193s] -- Installing: /ros/UR_ws/install/ur_description/share/ur_description/meshes/ur18/visual/UR18_DIFF_8bit_2K.jpg
[1.193s] -- Installing: /ros/UR_ws/install/ur_description/share/ur_description/meshes/ur18/collision
[1.194s] -- Installing: /ros/UR_ws/install/ur_description/share/ur_description/meshes/ur18/collision/upperarm.stl
[1.194s] -- Installing: /ros/UR_ws/install/ur_description/share/ur_description/meshes/ur18/collision/forearm.stl
[1.194s] -- Installing: /ros/UR_ws/install/ur_description/share/ur_description/meshes/ur18/LICENSE.txt
[1.194s] -- Installing: /ros/UR_ws/install/ur_description/share/ur_description/meshes/ur16e
[1.194s] -- Installing: /ros/UR_ws/install/ur_description/share/ur_description/meshes/ur16e/visual
[1.194s] -- Installing: /ros/UR_ws/install/ur_description/share/ur_description/meshes/ur16e/visual/upperarm.dae
[1.195s] -- Installing: /ros/UR_ws/install/ur_description/share/ur_description/meshes/ur16e/visual/forearm.dae
[1.196s] -- Installing: /ros/UR_ws/install/ur_description/share/ur_description/meshes/ur16e/collision
[1.196s] -- Installing: /ros/UR_ws/install/ur_description/share/ur_description/meshes/ur16e/collision/upperarm.stl
[1.196s] -- Installing: /ros/UR_ws/install/ur_description/share/ur_description/meshes/ur16e/collision/forearm.stl
[1.197s] -- Installing: /ros/UR_ws/install/ur_description/share/ur_description/meshes/ur20
[1.197s] -- Installing: /ros/UR_ws/install/ur_description/share/ur_description/meshes/ur20/visual
[1.197s] -- Installing: /ros/UR_ws/install/ur_description/share/ur_description/meshes/ur20/visual/upperarm.dae
[1.197s] -- Installing: /ros/UR_ws/install/ur_description/share/ur_description/meshes/ur20/visual/base.dae
[1.197s] -- Installing: /ros/UR_ws/install/ur_description/share/ur_description/meshes/ur20/visual/forearm.dae
[1.198s] -- Installing: /ros/UR_ws/install/ur_description/share/ur_description/meshes/ur20/visual/UR20_DIFF_8bit_2K.png
[1.199s] -- Installing: /ros/UR_ws/install/ur_description/share/ur_description/meshes/ur20/visual/wrist3.dae
[1.199s] -- Installing: /ros/UR_ws/install/ur_description/share/ur_description/meshes/ur20/visual/wrist2.dae
[1.199s] -- Installing: /ros/UR_ws/install/ur_description/share/ur_description/meshes/ur20/visual/wrist1.dae
[1.199s] -- Installing: /ros/UR_ws/install/ur_description/share/ur_description/meshes/ur20/visual/shoulder.dae
[1.200s] -- Installing: /ros/UR_ws/install/ur_description/share/ur_description/meshes/ur20/collision
[1.200s] -- Installing: /ros/UR_ws/install/ur_description/share/ur_description/meshes/ur20/collision/base.stl
[1.200s] -- Installing: /ros/UR_ws/install/ur_description/share/ur_description/meshes/ur20/collision/shoulder.stl
[1.200s] -- Installing: /ros/UR_ws/install/ur_description/share/ur_description/meshes/ur20/collision/wrist1.stl
[1.200s] -- Installing: /ros/UR_ws/install/ur_description/share/ur_description/meshes/ur20/collision/upperarm.stl
[1.200s] -- Installing: /ros/UR_ws/install/ur_description/share/ur_description/meshes/ur20/collision/forearm.stl
[1.201s] -- Installing: /ros/UR_ws/install/ur_description/share/ur_description/meshes/ur20/collision/wrist2.stl
[1.201s] -- Installing: /ros/UR_ws/install/ur_description/share/ur_description/meshes/ur20/collision/wrist3.stl
[1.201s] -- Installing: /ros/UR_ws/install/ur_description/share/ur_description/meshes/ur20/LICENSE.txt
[1.201s] -- Installing: /ros/UR_ws/install/ur_description/share/ur_description/meshes/ur10
[1.201s] -- Installing: /ros/UR_ws/install/ur_description/share/ur_description/meshes/ur10/visual
[1.201s] -- Installing: /ros/UR_ws/install/ur_description/share/ur_description/meshes/ur10/visual/upperarm.dae
[1.202s] -- Installing: /ros/UR_ws/install/ur_description/share/ur_description/meshes/ur10/visual/base.dae
[1.202s] -- Installing: /ros/UR_ws/install/ur_description/share/ur_description/meshes/ur10/visual/forearm.dae
[1.203s] -- Installing: /ros/UR_ws/install/ur_description/share/ur_description/meshes/ur10/visual/wrist3.dae
[1.203s] -- Installing: /ros/UR_ws/install/ur_description/share/ur_description/meshes/ur10/visual/wrist2.dae
[1.204s] -- Installing: /ros/UR_ws/install/ur_description/share/ur_description/meshes/ur10/visual/wrist1.dae
[1.205s] -- Installing: /ros/UR_ws/install/ur_description/share/ur_description/meshes/ur10/visual/shoulder.dae
[1.206s] -- Installing: /ros/UR_ws/install/ur_description/share/ur_description/meshes/ur10/collision
[1.206s] -- Installing: /ros/UR_ws/install/ur_description/share/ur_description/meshes/ur10/collision/base.stl
[1.206s] -- Installing: /ros/UR_ws/install/ur_description/share/ur_description/meshes/ur10/collision/shoulder.stl
[1.206s] -- Installing: /ros/UR_ws/install/ur_description/share/ur_description/meshes/ur10/collision/wrist1.stl
[1.206s] -- Installing: /ros/UR_ws/install/ur_description/share/ur_description/meshes/ur10/collision/upperarm.stl
[1.206s] -- Installing: /ros/UR_ws/install/ur_description/share/ur_description/meshes/ur10/collision/forearm.stl
[1.206s] -- Installing: /ros/UR_ws/install/ur_description/share/ur_description/meshes/ur10/collision/wrist2.stl
[1.206s] -- Installing: /ros/UR_ws/install/ur_description/share/ur_description/meshes/ur10/collision/wrist3.stl
[1.206s] -- Installing: /ros/UR_ws/install/ur_description/share/ur_description/meshes/ur10e
[1.206s] -- Installing: /ros/UR_ws/install/ur_description/share/ur_description/meshes/ur10e/visual
[1.206s] -- Installing: /ros/UR_ws/install/ur_description/share/ur_description/meshes/ur10e/visual/upperarm.dae
[1.208s] -- Installing: /ros/UR_ws/install/ur_description/share/ur_description/meshes/ur10e/visual/base.dae
[1.208s] -- Installing: /ros/UR_ws/install/ur_description/share/ur_description/meshes/ur10e/visual/forearm.dae
[1.209s] -- Installing: /ros/UR_ws/install/ur_description/share/ur_description/meshes/ur10e/visual/wrist3.dae
[1.209s] -- Installing: /ros/UR_ws/install/ur_description/share/ur_description/meshes/ur10e/visual/wrist2.dae
[1.209s] -- Installing: /ros/UR_ws/install/ur_description/share/ur_description/meshes/ur10e/visual/wrist1.dae
[1.210s] -- Installing: /ros/UR_ws/install/ur_description/share/ur_description/meshes/ur10e/visual/shoulder.dae
[1.211s] -- Installing: /ros/UR_ws/install/ur_description/share/ur_description/meshes/ur10e/collision
[1.211s] -- Installing: /ros/UR_ws/install/ur_description/share/ur_description/meshes/ur10e/collision/base.stl
[1.211s] -- Installing: /ros/UR_ws/install/ur_description/share/ur_description/meshes/ur10e/collision/shoulder.stl
[1.211s] -- Installing: /ros/UR_ws/install/ur_description/share/ur_description/meshes/ur10e/collision/wrist1.stl
[1.211s] -- Installing: /ros/UR_ws/install/ur_description/share/ur_description/meshes/ur10e/collision/upperarm.stl
[1.211s] -- Installing: /ros/UR_ws/install/ur_description/share/ur_description/meshes/ur10e/collision/forearm.stl
[1.212s] -- Installing: /ros/UR_ws/install/ur_description/share/ur_description/meshes/ur10e/collision/wrist2.stl
[1.212s] -- Installing: /ros/UR_ws/install/ur_description/share/ur_description/meshes/ur10e/collision/wrist3.stl
[1.212s] -- Installing: /ros/UR_ws/install/ur_description/share/ur_description/meshes/ur5
[1.212s] -- Installing: /ros/UR_ws/install/ur_description/share/ur_description/meshes/ur5/visual
[1.212s] -- Installing: /ros/UR_ws/install/ur_description/share/ur_description/meshes/ur5/visual/upperarm.dae
[1.213s] -- Installing: /ros/UR_ws/install/ur_description/share/ur_description/meshes/ur5/visual/base.dae
[1.213s] -- Installing: /ros/UR_ws/install/ur_description/share/ur_description/meshes/ur5/visual/forearm.dae
[1.214s] -- Installing: /ros/UR_ws/install/ur_description/share/ur_description/meshes/ur5/visual/wrist3.dae
[1.214s] -- Installing: /ros/UR_ws/install/ur_description/share/ur_description/meshes/ur5/visual/wrist2.dae
[1.214s] -- Installing: /ros/UR_ws/install/ur_description/share/ur_description/meshes/ur5/visual/wrist1.dae
[1.215s] -- Installing: /ros/UR_ws/install/ur_description/share/ur_description/meshes/ur5/visual/shoulder.dae
[1.215s] -- Installing: /ros/UR_ws/install/ur_description/share/ur_description/meshes/ur5/collision
[1.215s] -- Installing: /ros/UR_ws/install/ur_description/share/ur_description/meshes/ur5/collision/base.stl
[1.215s] -- Installing: /ros/UR_ws/install/ur_description/share/ur_description/meshes/ur5/collision/shoulder.stl
[1.215s] -- Installing: /ros/UR_ws/install/ur_description/share/ur_description/meshes/ur5/collision/wrist1.stl
[1.215s] -- Installing: /ros/UR_ws/install/ur_description/share/ur_description/meshes/ur5/collision/upperarm.stl
[1.215s] -- Installing: /ros/UR_ws/install/ur_description/share/ur_description/meshes/ur5/collision/forearm.stl
[1.215s] -- Installing: /ros/UR_ws/install/ur_description/share/ur_description/meshes/ur5/collision/wrist2.stl
[1.216s] -- Installing: /ros/UR_ws/install/ur_description/share/ur_description/meshes/ur5/collision/wrist3.stl
[1.216s] -- Installing: /ros/UR_ws/install/ur_description/share/ur_description/meshes/ur8long
[1.216s] -- Installing: /ros/UR_ws/install/ur_description/share/ur_description/meshes/ur8long/visual
[1.216s] -- Installing: /ros/UR_ws/install/ur_description/share/ur_description/meshes/ur8long/visual/upperarm.dae
[1.216s] -- Installing: /ros/UR_ws/install/ur_description/share/ur_description/meshes/ur8long/visual/forearm.dae
[1.216s] -- Installing: /ros/UR_ws/install/ur_description/share/ur_description/meshes/ur8long/visual/UR8Long_DIFF_8bit_2K.jpg
[1.216s] -- Installing: /ros/UR_ws/install/ur_description/share/ur_description/meshes/ur8long/collision
[1.217s] -- Installing: /ros/UR_ws/install/ur_description/share/ur_description/meshes/ur8long/collision/upperarm.stl
[1.217s] -- Installing: /ros/UR_ws/install/ur_description/share/ur_description/meshes/ur8long/collision/forearm.stl
[1.217s] -- Installing: /ros/UR_ws/install/ur_description/share/ur_description/meshes/ur8long/LICENSE.txt
[1.217s] -- Installing: /ros/UR_ws/install/ur_description/share/ur_description/meshes/ur15
[1.217s] -- Installing: /ros/UR_ws/install/ur_description/share/ur_description/meshes/ur15/visual
[1.217s] -- Installing: /ros/UR_ws/install/ur_description/share/ur_description/meshes/ur15/visual/upperarm.dae
[1.217s] -- Installing: /ros/UR_ws/install/ur_description/share/ur_description/meshes/ur15/visual/base.dae
[1.217s] -- Installing: /ros/UR_ws/install/ur_description/share/ur_description/meshes/ur15/visual/forearm.dae
[1.218s] -- Installing: /ros/UR_ws/install/ur_description/share/ur_description/meshes/ur15/visual/UR15_DIFF_8bit_2K.jpg
[1.218s] -- Installing: /ros/UR_ws/install/ur_description/share/ur_description/meshes/ur15/visual/wrist3.dae
[1.218s] -- Installing: /ros/UR_ws/install/ur_description/share/ur_description/meshes/ur15/visual/wrist2.dae
[1.218s] -- Installing: /ros/UR_ws/install/ur_description/share/ur_description/meshes/ur15/visual/wrist1.dae
[1.218s] -- Installing: /ros/UR_ws/install/ur_description/share/ur_description/meshes/ur15/visual/shoulder.dae
[1.218s] -- Installing: /ros/UR_ws/install/ur_description/share/ur_description/meshes/ur15/collision
[1.218s] -- Installing: /ros/UR_ws/install/ur_description/share/ur_description/meshes/ur15/collision/base.stl
[1.219s] -- Installing: /ros/UR_ws/install/ur_description/share/ur_description/meshes/ur15/collision/shoulder.stl
[1.219s] -- Installing: /ros/UR_ws/install/ur_description/share/ur_description/meshes/ur15/collision/wrist1.stl
[1.219s] -- Installing: /ros/UR_ws/install/ur_description/share/ur_description/meshes/ur15/collision/upperarm.stl
[1.219s] -- Installing: /ros/UR_ws/install/ur_description/share/ur_description/meshes/ur15/collision/forearm.stl
[1.219s] -- Installing: /ros/UR_ws/install/ur_description/share/ur_description/meshes/ur15/collision/wrist2.stl
[1.219s] -- Installing: /ros/UR_ws/install/ur_description/share/ur_description/meshes/ur15/collision/wrist3.stl
[1.219s] -- Installing: /ros/UR_ws/install/ur_description/share/ur_description/meshes/ur15/LICENSE.txt
[1.219s] -- Installing: /ros/UR_ws/install/ur_description/share/ur_description/meshes/ur5e
[1.219s] -- Installing: /ros/UR_ws/install/ur_description/share/ur_description/meshes/ur5e/visual
[1.219s] -- Installing: /ros/UR_ws/install/ur_description/share/ur_description/meshes/ur5e/visual/upperarm.dae
[1.220s] -- Installing: /ros/UR_ws/install/ur_description/share/ur_description/meshes/ur5e/visual/base.dae
[1.221s] -- Installing: /ros/UR_ws/install/ur_description/share/ur_description/meshes/ur5e/visual/forearm.dae
[1.221s] -- Installing: /ros/UR_ws/install/ur_description/share/ur_description/meshes/ur5e/visual/wrist3.dae
[1.221s] -- Installing: /ros/UR_ws/install/ur_description/share/ur_description/meshes/ur5e/visual/wrist2.dae
[1.222s] -- Installing: /ros/UR_ws/install/ur_description/share/ur_description/meshes/ur5e/visual/wrist1.dae
[1.223s] -- Installing: /ros/UR_ws/install/ur_description/share/ur_description/meshes/ur5e/visual/shoulder.dae
[1.223s] -- Installing: /ros/UR_ws/install/ur_description/share/ur_description/meshes/ur5e/collision
[1.223s] -- Installing: /ros/UR_ws/install/ur_description/share/ur_description/meshes/ur5e/collision/base.stl
[1.224s] -- Installing: /ros/UR_ws/install/ur_description/share/ur_description/meshes/ur5e/collision/shoulder.stl
[1.224s] -- Installing: /ros/UR_ws/install/ur_description/share/ur_description/meshes/ur5e/collision/wrist1.stl
[1.224s] -- Installing: /ros/UR_ws/install/ur_description/share/ur_description/meshes/ur5e/collision/upperarm.stl
[1.224s] -- Installing: /ros/UR_ws/install/ur_description/share/ur_description/meshes/ur5e/collision/forearm.stl
[1.224s] -- Installing: /ros/UR_ws/install/ur_description/share/ur_description/meshes/ur5e/collision/wrist2.stl
[1.224s] -- Installing: /ros/UR_ws/install/ur_description/share/ur_description/meshes/ur5e/collision/wrist3.stl
[1.224s] -- Installing: /ros/UR_ws/install/ur_description/share/ur_description/meshes/ur30
[1.224s] -- Installing: /ros/UR_ws/install/ur_description/share/ur_description/meshes/ur30/visual
[1.224s] -- Installing: /ros/UR_ws/install/ur_description/share/ur_description/meshes/ur30/visual/upperarm.dae
[1.225s] -- Installing: /ros/UR_ws/install/ur_description/share/ur_description/meshes/ur30/visual/UR30_DIFF_8bit_2K.png
[1.225s] -- Installing: /ros/UR_ws/install/ur_description/share/ur_description/meshes/ur30/visual/forearm.dae
[1.226s] -- Installing: /ros/UR_ws/install/ur_description/share/ur_description/meshes/ur30/collision
[1.226s] -- Installing: /ros/UR_ws/install/ur_description/share/ur_description/meshes/ur30/collision/upperarm.stl
[1.226s] -- Installing: /ros/UR_ws/install/ur_description/share/ur_description/meshes/ur30/collision/forearm.stl
[1.226s] -- Installing: /ros/UR_ws/install/ur_description/share/ur_description/meshes/ur30/LICENSE.txt
[1.226s] -- Installing: /ros/UR_ws/install/ur_description/share/ur_description/rviz
[1.226s] -- Installing: /ros/UR_ws/install/ur_description/share/ur_description/rviz/view_robot.rviz
[1.226s] -- Installing: /ros/UR_ws/install/ur_description/share/ur_description/urdf
[1.226s] -- Installing: /ros/UR_ws/install/ur_description/share/ur_description/urdf/inc
[1.226s] -- Installing: /ros/UR_ws/install/ur_description/share/ur_description/urdf/inc/ur_sensors.xacro
[1.226s] -- Installing: /ros/UR_ws/install/ur_description/share/ur_description/urdf/inc/ur_common.xacro
[1.227s] -- Installing: /ros/UR_ws/install/ur_description/share/ur_description/urdf/inc/ur_joint_control.xacro
[1.227s] -- Installing: /ros/UR_ws/install/ur_description/share/ur_description/urdf/inc/ur_transmissions.xacro
[1.227s] -- Installing: /ros/UR_ws/install/ur_description/share/ur_description/urdf/ros2_control_mock_hardware.xacro
[1.227s] -- Installing: /ros/UR_ws/install/ur_description/share/ur_description/urdf/ur_mocked.urdf.xacro
[1.227s] -- Installing: /ros/UR_ws/install/ur_description/share/ur_description/urdf/ur.urdf.xacro
[1.227s] -- Installing: /ros/UR_ws/install/ur_description/share/ur_description/urdf/ur_macro.xacro
[1.227s] -- Installing: /ros/UR_ws/install/ur_description/share/ur_description/test
[1.227s] -- Installing: /ros/UR_ws/install/ur_description/share/ur_description/test/test_ur_urdf_xacro.py
[1.227s] -- Installing: /ros/UR_ws/install/ur_description/share/ur_description/test/test_view_ur_launch.py
[1.227s] -- Installing: /ros/UR_ws/install/ur_description/share/ament_index/resource_index/package_run_dependencies/ur_description
[1.228s] -- Installing: /ros/UR_ws/install/ur_description/share/ament_index/resource_index/parent_prefix_path/ur_description
[1.228s] -- Installing: /ros/UR_ws/install/ur_description/share/ur_description/environment/ament_prefix_path.sh
[1.228s] -- Installing: /ros/UR_ws/install/ur_description/share/ur_description/environment/ament_prefix_path.dsv
[1.228s] -- Installing: /ros/UR_ws/install/ur_description/share/ur_description/environment/path.sh
[1.228s] -- Installing: /ros/UR_ws/install/ur_description/share/ur_description/environment/path.dsv
[1.228s] -- Installing: /ros/UR_ws/install/ur_description/share/ur_description/local_setup.bash
[1.228s] -- Installing: /ros/UR_ws/install/ur_description/share/ur_description/local_setup.sh
[1.228s] -- Installing: /ros/UR_ws/install/ur_description/share/ur_description/local_setup.zsh
[1.228s] -- Installing: /ros/UR_ws/install/ur_description/share/ur_description/local_setup.dsv
[1.229s] -- Installing: /ros/UR_ws/install/ur_description/share/ur_description/package.dsv
[1.229s] -- Installing: /ros/UR_ws/install/ur_description/share/ament_index/resource_index/packages/ur_description
[1.229s] -- Installing: /ros/UR_ws/install/ur_description/share/ur_description/cmake/ur_descriptionConfig.cmake
[1.229s] -- Installing: /ros/UR_ws/install/ur_description/share/ur_description/cmake/ur_descriptionConfig-version.cmake
[1.229s] -- Installing: /ros/UR_ws/install/ur_description/share/ur_description/package.xml
[1.230s] Invoked command in '/ros/UR_ws/build/ur_description' returned '0': CMAKE_PREFIX_PATH=${CMAKE_PREFIX_PATH}:/opt/ros/jazzy /usr/bin/cmake --install /ros/UR_ws/build/ur_description
