[0.776s] Invoking command in '/root/Shared/src/Path-Planning-Algorithms': PYTHONPATH=/root/Shared/build/pathplanners/prefix_override:/usr/lib/python3/dist-packages/colcon_core/task/python/colcon_distutils_commands:/root/Shared/install/pathplanners/lib/python3.10/site-packages:${PYTHONPATH} /usr/bin/python3 -W ignore:setup.py install is deprecated -W ignore:easy_install command is deprecated setup.py egg_info --egg-base ../../build/pathplanners build --build-base /root/Shared/build/pathplanners/build install --record /root/Shared/build/pathplanners/install.log --single-version-externally-managed install_data
[0.985s] running egg_info
[0.985s] writing ../../build/pathplanners/pathplanners.egg-info/PKG-INFO
[0.985s] writing dependency_links to ../../build/pathplanners/pathplanners.egg-info/dependency_links.txt
[0.986s] writing entry points to ../../build/pathplanners/pathplanners.egg-info/entry_points.txt
[0.986s] writing requirements to ../../build/pathplanners/pathplanners.egg-info/requires.txt
[0.986s] writing top-level names to ../../build/pathplanners/pathplanners.egg-info/top_level.txt
[0.987s] reading manifest file '../../build/pathplanners/pathplanners.egg-info/SOURCES.txt'
[0.988s] writing manifest file '../../build/pathplanners/pathplanners.egg-info/SOURCES.txt'
[0.988s] running build
[0.988s] running build_py
[0.988s] running install
[0.988s] running install_lib
[0.989s] running install_data
[0.989s] running install_egg_info
[0.991s] removing '/root/Shared/install/pathplanners/lib/python3.10/site-packages/pathplanners-0.0.0-py3.10.egg-info' (and everything under it)
[0.991s] Copying ../../build/pathplanners/pathplanners.egg-info to /root/Shared/install/pathplanners/lib/python3.10/site-packages/pathplanners-0.0.0-py3.10.egg-info
[0.992s] running install_scripts
[1.012s] Installing bfs script to /root/Shared/install/pathplanners/lib/pathplanners
[1.012s] Installing dijkstra script to /root/Shared/install/pathplanners/lib/pathplanners
[1.012s] Installing map_node script to /root/Shared/install/pathplanners/lib/pathplanners
[1.013s] writing list of installed files to '/root/Shared/build/pathplanners/install.log'
[1.039s] Invoked command in '/root/Shared/src/Path-Planning-Algorithms' returned '0': PYTHONPATH=/root/Shared/build/pathplanners/prefix_override:/usr/lib/python3/dist-packages/colcon_core/task/python/colcon_distutils_commands:/root/Shared/install/pathplanners/lib/python3.10/site-packages:${PYTHONPATH} /usr/bin/python3 -W ignore:setup.py install is deprecated -W ignore:easy_install command is deprecated setup.py egg_info --egg-base ../../build/pathplanners build --build-base /root/Shared/build/pathplanners/build install --record /root/Shared/build/pathplanners/install.log --single-version-externally-managed install_data
