[0.771s] Invoking command in '/root/Shared/src/Path-Planning-Algorithms': PYTHONPATH=/root/Shared/build/pathplanners/prefix_override:/usr/lib/python3/dist-packages/colcon_core/task/python/colcon_distutils_commands:/root/Shared/install/pathplanners/lib/python3.10/site-packages:${PYTHONPATH} /usr/bin/python3 -W ignore:setup.py install is deprecated -W ignore:easy_install command is deprecated setup.py egg_info --egg-base ../../build/pathplanners build --build-base /root/Shared/build/pathplanners/build install --record /root/Shared/build/pathplanners/install.log --single-version-externally-managed install_data
[0.973s] running egg_info
[0.973s] writing ../../build/pathplanners/pathplanners.egg-info/PKG-INFO
[0.974s] writing dependency_links to ../../build/pathplanners/pathplanners.egg-info/dependency_links.txt
[0.974s] writing entry points to ../../build/pathplanners/pathplanners.egg-info/entry_points.txt
[0.974s] writing requirements to ../../build/pathplanners/pathplanners.egg-info/requires.txt
[0.974s] writing top-level names to ../../build/pathplanners/pathplanners.egg-info/top_level.txt
[0.975s] reading manifest file '../../build/pathplanners/pathplanners.egg-info/SOURCES.txt'
[0.976s] writing manifest file '../../build/pathplanners/pathplanners.egg-info/SOURCES.txt'
[0.976s] running build
[0.976s] running build_py
[0.976s] copying pathplanners/map.py -> /root/Shared/build/pathplanners/build/lib/pathplanners
[0.976s] running install
[0.977s] running install_lib
[0.977s] copying /root/Shared/build/pathplanners/build/lib/pathplanners/map.py -> /root/Shared/install/pathplanners/lib/python3.10/site-packages/pathplanners
[0.978s] byte-compiling /root/Shared/install/pathplanners/lib/python3.10/site-packages/pathplanners/map.py to map.cpython-310.pyc
[0.978s] running install_data
[0.978s] running install_egg_info
[0.980s] removing '/root/Shared/install/pathplanners/lib/python3.10/site-packages/pathplanners-0.0.0-py3.10.egg-info' (and everything under it)
[0.980s] Copying ../../build/pathplanners/pathplanners.egg-info to /root/Shared/install/pathplanners/lib/python3.10/site-packages/pathplanners-0.0.0-py3.10.egg-info
[0.981s] running install_scripts
[0.999s] Installing astart script to /root/Shared/install/pathplanners/lib/pathplanners
[0.999s] Installing bfs script to /root/Shared/install/pathplanners/lib/pathplanners
[0.999s] Installing dijkstra script to /root/Shared/install/pathplanners/lib/pathplanners
[0.999s] Installing dstart script to /root/Shared/install/pathplanners/lib/pathplanners
[0.999s] Installing map_node script to /root/Shared/install/pathplanners/lib/pathplanners
[1.000s] writing list of installed files to '/root/Shared/build/pathplanners/install.log'
[1.023s] Invoked command in '/root/Shared/src/Path-Planning-Algorithms' returned '0': PYTHONPATH=/root/Shared/build/pathplanners/prefix_override:/usr/lib/python3/dist-packages/colcon_core/task/python/colcon_distutils_commands:/root/Shared/install/pathplanners/lib/python3.10/site-packages:${PYTHONPATH} /usr/bin/python3 -W ignore:setup.py install is deprecated -W ignore:easy_install command is deprecated setup.py egg_info --egg-base ../../build/pathplanners build --build-base /root/Shared/build/pathplanners/build install --record /root/Shared/build/pathplanners/install.log --single-version-externally-managed install_data
