[0.684s] Invoking command in '/root/Shared/src/Path-Planning-Algorithms': PYTHONPATH=/root/Shared/build/pathplanners/prefix_override:/usr/lib/python3/dist-packages/colcon_core/task/python/colcon_distutils_commands:/root/Shared/install/pathplanners/lib/python3.10/site-packages:${PYTHONPATH} /usr/bin/python3 -W ignore:setup.py install is deprecated -W ignore:easy_install command is deprecated setup.py egg_info --egg-base ../../build/pathplanners build --build-base /root/Shared/build/pathplanners/build install --record /root/Shared/build/pathplanners/install.log --single-version-externally-managed install_data
[0.871s] running egg_info
[0.871s] writing ../../build/pathplanners/pathplanners.egg-info/PKG-INFO
[0.872s] writing dependency_links to ../../build/pathplanners/pathplanners.egg-info/dependency_links.txt
[0.872s] writing entry points to ../../build/pathplanners/pathplanners.egg-info/entry_points.txt
[0.872s] writing requirements to ../../build/pathplanners/pathplanners.egg-info/requires.txt
[0.872s] writing top-level names to ../../build/pathplanners/pathplanners.egg-info/top_level.txt
[0.873s] reading manifest file '../../build/pathplanners/pathplanners.egg-info/SOURCES.txt'
[0.874s] writing manifest file '../../build/pathplanners/pathplanners.egg-info/SOURCES.txt'
[0.874s] running build
[0.874s] running build_py
[0.874s] copying pathplanners/breadthfirstsearch.py -> /root/Shared/build/pathplanners/build/lib/pathplanners
[0.874s] running install
[0.875s] running install_lib
[0.875s] copying /root/Shared/build/pathplanners/build/lib/pathplanners/breadthfirstsearch.py -> /root/Shared/install/pathplanners/lib/python3.10/site-packages/pathplanners
[0.876s] byte-compiling /root/Shared/install/pathplanners/lib/python3.10/site-packages/pathplanners/breadthfirstsearch.py to breadthfirstsearch.cpython-310.pyc
[0.877s] running install_data
[0.877s] running install_egg_info
[0.878s] removing '/root/Shared/install/pathplanners/lib/python3.10/site-packages/pathplanners-0.0.0-py3.10.egg-info' (and everything under it)
[0.878s] Copying ../../build/pathplanners/pathplanners.egg-info to /root/Shared/install/pathplanners/lib/python3.10/site-packages/pathplanners-0.0.0-py3.10.egg-info
[0.879s] running install_scripts
[0.896s] Installing bfs script to /root/Shared/install/pathplanners/lib/pathplanners
[0.896s] Installing dijkstra script to /root/Shared/install/pathplanners/lib/pathplanners
[0.896s] Installing map_node script to /root/Shared/install/pathplanners/lib/pathplanners
[0.896s] writing list of installed files to '/root/Shared/build/pathplanners/install.log'
[0.918s] Invoked command in '/root/Shared/src/Path-Planning-Algorithms' returned '0': PYTHONPATH=/root/Shared/build/pathplanners/prefix_override:/usr/lib/python3/dist-packages/colcon_core/task/python/colcon_distutils_commands:/root/Shared/install/pathplanners/lib/python3.10/site-packages:${PYTHONPATH} /usr/bin/python3 -W ignore:setup.py install is deprecated -W ignore:easy_install command is deprecated setup.py egg_info --egg-base ../../build/pathplanners build --build-base /root/Shared/build/pathplanners/build install --record /root/Shared/build/pathplanners/install.log --single-version-externally-managed install_data
