[0.796s] Invoking command in '/root/Shared/src/Path-Planning-Algorithms': PYTHONPATH=/root/Shared/build/pathplanners/prefix_override:/usr/lib/python3/dist-packages/colcon_core/task/python/colcon_distutils_commands:/root/Shared/install/pathplanners/lib/python3.10/site-packages:${PYTHONPATH} /usr/bin/python3 -W ignore:setup.py install is deprecated -W ignore:easy_install command is deprecated setup.py egg_info --egg-base ../../build/pathplanners build --build-base /root/Shared/build/pathplanners/build install --record /root/Shared/build/pathplanners/install.log --single-version-externally-managed install_data
[0.995s] running egg_info
[0.996s] writing ../../build/pathplanners/pathplanners.egg-info/PKG-INFO
[0.996s] writing dependency_links to ../../build/pathplanners/pathplanners.egg-info/dependency_links.txt
[0.996s] writing entry points to ../../build/pathplanners/pathplanners.egg-info/entry_points.txt
[0.996s] writing requirements to ../../build/pathplanners/pathplanners.egg-info/requires.txt
[0.996s] writing top-level names to ../../build/pathplanners/pathplanners.egg-info/top_level.txt
[0.998s] reading manifest file '../../build/pathplanners/pathplanners.egg-info/SOURCES.txt'
[0.998s] writing manifest file '../../build/pathplanners/pathplanners.egg-info/SOURCES.txt'
[0.998s] running build
[0.998s] running build_py
[0.999s] copying pathplanners/astart.py -> /root/Shared/build/pathplanners/build/lib/pathplanners
[0.999s] running install
[0.999s] running install_lib
[1.000s] copying /root/Shared/build/pathplanners/build/lib/pathplanners/astart.py -> /root/Shared/install/pathplanners/lib/python3.10/site-packages/pathplanners
[1.000s] byte-compiling /root/Shared/install/pathplanners/lib/python3.10/site-packages/pathplanners/astart.py to astart.cpython-310.pyc
[1.001s] running install_data
[1.001s] running install_egg_info
[1.003s] removing '/root/Shared/install/pathplanners/lib/python3.10/site-packages/pathplanners-0.0.0-py3.10.egg-info' (and everything under it)
[1.003s] Copying ../../build/pathplanners/pathplanners.egg-info to /root/Shared/install/pathplanners/lib/python3.10/site-packages/pathplanners-0.0.0-py3.10.egg-info
[1.004s] running install_scripts
[1.026s] Installing astart script to /root/Shared/install/pathplanners/lib/pathplanners
[1.026s] Installing bfs script to /root/Shared/install/pathplanners/lib/pathplanners
[1.026s] Installing dijkstra script to /root/Shared/install/pathplanners/lib/pathplanners
[1.027s] Installing map_node script to /root/Shared/install/pathplanners/lib/pathplanners
[1.027s] writing list of installed files to '/root/Shared/build/pathplanners/install.log'
[1.045s] Invoked command in '/root/Shared/src/Path-Planning-Algorithms' returned '0': PYTHONPATH=/root/Shared/build/pathplanners/prefix_override:/usr/lib/python3/dist-packages/colcon_core/task/python/colcon_distutils_commands:/root/Shared/install/pathplanners/lib/python3.10/site-packages:${PYTHONPATH} /usr/bin/python3 -W ignore:setup.py install is deprecated -W ignore:easy_install command is deprecated setup.py egg_info --egg-base ../../build/pathplanners build --build-base /root/Shared/build/pathplanners/build install --record /root/Shared/build/pathplanners/install.log --single-version-externally-managed install_data
