[0.918s] Invoking command in '/ros/UR_ws/src/rrt_motion_planning': PYTHONPATH=/ros/UR_ws/build/rrt_motion_planning/prefix_override:/usr/lib/python3/dist-packages/colcon_core/task/python/colcon_distutils_commands:/ros/UR_ws/install/rrt_motion_planning/lib/python3.12/site-packages:${PYTHONPATH} /usr/bin/python3 -W ignore:setup.py install is deprecated -W ignore:easy_install command is deprecated setup.py egg_info --egg-base ../../build/rrt_motion_planning build --build-base /ros/UR_ws/build/rrt_motion_planning/build install --record /ros/UR_ws/build/rrt_motion_planning/install.log --single-version-externally-managed install_data
[1.162s] running egg_info
[1.179s] writing ../../build/rrt_motion_planning/rrt_motion_planning.egg-info/PKG-INFO
[1.180s] writing dependency_links to ../../build/rrt_motion_planning/rrt_motion_planning.egg-info/dependency_links.txt
[1.180s] writing entry points to ../../build/rrt_motion_planning/rrt_motion_planning.egg-info/entry_points.txt
[1.180s] writing requirements to ../../build/rrt_motion_planning/rrt_motion_planning.egg-info/requires.txt
[1.180s] writing top-level names to ../../build/rrt_motion_planning/rrt_motion_planning.egg-info/top_level.txt
[1.216s] reading manifest file '../../build/rrt_motion_planning/rrt_motion_planning.egg-info/SOURCES.txt'
[1.217s] writing manifest file '../../build/rrt_motion_planning/rrt_motion_planning.egg-info/SOURCES.txt'
[1.217s] running build
[1.217s] running build_py
[1.217s] copying rrt_motion_planning/rrt_motion_planning.py -> /ros/UR_ws/build/rrt_motion_planning/build/lib/rrt_motion_planning
[1.217s] running install
[1.223s] running install_lib
[1.241s] copying /ros/UR_ws/build/rrt_motion_planning/build/lib/rrt_motion_planning/rrt_motion_planning.py -> /ros/UR_ws/install/rrt_motion_planning/lib/python3.12/site-packages/rrt_motion_planning
[1.241s] byte-compiling /ros/UR_ws/install/rrt_motion_planning/lib/python3.12/site-packages/rrt_motion_planning/rrt_motion_planning.py to rrt_motion_planning.cpython-312.pyc
[1.244s] running install_data
[1.244s] running install_egg_info
[1.263s] removing '/ros/UR_ws/install/rrt_motion_planning/lib/python3.12/site-packages/rrt_motion_planning-0.0.0-py3.12.egg-info' (and everything under it)
[1.263s] Copying ../../build/rrt_motion_planning/rrt_motion_planning.egg-info to /ros/UR_ws/install/rrt_motion_planning/lib/python3.12/site-packages/rrt_motion_planning-0.0.0-py3.12.egg-info
[1.264s] running install_scripts
[1.381s] Installing rrt_motion_planning script to /ros/UR_ws/install/rrt_motion_planning/lib/rrt_motion_planning
[1.381s] writing list of installed files to '/ros/UR_ws/build/rrt_motion_planning/install.log'
[1.405s] Invoked command in '/ros/UR_ws/src/rrt_motion_planning' returned '0': PYTHONPATH=/ros/UR_ws/build/rrt_motion_planning/prefix_override:/usr/lib/python3/dist-packages/colcon_core/task/python/colcon_distutils_commands:/ros/UR_ws/install/rrt_motion_planning/lib/python3.12/site-packages:${PYTHONPATH} /usr/bin/python3 -W ignore:setup.py install is deprecated -W ignore:easy_install command is deprecated setup.py egg_info --egg-base ../../build/rrt_motion_planning build --build-base /ros/UR_ws/build/rrt_motion_planning/build install --record /ros/UR_ws/build/rrt_motion_planning/install.log --single-version-externally-managed install_data
