[0.099s] DEBUG:colcon:Command line arguments: ['/usr/bin/colcon', 'build']
[0.099s] DEBUG:colcon:Parsed command line arguments: Namespace(log_base=None, log_level=None, verb_name='build', build_base='build', install_base='install', merge_install=False, symlink_install=False, test_result_base=None, continue_on_error=False, executor='parallel', parallel_workers=12, event_handlers=None, ignore_user_meta=False, metas=['./colcon.meta'], base_paths=['.'], packages_ignore=None, packages_ignore_regex=None, paths=None, packages_up_to=None, packages_up_to_regex=None, packages_above=None, packages_above_and_dependencies=None, packages_above_depth=None, packages_select_by_dep=None, packages_skip_by_dep=None, packages_skip_up_to=None, packages_select_build_failed=False, packages_skip_build_finished=False, packages_select_test_failures=False, packages_skip_test_passed=False, packages_select=None, packages_skip=None, packages_select_regex=None, packages_skip_regex=None, packages_start=None, packages_end=None, cmake_args=None, cmake_target=None, cmake_target_skip_unavailable=False, cmake_clean_cache=False, cmake_clean_first=False, cmake_force_configure=False, ament_cmake_args=None, catkin_cmake_args=None, catkin_skip_building_tests=False, mixin_files=None, mixin=None, verb_parser=<colcon_mixin.mixin.mixin_argument.MixinArgumentDecorator object at 0x7fcaa2888980>, verb_extension=<colcon_core.verb.build.BuildVerb object at 0x7fcaa28882f0>, main=<bound method BuildVerb.main of <colcon_core.verb.build.BuildVerb object at 0x7fcaa28882f0>>, mixin_verb=('build',))
[0.133s] Level 1:colcon.colcon_core.package_discovery:discover_packages(colcon_meta) check parameters
[0.133s] INFO:colcon.colcon_metadata.package_discovery.colcon_meta:Using configuration from '/root/.colcon/metadata/default/Gazebo.meta'
[0.134s] INFO:colcon.colcon_metadata.package_discovery.colcon_meta:Using configuration from '/root/.colcon/metadata/default/fastdds.meta'
[0.134s] INFO:colcon.colcon_metadata.package_discovery.colcon_meta:Using configuration from '/root/.colcon/metadata/default/fastrtps.meta'
[0.134s] Level 1:colcon.colcon_core.package_discovery:discover_packages(recursive) check parameters
[0.134s] Level 1:colcon.colcon_core.package_discovery:discover_packages(ignore) check parameters
[0.134s] Level 1:colcon.colcon_core.package_discovery:discover_packages(path) check parameters
[0.134s] Level 1:colcon.colcon_core.package_discovery:discover_packages(colcon_meta) discover
[0.134s] Level 1:colcon.colcon_core.package_discovery:discover_packages(recursive) discover
[0.134s] INFO:colcon.colcon_core.package_discovery:Crawling recursively for packages in '/ros/Practicas_pregrado'
[0.134s] Level 1:colcon.colcon_core.package_identification:_identify(.) by extensions ['ignore', 'ignore_ament_install']
[0.134s] Level 1:colcon.colcon_core.package_identification:_identify(.) by extension 'ignore'
[0.135s] Level 1:colcon.colcon_core.package_identification:_identify(.) by extension 'ignore_ament_install'
[0.135s] Level 1:colcon.colcon_core.package_identification:_identify(.) by extensions ['colcon_pkg']
[0.135s] Level 1:colcon.colcon_core.package_identification:_identify(.) by extension 'colcon_pkg'
[0.135s] Level 1:colcon.colcon_core.package_identification:_identify(.) by extensions ['colcon_meta']
[0.135s] Level 1:colcon.colcon_core.package_identification:_identify(.) by extension 'colcon_meta'
[0.135s] Level 1:colcon.colcon_core.package_identification:_identify(.) by extensions ['ros']
[0.135s] Level 1:colcon.colcon_core.package_identification:_identify(.) by extension 'ros'
[0.159s] Level 1:colcon.colcon_core.package_identification:_identify(.) by extensions ['cmake', 'python']
[0.159s] Level 1:colcon.colcon_core.package_identification:_identify(.) by extension 'cmake'
[0.159s] Level 1:colcon.colcon_core.package_identification:_identify(.) by extension 'python'
[0.159s] Level 1:colcon.colcon_core.package_identification:_identify(.) by extensions ['python_setup_py']
[0.159s] Level 1:colcon.colcon_core.package_identification:_identify(.) by extension 'python_setup_py'
[0.159s] Level 1:colcon.colcon_core.package_identification:_identify(build) by extensions ['ignore', 'ignore_ament_install']
[0.159s] Level 1:colcon.colcon_core.package_identification:_identify(build) by extension 'ignore'
[0.159s] Level 1:colcon.colcon_core.package_identification:_identify(build) ignored
[0.159s] Level 1:colcon.colcon_core.package_identification:_identify(install) by extensions ['ignore', 'ignore_ament_install']
[0.159s] Level 1:colcon.colcon_core.package_identification:_identify(install) by extension 'ignore'
[0.159s] Level 1:colcon.colcon_core.package_identification:_identify(install) ignored
[0.160s] Level 1:colcon.colcon_core.package_identification:_identify(log) by extensions ['ignore', 'ignore_ament_install']
[0.160s] Level 1:colcon.colcon_core.package_identification:_identify(log) by extension 'ignore'
[0.160s] Level 1:colcon.colcon_core.package_identification:_identify(log) ignored
[0.160s] Level 1:colcon.colcon_core.package_identification:_identify(src) by extensions ['ignore', 'ignore_ament_install']
[0.160s] Level 1:colcon.colcon_core.package_identification:_identify(src) by extension 'ignore'
[0.160s] Level 1:colcon.colcon_core.package_identification:_identify(src) by extension 'ignore_ament_install'
[0.160s] Level 1:colcon.colcon_core.package_identification:_identify(src) by extensions ['colcon_pkg']
[0.160s] Level 1:colcon.colcon_core.package_identification:_identify(src) by extension 'colcon_pkg'
[0.160s] Level 1:colcon.colcon_core.package_identification:_identify(src) by extensions ['colcon_meta']
[0.160s] Level 1:colcon.colcon_core.package_identification:_identify(src) by extension 'colcon_meta'
[0.160s] Level 1:colcon.colcon_core.package_identification:_identify(src) by extensions ['ros']
[0.160s] Level 1:colcon.colcon_core.package_identification:_identify(src) by extension 'ros'
[0.160s] Level 1:colcon.colcon_core.package_identification:_identify(src) by extensions ['cmake', 'python']
[0.160s] Level 1:colcon.colcon_core.package_identification:_identify(src) by extension 'cmake'
[0.160s] Level 1:colcon.colcon_core.package_identification:_identify(src) by extension 'python'
[0.160s] Level 1:colcon.colcon_core.package_identification:_identify(src) by extensions ['python_setup_py']
[0.160s] Level 1:colcon.colcon_core.package_identification:_identify(src) by extension 'python_setup_py'
[0.160s] Level 1:colcon.colcon_core.package_identification:_identify(src/kinematics) by extensions ['ignore', 'ignore_ament_install']
[0.160s] Level 1:colcon.colcon_core.package_identification:_identify(src/kinematics) by extension 'ignore'
[0.160s] Level 1:colcon.colcon_core.package_identification:_identify(src/kinematics) by extension 'ignore_ament_install'
[0.160s] Level 1:colcon.colcon_core.package_identification:_identify(src/kinematics) by extensions ['colcon_pkg']
[0.161s] Level 1:colcon.colcon_core.package_identification:_identify(src/kinematics) by extension 'colcon_pkg'
[0.161s] Level 1:colcon.colcon_core.package_identification:_identify(src/kinematics) by extensions ['colcon_meta']
[0.161s] Level 1:colcon.colcon_core.package_identification:_identify(src/kinematics) by extension 'colcon_meta'
[0.161s] Level 1:colcon.colcon_core.package_identification:_identify(src/kinematics) by extensions ['ros']
[0.161s] Level 1:colcon.colcon_core.package_identification:_identify(src/kinematics) by extension 'ros'
[0.163s] DEBUG:colcon.colcon_core.package_identification:Package 'src/kinematics' with type 'ros.ament_python' and name 'kinematics'
[0.163s] Level 1:colcon.colcon_core.package_identification:_identify(src/robots_description) by extensions ['ignore', 'ignore_ament_install']
[0.163s] Level 1:colcon.colcon_core.package_identification:_identify(src/robots_description) by extension 'ignore'
[0.163s] Level 1:colcon.colcon_core.package_identification:_identify(src/robots_description) by extension 'ignore_ament_install'
[0.163s] Level 1:colcon.colcon_core.package_identification:_identify(src/robots_description) by extensions ['colcon_pkg']
[0.163s] Level 1:colcon.colcon_core.package_identification:_identify(src/robots_description) by extension 'colcon_pkg'
[0.163s] Level 1:colcon.colcon_core.package_identification:_identify(src/robots_description) by extensions ['colcon_meta']
[0.163s] Level 1:colcon.colcon_core.package_identification:_identify(src/robots_description) by extension 'colcon_meta'
[0.163s] Level 1:colcon.colcon_core.package_identification:_identify(src/robots_description) by extensions ['ros']
[0.163s] Level 1:colcon.colcon_core.package_identification:_identify(src/robots_description) by extension 'ros'
[0.164s] DEBUG:colcon.colcon_core.package_identification:Package 'src/robots_description' with type 'ros.ament_cmake' and name 'robots_description'
[0.164s] Level 1:colcon.colcon_core.package_discovery:discover_packages(recursive) using defaults
[0.164s] Level 1:colcon.colcon_core.package_discovery:discover_packages(ignore) discover
[0.164s] Level 1:colcon.colcon_core.package_discovery:discover_packages(ignore) using defaults
[0.164s] Level 1:colcon.colcon_core.package_discovery:discover_packages(path) discover
[0.164s] Level 1:colcon.colcon_core.package_discovery:discover_packages(path) using defaults
[0.179s] Level 5:colcon.colcon_core.verb:set package 'kinematics' build argument 'cmake_args' from command line to 'None'
[0.179s] Level 5:colcon.colcon_core.verb:set package 'kinematics' build argument 'cmake_target' from command line to 'None'
[0.179s] Level 5:colcon.colcon_core.verb:set package 'kinematics' build argument 'cmake_target_skip_unavailable' from command line to 'False'
[0.179s] Level 5:colcon.colcon_core.verb:set package 'kinematics' build argument 'cmake_clean_cache' from command line to 'False'
[0.179s] Level 5:colcon.colcon_core.verb:set package 'kinematics' build argument 'cmake_clean_first' from command line to 'False'
[0.179s] Level 5:colcon.colcon_core.verb:set package 'kinematics' build argument 'cmake_force_configure' from command line to 'False'
[0.179s] Level 5:colcon.colcon_core.verb:set package 'kinematics' build argument 'ament_cmake_args' from command line to 'None'
[0.179s] Level 5:colcon.colcon_core.verb:set package 'kinematics' build argument 'catkin_cmake_args' from command line to 'None'
[0.179s] Level 5:colcon.colcon_core.verb:set package 'kinematics' build argument 'catkin_skip_building_tests' from command line to 'False'
[0.179s] DEBUG:colcon.colcon_core.verb:Building package 'kinematics' with the following arguments: {'ament_cmake_args': None, 'build_base': '/ros/Practicas_pregrado/build/kinematics', 'catkin_cmake_args': None, 'catkin_skip_building_tests': False, 'cmake_args': None, 'cmake_clean_cache': False, 'cmake_clean_first': False, 'cmake_force_configure': False, 'cmake_target': None, 'cmake_target_skip_unavailable': False, 'install_base': '/ros/Practicas_pregrado/install/kinematics', 'merge_install': False, 'path': '/ros/Practicas_pregrado/src/kinematics', 'symlink_install': False, 'test_result_base': None}
[0.180s] Level 5:colcon.colcon_core.verb:set package 'robots_description' build argument 'cmake_args' from command line to 'None'
[0.180s] Level 5:colcon.colcon_core.verb:set package 'robots_description' build argument 'cmake_target' from command line to 'None'
[0.180s] Level 5:colcon.colcon_core.verb:set package 'robots_description' build argument 'cmake_target_skip_unavailable' from command line to 'False'
[0.180s] Level 5:colcon.colcon_core.verb:set package 'robots_description' build argument 'cmake_clean_cache' from command line to 'False'
[0.180s] Level 5:colcon.colcon_core.verb:set package 'robots_description' build argument 'cmake_clean_first' from command line to 'False'
[0.180s] Level 5:colcon.colcon_core.verb:set package 'robots_description' build argument 'cmake_force_configure' from command line to 'False'
[0.180s] Level 5:colcon.colcon_core.verb:set package 'robots_description' build argument 'ament_cmake_args' from command line to 'None'
[0.180s] Level 5:colcon.colcon_core.verb:set package 'robots_description' build argument 'catkin_cmake_args' from command line to 'None'
[0.180s] Level 5:colcon.colcon_core.verb:set package 'robots_description' build argument 'catkin_skip_building_tests' from command line to 'False'
[0.180s] DEBUG:colcon.colcon_core.verb:Building package 'robots_description' with the following arguments: {'ament_cmake_args': None, 'build_base': '/ros/Practicas_pregrado/build/robots_description', 'catkin_cmake_args': None, 'catkin_skip_building_tests': False, 'cmake_args': None, 'cmake_clean_cache': False, 'cmake_clean_first': False, 'cmake_force_configure': False, 'cmake_target': None, 'cmake_target_skip_unavailable': False, 'install_base': '/ros/Practicas_pregrado/install/robots_description', 'merge_install': False, 'path': '/ros/Practicas_pregrado/src/robots_description', 'symlink_install': False, 'test_result_base': None}
[0.180s] INFO:colcon.colcon_core.executor:Executing jobs using 'parallel' executor
[0.181s] DEBUG:colcon.colcon_parallel_executor.executor.parallel:run_until_complete
[0.181s] INFO:colcon.colcon_ros.task.ament_python.build:Building ROS package in '/ros/Practicas_pregrado/src/kinematics' with build type 'ament_python'
[0.181s] Level 1:colcon.colcon_core.shell:create_environment_hook('kinematics', 'ament_prefix_path')
[0.183s] INFO:colcon.colcon_core.plugin_system:Skipping extension 'colcon_core.shell.bat': Not used on non-Windows systems
[0.183s] INFO:colcon.colcon_core.shell:Creating environment hook '/ros/Practicas_pregrado/install/kinematics/share/kinematics/hook/ament_prefix_path.ps1'
[0.183s] INFO:colcon.colcon_core.shell:Creating environment descriptor '/ros/Practicas_pregrado/install/kinematics/share/kinematics/hook/ament_prefix_path.dsv'
[0.184s] INFO:colcon.colcon_core.shell:Creating environment hook '/ros/Practicas_pregrado/install/kinematics/share/kinematics/hook/ament_prefix_path.sh'
[0.184s] INFO:colcon.colcon_core.shell:Skip shell extension 'powershell' for command environment: Not usable outside of PowerShell
[0.184s] DEBUG:colcon.colcon_core.shell:Skip shell extension 'dsv' for command environment
[0.189s] INFO:colcon.colcon_ros.task.ament_cmake.build:Building ROS package in '/ros/Practicas_pregrado/src/robots_description' with build type 'ament_cmake'
[0.189s] INFO:colcon.colcon_cmake.task.cmake.build:Building CMake package in '/ros/Practicas_pregrado/src/robots_description'
[0.189s] INFO:colcon.colcon_core.shell:Skip shell extension 'powershell' for command environment: Not usable outside of PowerShell
[0.189s] DEBUG:colcon.colcon_core.shell:Skip shell extension 'dsv' for command environment
[0.374s] INFO:colcon.colcon_core.task.python.build:Building Python package in '/ros/Practicas_pregrado/src/kinematics'
[0.374s] INFO:colcon.colcon_core.shell:Skip shell extension 'powershell' for command environment: Not usable outside of PowerShell
[0.374s] DEBUG:colcon.colcon_core.shell:Skip shell extension 'dsv' for command environment
[0.380s] DEBUG:colcon.colcon_core.event_handler.log_command:Invoking command in '/ros/Practicas_pregrado/build/robots_description': CMAKE_PREFIX_PATH=${CMAKE_PREFIX_PATH}:/ros/Practicas_pregrado/install/kinematics:/ros/UR_ws/install/rrt_motion_planning:/ros/UR_ws/install/forward_kinematics:/opt/ros/jazzy /usr/bin/cmake --build /ros/Practicas_pregrado/build/robots_description -- -j12 -l12
[0.413s] DEBUG:colcon.colcon_core.event_handler.log_command:Invoked command in '/ros/Practicas_pregrado/build/robots_description' returned '0': CMAKE_PREFIX_PATH=${CMAKE_PREFIX_PATH}:/ros/Practicas_pregrado/install/kinematics:/ros/UR_ws/install/rrt_motion_planning:/ros/UR_ws/install/forward_kinematics:/opt/ros/jazzy /usr/bin/cmake --build /ros/Practicas_pregrado/build/robots_description -- -j12 -l12
[0.421s] DEBUG:colcon.colcon_core.event_handler.log_command:Invoking command in '/ros/Practicas_pregrado/build/robots_description': CMAKE_PREFIX_PATH=${CMAKE_PREFIX_PATH}:/ros/Practicas_pregrado/install/kinematics:/ros/UR_ws/install/rrt_motion_planning:/ros/UR_ws/install/forward_kinematics:/opt/ros/jazzy /usr/bin/cmake --install /ros/Practicas_pregrado/build/robots_description
[0.429s] Level 1:colcon.colcon_core.environment:create_environment_scripts_only(robots_description)
[0.429s] DEBUG:colcon.colcon_core.event_handler.log_command:Invoked command in '/ros/Practicas_pregrado/build/robots_description' returned '0': CMAKE_PREFIX_PATH=${CMAKE_PREFIX_PATH}:/ros/Practicas_pregrado/install/kinematics:/ros/UR_ws/install/rrt_motion_planning:/ros/UR_ws/install/forward_kinematics:/opt/ros/jazzy /usr/bin/cmake --install /ros/Practicas_pregrado/build/robots_description
[0.431s] Level 1:colcon.colcon_core.environment:checking '/ros/Practicas_pregrado/install/robots_description' for CMake module files
[0.431s] Level 1:colcon.colcon_core.environment:checking '/ros/Practicas_pregrado/install/robots_description' for CMake config files
[0.431s] Level 1:colcon.colcon_core.shell:create_environment_hook('robots_description', 'cmake_prefix_path')
[0.431s] INFO:colcon.colcon_core.shell:Creating environment hook '/ros/Practicas_pregrado/install/robots_description/share/robots_description/hook/cmake_prefix_path.ps1'
[0.432s] INFO:colcon.colcon_core.shell:Creating environment descriptor '/ros/Practicas_pregrado/install/robots_description/share/robots_description/hook/cmake_prefix_path.dsv'
[0.432s] INFO:colcon.colcon_core.shell:Creating environment hook '/ros/Practicas_pregrado/install/robots_description/share/robots_description/hook/cmake_prefix_path.sh'
[0.433s] Level 1:colcon.colcon_core.environment:checking '/ros/Practicas_pregrado/install/robots_description/bin'
[0.433s] Level 1:colcon.colcon_core.environment:checking '/ros/Practicas_pregrado/install/robots_description/lib/pkgconfig/robots_description.pc'
[0.433s] Level 1:colcon.colcon_core.environment:checking '/ros/Practicas_pregrado/install/robots_description/lib/python3.12/site-packages'
[0.433s] Level 1:colcon.colcon_core.environment:checking '/ros/Practicas_pregrado/install/robots_description/bin'
[0.433s] INFO:colcon.colcon_core.shell:Creating package script '/ros/Practicas_pregrado/install/robots_description/share/robots_description/package.ps1'
[0.434s] INFO:colcon.colcon_core.shell:Creating package descriptor '/ros/Practicas_pregrado/install/robots_description/share/robots_description/package.dsv'
[0.434s] INFO:colcon.colcon_core.shell:Creating package script '/ros/Practicas_pregrado/install/robots_description/share/robots_description/package.sh'
[0.435s] INFO:colcon.colcon_core.shell:Creating package script '/ros/Practicas_pregrado/install/robots_description/share/robots_description/package.bash'
[0.435s] INFO:colcon.colcon_core.shell:Creating package script '/ros/Practicas_pregrado/install/robots_description/share/robots_description/package.zsh'
[0.436s] Level 1:colcon.colcon_core.environment:create_file_with_runtime_dependencies(/ros/Practicas_pregrado/install/robots_description/share/colcon-core/packages/robots_description)
[0.436s] Level 1:colcon.colcon_core.environment:create_environment_scripts_only(robots_description)
[0.436s] Level 1:colcon.colcon_core.environment:checking '/ros/Practicas_pregrado/install/robots_description' for CMake module files
[0.437s] Level 1:colcon.colcon_core.environment:checking '/ros/Practicas_pregrado/install/robots_description' for CMake config files
[0.437s] Level 1:colcon.colcon_core.shell:create_environment_hook('robots_description', 'cmake_prefix_path')
[0.437s] INFO:colcon.colcon_core.shell:Creating environment hook '/ros/Practicas_pregrado/install/robots_description/share/robots_description/hook/cmake_prefix_path.ps1'
[0.437s] INFO:colcon.colcon_core.shell:Creating environment descriptor '/ros/Practicas_pregrado/install/robots_description/share/robots_description/hook/cmake_prefix_path.dsv'
[0.437s] INFO:colcon.colcon_core.shell:Creating environment hook '/ros/Practicas_pregrado/install/robots_description/share/robots_description/hook/cmake_prefix_path.sh'
[0.438s] Level 1:colcon.colcon_core.environment:checking '/ros/Practicas_pregrado/install/robots_description/bin'
[0.438s] Level 1:colcon.colcon_core.environment:checking '/ros/Practicas_pregrado/install/robots_description/lib/pkgconfig/robots_description.pc'
[0.438s] Level 1:colcon.colcon_core.environment:checking '/ros/Practicas_pregrado/install/robots_description/lib/python3.12/site-packages'
[0.438s] Level 1:colcon.colcon_core.environment:checking '/ros/Practicas_pregrado/install/robots_description/bin'
[0.438s] INFO:colcon.colcon_core.shell:Creating package script '/ros/Practicas_pregrado/install/robots_description/share/robots_description/package.ps1'
[0.439s] INFO:colcon.colcon_core.shell:Creating package descriptor '/ros/Practicas_pregrado/install/robots_description/share/robots_description/package.dsv'
[0.439s] INFO:colcon.colcon_core.shell:Creating package script '/ros/Practicas_pregrado/install/robots_description/share/robots_description/package.sh'
[0.439s] INFO:colcon.colcon_core.shell:Creating package script '/ros/Practicas_pregrado/install/robots_description/share/robots_description/package.bash'
[0.440s] INFO:colcon.colcon_core.shell:Creating package script '/ros/Practicas_pregrado/install/robots_description/share/robots_description/package.zsh'
[0.440s] Level 1:colcon.colcon_core.environment:create_file_with_runtime_dependencies(/ros/Practicas_pregrado/install/robots_description/share/colcon-core/packages/robots_description)
[0.844s] DEBUG:colcon.colcon_core.event_handler.log_command:Invoking command in '/ros/Practicas_pregrado/src/kinematics': PYTHONPATH=/ros/Practicas_pregrado/build/kinematics/prefix_override:/usr/lib/python3/dist-packages/colcon_core/task/python/colcon_distutils_commands:/ros/Practicas_pregrado/install/kinematics/lib/python3.12/site-packages:${PYTHONPATH} /usr/bin/python3 -W ignore:setup.py install is deprecated -W ignore:easy_install command is deprecated setup.py egg_info --egg-base ../../build/kinematics build --build-base /ros/Practicas_pregrado/build/kinematics/build install --record /ros/Practicas_pregrado/build/kinematics/install.log --single-version-externally-managed install_data
[1.300s] Level 1:colcon.colcon_core.environment:checking '/ros/Practicas_pregrado/install/kinematics' for CMake module files
[1.301s] DEBUG:colcon.colcon_core.event_handler.log_command:Invoked command in '/ros/Practicas_pregrado/src/kinematics' returned '0': PYTHONPATH=/ros/Practicas_pregrado/build/kinematics/prefix_override:/usr/lib/python3/dist-packages/colcon_core/task/python/colcon_distutils_commands:/ros/Practicas_pregrado/install/kinematics/lib/python3.12/site-packages:${PYTHONPATH} /usr/bin/python3 -W ignore:setup.py install is deprecated -W ignore:easy_install command is deprecated setup.py egg_info --egg-base ../../build/kinematics build --build-base /ros/Practicas_pregrado/build/kinematics/build install --record /ros/Practicas_pregrado/build/kinematics/install.log --single-version-externally-managed install_data
[1.301s] Level 1:colcon.colcon_core.environment:checking '/ros/Practicas_pregrado/install/kinematics' for CMake config files
[1.301s] Level 1:colcon.colcon_core.environment:checking '/ros/Practicas_pregrado/install/kinematics/lib'
[1.302s] Level 1:colcon.colcon_core.environment:checking '/ros/Practicas_pregrado/install/kinematics/bin'
[1.302s] Level 1:colcon.colcon_core.environment:checking '/ros/Practicas_pregrado/install/kinematics/lib/pkgconfig/kinematics.pc'
[1.302s] Level 1:colcon.colcon_core.environment:checking '/ros/Practicas_pregrado/install/kinematics/lib/python3.12/site-packages'
[1.302s] Level 1:colcon.colcon_core.shell:create_environment_hook('kinematics', 'pythonpath')
[1.302s] INFO:colcon.colcon_core.shell:Creating environment hook '/ros/Practicas_pregrado/install/kinematics/share/kinematics/hook/pythonpath.ps1'
[1.302s] INFO:colcon.colcon_core.shell:Creating environment descriptor '/ros/Practicas_pregrado/install/kinematics/share/kinematics/hook/pythonpath.dsv'
[1.303s] INFO:colcon.colcon_core.shell:Creating environment hook '/ros/Practicas_pregrado/install/kinematics/share/kinematics/hook/pythonpath.sh'
[1.303s] Level 1:colcon.colcon_core.environment:checking '/ros/Practicas_pregrado/install/kinematics/bin'
[1.303s] Level 1:colcon.colcon_core.environment:create_environment_scripts_only(kinematics)
[1.303s] INFO:colcon.colcon_core.shell:Creating package script '/ros/Practicas_pregrado/install/kinematics/share/kinematics/package.ps1'
[1.304s] INFO:colcon.colcon_core.shell:Creating package descriptor '/ros/Practicas_pregrado/install/kinematics/share/kinematics/package.dsv'
[1.304s] INFO:colcon.colcon_core.shell:Creating package script '/ros/Practicas_pregrado/install/kinematics/share/kinematics/package.sh'
[1.304s] INFO:colcon.colcon_core.shell:Creating package script '/ros/Practicas_pregrado/install/kinematics/share/kinematics/package.bash'
[1.305s] INFO:colcon.colcon_core.shell:Creating package script '/ros/Practicas_pregrado/install/kinematics/share/kinematics/package.zsh'
[1.305s] Level 1:colcon.colcon_core.environment:create_file_with_runtime_dependencies(/ros/Practicas_pregrado/install/kinematics/share/colcon-core/packages/kinematics)
[1.305s] DEBUG:colcon.colcon_parallel_executor.executor.parallel:closing loop
[1.305s] DEBUG:colcon.colcon_parallel_executor.executor.parallel:loop closed
[1.305s] DEBUG:colcon.colcon_parallel_executor.executor.parallel:run_until_complete finished with '0'
[1.305s] DEBUG:colcon.colcon_core.event_reactor:joining thread
[1.310s] INFO:colcon.colcon_core.plugin_system:Skipping extension 'colcon_notification.desktop_notification.notify_send': Could not find 'notify-send'
[1.310s] INFO:colcon.colcon_core.plugin_system:Skipping extension 'colcon_notification.desktop_notification.terminal_notifier': Not used on non-Darwin systems
[1.311s] INFO:colcon.colcon_core.plugin_system:Skipping extension 'colcon_notification.desktop_notification.win32': Not used on non-Windows systems
[1.311s] INFO:colcon.colcon_notification.desktop_notification:Sending desktop notification using 'notify2'
[1.312s] DEBUG:colcon.colcon_notification.desktop_notification.notify2:Failed to initialize notify2: org.freedesktop.DBus.Error.Spawn.ExecFailed: /usr/bin/dbus-launch terminated abnormally without any error message
[1.313s] DEBUG:colcon.colcon_core.event_reactor:joined thread
[1.313s] INFO:colcon.colcon_core.shell:Creating prefix script '/ros/Practicas_pregrado/install/local_setup.ps1'
[1.314s] INFO:colcon.colcon_core.shell:Creating prefix util module '/ros/Practicas_pregrado/install/_local_setup_util_ps1.py'
[1.315s] INFO:colcon.colcon_core.shell:Creating prefix chain script '/ros/Practicas_pregrado/install/setup.ps1'
[1.316s] INFO:colcon.colcon_core.shell:Creating prefix script '/ros/Practicas_pregrado/install/local_setup.sh'
[1.316s] INFO:colcon.colcon_core.shell:Creating prefix util module '/ros/Practicas_pregrado/install/_local_setup_util_sh.py'
[1.317s] INFO:colcon.colcon_core.shell:Creating prefix chain script '/ros/Practicas_pregrado/install/setup.sh'
[1.318s] INFO:colcon.colcon_core.shell:Creating prefix script '/ros/Practicas_pregrado/install/local_setup.bash'
[1.318s] INFO:colcon.colcon_core.shell:Creating prefix chain script '/ros/Practicas_pregrado/install/setup.bash'
[1.319s] INFO:colcon.colcon_core.shell:Creating prefix script '/ros/Practicas_pregrado/install/local_setup.zsh'
[1.319s] INFO:colcon.colcon_core.shell:Creating prefix chain script '/ros/Practicas_pregrado/install/setup.zsh'
