[0.679s] Invoking command in '/ros/UR_ws/src/forward_kinematics': PYTHONPATH=/ros/UR_ws/build/forward_kinematics/prefix_override:/usr/lib/python3/dist-packages/colcon_core/task/python/colcon_distutils_commands:/ros/UR_ws/install/forward_kinematics/lib/python3.12/site-packages:${PYTHONPATH} /usr/bin/python3 -W ignore:setup.py install is deprecated -W ignore:easy_install command is deprecated setup.py egg_info --egg-base ../../build/forward_kinematics build --build-base /ros/UR_ws/build/forward_kinematics/build install --record /ros/UR_ws/build/forward_kinematics/install.log --single-version-externally-managed install_data
[0.915s] running egg_info
[0.932s] writing ../../build/forward_kinematics/forward_kinematics.egg-info/PKG-INFO
[0.932s] writing dependency_links to ../../build/forward_kinematics/forward_kinematics.egg-info/dependency_links.txt
[0.932s] writing entry points to ../../build/forward_kinematics/forward_kinematics.egg-info/entry_points.txt
[0.932s] writing requirements to ../../build/forward_kinematics/forward_kinematics.egg-info/requires.txt
[0.932s] writing top-level names to ../../build/forward_kinematics/forward_kinematics.egg-info/top_level.txt
[0.967s] reading manifest file '../../build/forward_kinematics/forward_kinematics.egg-info/SOURCES.txt'
[0.968s] writing manifest file '../../build/forward_kinematics/forward_kinematics.egg-info/SOURCES.txt'
[0.968s] running build
[0.968s] running build_py
[0.968s] copying forward_kinematics/joints_pub.py -> /ros/UR_ws/build/forward_kinematics/build/lib/forward_kinematics
[0.968s] running install
[0.974s] running install_lib
[0.992s] copying /ros/UR_ws/build/forward_kinematics/build/lib/forward_kinematics/joints_pub.py -> /ros/UR_ws/install/forward_kinematics/lib/python3.12/site-packages/forward_kinematics
[0.992s] byte-compiling /ros/UR_ws/install/forward_kinematics/lib/python3.12/site-packages/forward_kinematics/joints_pub.py to joints_pub.cpython-312.pyc
[0.993s] running install_data
[0.993s] running install_egg_info
[1.012s] removing '/ros/UR_ws/install/forward_kinematics/lib/python3.12/site-packages/forward_kinematics-0.0.0-py3.12.egg-info' (and everything under it)
[1.012s] Copying ../../build/forward_kinematics/forward_kinematics.egg-info to /ros/UR_ws/install/forward_kinematics/lib/python3.12/site-packages/forward_kinematics-0.0.0-py3.12.egg-info
[1.013s] running install_scripts
[1.132s] Installing fk1 script to /ros/UR_ws/install/forward_kinematics/lib/forward_kinematics
[1.132s] writing list of installed files to '/ros/UR_ws/build/forward_kinematics/install.log'
[1.154s] Invoked command in '/ros/UR_ws/src/forward_kinematics' returned '0': PYTHONPATH=/ros/UR_ws/build/forward_kinematics/prefix_override:/usr/lib/python3/dist-packages/colcon_core/task/python/colcon_distutils_commands:/ros/UR_ws/install/forward_kinematics/lib/python3.12/site-packages:${PYTHONPATH} /usr/bin/python3 -W ignore:setup.py install is deprecated -W ignore:easy_install command is deprecated setup.py egg_info --egg-base ../../build/forward_kinematics build --build-base /ros/UR_ws/build/forward_kinematics/build install --record /ros/UR_ws/build/forward_kinematics/install.log --single-version-externally-managed install_data
