[0.219s] Invoking command in '/root/Shared/build/nav2_rrtstar_planner': CMAKE_PREFIX_PATH=${CMAKE_PREFIX_PATH}:/root/Shared/install/pathplanners:/root/Shared/install/multidim_rrt_planner:/opt/ros/humble /usr/bin/cmake /root/Shared/src/TurtleBot-RRT-Star -DCMAKE_INSTALL_PREFIX=/root/Shared/install/nav2_rrtstar_planner
[0.258s] -- The C compiler identification is GNU 11.4.0
[0.300s] -- The CXX compiler identification is GNU 11.4.0
[0.305s] -- Detecting C compiler ABI info
[0.354s] -- Detecting C compiler ABI info - done
[0.360s] -- Check for working C compiler: /usr/bin/cc - skipped
[0.360s] -- Detecting C compile features
[0.361s] -- Detecting C compile features - done
[0.363s] -- Detecting CXX compiler ABI info
[0.421s] -- Detecting CXX compiler ABI info - done
[0.427s] -- Check for working CXX compiler: /usr/bin/c++ - skipped
[0.428s] -- Detecting CXX compile features
[0.428s] -- Detecting CXX compile features - done
[0.430s] -- Found ament_cmake: 1.3.12 (/opt/ros/humble/share/ament_cmake/cmake)
[0.550s] -- Found Python3: /usr/bin/python3 (found version "3.10.12") found components: Interpreter 
[0.629s] -- Found rclcpp: 16.0.15 (/opt/ros/humble/share/rclcpp/cmake)
[0.668s] -- Found rosidl_generator_c: 3.1.7 (/opt/ros/humble/share/rosidl_generator_c/cmake)
[0.673s] -- Found rosidl_adapter: 3.1.7 (/opt/ros/humble/share/rosidl_adapter/cmake)
[0.681s] -- Found rosidl_generator_cpp: 3.1.7 (/opt/ros/humble/share/rosidl_generator_cpp/cmake)
[0.693s] -- Using all available rosidl_typesupport_c: rosidl_typesupport_fastrtps_c;rosidl_typesupport_introspection_c
[0.709s] -- Using all available rosidl_typesupport_cpp: rosidl_typesupport_fastrtps_cpp;rosidl_typesupport_introspection_cpp
[0.751s] -- Found rmw_implementation_cmake: 6.1.2 (/opt/ros/humble/share/rmw_implementation_cmake/cmake)
[0.754s] -- Found rmw_fastrtps_cpp: 6.2.8 (/opt/ros/humble/share/rmw_fastrtps_cpp/cmake)
[0.821s] -- Found OpenSSL: /usr/lib/x86_64-linux-gnu/libcrypto.so (found version "3.0.2")  
[0.845s] -- Found FastRTPS: /opt/ros/humble/include  
[0.882s] -- Using RMW implementation 'rmw_fastrtps_cpp' as default
[0.891s] -- Looking for pthread.h
[0.944s] -- Looking for pthread.h - found
[0.944s] -- Performing Test CMAKE_HAVE_LIBC_PTHREAD
[1.000s] -- Performing Test CMAKE_HAVE_LIBC_PTHREAD - Success
[1.001s] -- Found Threads: TRUE  
[1.049s] -- Found rclcpp_action: 16.0.15 (/opt/ros/humble/share/rclcpp_action/cmake)
[1.081s] -- Found rclcpp_lifecycle: 16.0.15 (/opt/ros/humble/share/rclcpp_lifecycle/cmake)
[1.100s] -- Found visualization_msgs: 4.9.0 (/opt/ros/humble/share/visualization_msgs/cmake)
[1.148s] -- Found nav2_util: 1.1.18 (/opt/ros/humble/share/nav2_util/cmake)
[1.265s] -- Found eigen3_cmake_module: 0.1.1 (/opt/ros/humble/share/eigen3_cmake_module/cmake)
[1.266s] -- Found Eigen3: TRUE (found version "3.4.0") 
[1.266s] -- Ensuring Eigen3 include directory is part of orocos-kdl CMake target
[1.298s] -- Found nav2_costmap_2d: 1.1.18 (/opt/ros/humble/share/nav2_costmap_2d/cmake)
[1.386s] -- Found nav2_core: 1.1.18 (/opt/ros/humble/share/nav2_core/cmake)
[1.478s] -- Found ament_lint_auto: 0.12.14 (/opt/ros/humble/share/ament_lint_auto/cmake)
[1.576s] -- Added test 'copyright' to check source files copyright and LICENSE
[1.579s] -- Added test 'cppcheck' to perform static code analysis on C / C++ code
[1.579s] -- Configured cppcheck include dirs: /root/Shared/src/TurtleBot-RRT-Star/include
[1.579s] -- Configured cppcheck exclude dirs and/or files: 
[1.581s] -- Added test 'cpplint' to check C / C++ code against the Google style
[1.581s] -- Configured cpplint exclude dirs and/or files: 
[1.582s] -- Added test 'lint_cmake' to check CMake code style
[1.584s] -- Added test 'uncrustify' to check C / C++ code style
[1.584s] -- Configured uncrustify additional arguments: 
[1.585s] -- Added test 'xmllint' to check XML markup files
[1.587s] -- Configuring done
[1.630s] -- Generating done
[1.637s] -- Build files have been written to: /root/Shared/build/nav2_rrtstar_planner
[1.646s] Invoked command in '/root/Shared/build/nav2_rrtstar_planner' returned '0': CMAKE_PREFIX_PATH=${CMAKE_PREFIX_PATH}:/root/Shared/install/pathplanners:/root/Shared/install/multidim_rrt_planner:/opt/ros/humble /usr/bin/cmake /root/Shared/src/TurtleBot-RRT-Star -DCMAKE_INSTALL_PREFIX=/root/Shared/install/nav2_rrtstar_planner
[1.647s] Invoking command in '/root/Shared/build/nav2_rrtstar_planner': CMAKE_PREFIX_PATH=${CMAKE_PREFIX_PATH}:/root/Shared/install/pathplanners:/root/Shared/install/multidim_rrt_planner:/opt/ros/humble /usr/bin/cmake --build /root/Shared/build/nav2_rrtstar_planner -- -j12 -l12
[1.689s] [ 50%] [32mBuilding CXX object CMakeFiles/nav2_rrtstar_planner_plugin.dir/src/rrtstar_planner.cpp.o[0m
[5.604s] [100%] [32m[1mLinking CXX shared library libnav2_rrtstar_planner_plugin.so[0m
[5.827s] [100%] Built target nav2_rrtstar_planner_plugin
[5.835s] Invoked command in '/root/Shared/build/nav2_rrtstar_planner' returned '0': CMAKE_PREFIX_PATH=${CMAKE_PREFIX_PATH}:/root/Shared/install/pathplanners:/root/Shared/install/multidim_rrt_planner:/opt/ros/humble /usr/bin/cmake --build /root/Shared/build/nav2_rrtstar_planner -- -j12 -l12
[5.836s] Invoking command in '/root/Shared/build/nav2_rrtstar_planner': CMAKE_PREFIX_PATH=${CMAKE_PREFIX_PATH}:/root/Shared/install/pathplanners:/root/Shared/install/multidim_rrt_planner:/opt/ros/humble /usr/bin/cmake --install /root/Shared/build/nav2_rrtstar_planner
[5.841s] -- Install configuration: ""
[5.841s] -- Installing: /root/Shared/install/nav2_rrtstar_planner/share/nav2_rrtstar_planner/global_planner_plugin.xml
[5.841s] -- Installing: /root/Shared/install/nav2_rrtstar_planner/lib/libnav2_rrtstar_planner_plugin.so
[5.842s] -- Set runtime path of "/root/Shared/install/nav2_rrtstar_planner/lib/libnav2_rrtstar_planner_plugin.so" to ""
[5.842s] -- Installing: /root/Shared/install/nav2_rrtstar_planner/include/
[5.842s] -- Installing: /root/Shared/install/nav2_rrtstar_planner/include//nav2_rrtstar_planner
[5.842s] -- Installing: /root/Shared/install/nav2_rrtstar_planner/include//nav2_rrtstar_planner/rrtstar_planner.hpp
[5.842s] -- Up-to-date: /root/Shared/install/nav2_rrtstar_planner/share/nav2_rrtstar_planner/global_planner_plugin.xml
[5.842s] -- Installing: /root/Shared/install/nav2_rrtstar_planner/share/nav2_rrtstar_planner/environment/library_path.sh
[5.842s] -- Installing: /root/Shared/install/nav2_rrtstar_planner/share/nav2_rrtstar_planner/environment/library_path.dsv
[5.843s] -- Installing: /root/Shared/install/nav2_rrtstar_planner/share/ament_index/resource_index/package_run_dependencies/nav2_rrtstar_planner
[5.843s] -- Installing: /root/Shared/install/nav2_rrtstar_planner/share/ament_index/resource_index/parent_prefix_path/nav2_rrtstar_planner
[5.843s] -- Installing: /root/Shared/install/nav2_rrtstar_planner/share/nav2_rrtstar_planner/environment/ament_prefix_path.sh
[5.843s] -- Installing: /root/Shared/install/nav2_rrtstar_planner/share/nav2_rrtstar_planner/environment/ament_prefix_path.dsv
[5.843s] -- Installing: /root/Shared/install/nav2_rrtstar_planner/share/nav2_rrtstar_planner/environment/path.sh
[5.843s] -- Installing: /root/Shared/install/nav2_rrtstar_planner/share/nav2_rrtstar_planner/environment/path.dsv
[5.843s] -- Installing: /root/Shared/install/nav2_rrtstar_planner/share/nav2_rrtstar_planner/local_setup.bash
[5.843s] -- Installing: /root/Shared/install/nav2_rrtstar_planner/share/nav2_rrtstar_planner/local_setup.sh
[5.843s] -- Installing: /root/Shared/install/nav2_rrtstar_planner/share/nav2_rrtstar_planner/local_setup.zsh
[5.843s] -- Installing: /root/Shared/install/nav2_rrtstar_planner/share/nav2_rrtstar_planner/local_setup.dsv
[5.843s] -- Installing: /root/Shared/install/nav2_rrtstar_planner/share/nav2_rrtstar_planner/package.dsv
[5.844s] -- Installing: /root/Shared/install/nav2_rrtstar_planner/share/ament_index/resource_index/packages/nav2_rrtstar_planner
[5.844s] -- Installing: /root/Shared/install/nav2_rrtstar_planner/share/ament_index/resource_index/nav2_core__pluginlib__plugin/nav2_rrtstar_planner
[5.844s] -- Installing: /root/Shared/install/nav2_rrtstar_planner/share/nav2_rrtstar_planner/cmake/ament_cmake_export_include_directories-extras.cmake
[5.844s] -- Installing: /root/Shared/install/nav2_rrtstar_planner/share/nav2_rrtstar_planner/cmake/ament_cmake_export_libraries-extras.cmake
[5.844s] -- Installing: /root/Shared/install/nav2_rrtstar_planner/share/nav2_rrtstar_planner/cmake/ament_cmake_export_dependencies-extras.cmake
[5.844s] -- Installing: /root/Shared/install/nav2_rrtstar_planner/share/nav2_rrtstar_planner/cmake/nav2_rrtstar_plannerConfig.cmake
[5.844s] -- Installing: /root/Shared/install/nav2_rrtstar_planner/share/nav2_rrtstar_planner/cmake/nav2_rrtstar_plannerConfig-version.cmake
[5.844s] -- Installing: /root/Shared/install/nav2_rrtstar_planner/share/nav2_rrtstar_planner/package.xml
[5.846s] Invoked command in '/root/Shared/build/nav2_rrtstar_planner' returned '0': CMAKE_PREFIX_PATH=${CMAKE_PREFIX_PATH}:/root/Shared/install/pathplanners:/root/Shared/install/multidim_rrt_planner:/opt/ros/humble /usr/bin/cmake --install /root/Shared/build/nav2_rrtstar_planner
