-- Install configuration: ""
-- Up-to-date: /ros/UR_ws/install/yaskawa_robot/share/yaskawa_robot/launch
-- Up-to-date: /ros/UR_ws/install/yaskawa_robot/share/yaskawa_robot/launch/mh12_test.launch.py
-- Up-to-date: /ros/UR_ws/install/yaskawa_robot/share/yaskawa_robot/meshes
-- Up-to-date: /ros/UR_ws/install/yaskawa_robot/share/yaskawa_robot/meshes/visual
-- Up-to-date: /ros/UR_ws/install/yaskawa_robot/share/yaskawa_robot/meshes/visual/mh12_link_5_b.stl
-- Up-to-date: /ros/UR_ws/install/yaskawa_robot/share/yaskawa_robot/meshes/visual/mh12_link_4_r.stl
-- Up-to-date: /ros/UR_ws/install/yaskawa_robot/share/yaskawa_robot/meshes/visual/mh12_link_2_l.stl
-- Up-to-date: /ros/UR_ws/install/yaskawa_robot/share/yaskawa_robot/meshes/visual/mh12_base_link.stl
-- Up-to-date: /ros/UR_ws/install/yaskawa_robot/share/yaskawa_robot/meshes/visual/mh12_link_1_s.stl
-- Up-to-date: /ros/UR_ws/install/yaskawa_robot/share/yaskawa_robot/meshes/visual/mh12_link_3_u.stl
-- Up-to-date: /ros/UR_ws/install/yaskawa_robot/share/yaskawa_robot/meshes/visual/mh12_link_6_t.stl
-- Up-to-date: /ros/UR_ws/install/yaskawa_robot/share/yaskawa_robot/meshes/collision
-- Up-to-date: /ros/UR_ws/install/yaskawa_robot/share/yaskawa_robot/meshes/collision/mh12_link_5_b.stl
-- Up-to-date: /ros/UR_ws/install/yaskawa_robot/share/yaskawa_robot/meshes/collision/mh12_link_4_r.stl
-- Up-to-date: /ros/UR_ws/install/yaskawa_robot/share/yaskawa_robot/meshes/collision/mh12_link_2_l.stl
-- Up-to-date: /ros/UR_ws/install/yaskawa_robot/share/yaskawa_robot/meshes/collision/mh12_base_link.stl
-- Up-to-date: /ros/UR_ws/install/yaskawa_robot/share/yaskawa_robot/meshes/collision/mh12_link_1_s.stl
-- Up-to-date: /ros/UR_ws/install/yaskawa_robot/share/yaskawa_robot/meshes/collision/mh12_link_3_u.stl
-- Up-to-date: /ros/UR_ws/install/yaskawa_robot/share/yaskawa_robot/meshes/collision/mh12_link_6_t.stl
-- Up-to-date: /ros/UR_ws/install/yaskawa_robot/share/yaskawa_robot/rviz
-- Up-to-date: /ros/UR_ws/install/yaskawa_robot/share/yaskawa_robot/rviz/robot_state_visualize.rviz
-- Up-to-date: /ros/UR_ws/install/yaskawa_robot/share/yaskawa_robot/urdf
-- Up-to-date: /ros/UR_ws/install/yaskawa_robot/share/yaskawa_robot/urdf/common_colors.xacro
-- Up-to-date: /ros/UR_ws/install/yaskawa_robot/share/yaskawa_robot/urdf/mh12.xacro
-- Up-to-date: /ros/UR_ws/install/yaskawa_robot/share/yaskawa_robot/urdf/mh12_macro.xacro
-- Up-to-date: /ros/UR_ws/install/yaskawa_robot/share/yaskawa_robot/urdf/common_materials.xacro
-- Up-to-date: /ros/UR_ws/install/yaskawa_robot/share/ament_index/resource_index/package_run_dependencies/yaskawa_robot
-- Up-to-date: /ros/UR_ws/install/yaskawa_robot/share/ament_index/resource_index/parent_prefix_path/yaskawa_robot
-- Up-to-date: /ros/UR_ws/install/yaskawa_robot/share/yaskawa_robot/environment/ament_prefix_path.sh
-- Up-to-date: /ros/UR_ws/install/yaskawa_robot/share/yaskawa_robot/environment/ament_prefix_path.dsv
-- Up-to-date: /ros/UR_ws/install/yaskawa_robot/share/yaskawa_robot/environment/path.sh
-- Up-to-date: /ros/UR_ws/install/yaskawa_robot/share/yaskawa_robot/environment/path.dsv
-- Up-to-date: /ros/UR_ws/install/yaskawa_robot/share/yaskawa_robot/local_setup.bash
-- Up-to-date: /ros/UR_ws/install/yaskawa_robot/share/yaskawa_robot/local_setup.sh
-- Up-to-date: /ros/UR_ws/install/yaskawa_robot/share/yaskawa_robot/local_setup.zsh
-- Up-to-date: /ros/UR_ws/install/yaskawa_robot/share/yaskawa_robot/local_setup.dsv
-- Up-to-date: /ros/UR_ws/install/yaskawa_robot/share/yaskawa_robot/package.dsv
-- Up-to-date: /ros/UR_ws/install/yaskawa_robot/share/ament_index/resource_index/packages/yaskawa_robot
-- Up-to-date: /ros/UR_ws/install/yaskawa_robot/share/yaskawa_robot/cmake/yaskawa_robotConfig.cmake
-- Up-to-date: /ros/UR_ws/install/yaskawa_robot/share/yaskawa_robot/cmake/yaskawa_robotConfig-version.cmake
-- Up-to-date: /ros/UR_ws/install/yaskawa_robot/share/yaskawa_robot/package.xml
