[0.368s] Invoking command in '/ros/UR_ws/build/yaskawa_robot': CMAKE_PREFIX_PATH=${CMAKE_PREFIX_PATH}:/ros/UR_ws/install/rrt_motion_planning:/ros/UR_ws/install/forward_kinematics:/opt/ros/jazzy /usr/bin/cmake --build /ros/UR_ws/build/yaskawa_robot -- -j12 -l12
[0.405s] Invoked command in '/ros/UR_ws/build/yaskawa_robot' returned '0': CMAKE_PREFIX_PATH=${CMAKE_PREFIX_PATH}:/ros/UR_ws/install/rrt_motion_planning:/ros/UR_ws/install/forward_kinematics:/opt/ros/jazzy /usr/bin/cmake --build /ros/UR_ws/build/yaskawa_robot -- -j12 -l12
[0.405s] Invoking command in '/ros/UR_ws/build/yaskawa_robot': CMAKE_PREFIX_PATH=${CMAKE_PREFIX_PATH}:/ros/UR_ws/install/rrt_motion_planning:/ros/UR_ws/install/forward_kinematics:/opt/ros/jazzy /usr/bin/cmake --install /ros/UR_ws/build/yaskawa_robot
[0.412s] -- Install configuration: ""
[0.412s] -- Up-to-date: /ros/UR_ws/install/yaskawa_robot/share/yaskawa_robot/launch
[0.413s] -- Up-to-date: /ros/UR_ws/install/yaskawa_robot/share/yaskawa_robot/launch/mh12_test.launch.py
[0.413s] -- Up-to-date: /ros/UR_ws/install/yaskawa_robot/share/yaskawa_robot/meshes
[0.413s] -- Up-to-date: /ros/UR_ws/install/yaskawa_robot/share/yaskawa_robot/meshes/visual
[0.413s] -- Up-to-date: /ros/UR_ws/install/yaskawa_robot/share/yaskawa_robot/meshes/visual/mh12_link_5_b.stl
[0.413s] -- Up-to-date: /ros/UR_ws/install/yaskawa_robot/share/yaskawa_robot/meshes/visual/mh12_link_4_r.stl
[0.413s] -- Up-to-date: /ros/UR_ws/install/yaskawa_robot/share/yaskawa_robot/meshes/visual/mh12_link_2_l.stl
[0.414s] -- Up-to-date: /ros/UR_ws/install/yaskawa_robot/share/yaskawa_robot/meshes/visual/mh12_base_link.stl
[0.414s] -- Up-to-date: /ros/UR_ws/install/yaskawa_robot/share/yaskawa_robot/meshes/visual/mh12_link_1_s.stl
[0.414s] -- Up-to-date: /ros/UR_ws/install/yaskawa_robot/share/yaskawa_robot/meshes/visual/mh12_link_3_u.stl
[0.414s] -- Up-to-date: /ros/UR_ws/install/yaskawa_robot/share/yaskawa_robot/meshes/visual/mh12_link_6_t.stl
[0.414s] -- Up-to-date: /ros/UR_ws/install/yaskawa_robot/share/yaskawa_robot/meshes/collision
[0.414s] -- Up-to-date: /ros/UR_ws/install/yaskawa_robot/share/yaskawa_robot/meshes/collision/mh12_link_5_b.stl
[0.414s] -- Up-to-date: /ros/UR_ws/install/yaskawa_robot/share/yaskawa_robot/meshes/collision/mh12_link_4_r.stl
[0.414s] -- Up-to-date: /ros/UR_ws/install/yaskawa_robot/share/yaskawa_robot/meshes/collision/mh12_link_2_l.stl
[0.415s] -- Up-to-date: /ros/UR_ws/install/yaskawa_robot/share/yaskawa_robot/meshes/collision/mh12_base_link.stl
[0.415s] -- Up-to-date: /ros/UR_ws/install/yaskawa_robot/share/yaskawa_robot/meshes/collision/mh12_link_1_s.stl
[0.415s] -- Up-to-date: /ros/UR_ws/install/yaskawa_robot/share/yaskawa_robot/meshes/collision/mh12_link_3_u.stl
[0.415s] -- Up-to-date: /ros/UR_ws/install/yaskawa_robot/share/yaskawa_robot/meshes/collision/mh12_link_6_t.stl
[0.415s] -- Up-to-date: /ros/UR_ws/install/yaskawa_robot/share/yaskawa_robot/rviz
[0.415s] -- Up-to-date: /ros/UR_ws/install/yaskawa_robot/share/yaskawa_robot/rviz/robot_state_visualize.rviz
[0.415s] -- Up-to-date: /ros/UR_ws/install/yaskawa_robot/share/yaskawa_robot/urdf
[0.416s] -- Up-to-date: /ros/UR_ws/install/yaskawa_robot/share/yaskawa_robot/urdf/common_colors.xacro
[0.416s] -- Up-to-date: /ros/UR_ws/install/yaskawa_robot/share/yaskawa_robot/urdf/mh12.xacro
[0.416s] -- Up-to-date: /ros/UR_ws/install/yaskawa_robot/share/yaskawa_robot/urdf/mh12_macro.xacro
[0.416s] -- Up-to-date: /ros/UR_ws/install/yaskawa_robot/share/yaskawa_robot/urdf/common_materials.xacro
[0.418s] -- Up-to-date: /ros/UR_ws/install/yaskawa_robot/share/ament_index/resource_index/package_run_dependencies/yaskawa_robot
[0.424s] -- Up-to-date: /ros/UR_ws/install/yaskawa_robot/share/ament_index/resource_index/parent_prefix_path/yaskawa_robot
[0.424s] -- Up-to-date: /ros/UR_ws/install/yaskawa_robot/share/yaskawa_robot/environment/ament_prefix_path.sh
[0.424s] -- Up-to-date: /ros/UR_ws/install/yaskawa_robot/share/yaskawa_robot/environment/ament_prefix_path.dsv
[0.424s] -- Up-to-date: /ros/UR_ws/install/yaskawa_robot/share/yaskawa_robot/environment/path.sh
[0.424s] -- Up-to-date: /ros/UR_ws/install/yaskawa_robot/share/yaskawa_robot/environment/path.dsv
[0.425s] -- Up-to-date: /ros/UR_ws/install/yaskawa_robot/share/yaskawa_robot/local_setup.bash
[0.425s] -- Up-to-date: /ros/UR_ws/install/yaskawa_robot/share/yaskawa_robot/local_setup.sh
[0.425s] -- Up-to-date: /ros/UR_ws/install/yaskawa_robot/share/yaskawa_robot/local_setup.zsh
[0.425s] -- Up-to-date: /ros/UR_ws/install/yaskawa_robot/share/yaskawa_robot/local_setup.dsv
[0.425s] -- Up-to-date: /ros/UR_ws/install/yaskawa_robot/share/yaskawa_robot/package.dsv
[0.425s] -- Up-to-date: /ros/UR_ws/install/yaskawa_robot/share/ament_index/resource_index/packages/yaskawa_robot
[0.425s] -- Up-to-date: /ros/UR_ws/install/yaskawa_robot/share/yaskawa_robot/cmake/yaskawa_robotConfig.cmake
[0.425s] -- Up-to-date: /ros/UR_ws/install/yaskawa_robot/share/yaskawa_robot/cmake/yaskawa_robotConfig-version.cmake
[0.425s] -- Up-to-date: /ros/UR_ws/install/yaskawa_robot/share/yaskawa_robot/package.xml
[0.449s] Invoked command in '/ros/UR_ws/build/yaskawa_robot' returned '0': CMAKE_PREFIX_PATH=${CMAKE_PREFIX_PATH}:/ros/UR_ws/install/rrt_motion_planning:/ros/UR_ws/install/forward_kinematics:/opt/ros/jazzy /usr/bin/cmake --install /ros/UR_ws/build/yaskawa_robot
