-- Install configuration: ""
-- Up-to-date: /ros/UR_ws/install/kuka_robot/share/kuka_robot/launch
-- Up-to-date: /ros/UR_ws/install/kuka_robot/share/kuka_robot/launch/kr6r700_test.launch.py
-- Up-to-date: /ros/UR_ws/install/kuka_robot/share/kuka_robot/launch/kr6r900_test.launch.py
-- Up-to-date: /ros/UR_ws/install/kuka_robot/share/kuka_robot/launch/load_kr6r700sixx.launch
-- Up-to-date: /ros/UR_ws/install/kuka_robot/share/kuka_robot/launch/test_kr6r700sixx.launch
-- Up-to-date: /ros/UR_ws/install/kuka_robot/share/kuka_robot/meshes
-- Up-to-date: /ros/UR_ws/install/kuka_robot/share/kuka_robot/meshes/kr6_agilus
-- Up-to-date: /ros/UR_ws/install/kuka_robot/share/kuka_robot/meshes/kr6_agilus/visual
-- Up-to-date: /ros/UR_ws/install/kuka_robot/share/kuka_robot/meshes/kr6_agilus/visual/link_3.dae
-- Up-to-date: /ros/UR_ws/install/kuka_robot/share/kuka_robot/meshes/kr6_agilus/visual/link_1.dae
-- Up-to-date: /ros/UR_ws/install/kuka_robot/share/kuka_robot/meshes/kr6_agilus/visual/base_link.dae
-- Up-to-date: /ros/UR_ws/install/kuka_robot/share/kuka_robot/meshes/kr6_agilus/visual/link_5.dae
-- Up-to-date: /ros/UR_ws/install/kuka_robot/share/kuka_robot/meshes/kr6_agilus/visual/link_6.dae
-- Up-to-date: /ros/UR_ws/install/kuka_robot/share/kuka_robot/meshes/kr6_agilus/collision
-- Up-to-date: /ros/UR_ws/install/kuka_robot/share/kuka_robot/meshes/kr6_agilus/collision/link_3.stl
-- Up-to-date: /ros/UR_ws/install/kuka_robot/share/kuka_robot/meshes/kr6_agilus/collision/link_5.stl
-- Up-to-date: /ros/UR_ws/install/kuka_robot/share/kuka_robot/meshes/kr6_agilus/collision/link_6.stl
-- Up-to-date: /ros/UR_ws/install/kuka_robot/share/kuka_robot/meshes/kr6_agilus/collision/base_link.stl
-- Up-to-date: /ros/UR_ws/install/kuka_robot/share/kuka_robot/meshes/kr6_agilus/collision/link_1.stl
-- Up-to-date: /ros/UR_ws/install/kuka_robot/share/kuka_robot/meshes/kr10r900_2
-- Up-to-date: /ros/UR_ws/install/kuka_robot/share/kuka_robot/meshes/kr10r900_2/visual
-- Up-to-date: /ros/UR_ws/install/kuka_robot/share/kuka_robot/meshes/kr10r900_2/visual/link_3.stl
-- Up-to-date: /ros/UR_ws/install/kuka_robot/share/kuka_robot/meshes/kr10r900_2/visual/link_2.stl
-- Up-to-date: /ros/UR_ws/install/kuka_robot/share/kuka_robot/meshes/kr10r900_2/visual/link_5.stl
-- Up-to-date: /ros/UR_ws/install/kuka_robot/share/kuka_robot/meshes/kr10r900_2/visual/link_6.stl
-- Up-to-date: /ros/UR_ws/install/kuka_robot/share/kuka_robot/meshes/kr10r900_2/visual/link_4.stl
-- Up-to-date: /ros/UR_ws/install/kuka_robot/share/kuka_robot/meshes/kr10r900_2/visual/base_link.stl
-- Up-to-date: /ros/UR_ws/install/kuka_robot/share/kuka_robot/meshes/kr10r900_2/visual/link_1.stl
-- Up-to-date: /ros/UR_ws/install/kuka_robot/share/kuka_robot/meshes/kr10r900_2/collision
-- Up-to-date: /ros/UR_ws/install/kuka_robot/share/kuka_robot/meshes/kr10r900_2/collision/link_3.stl
-- Up-to-date: /ros/UR_ws/install/kuka_robot/share/kuka_robot/meshes/kr10r900_2/collision/link_2.stl
-- Up-to-date: /ros/UR_ws/install/kuka_robot/share/kuka_robot/meshes/kr10r900_2/collision/link_5.stl
-- Up-to-date: /ros/UR_ws/install/kuka_robot/share/kuka_robot/meshes/kr10r900_2/collision/link_6.stl
-- Up-to-date: /ros/UR_ws/install/kuka_robot/share/kuka_robot/meshes/kr10r900_2/collision/link_4.stl
-- Up-to-date: /ros/UR_ws/install/kuka_robot/share/kuka_robot/meshes/kr10r900_2/collision/base_link.stl
-- Up-to-date: /ros/UR_ws/install/kuka_robot/share/kuka_robot/meshes/kr10r900_2/collision/link_1.stl
-- Up-to-date: /ros/UR_ws/install/kuka_robot/share/kuka_robot/meshes/kr6r900sixx
-- Up-to-date: /ros/UR_ws/install/kuka_robot/share/kuka_robot/meshes/kr6r900sixx/visual
-- Up-to-date: /ros/UR_ws/install/kuka_robot/share/kuka_robot/meshes/kr6r900sixx/visual/link_4.dae
-- Up-to-date: /ros/UR_ws/install/kuka_robot/share/kuka_robot/meshes/kr6r900sixx/visual/link_2.dae
-- Up-to-date: /ros/UR_ws/install/kuka_robot/share/kuka_robot/meshes/kr6r900sixx/collision
-- Up-to-date: /ros/UR_ws/install/kuka_robot/share/kuka_robot/meshes/kr6r900sixx/collision/link_2.stl
-- Up-to-date: /ros/UR_ws/install/kuka_robot/share/kuka_robot/meshes/kr6r900sixx/collision/link_4.stl
-- Up-to-date: /ros/UR_ws/install/kuka_robot/share/kuka_robot/meshes/kr6r700sixx
-- Up-to-date: /ros/UR_ws/install/kuka_robot/share/kuka_robot/meshes/kr6r700sixx/visual
-- Up-to-date: /ros/UR_ws/install/kuka_robot/share/kuka_robot/meshes/kr6r700sixx/visual/link_4.dae
-- Up-to-date: /ros/UR_ws/install/kuka_robot/share/kuka_robot/meshes/kr6r700sixx/visual/link_2.dae
-- Up-to-date: /ros/UR_ws/install/kuka_robot/share/kuka_robot/meshes/kr6r700sixx/collision
-- Up-to-date: /ros/UR_ws/install/kuka_robot/share/kuka_robot/meshes/kr6r700sixx/collision/link_2.stl
-- Up-to-date: /ros/UR_ws/install/kuka_robot/share/kuka_robot/meshes/kr6r700sixx/collision/link_4.stl
-- Up-to-date: /ros/UR_ws/install/kuka_robot/share/kuka_robot/rviz
-- Up-to-date: /ros/UR_ws/install/kuka_robot/share/kuka_robot/rviz/robot_state_visualize.rviz
-- Up-to-date: /ros/UR_ws/install/kuka_robot/share/kuka_robot/urdf
-- Up-to-date: /ros/UR_ws/install/kuka_robot/share/kuka_robot/urdf/common_constants.xacro
-- Up-to-date: /ros/UR_ws/install/kuka_robot/share/kuka_robot/urdf/kr6r700sixx_macro.xacro
-- Up-to-date: /ros/UR_ws/install/kuka_robot/share/kuka_robot/urdf/kr6r900sixx_macro.xacro
-- Up-to-date: /ros/UR_ws/install/kuka_robot/share/kuka_robot/urdf/common_colours.xacro
-- Up-to-date: /ros/UR_ws/install/kuka_robot/share/kuka_robot/urdf/kr6r900_2.xacro
-- Up-to-date: /ros/UR_ws/install/kuka_robot/share/kuka_robot/urdf/kr6r900sixx.xacro
-- Up-to-date: /ros/UR_ws/install/kuka_robot/share/kuka_robot/urdf/common_materials.xacro
-- Up-to-date: /ros/UR_ws/install/kuka_robot/share/kuka_robot/urdf/kr6r700sixx.xacro
-- Up-to-date: /ros/UR_ws/install/kuka_robot/share/kuka_robot/urdf/kr6r900_2_macro.xacro
-- Up-to-date: /ros/UR_ws/install/kuka_robot/share/ament_index/resource_index/package_run_dependencies/kuka_robot
-- Up-to-date: /ros/UR_ws/install/kuka_robot/share/ament_index/resource_index/parent_prefix_path/kuka_robot
-- Up-to-date: /ros/UR_ws/install/kuka_robot/share/kuka_robot/environment/ament_prefix_path.sh
-- Up-to-date: /ros/UR_ws/install/kuka_robot/share/kuka_robot/environment/ament_prefix_path.dsv
-- Up-to-date: /ros/UR_ws/install/kuka_robot/share/kuka_robot/environment/path.sh
-- Up-to-date: /ros/UR_ws/install/kuka_robot/share/kuka_robot/environment/path.dsv
-- Up-to-date: /ros/UR_ws/install/kuka_robot/share/kuka_robot/local_setup.bash
-- Up-to-date: /ros/UR_ws/install/kuka_robot/share/kuka_robot/local_setup.sh
-- Up-to-date: /ros/UR_ws/install/kuka_robot/share/kuka_robot/local_setup.zsh
-- Up-to-date: /ros/UR_ws/install/kuka_robot/share/kuka_robot/local_setup.dsv
-- Up-to-date: /ros/UR_ws/install/kuka_robot/share/kuka_robot/package.dsv
-- Up-to-date: /ros/UR_ws/install/kuka_robot/share/ament_index/resource_index/packages/kuka_robot
-- Up-to-date: /ros/UR_ws/install/kuka_robot/share/kuka_robot/cmake/kuka_robotConfig.cmake
-- Up-to-date: /ros/UR_ws/install/kuka_robot/share/kuka_robot/cmake/kuka_robotConfig-version.cmake
-- Up-to-date: /ros/UR_ws/install/kuka_robot/share/kuka_robot/package.xml
