[0.108s] DEBUG:colcon:Command line arguments: ['/usr/bin/colcon', 'build', '--packages-select', 'kinematics_mh12']
[0.108s] DEBUG:colcon:Parsed command line arguments: Namespace(log_base=None, log_level=None, verb_name='build', build_base='build', install_base='install', merge_install=False, symlink_install=False, test_result_base=None, continue_on_error=False, executor='parallel', parallel_workers=12, event_handlers=None, ignore_user_meta=False, metas=['./colcon.meta'], base_paths=['.'], packages_ignore=None, packages_ignore_regex=None, paths=None, packages_up_to=None, packages_up_to_regex=None, packages_above=None, packages_above_and_dependencies=None, packages_above_depth=None, packages_select_by_dep=None, packages_skip_by_dep=None, packages_skip_up_to=None, packages_select_build_failed=False, packages_skip_build_finished=False, packages_select_test_failures=False, packages_skip_test_passed=False, packages_select=['kinematics_mh12'], packages_skip=None, packages_select_regex=None, packages_skip_regex=None, packages_start=None, packages_end=None, cmake_args=None, cmake_target=None, cmake_target_skip_unavailable=False, cmake_clean_cache=False, cmake_clean_first=False, cmake_force_configure=False, ament_cmake_args=None, catkin_cmake_args=None, catkin_skip_building_tests=False, mixin_files=None, mixin=None, verb_parser=<colcon_mixin.mixin.mixin_argument.MixinArgumentDecorator object at 0x7fd0a1590c80>, verb_extension=<colcon_core.verb.build.BuildVerb object at 0x7fd0a16ecfe0>, main=<bound method BuildVerb.main of <colcon_core.verb.build.BuildVerb object at 0x7fd0a16ecfe0>>, mixin_verb=('build',))
[0.144s] Level 1:colcon.colcon_core.package_discovery:discover_packages(colcon_meta) check parameters
[0.145s] INFO:colcon.colcon_metadata.package_discovery.colcon_meta:Using configuration from '/root/.colcon/metadata/default/Gazebo.meta'
[0.145s] INFO:colcon.colcon_metadata.package_discovery.colcon_meta:Using configuration from '/root/.colcon/metadata/default/fastdds.meta'
[0.146s] INFO:colcon.colcon_metadata.package_discovery.colcon_meta:Using configuration from '/root/.colcon/metadata/default/fastrtps.meta'
[0.146s] Level 1:colcon.colcon_core.package_discovery:discover_packages(recursive) check parameters
[0.146s] Level 1:colcon.colcon_core.package_discovery:discover_packages(ignore) check parameters
[0.146s] Level 1:colcon.colcon_core.package_discovery:discover_packages(path) check parameters
[0.146s] Level 1:colcon.colcon_core.package_discovery:discover_packages(colcon_meta) discover
[0.146s] Level 1:colcon.colcon_core.package_discovery:discover_packages(recursive) discover
[0.146s] INFO:colcon.colcon_core.package_discovery:Crawling recursively for packages in '/ros/Kinematics_Lab/UR_ws'
[0.146s] Level 1:colcon.colcon_core.package_identification:_identify(.) by extensions ['ignore', 'ignore_ament_install']
[0.147s] Level 1:colcon.colcon_core.package_identification:_identify(.) by extension 'ignore'
[0.147s] Level 1:colcon.colcon_core.package_identification:_identify(.) by extension 'ignore_ament_install'
[0.147s] Level 1:colcon.colcon_core.package_identification:_identify(.) by extensions ['colcon_pkg']
[0.147s] Level 1:colcon.colcon_core.package_identification:_identify(.) by extension 'colcon_pkg'
[0.147s] Level 1:colcon.colcon_core.package_identification:_identify(.) by extensions ['colcon_meta']
[0.147s] Level 1:colcon.colcon_core.package_identification:_identify(.) by extension 'colcon_meta'
[0.147s] Level 1:colcon.colcon_core.package_identification:_identify(.) by extensions ['ros']
[0.147s] Level 1:colcon.colcon_core.package_identification:_identify(.) by extension 'ros'
[0.170s] Level 1:colcon.colcon_core.package_identification:_identify(.) by extensions ['cmake', 'python']
[0.170s] Level 1:colcon.colcon_core.package_identification:_identify(.) by extension 'cmake'
[0.170s] Level 1:colcon.colcon_core.package_identification:_identify(.) by extension 'python'
[0.170s] Level 1:colcon.colcon_core.package_identification:_identify(.) by extensions ['python_setup_py']
[0.170s] Level 1:colcon.colcon_core.package_identification:_identify(.) by extension 'python_setup_py'
[0.170s] Level 1:colcon.colcon_core.package_identification:_identify(build) by extensions ['ignore', 'ignore_ament_install']
[0.170s] Level 1:colcon.colcon_core.package_identification:_identify(build) by extension 'ignore'
[0.170s] Level 1:colcon.colcon_core.package_identification:_identify(build) ignored
[0.170s] Level 1:colcon.colcon_core.package_identification:_identify(data) by extensions ['ignore', 'ignore_ament_install']
[0.170s] Level 1:colcon.colcon_core.package_identification:_identify(data) by extension 'ignore'
[0.170s] Level 1:colcon.colcon_core.package_identification:_identify(data) by extension 'ignore_ament_install'
[0.170s] Level 1:colcon.colcon_core.package_identification:_identify(data) by extensions ['colcon_pkg']
[0.170s] Level 1:colcon.colcon_core.package_identification:_identify(data) by extension 'colcon_pkg'
[0.170s] Level 1:colcon.colcon_core.package_identification:_identify(data) by extensions ['colcon_meta']
[0.170s] Level 1:colcon.colcon_core.package_identification:_identify(data) by extension 'colcon_meta'
[0.171s] Level 1:colcon.colcon_core.package_identification:_identify(data) by extensions ['ros']
[0.171s] Level 1:colcon.colcon_core.package_identification:_identify(data) by extension 'ros'
[0.171s] Level 1:colcon.colcon_core.package_identification:_identify(data) by extensions ['cmake', 'python']
[0.171s] Level 1:colcon.colcon_core.package_identification:_identify(data) by extension 'cmake'
[0.171s] Level 1:colcon.colcon_core.package_identification:_identify(data) by extension 'python'
[0.171s] Level 1:colcon.colcon_core.package_identification:_identify(data) by extensions ['python_setup_py']
[0.171s] Level 1:colcon.colcon_core.package_identification:_identify(data) by extension 'python_setup_py'
[0.171s] Level 1:colcon.colcon_core.package_identification:_identify(install) by extensions ['ignore', 'ignore_ament_install']
[0.171s] Level 1:colcon.colcon_core.package_identification:_identify(install) by extension 'ignore'
[0.171s] Level 1:colcon.colcon_core.package_identification:_identify(install) ignored
[0.171s] Level 1:colcon.colcon_core.package_identification:_identify(log) by extensions ['ignore', 'ignore_ament_install']
[0.171s] Level 1:colcon.colcon_core.package_identification:_identify(log) by extension 'ignore'
[0.171s] Level 1:colcon.colcon_core.package_identification:_identify(log) ignored
[0.171s] Level 1:colcon.colcon_core.package_identification:_identify(src) by extensions ['ignore', 'ignore_ament_install']
[0.171s] Level 1:colcon.colcon_core.package_identification:_identify(src) by extension 'ignore'
[0.171s] Level 1:colcon.colcon_core.package_identification:_identify(src) by extension 'ignore_ament_install'
[0.172s] Level 1:colcon.colcon_core.package_identification:_identify(src) by extensions ['colcon_pkg']
[0.172s] Level 1:colcon.colcon_core.package_identification:_identify(src) by extension 'colcon_pkg'
[0.172s] Level 1:colcon.colcon_core.package_identification:_identify(src) by extensions ['colcon_meta']
[0.172s] Level 1:colcon.colcon_core.package_identification:_identify(src) by extension 'colcon_meta'
[0.172s] Level 1:colcon.colcon_core.package_identification:_identify(src) by extensions ['ros']
[0.172s] Level 1:colcon.colcon_core.package_identification:_identify(src) by extension 'ros'
[0.172s] Level 1:colcon.colcon_core.package_identification:_identify(src) by extensions ['cmake', 'python']
[0.172s] Level 1:colcon.colcon_core.package_identification:_identify(src) by extension 'cmake'
[0.172s] Level 1:colcon.colcon_core.package_identification:_identify(src) by extension 'python'
[0.172s] Level 1:colcon.colcon_core.package_identification:_identify(src) by extensions ['python_setup_py']
[0.172s] Level 1:colcon.colcon_core.package_identification:_identify(src) by extension 'python_setup_py'
[0.172s] Level 1:colcon.colcon_core.package_identification:_identify(src/Universal_Robots_ROS2_Description) by extensions ['ignore', 'ignore_ament_install']
[0.172s] Level 1:colcon.colcon_core.package_identification:_identify(src/Universal_Robots_ROS2_Description) by extension 'ignore'
[0.172s] Level 1:colcon.colcon_core.package_identification:_identify(src/Universal_Robots_ROS2_Description) by extension 'ignore_ament_install'
[0.172s] Level 1:colcon.colcon_core.package_identification:_identify(src/Universal_Robots_ROS2_Description) by extensions ['colcon_pkg']
[0.172s] Level 1:colcon.colcon_core.package_identification:_identify(src/Universal_Robots_ROS2_Description) by extension 'colcon_pkg'
[0.172s] Level 1:colcon.colcon_core.package_identification:_identify(src/Universal_Robots_ROS2_Description) by extensions ['colcon_meta']
[0.172s] Level 1:colcon.colcon_core.package_identification:_identify(src/Universal_Robots_ROS2_Description) by extension 'colcon_meta'
[0.172s] Level 1:colcon.colcon_core.package_identification:_identify(src/Universal_Robots_ROS2_Description) by extensions ['ros']
[0.172s] Level 1:colcon.colcon_core.package_identification:_identify(src/Universal_Robots_ROS2_Description) by extension 'ros'
[0.174s] DEBUG:colcon.colcon_core.package_identification:Package 'src/Universal_Robots_ROS2_Description' with type 'ros.ament_cmake' and name 'ur_description'
[0.175s] Level 1:colcon.colcon_core.package_identification:_identify(src/forward_kinematics) by extensions ['ignore', 'ignore_ament_install']
[0.175s] Level 1:colcon.colcon_core.package_identification:_identify(src/forward_kinematics) by extension 'ignore'
[0.175s] Level 1:colcon.colcon_core.package_identification:_identify(src/forward_kinematics) by extension 'ignore_ament_install'
[0.175s] Level 1:colcon.colcon_core.package_identification:_identify(src/forward_kinematics) by extensions ['colcon_pkg']
[0.175s] Level 1:colcon.colcon_core.package_identification:_identify(src/forward_kinematics) by extension 'colcon_pkg'
[0.175s] Level 1:colcon.colcon_core.package_identification:_identify(src/forward_kinematics) by extensions ['colcon_meta']
[0.175s] Level 1:colcon.colcon_core.package_identification:_identify(src/forward_kinematics) by extension 'colcon_meta'
[0.175s] Level 1:colcon.colcon_core.package_identification:_identify(src/forward_kinematics) by extensions ['ros']
[0.175s] Level 1:colcon.colcon_core.package_identification:_identify(src/forward_kinematics) by extension 'ros'
[0.176s] DEBUG:colcon.colcon_core.package_identification:Package 'src/forward_kinematics' with type 'ros.ament_python' and name 'forward_kinematics'
[0.176s] Level 1:colcon.colcon_core.package_identification:_identify(src/kinematics_mh12) by extensions ['ignore', 'ignore_ament_install']
[0.176s] Level 1:colcon.colcon_core.package_identification:_identify(src/kinematics_mh12) by extension 'ignore'
[0.176s] Level 1:colcon.colcon_core.package_identification:_identify(src/kinematics_mh12) by extension 'ignore_ament_install'
[0.176s] Level 1:colcon.colcon_core.package_identification:_identify(src/kinematics_mh12) by extensions ['colcon_pkg']
[0.176s] Level 1:colcon.colcon_core.package_identification:_identify(src/kinematics_mh12) by extension 'colcon_pkg'
[0.176s] Level 1:colcon.colcon_core.package_identification:_identify(src/kinematics_mh12) by extensions ['colcon_meta']
[0.176s] Level 1:colcon.colcon_core.package_identification:_identify(src/kinematics_mh12) by extension 'colcon_meta'
[0.176s] Level 1:colcon.colcon_core.package_identification:_identify(src/kinematics_mh12) by extensions ['ros']
[0.176s] Level 1:colcon.colcon_core.package_identification:_identify(src/kinematics_mh12) by extension 'ros'
[0.177s] DEBUG:colcon.colcon_core.package_identification:Package 'src/kinematics_mh12' with type 'ros.ament_python' and name 'kinematics_mh12'
[0.177s] Level 1:colcon.colcon_core.package_identification:_identify(src/kuka_robot) by extensions ['ignore', 'ignore_ament_install']
[0.178s] Level 1:colcon.colcon_core.package_identification:_identify(src/kuka_robot) by extension 'ignore'
[0.178s] Level 1:colcon.colcon_core.package_identification:_identify(src/kuka_robot) by extension 'ignore_ament_install'
[0.178s] Level 1:colcon.colcon_core.package_identification:_identify(src/kuka_robot) by extensions ['colcon_pkg']
[0.178s] Level 1:colcon.colcon_core.package_identification:_identify(src/kuka_robot) by extension 'colcon_pkg'
[0.178s] Level 1:colcon.colcon_core.package_identification:_identify(src/kuka_robot) by extensions ['colcon_meta']
[0.178s] Level 1:colcon.colcon_core.package_identification:_identify(src/kuka_robot) by extension 'colcon_meta'
[0.178s] Level 1:colcon.colcon_core.package_identification:_identify(src/kuka_robot) by extensions ['ros']
[0.178s] Level 1:colcon.colcon_core.package_identification:_identify(src/kuka_robot) by extension 'ros'
[0.179s] DEBUG:colcon.colcon_core.package_identification:Package 'src/kuka_robot' with type 'ros.ament_cmake' and name 'kuka_robot'
[0.179s] Level 1:colcon.colcon_core.package_identification:_identify(src/rrt_motion_planning) by extensions ['ignore', 'ignore_ament_install']
[0.179s] Level 1:colcon.colcon_core.package_identification:_identify(src/rrt_motion_planning) by extension 'ignore'
[0.179s] Level 1:colcon.colcon_core.package_identification:_identify(src/rrt_motion_planning) by extension 'ignore_ament_install'
[0.179s] Level 1:colcon.colcon_core.package_identification:_identify(src/rrt_motion_planning) by extensions ['colcon_pkg']
[0.179s] Level 1:colcon.colcon_core.package_identification:_identify(src/rrt_motion_planning) by extension 'colcon_pkg'
[0.179s] Level 1:colcon.colcon_core.package_identification:_identify(src/rrt_motion_planning) by extensions ['colcon_meta']
[0.179s] Level 1:colcon.colcon_core.package_identification:_identify(src/rrt_motion_planning) by extension 'colcon_meta'
[0.179s] Level 1:colcon.colcon_core.package_identification:_identify(src/rrt_motion_planning) by extensions ['ros']
[0.179s] Level 1:colcon.colcon_core.package_identification:_identify(src/rrt_motion_planning) by extension 'ros'
[0.180s] DEBUG:colcon.colcon_core.package_identification:Package 'src/rrt_motion_planning' with type 'ros.ament_python' and name 'rrt_motion_planning'
[0.180s] Level 1:colcon.colcon_core.package_identification:_identify(src/simple_urdf) by extensions ['ignore', 'ignore_ament_install']
[0.180s] Level 1:colcon.colcon_core.package_identification:_identify(src/simple_urdf) by extension 'ignore'
[0.180s] Level 1:colcon.colcon_core.package_identification:_identify(src/simple_urdf) by extension 'ignore_ament_install'
[0.180s] Level 1:colcon.colcon_core.package_identification:_identify(src/simple_urdf) by extensions ['colcon_pkg']
[0.180s] Level 1:colcon.colcon_core.package_identification:_identify(src/simple_urdf) by extension 'colcon_pkg'
[0.180s] Level 1:colcon.colcon_core.package_identification:_identify(src/simple_urdf) by extensions ['colcon_meta']
[0.180s] Level 1:colcon.colcon_core.package_identification:_identify(src/simple_urdf) by extension 'colcon_meta'
[0.180s] Level 1:colcon.colcon_core.package_identification:_identify(src/simple_urdf) by extensions ['ros']
[0.180s] Level 1:colcon.colcon_core.package_identification:_identify(src/simple_urdf) by extension 'ros'
[0.182s] DEBUG:colcon.colcon_core.package_identification:Package 'src/simple_urdf' with type 'ros.ament_cmake' and name 'simple_urdf'
[0.182s] Level 1:colcon.colcon_core.package_identification:_identify(src/yaskawa_robot) by extensions ['ignore', 'ignore_ament_install']
[0.182s] Level 1:colcon.colcon_core.package_identification:_identify(src/yaskawa_robot) by extension 'ignore'
[0.182s] Level 1:colcon.colcon_core.package_identification:_identify(src/yaskawa_robot) by extension 'ignore_ament_install'
[0.182s] Level 1:colcon.colcon_core.package_identification:_identify(src/yaskawa_robot) by extensions ['colcon_pkg']
[0.182s] Level 1:colcon.colcon_core.package_identification:_identify(src/yaskawa_robot) by extension 'colcon_pkg'
[0.182s] Level 1:colcon.colcon_core.package_identification:_identify(src/yaskawa_robot) by extensions ['colcon_meta']
[0.182s] Level 1:colcon.colcon_core.package_identification:_identify(src/yaskawa_robot) by extension 'colcon_meta'
[0.183s] Level 1:colcon.colcon_core.package_identification:_identify(src/yaskawa_robot) by extensions ['ros']
[0.183s] Level 1:colcon.colcon_core.package_identification:_identify(src/yaskawa_robot) by extension 'ros'
[0.183s] DEBUG:colcon.colcon_core.package_identification:Package 'src/yaskawa_robot' with type 'ros.ament_cmake' and name 'yaskawa_robot'
[0.183s] Level 1:colcon.colcon_core.package_discovery:discover_packages(recursive) using defaults
[0.183s] Level 1:colcon.colcon_core.package_discovery:discover_packages(ignore) discover
[0.183s] Level 1:colcon.colcon_core.package_discovery:discover_packages(ignore) using defaults
[0.183s] Level 1:colcon.colcon_core.package_discovery:discover_packages(path) discover
[0.183s] Level 1:colcon.colcon_core.package_discovery:discover_packages(path) using defaults
[0.199s] INFO:colcon.colcon_core.package_selection:Skipping not selected package 'forward_kinematics' in 'src/forward_kinematics'
[0.199s] INFO:colcon.colcon_core.package_selection:Skipping not selected package 'kuka_robot' in 'src/kuka_robot'
[0.199s] INFO:colcon.colcon_core.package_selection:Skipping not selected package 'rrt_motion_planning' in 'src/rrt_motion_planning'
[0.199s] INFO:colcon.colcon_core.package_selection:Skipping not selected package 'simple_urdf' in 'src/simple_urdf'
[0.199s] INFO:colcon.colcon_core.package_selection:Skipping not selected package 'ur_description' in 'src/Universal_Robots_ROS2_Description'
[0.199s] INFO:colcon.colcon_core.package_selection:Skipping not selected package 'yaskawa_robot' in 'src/yaskawa_robot'
[0.199s] Level 5:colcon.colcon_core.verb:set package 'kinematics_mh12' build argument 'cmake_args' from command line to 'None'
[0.199s] Level 5:colcon.colcon_core.verb:set package 'kinematics_mh12' build argument 'cmake_target' from command line to 'None'
[0.199s] Level 5:colcon.colcon_core.verb:set package 'kinematics_mh12' build argument 'cmake_target_skip_unavailable' from command line to 'False'
[0.199s] Level 5:colcon.colcon_core.verb:set package 'kinematics_mh12' build argument 'cmake_clean_cache' from command line to 'False'
[0.199s] Level 5:colcon.colcon_core.verb:set package 'kinematics_mh12' build argument 'cmake_clean_first' from command line to 'False'
[0.199s] Level 5:colcon.colcon_core.verb:set package 'kinematics_mh12' build argument 'cmake_force_configure' from command line to 'False'
[0.199s] Level 5:colcon.colcon_core.verb:set package 'kinematics_mh12' build argument 'ament_cmake_args' from command line to 'None'
[0.199s] Level 5:colcon.colcon_core.verb:set package 'kinematics_mh12' build argument 'catkin_cmake_args' from command line to 'None'
[0.199s] Level 5:colcon.colcon_core.verb:set package 'kinematics_mh12' build argument 'catkin_skip_building_tests' from command line to 'False'
[0.200s] DEBUG:colcon.colcon_core.verb:Building package 'kinematics_mh12' with the following arguments: {'ament_cmake_args': None, 'build_base': '/ros/Kinematics_Lab/UR_ws/build/kinematics_mh12', 'catkin_cmake_args': None, 'catkin_skip_building_tests': False, 'cmake_args': None, 'cmake_clean_cache': False, 'cmake_clean_first': False, 'cmake_force_configure': False, 'cmake_target': None, 'cmake_target_skip_unavailable': False, 'install_base': '/ros/Kinematics_Lab/UR_ws/install/kinematics_mh12', 'merge_install': False, 'path': '/ros/Kinematics_Lab/UR_ws/src/kinematics_mh12', 'symlink_install': False, 'test_result_base': None}
[0.200s] INFO:colcon.colcon_core.executor:Executing jobs using 'parallel' executor
[0.200s] DEBUG:colcon.colcon_parallel_executor.executor.parallel:run_until_complete
[0.200s] INFO:colcon.colcon_ros.task.ament_python.build:Building ROS package in '/ros/Kinematics_Lab/UR_ws/src/kinematics_mh12' with build type 'ament_python'
[0.201s] Level 1:colcon.colcon_core.shell:create_environment_hook('kinematics_mh12', 'ament_prefix_path')
[0.202s] INFO:colcon.colcon_core.plugin_system:Skipping extension 'colcon_core.shell.bat': Not used on non-Windows systems
[0.202s] INFO:colcon.colcon_core.shell:Creating environment hook '/ros/Kinematics_Lab/UR_ws/install/kinematics_mh12/share/kinematics_mh12/hook/ament_prefix_path.ps1'
[0.203s] INFO:colcon.colcon_core.shell:Creating environment descriptor '/ros/Kinematics_Lab/UR_ws/install/kinematics_mh12/share/kinematics_mh12/hook/ament_prefix_path.dsv'
[0.203s] INFO:colcon.colcon_core.shell:Creating environment hook '/ros/Kinematics_Lab/UR_ws/install/kinematics_mh12/share/kinematics_mh12/hook/ament_prefix_path.sh'
[0.204s] INFO:colcon.colcon_core.shell:Skip shell extension 'powershell' for command environment: Not usable outside of PowerShell
[0.204s] DEBUG:colcon.colcon_core.shell:Skip shell extension 'dsv' for command environment
[0.405s] INFO:colcon.colcon_core.task.python.build:Building Python package in '/ros/Kinematics_Lab/UR_ws/src/kinematics_mh12'
[0.405s] INFO:colcon.colcon_core.shell:Skip shell extension 'powershell' for command environment: Not usable outside of PowerShell
[0.405s] DEBUG:colcon.colcon_core.shell:Skip shell extension 'dsv' for command environment
[0.919s] DEBUG:colcon.colcon_core.event_handler.log_command:Invoking command in '/ros/Kinematics_Lab/UR_ws/src/kinematics_mh12': PYTHONPATH=/ros/Kinematics_Lab/UR_ws/build/kinematics_mh12/prefix_override:/usr/lib/python3/dist-packages/colcon_core/task/python/colcon_distutils_commands:/ros/Kinematics_Lab/UR_ws/install/kinematics_mh12/lib/python3.12/site-packages:${PYTHONPATH} /usr/bin/python3 -W ignore:setup.py install is deprecated -W ignore:easy_install command is deprecated setup.py egg_info --egg-base ../../build/kinematics_mh12 build --build-base /ros/Kinematics_Lab/UR_ws/build/kinematics_mh12/build install --record /ros/Kinematics_Lab/UR_ws/build/kinematics_mh12/install.log --single-version-externally-managed install_data
[1.417s] DEBUG:colcon.colcon_core.event_handler.log_command:Invoked command in '/ros/Kinematics_Lab/UR_ws/src/kinematics_mh12' returned '0': PYTHONPATH=/ros/Kinematics_Lab/UR_ws/build/kinematics_mh12/prefix_override:/usr/lib/python3/dist-packages/colcon_core/task/python/colcon_distutils_commands:/ros/Kinematics_Lab/UR_ws/install/kinematics_mh12/lib/python3.12/site-packages:${PYTHONPATH} /usr/bin/python3 -W ignore:setup.py install is deprecated -W ignore:easy_install command is deprecated setup.py egg_info --egg-base ../../build/kinematics_mh12 build --build-base /ros/Kinematics_Lab/UR_ws/build/kinematics_mh12/build install --record /ros/Kinematics_Lab/UR_ws/build/kinematics_mh12/install.log --single-version-externally-managed install_data
[1.418s] Level 1:colcon.colcon_core.environment:checking '/ros/Kinematics_Lab/UR_ws/install/kinematics_mh12' for CMake module files
[1.419s] Level 1:colcon.colcon_core.environment:checking '/ros/Kinematics_Lab/UR_ws/install/kinematics_mh12' for CMake config files
[1.419s] Level 1:colcon.colcon_core.environment:checking '/ros/Kinematics_Lab/UR_ws/install/kinematics_mh12/lib'
[1.419s] Level 1:colcon.colcon_core.environment:checking '/ros/Kinematics_Lab/UR_ws/install/kinematics_mh12/bin'
[1.420s] Level 1:colcon.colcon_core.environment:checking '/ros/Kinematics_Lab/UR_ws/install/kinematics_mh12/lib/pkgconfig/kinematics_mh12.pc'
[1.420s] Level 1:colcon.colcon_core.environment:checking '/ros/Kinematics_Lab/UR_ws/install/kinematics_mh12/lib/python3.12/site-packages'
[1.420s] Level 1:colcon.colcon_core.shell:create_environment_hook('kinematics_mh12', 'pythonpath')
[1.420s] INFO:colcon.colcon_core.shell:Creating environment hook '/ros/Kinematics_Lab/UR_ws/install/kinematics_mh12/share/kinematics_mh12/hook/pythonpath.ps1'
[1.421s] INFO:colcon.colcon_core.shell:Creating environment descriptor '/ros/Kinematics_Lab/UR_ws/install/kinematics_mh12/share/kinematics_mh12/hook/pythonpath.dsv'
[1.421s] INFO:colcon.colcon_core.shell:Creating environment hook '/ros/Kinematics_Lab/UR_ws/install/kinematics_mh12/share/kinematics_mh12/hook/pythonpath.sh'
[1.422s] Level 1:colcon.colcon_core.environment:checking '/ros/Kinematics_Lab/UR_ws/install/kinematics_mh12/bin'
[1.422s] Level 1:colcon.colcon_core.environment:create_environment_scripts_only(kinematics_mh12)
[1.422s] INFO:colcon.colcon_core.shell:Creating package script '/ros/Kinematics_Lab/UR_ws/install/kinematics_mh12/share/kinematics_mh12/package.ps1'
[1.423s] INFO:colcon.colcon_core.shell:Creating package descriptor '/ros/Kinematics_Lab/UR_ws/install/kinematics_mh12/share/kinematics_mh12/package.dsv'
[1.424s] INFO:colcon.colcon_core.shell:Creating package script '/ros/Kinematics_Lab/UR_ws/install/kinematics_mh12/share/kinematics_mh12/package.sh'
[1.424s] INFO:colcon.colcon_core.shell:Creating package script '/ros/Kinematics_Lab/UR_ws/install/kinematics_mh12/share/kinematics_mh12/package.bash'
[1.425s] INFO:colcon.colcon_core.shell:Creating package script '/ros/Kinematics_Lab/UR_ws/install/kinematics_mh12/share/kinematics_mh12/package.zsh'
[1.426s] Level 1:colcon.colcon_core.environment:create_file_with_runtime_dependencies(/ros/Kinematics_Lab/UR_ws/install/kinematics_mh12/share/colcon-core/packages/kinematics_mh12)
[1.426s] DEBUG:colcon.colcon_parallel_executor.executor.parallel:closing loop
[1.426s] DEBUG:colcon.colcon_parallel_executor.executor.parallel:loop closed
[1.426s] DEBUG:colcon.colcon_parallel_executor.executor.parallel:run_until_complete finished with '0'
[1.427s] DEBUG:colcon.colcon_core.event_reactor:joining thread
[1.432s] INFO:colcon.colcon_core.plugin_system:Skipping extension 'colcon_notification.desktop_notification.notify_send': Could not find 'notify-send'
[1.432s] INFO:colcon.colcon_core.plugin_system:Skipping extension 'colcon_notification.desktop_notification.terminal_notifier': Not used on non-Darwin systems
[1.432s] INFO:colcon.colcon_core.plugin_system:Skipping extension 'colcon_notification.desktop_notification.win32': Not used on non-Windows systems
[1.432s] INFO:colcon.colcon_notification.desktop_notification:Sending desktop notification using 'notify2'
[1.434s] DEBUG:colcon.colcon_notification.desktop_notification.notify2:Failed to initialize notify2: org.freedesktop.DBus.Error.Spawn.ExecFailed: /usr/bin/dbus-launch terminated abnormally without any error message
[1.434s] DEBUG:colcon.colcon_core.event_reactor:joined thread
[1.434s] INFO:colcon.colcon_core.shell:Creating prefix script '/ros/Kinematics_Lab/UR_ws/install/local_setup.ps1'
[1.435s] INFO:colcon.colcon_core.shell:Creating prefix util module '/ros/Kinematics_Lab/UR_ws/install/_local_setup_util_ps1.py'
[1.436s] INFO:colcon.colcon_core.shell:Creating prefix chain script '/ros/Kinematics_Lab/UR_ws/install/setup.ps1'
[1.437s] INFO:colcon.colcon_core.shell:Creating prefix script '/ros/Kinematics_Lab/UR_ws/install/local_setup.sh'
[1.437s] INFO:colcon.colcon_core.shell:Creating prefix util module '/ros/Kinematics_Lab/UR_ws/install/_local_setup_util_sh.py'
[1.438s] INFO:colcon.colcon_core.shell:Creating prefix chain script '/ros/Kinematics_Lab/UR_ws/install/setup.sh'
[1.439s] INFO:colcon.colcon_core.shell:Creating prefix script '/ros/Kinematics_Lab/UR_ws/install/local_setup.bash'
[1.439s] INFO:colcon.colcon_core.shell:Creating prefix chain script '/ros/Kinematics_Lab/UR_ws/install/setup.bash'
[1.440s] INFO:colcon.colcon_core.shell:Creating prefix script '/ros/Kinematics_Lab/UR_ws/install/local_setup.zsh'
[1.440s] INFO:colcon.colcon_core.shell:Creating prefix chain script '/ros/Kinematics_Lab/UR_ws/install/setup.zsh'
