[0.023s] Invoking command in '/root/Shared/build/custom_interfaces': CMAKE_PREFIX_PATH=${CMAKE_PREFIX_PATH}:/root/Shared/install/pathplanners:/root/Shared/install/multidim_rrt_planner:/opt/ros/humble /usr/bin/cmake /root/Shared/src/custom_interfaces -DCMAKE_INSTALL_PREFIX=/root/Shared/install/custom_interfaces
[0.233s] -- The C compiler identification is GNU 11.4.0
[0.233s] -- The CXX compiler identification is GNU 11.4.0
[0.233s] -- Detecting C compiler ABI info
[0.233s] -- Detecting C compiler ABI info - done
[0.233s] -- Check for working C compiler: /usr/bin/cc - skipped
[0.233s] -- Detecting C compile features
[0.233s] -- Detecting C compile features - done
[0.233s] -- Detecting CXX compiler ABI info
[0.233s] -- Detecting CXX compiler ABI info - done
[0.233s] -- Check for working CXX compiler: /usr/bin/c++ - skipped
[0.233s] -- Detecting CXX compile features
[0.233s] -- Detecting CXX compile features - done
[0.235s] -- Found ament_cmake: 1.3.12 (/opt/ros/humble/share/ament_cmake/cmake)
[0.356s] -- Found Python3: /usr/bin/python3 (found version "3.10.12") found components: Interpreter 
[0.444s] -- Found rosidl_default_generators: 1.2.0 (/opt/ros/humble/share/rosidl_default_generators/cmake)
[0.454s] -- Using all available rosidl_typesupport_c: rosidl_typesupport_fastrtps_c;rosidl_typesupport_introspection_c
[0.454s] -- Found rosidl_adapter: 3.1.7 (/opt/ros/humble/share/rosidl_adapter/cmake)
[0.492s] -- Using all available rosidl_typesupport_cpp: rosidl_typesupport_fastrtps_cpp;rosidl_typesupport_introspection_cpp
[0.729s] -- Found ament_cmake_ros: 0.10.0 (/opt/ros/humble/share/ament_cmake_ros/cmake)
[0.877s] -- Using all available rosidl_typesupport_c: rosidl_typesupport_fastrtps_c;rosidl_typesupport_introspection_c
[1.070s] -- Using all available rosidl_typesupport_cpp: rosidl_typesupport_fastrtps_cpp;rosidl_typesupport_introspection_cpp
[1.089s] -- Found PythonInterp: /usr/bin/python3 (found suitable version "3.10.12", minimum required is "3.6") 
[1.091s] -- Found python_cmake_module: 0.10.0 (/opt/ros/humble/share/python_cmake_module/cmake)
[1.110s] -- Found PythonLibs: /usr/lib/x86_64-linux-gnu/libpython3.10.so (found suitable version "3.10.12", minimum required is "3.5") 
[1.110s] -- Using PYTHON_EXECUTABLE: /usr/bin/python3
[1.111s] -- Using PYTHON_INCLUDE_DIRS: /usr/include/python3.10
[1.111s] -- Using PYTHON_LIBRARIES: /usr/lib/x86_64-linux-gnu/libpython3.10.so
[1.127s] -- Found PythonExtra: .so  
[1.153s] -- Found ament_lint_auto: 0.12.14 (/opt/ros/humble/share/ament_lint_auto/cmake)
[1.171s] -- Added test 'lint_cmake' to check CMake code style
[1.171s] -- Added test 'xmllint' to check XML markup files
[1.173s] -- Configuring done
[1.196s] -- Generating done
[1.204s] -- Build files have been written to: /root/Shared/build/custom_interfaces
[1.208s] Invoked command in '/root/Shared/build/custom_interfaces' returned '0': CMAKE_PREFIX_PATH=${CMAKE_PREFIX_PATH}:/root/Shared/install/pathplanners:/root/Shared/install/multidim_rrt_planner:/opt/ros/humble /usr/bin/cmake /root/Shared/src/custom_interfaces -DCMAKE_INSTALL_PREFIX=/root/Shared/install/custom_interfaces
[1.210s] Invoking command in '/root/Shared/build/custom_interfaces': CMAKE_PREFIX_PATH=${CMAKE_PREFIX_PATH}:/root/Shared/install/pathplanners:/root/Shared/install/multidim_rrt_planner:/opt/ros/humble /usr/bin/cmake --build /root/Shared/build/custom_interfaces -- -j12 -l12
[1.239s] [  2%] [34m[1mGenerating C code for ROS interfaces[0m
[1.245s] [  4%] [34m[1mGenerating C++ code for ROS interfaces[0m
[1.251s] [  4%] Built target ament_cmake_python_copy_custom_interfaces
[1.442s] running egg_info
[1.442s] creating custom_interfaces.egg-info
[1.442s] writing custom_interfaces.egg-info/PKG-INFO
[1.442s] writing dependency_links to custom_interfaces.egg-info/dependency_links.txt
[1.443s] writing top-level names to custom_interfaces.egg-info/top_level.txt
[1.443s] writing manifest file 'custom_interfaces.egg-info/SOURCES.txt'
[1.444s] reading manifest file 'custom_interfaces.egg-info/SOURCES.txt'
[1.444s] writing manifest file 'custom_interfaces.egg-info/SOURCES.txt'
[1.465s] [  4%] Built target ament_cmake_python_build_custom_interfaces_egg
[1.535s] [  4%] Built target custom_interfaces__cpp
[1.542s] [ 10%] [34m[1mGenerating C++ introspection for ROS interfaces[0m
[1.542s] [ 10%] [34m[1mGenerating C++ type support dispatch for ROS interfaces[0m
[1.542s] [ 10%] [34m[1mGenerating C++ type support for eProsima Fast-RTPS[0m
[1.548s] [ 14%] [32mBuilding C object CMakeFiles/custom_interfaces__rosidl_generator_c.dir/rosidl_generator_c/custom_interfaces/msg/detail/neighbors__functions.c.o[0m
[1.549s] [ 14%] [32mBuilding C object CMakeFiles/custom_interfaces__rosidl_generator_c.dir/rosidl_generator_c/custom_interfaces/msg/detail/point__functions.c.o[0m
[1.552s] [ 17%] [32mBuilding C object CMakeFiles/custom_interfaces__rosidl_generator_c.dir/rosidl_generator_c/custom_interfaces/msg/detail/adjacency_list__functions.c.o[0m
[1.598s] [ 19%] [32m[1mLinking C shared library libcustom_interfaces__rosidl_generator_c.so[0m
[1.625s] [ 19%] Built target custom_interfaces__rosidl_generator_c
[1.633s] [ 23%] [34m[1mGenerating C type support dispatch for ROS interfaces[0m
[1.633s] [ 23%] [34m[1mGenerating C introspection for ROS interfaces[0m
[1.636s] [ 25%] [34m[1mGenerating C type support for eProsima Fast-RTPS[0m
[1.783s] [ 27%] [32mBuilding CXX object CMakeFiles/custom_interfaces__rosidl_typesupport_cpp.dir/rosidl_typesupport_cpp/custom_interfaces/msg/point__type_support.cpp.o[0m
[1.785s] [ 29%] [32mBuilding CXX object CMakeFiles/custom_interfaces__rosidl_typesupport_cpp.dir/rosidl_typesupport_cpp/custom_interfaces/msg/adjacency_list__type_support.cpp.o[0m
[1.787s] [ 31%] [32mBuilding CXX object CMakeFiles/custom_interfaces__rosidl_typesupport_cpp.dir/rosidl_typesupport_cpp/custom_interfaces/msg/neighbors__type_support.cpp.o[0m
[1.826s] [ 36%] [32mBuilding CXX object CMakeFiles/custom_interfaces__rosidl_typesupport_introspection_cpp.dir/rosidl_typesupport_introspection_cpp/custom_interfaces/msg/detail/point__type_support.cpp.o[0m
[1.826s] [ 36%] [32mBuilding CXX object CMakeFiles/custom_interfaces__rosidl_typesupport_introspection_cpp.dir/rosidl_typesupport_introspection_cpp/custom_interfaces/msg/detail/neighbors__type_support.cpp.o[0m
[1.826s] [ 38%] [32mBuilding CXX object CMakeFiles/custom_interfaces__rosidl_typesupport_introspection_cpp.dir/rosidl_typesupport_introspection_cpp/custom_interfaces/msg/detail/adjacency_list__type_support.cpp.o[0m
[1.842s] [ 40%] [32mBuilding CXX object CMakeFiles/custom_interfaces__rosidl_typesupport_fastrtps_cpp.dir/rosidl_typesupport_fastrtps_cpp/custom_interfaces/msg/detail/dds_fastrtps/point__type_support.cpp.o[0m
[1.842s] [ 42%] [32mBuilding CXX object CMakeFiles/custom_interfaces__rosidl_typesupport_fastrtps_cpp.dir/rosidl_typesupport_fastrtps_cpp/custom_interfaces/msg/detail/dds_fastrtps/neighbors__type_support.cpp.o[0m
[1.856s] [ 44%] [32mBuilding CXX object CMakeFiles/custom_interfaces__rosidl_typesupport_fastrtps_cpp.dir/rosidl_typesupport_fastrtps_cpp/custom_interfaces/msg/detail/dds_fastrtps/adjacency_list__type_support.cpp.o[0m
[1.936s] [ 46%] [32mBuilding CXX object CMakeFiles/custom_interfaces__rosidl_typesupport_c.dir/rosidl_typesupport_c/custom_interfaces/msg/point__type_support.cpp.o[0m
[1.990s] [ 48%] [32mBuilding CXX object CMakeFiles/custom_interfaces__rosidl_typesupport_c.dir/rosidl_typesupport_c/custom_interfaces/msg/neighbors__type_support.cpp.o[0m
[2.075s] [ 51%] [32mBuilding CXX object CMakeFiles/custom_interfaces__rosidl_typesupport_c.dir/rosidl_typesupport_c/custom_interfaces/msg/adjacency_list__type_support.cpp.o[0m
[2.111s] [ 53%] [32m[1mLinking CXX shared library libcustom_interfaces__rosidl_typesupport_c.so[0m
[2.123s] [ 55%] [32m[1mLinking CXX shared library libcustom_interfaces__rosidl_typesupport_cpp.so[0m
[2.135s] [ 57%] [32mBuilding C object CMakeFiles/custom_interfaces__rosidl_typesupport_introspection_c.dir/rosidl_typesupport_introspection_c/custom_interfaces/msg/detail/point__type_support.c.o[0m
[2.135s] [ 59%] [32mBuilding C object CMakeFiles/custom_interfaces__rosidl_typesupport_introspection_c.dir/rosidl_typesupport_introspection_c/custom_interfaces/msg/detail/neighbors__type_support.c.o[0m
[2.141s] [ 61%] [32mBuilding C object CMakeFiles/custom_interfaces__rosidl_typesupport_introspection_c.dir/rosidl_typesupport_introspection_c/custom_interfaces/msg/detail/adjacency_list__type_support.c.o[0m
[2.179s] [ 61%] Built target custom_interfaces__rosidl_typesupport_cpp
[2.179s] [ 61%] Built target custom_interfaces__rosidl_typesupport_c
[2.196s] [ 63%] [32m[1mLinking C shared library libcustom_interfaces__rosidl_typesupport_introspection_c.so[0m
[2.200s] [ 68%] [32mBuilding CXX object CMakeFiles/custom_interfaces__rosidl_typesupport_fastrtps_c.dir/rosidl_typesupport_fastrtps_c/custom_interfaces/msg/detail/point__type_support_c.cpp.o[0m
[2.200s] [ 68%] [32mBuilding CXX object CMakeFiles/custom_interfaces__rosidl_typesupport_fastrtps_c.dir/rosidl_typesupport_fastrtps_c/custom_interfaces/msg/detail/neighbors__type_support_c.cpp.o[0m
[2.200s] [ 70%] [32mBuilding CXX object CMakeFiles/custom_interfaces__rosidl_typesupport_fastrtps_c.dir/rosidl_typesupport_fastrtps_c/custom_interfaces/msg/detail/adjacency_list__type_support_c.cpp.o[0m
[2.233s] [ 70%] Built target custom_interfaces__rosidl_typesupport_introspection_c
[2.324s] [ 72%] [32m[1mLinking CXX shared library libcustom_interfaces__rosidl_typesupport_introspection_cpp.so[0m
[2.405s] [ 74%] [32m[1mLinking CXX shared library libcustom_interfaces__rosidl_typesupport_fastrtps_cpp.so[0m
[2.405s] [ 74%] Built target custom_interfaces__rosidl_typesupport_introspection_cpp
[2.466s] [ 74%] Built target custom_interfaces__rosidl_typesupport_fastrtps_cpp
[2.536s] [ 76%] [32m[1mLinking CXX shared library libcustom_interfaces__rosidl_typesupport_fastrtps_c.so[0m
[2.591s] [ 76%] Built target custom_interfaces__rosidl_typesupport_fastrtps_c
[2.606s] [ 76%] Built target custom_interfaces
[2.621s] [ 78%] [34m[1mGenerating Python code for ROS interfaces[0m
[3.021s] [ 78%] Built target custom_interfaces__py
[3.036s] [ 82%] [32mBuilding C object CMakeFiles/custom_interfaces__rosidl_generator_py.dir/rosidl_generator_py/custom_interfaces/msg/_point_s.c.o[0m
[3.036s] [ 82%] [32mBuilding C object CMakeFiles/custom_interfaces__rosidl_generator_py.dir/rosidl_generator_py/custom_interfaces/msg/_adjacency_list_s.c.o[0m
[3.036s] [ 85%] [32mBuilding C object CMakeFiles/custom_interfaces__rosidl_generator_py.dir/rosidl_generator_py/custom_interfaces/msg/_neighbors_s.c.o[0m
[3.114s] [ 87%] [32m[1mLinking C shared library rosidl_generator_py/custom_interfaces/libcustom_interfaces__rosidl_generator_py.so[0m
[3.143s] [ 87%] Built target custom_interfaces__rosidl_generator_py
[3.158s] [ 93%] [32mBuilding C object CMakeFiles/custom_interfaces__rosidl_typesupport_fastrtps_c__pyext.dir/rosidl_generator_py/custom_interfaces/_custom_interfaces_s.ep.rosidl_typesupport_fastrtps_c.c.o[0m
[3.158s] [ 93%] [32mBuilding C object CMakeFiles/custom_interfaces__rosidl_typesupport_c__pyext.dir/rosidl_generator_py/custom_interfaces/_custom_interfaces_s.ep.rosidl_typesupport_c.c.o[0m
[3.158s] [ 93%] [32mBuilding C object CMakeFiles/custom_interfaces__rosidl_typesupport_introspection_c__pyext.dir/rosidl_generator_py/custom_interfaces/_custom_interfaces_s.ep.rosidl_typesupport_introspection_c.c.o[0m
[3.229s] [ 97%] [32m[1mLinking C shared library rosidl_generator_py/custom_interfaces/custom_interfaces_s__rosidl_typesupport_introspection_c.cpython-310-x86_64-linux-gnu.so[0m
[3.229s] [ 97%] [32m[1mLinking C shared library rosidl_generator_py/custom_interfaces/custom_interfaces_s__rosidl_typesupport_c.cpython-310-x86_64-linux-gnu.so[0m
[3.230s] [100%] [32m[1mLinking C shared library rosidl_generator_py/custom_interfaces/custom_interfaces_s__rosidl_typesupport_fastrtps_c.cpython-310-x86_64-linux-gnu.so[0m
[3.254s] [100%] Built target custom_interfaces__rosidl_typesupport_introspection_c__pyext
[3.254s] [100%] Built target custom_interfaces__rosidl_typesupport_c__pyext
[3.255s] [100%] Built target custom_interfaces__rosidl_typesupport_fastrtps_c__pyext
[3.263s] Invoked command in '/root/Shared/build/custom_interfaces' returned '0': CMAKE_PREFIX_PATH=${CMAKE_PREFIX_PATH}:/root/Shared/install/pathplanners:/root/Shared/install/multidim_rrt_planner:/opt/ros/humble /usr/bin/cmake --build /root/Shared/build/custom_interfaces -- -j12 -l12
[3.271s] Invoking command in '/root/Shared/build/custom_interfaces': CMAKE_PREFIX_PATH=${CMAKE_PREFIX_PATH}:/root/Shared/install/pathplanners:/root/Shared/install/multidim_rrt_planner:/opt/ros/humble /usr/bin/cmake --install /root/Shared/build/custom_interfaces
[3.277s] -- Install configuration: ""
[3.277s] -- Installing: /root/Shared/install/custom_interfaces/share/ament_index/resource_index/rosidl_interfaces/custom_interfaces
[3.277s] -- Installing: /root/Shared/install/custom_interfaces/include/custom_interfaces/custom_interfaces
[3.277s] -- Installing: /root/Shared/install/custom_interfaces/include/custom_interfaces/custom_interfaces/msg
[3.277s] -- Installing: /root/Shared/install/custom_interfaces/include/custom_interfaces/custom_interfaces/msg/adjacency_list.h
[3.278s] -- Installing: /root/Shared/install/custom_interfaces/include/custom_interfaces/custom_interfaces/msg/point.h
[3.278s] -- Installing: /root/Shared/install/custom_interfaces/include/custom_interfaces/custom_interfaces/msg/neighbors.h
[3.278s] -- Installing: /root/Shared/install/custom_interfaces/include/custom_interfaces/custom_interfaces/msg/detail
[3.278s] -- Installing: /root/Shared/install/custom_interfaces/include/custom_interfaces/custom_interfaces/msg/detail/adjacency_list__type_support.h
[3.278s] -- Installing: /root/Shared/install/custom_interfaces/include/custom_interfaces/custom_interfaces/msg/detail/adjacency_list__functions.h
[3.278s] -- Installing: /root/Shared/install/custom_interfaces/include/custom_interfaces/custom_interfaces/msg/detail/point__functions.h
[3.278s] -- Installing: /root/Shared/install/custom_interfaces/include/custom_interfaces/custom_interfaces/msg/detail/point__functions.c
[3.278s] -- Installing: /root/Shared/install/custom_interfaces/include/custom_interfaces/custom_interfaces/msg/detail/neighbors__functions.h
[3.278s] -- Installing: /root/Shared/install/custom_interfaces/include/custom_interfaces/custom_interfaces/msg/detail/neighbors__struct.h
[3.278s] -- Installing: /root/Shared/install/custom_interfaces/include/custom_interfaces/custom_interfaces/msg/detail/adjacency_list__struct.h
[3.278s] -- Installing: /root/Shared/install/custom_interfaces/include/custom_interfaces/custom_interfaces/msg/detail/adjacency_list__functions.c
[3.278s] -- Installing: /root/Shared/install/custom_interfaces/include/custom_interfaces/custom_interfaces/msg/detail/neighbors__type_support.h
[3.278s] -- Installing: /root/Shared/install/custom_interfaces/include/custom_interfaces/custom_interfaces/msg/detail/point__type_support.h
[3.278s] -- Installing: /root/Shared/install/custom_interfaces/include/custom_interfaces/custom_interfaces/msg/detail/point__struct.h
[3.278s] -- Installing: /root/Shared/install/custom_interfaces/include/custom_interfaces/custom_interfaces/msg/detail/neighbors__functions.c
[3.278s] -- Installing: /root/Shared/install/custom_interfaces/include/custom_interfaces/custom_interfaces/msg/rosidl_generator_c__visibility_control.h
[3.279s] -- Installing: /root/Shared/install/custom_interfaces/share/custom_interfaces/environment/library_path.sh
[3.279s] -- Installing: /root/Shared/install/custom_interfaces/share/custom_interfaces/environment/library_path.dsv
[3.279s] -- Installing: /root/Shared/install/custom_interfaces/lib/libcustom_interfaces__rosidl_generator_c.so
[3.279s] -- Set runtime path of "/root/Shared/install/custom_interfaces/lib/libcustom_interfaces__rosidl_generator_c.so" to ""
[3.279s] -- Up-to-date: /root/Shared/install/custom_interfaces/include/custom_interfaces/custom_interfaces
[3.279s] -- Up-to-date: /root/Shared/install/custom_interfaces/include/custom_interfaces/custom_interfaces/msg
[3.279s] -- Installing: /root/Shared/install/custom_interfaces/include/custom_interfaces/custom_interfaces/msg/rosidl_typesupport_fastrtps_c__visibility_control.h
[3.279s] -- Up-to-date: /root/Shared/install/custom_interfaces/include/custom_interfaces/custom_interfaces/msg/detail
[3.279s] -- Installing: /root/Shared/install/custom_interfaces/include/custom_interfaces/custom_interfaces/msg/detail/neighbors__rosidl_typesupport_fastrtps_c.h
[3.279s] -- Installing: /root/Shared/install/custom_interfaces/include/custom_interfaces/custom_interfaces/msg/detail/point__rosidl_typesupport_fastrtps_c.h
[3.279s] -- Installing: /root/Shared/install/custom_interfaces/include/custom_interfaces/custom_interfaces/msg/detail/adjacency_list__rosidl_typesupport_fastrtps_c.h
[3.279s] -- Installing: /root/Shared/install/custom_interfaces/lib/libcustom_interfaces__rosidl_typesupport_fastrtps_c.so
[3.279s] -- Set runtime path of "/root/Shared/install/custom_interfaces/lib/libcustom_interfaces__rosidl_typesupport_fastrtps_c.so" to ""
[3.279s] -- Up-to-date: /root/Shared/install/custom_interfaces/include/custom_interfaces/custom_interfaces
[3.279s] -- Up-to-date: /root/Shared/install/custom_interfaces/include/custom_interfaces/custom_interfaces/msg
[3.280s] -- Installing: /root/Shared/install/custom_interfaces/include/custom_interfaces/custom_interfaces/msg/rosidl_typesupport_introspection_c__visibility_control.h
[3.280s] -- Up-to-date: /root/Shared/install/custom_interfaces/include/custom_interfaces/custom_interfaces/msg/detail
[3.280s] -- Installing: /root/Shared/install/custom_interfaces/include/custom_interfaces/custom_interfaces/msg/detail/adjacency_list__rosidl_typesupport_introspection_c.h
[3.280s] -- Installing: /root/Shared/install/custom_interfaces/include/custom_interfaces/custom_interfaces/msg/detail/neighbors__rosidl_typesupport_introspection_c.h
[3.280s] -- Installing: /root/Shared/install/custom_interfaces/include/custom_interfaces/custom_interfaces/msg/detail/point__type_support.c
[3.280s] -- Installing: /root/Shared/install/custom_interfaces/include/custom_interfaces/custom_interfaces/msg/detail/neighbors__type_support.c
[3.280s] -- Installing: /root/Shared/install/custom_interfaces/include/custom_interfaces/custom_interfaces/msg/detail/adjacency_list__type_support.c
[3.280s] -- Installing: /root/Shared/install/custom_interfaces/include/custom_interfaces/custom_interfaces/msg/detail/point__rosidl_typesupport_introspection_c.h
[3.280s] -- Installing: /root/Shared/install/custom_interfaces/lib/libcustom_interfaces__rosidl_typesupport_introspection_c.so
[3.280s] -- Set runtime path of "/root/Shared/install/custom_interfaces/lib/libcustom_interfaces__rosidl_typesupport_introspection_c.so" to ""
[3.280s] -- Installing: /root/Shared/install/custom_interfaces/lib/libcustom_interfaces__rosidl_typesupport_c.so
[3.280s] -- Set runtime path of "/root/Shared/install/custom_interfaces/lib/libcustom_interfaces__rosidl_typesupport_c.so" to ""
[3.280s] -- Up-to-date: /root/Shared/install/custom_interfaces/include/custom_interfaces/custom_interfaces
[3.280s] -- Up-to-date: /root/Shared/install/custom_interfaces/include/custom_interfaces/custom_interfaces/msg
[3.281s] -- Installing: /root/Shared/install/custom_interfaces/include/custom_interfaces/custom_interfaces/msg/neighbors.hpp
[3.281s] -- Installing: /root/Shared/install/custom_interfaces/include/custom_interfaces/custom_interfaces/msg/point.hpp
[3.281s] -- Installing: /root/Shared/install/custom_interfaces/include/custom_interfaces/custom_interfaces/msg/rosidl_generator_cpp__visibility_control.hpp
[3.281s] -- Up-to-date: /root/Shared/install/custom_interfaces/include/custom_interfaces/custom_interfaces/msg/detail
[3.281s] -- Installing: /root/Shared/install/custom_interfaces/include/custom_interfaces/custom_interfaces/msg/detail/adjacency_list__type_support.hpp
[3.281s] -- Installing: /root/Shared/install/custom_interfaces/include/custom_interfaces/custom_interfaces/msg/detail/point__builder.hpp
[3.281s] -- Installing: /root/Shared/install/custom_interfaces/include/custom_interfaces/custom_interfaces/msg/detail/neighbors__traits.hpp
[3.281s] -- Installing: /root/Shared/install/custom_interfaces/include/custom_interfaces/custom_interfaces/msg/detail/neighbors__builder.hpp
[3.281s] -- Installing: /root/Shared/install/custom_interfaces/include/custom_interfaces/custom_interfaces/msg/detail/adjacency_list__struct.hpp
[3.281s] -- Installing: /root/Shared/install/custom_interfaces/include/custom_interfaces/custom_interfaces/msg/detail/point__traits.hpp
[3.281s] -- Installing: /root/Shared/install/custom_interfaces/include/custom_interfaces/custom_interfaces/msg/detail/adjacency_list__builder.hpp
[3.281s] -- Installing: /root/Shared/install/custom_interfaces/include/custom_interfaces/custom_interfaces/msg/detail/neighbors__struct.hpp
[3.281s] -- Installing: /root/Shared/install/custom_interfaces/include/custom_interfaces/custom_interfaces/msg/detail/neighbors__type_support.hpp
[3.281s] -- Installing: /root/Shared/install/custom_interfaces/include/custom_interfaces/custom_interfaces/msg/detail/adjacency_list__traits.hpp
[3.282s] -- Installing: /root/Shared/install/custom_interfaces/include/custom_interfaces/custom_interfaces/msg/detail/point__struct.hpp
[3.282s] -- Installing: /root/Shared/install/custom_interfaces/include/custom_interfaces/custom_interfaces/msg/detail/point__type_support.hpp
[3.282s] -- Installing: /root/Shared/install/custom_interfaces/include/custom_interfaces/custom_interfaces/msg/adjacency_list.hpp
[3.282s] -- Up-to-date: /root/Shared/install/custom_interfaces/include/custom_interfaces/custom_interfaces
[3.282s] -- Up-to-date: /root/Shared/install/custom_interfaces/include/custom_interfaces/custom_interfaces/msg
[3.282s] -- Up-to-date: /root/Shared/install/custom_interfaces/include/custom_interfaces/custom_interfaces/msg/detail
[3.282s] -- Installing: /root/Shared/install/custom_interfaces/include/custom_interfaces/custom_interfaces/msg/detail/point__rosidl_typesupport_fastrtps_cpp.hpp
[3.282s] -- Installing: /root/Shared/install/custom_interfaces/include/custom_interfaces/custom_interfaces/msg/detail/neighbors__rosidl_typesupport_fastrtps_cpp.hpp
[3.282s] -- Installing: /root/Shared/install/custom_interfaces/include/custom_interfaces/custom_interfaces/msg/detail/dds_fastrtps
[3.282s] -- Installing: /root/Shared/install/custom_interfaces/include/custom_interfaces/custom_interfaces/msg/detail/adjacency_list__rosidl_typesupport_fastrtps_cpp.hpp
[3.282s] -- Installing: /root/Shared/install/custom_interfaces/include/custom_interfaces/custom_interfaces/msg/rosidl_typesupport_fastrtps_cpp__visibility_control.h
[3.282s] -- Installing: /root/Shared/install/custom_interfaces/lib/libcustom_interfaces__rosidl_typesupport_fastrtps_cpp.so
[3.282s] -- Set runtime path of "/root/Shared/install/custom_interfaces/lib/libcustom_interfaces__rosidl_typesupport_fastrtps_cpp.so" to ""
[3.282s] -- Up-to-date: /root/Shared/install/custom_interfaces/include/custom_interfaces/custom_interfaces
[3.282s] -- Up-to-date: /root/Shared/install/custom_interfaces/include/custom_interfaces/custom_interfaces/msg
[3.283s] -- Up-to-date: /root/Shared/install/custom_interfaces/include/custom_interfaces/custom_interfaces/msg/detail
[3.283s] -- Installing: /root/Shared/install/custom_interfaces/include/custom_interfaces/custom_interfaces/msg/detail/adjacency_list__rosidl_typesupport_introspection_cpp.hpp
[3.283s] -- Installing: /root/Shared/install/custom_interfaces/include/custom_interfaces/custom_interfaces/msg/detail/neighbors__rosidl_typesupport_introspection_cpp.hpp
[3.283s] -- Installing: /root/Shared/install/custom_interfaces/include/custom_interfaces/custom_interfaces/msg/detail/point__type_support.cpp
[3.283s] -- Installing: /root/Shared/install/custom_interfaces/include/custom_interfaces/custom_interfaces/msg/detail/adjacency_list__type_support.cpp
[3.283s] -- Installing: /root/Shared/install/custom_interfaces/include/custom_interfaces/custom_interfaces/msg/detail/point__rosidl_typesupport_introspection_cpp.hpp
[3.283s] -- Installing: /root/Shared/install/custom_interfaces/include/custom_interfaces/custom_interfaces/msg/detail/neighbors__type_support.cpp
[3.283s] -- Installing: /root/Shared/install/custom_interfaces/lib/libcustom_interfaces__rosidl_typesupport_introspection_cpp.so
[3.283s] -- Set runtime path of "/root/Shared/install/custom_interfaces/lib/libcustom_interfaces__rosidl_typesupport_introspection_cpp.so" to ""
[3.283s] -- Installing: /root/Shared/install/custom_interfaces/lib/libcustom_interfaces__rosidl_typesupport_cpp.so
[3.283s] -- Set runtime path of "/root/Shared/install/custom_interfaces/lib/libcustom_interfaces__rosidl_typesupport_cpp.so" to ""
[3.283s] -- Installing: /root/Shared/install/custom_interfaces/share/custom_interfaces/environment/pythonpath.sh
[3.283s] -- Installing: /root/Shared/install/custom_interfaces/share/custom_interfaces/environment/pythonpath.dsv
[3.283s] -- Installing: /root/Shared/install/custom_interfaces/local/lib/python3.10/dist-packages/custom_interfaces-0.0.0-py3.10.egg-info
[3.284s] -- Installing: /root/Shared/install/custom_interfaces/local/lib/python3.10/dist-packages/custom_interfaces-0.0.0-py3.10.egg-info/PKG-INFO
[3.284s] -- Installing: /root/Shared/install/custom_interfaces/local/lib/python3.10/dist-packages/custom_interfaces-0.0.0-py3.10.egg-info/SOURCES.txt
[3.284s] -- Installing: /root/Shared/install/custom_interfaces/local/lib/python3.10/dist-packages/custom_interfaces-0.0.0-py3.10.egg-info/dependency_links.txt
[3.284s] -- Installing: /root/Shared/install/custom_interfaces/local/lib/python3.10/dist-packages/custom_interfaces-0.0.0-py3.10.egg-info/top_level.txt
[3.284s] -- Installing: /root/Shared/install/custom_interfaces/local/lib/python3.10/dist-packages/custom_interfaces
[3.284s] -- Installing: /root/Shared/install/custom_interfaces/local/lib/python3.10/dist-packages/custom_interfaces/_custom_interfaces_s.ep.rosidl_typesupport_fastrtps_c.c
[3.284s] -- Installing: /root/Shared/install/custom_interfaces/local/lib/python3.10/dist-packages/custom_interfaces/msg
[3.284s] -- Installing: /root/Shared/install/custom_interfaces/local/lib/python3.10/dist-packages/custom_interfaces/msg/_neighbors.py
[3.284s] -- Installing: /root/Shared/install/custom_interfaces/local/lib/python3.10/dist-packages/custom_interfaces/msg/__init__.py
[3.284s] -- Installing: /root/Shared/install/custom_interfaces/local/lib/python3.10/dist-packages/custom_interfaces/msg/_adjacency_list_s.c
[3.284s] -- Installing: /root/Shared/install/custom_interfaces/local/lib/python3.10/dist-packages/custom_interfaces/msg/_point_s.c
[3.284s] -- Installing: /root/Shared/install/custom_interfaces/local/lib/python3.10/dist-packages/custom_interfaces/msg/_adjacency_list.py
[3.284s] -- Installing: /root/Shared/install/custom_interfaces/local/lib/python3.10/dist-packages/custom_interfaces/msg/_neighbors_s.c
[3.285s] -- Installing: /root/Shared/install/custom_interfaces/local/lib/python3.10/dist-packages/custom_interfaces/msg/_point.py
[3.285s] -- Installing: /root/Shared/install/custom_interfaces/local/lib/python3.10/dist-packages/custom_interfaces/__init__.py
[3.285s] -- Installing: /root/Shared/install/custom_interfaces/local/lib/python3.10/dist-packages/custom_interfaces/custom_interfaces_s__rosidl_typesupport_c.cpython-310-x86_64-linux-gnu.so
[3.285s] -- Installing: /root/Shared/install/custom_interfaces/local/lib/python3.10/dist-packages/custom_interfaces/libcustom_interfaces__rosidl_generator_py.so
[3.285s] -- Installing: /root/Shared/install/custom_interfaces/local/lib/python3.10/dist-packages/custom_interfaces/_custom_interfaces_s.ep.rosidl_typesupport_introspection_c.c
[3.285s] -- Installing: /root/Shared/install/custom_interfaces/local/lib/python3.10/dist-packages/custom_interfaces/custom_interfaces_s__rosidl_typesupport_introspection_c.cpython-310-x86_64-linux-gnu.so
[3.285s] -- Installing: /root/Shared/install/custom_interfaces/local/lib/python3.10/dist-packages/custom_interfaces/_custom_interfaces_s.ep.rosidl_typesupport_c.c
[3.285s] -- Installing: /root/Shared/install/custom_interfaces/local/lib/python3.10/dist-packages/custom_interfaces/custom_interfaces_s__rosidl_typesupport_fastrtps_c.cpython-310-x86_64-linux-gnu.so
[3.314s] Listing '/root/Shared/install/custom_interfaces/local/lib/python3.10/dist-packages/custom_interfaces'...
[3.315s] Compiling '/root/Shared/install/custom_interfaces/local/lib/python3.10/dist-packages/custom_interfaces/__init__.py'...
[3.315s] Listing '/root/Shared/install/custom_interfaces/local/lib/python3.10/dist-packages/custom_interfaces/msg'...
[3.315s] Compiling '/root/Shared/install/custom_interfaces/local/lib/python3.10/dist-packages/custom_interfaces/msg/__init__.py'...
[3.315s] Compiling '/root/Shared/install/custom_interfaces/local/lib/python3.10/dist-packages/custom_interfaces/msg/_adjacency_list.py'...
[3.315s] Compiling '/root/Shared/install/custom_interfaces/local/lib/python3.10/dist-packages/custom_interfaces/msg/_neighbors.py'...
[3.315s] Compiling '/root/Shared/install/custom_interfaces/local/lib/python3.10/dist-packages/custom_interfaces/msg/_point.py'...
[3.319s] -- Installing: /root/Shared/install/custom_interfaces/local/lib/python3.10/dist-packages/custom_interfaces/custom_interfaces_s__rosidl_typesupport_fastrtps_c.cpython-310-x86_64-linux-gnu.so
[3.319s] -- Set runtime path of "/root/Shared/install/custom_interfaces/local/lib/python3.10/dist-packages/custom_interfaces/custom_interfaces_s__rosidl_typesupport_fastrtps_c.cpython-310-x86_64-linux-gnu.so" to ""
[3.319s] -- Installing: /root/Shared/install/custom_interfaces/local/lib/python3.10/dist-packages/custom_interfaces/custom_interfaces_s__rosidl_typesupport_introspection_c.cpython-310-x86_64-linux-gnu.so
[3.319s] -- Set runtime path of "/root/Shared/install/custom_interfaces/local/lib/python3.10/dist-packages/custom_interfaces/custom_interfaces_s__rosidl_typesupport_introspection_c.cpython-310-x86_64-linux-gnu.so" to ""
[3.319s] -- Installing: /root/Shared/install/custom_interfaces/local/lib/python3.10/dist-packages/custom_interfaces/custom_interfaces_s__rosidl_typesupport_c.cpython-310-x86_64-linux-gnu.so
[3.319s] -- Set runtime path of "/root/Shared/install/custom_interfaces/local/lib/python3.10/dist-packages/custom_interfaces/custom_interfaces_s__rosidl_typesupport_c.cpython-310-x86_64-linux-gnu.so" to ""
[3.319s] -- Installing: /root/Shared/install/custom_interfaces/lib/libcustom_interfaces__rosidl_generator_py.so
[3.320s] -- Set runtime path of "/root/Shared/install/custom_interfaces/lib/libcustom_interfaces__rosidl_generator_py.so" to ""
[3.320s] -- Installing: /root/Shared/install/custom_interfaces/share/custom_interfaces/msg/Point.idl
[3.320s] -- Installing: /root/Shared/install/custom_interfaces/share/custom_interfaces/msg/Neighbors.idl
[3.320s] -- Installing: /root/Shared/install/custom_interfaces/share/custom_interfaces/msg/AdjacencyList.idl
[3.320s] -- Installing: /root/Shared/install/custom_interfaces/share/custom_interfaces/msg/Point.msg
[3.320s] -- Installing: /root/Shared/install/custom_interfaces/share/custom_interfaces/msg/Neighbors.msg
[3.320s] -- Installing: /root/Shared/install/custom_interfaces/share/custom_interfaces/msg/AdjacencyList.msg
[3.320s] -- Installing: /root/Shared/install/custom_interfaces/share/ament_index/resource_index/package_run_dependencies/custom_interfaces
[3.320s] -- Installing: /root/Shared/install/custom_interfaces/share/ament_index/resource_index/parent_prefix_path/custom_interfaces
[3.320s] -- Installing: /root/Shared/install/custom_interfaces/share/custom_interfaces/environment/ament_prefix_path.sh
[3.321s] -- Installing: /root/Shared/install/custom_interfaces/share/custom_interfaces/environment/ament_prefix_path.dsv
[3.321s] -- Installing: /root/Shared/install/custom_interfaces/share/custom_interfaces/environment/path.sh
[3.321s] -- Installing: /root/Shared/install/custom_interfaces/share/custom_interfaces/environment/path.dsv
[3.321s] -- Installing: /root/Shared/install/custom_interfaces/share/custom_interfaces/local_setup.bash
[3.321s] -- Installing: /root/Shared/install/custom_interfaces/share/custom_interfaces/local_setup.sh
[3.321s] -- Installing: /root/Shared/install/custom_interfaces/share/custom_interfaces/local_setup.zsh
[3.321s] -- Installing: /root/Shared/install/custom_interfaces/share/custom_interfaces/local_setup.dsv
[3.321s] -- Installing: /root/Shared/install/custom_interfaces/share/custom_interfaces/package.dsv
[3.321s] -- Installing: /root/Shared/install/custom_interfaces/share/ament_index/resource_index/packages/custom_interfaces
[3.321s] -- Installing: /root/Shared/install/custom_interfaces/share/custom_interfaces/cmake/export_custom_interfaces__rosidl_generator_cExport.cmake
[3.321s] -- Installing: /root/Shared/install/custom_interfaces/share/custom_interfaces/cmake/export_custom_interfaces__rosidl_generator_cExport-noconfig.cmake
[3.321s] -- Installing: /root/Shared/install/custom_interfaces/share/custom_interfaces/cmake/export_custom_interfaces__rosidl_typesupport_fastrtps_cExport.cmake
[3.322s] -- Installing: /root/Shared/install/custom_interfaces/share/custom_interfaces/cmake/export_custom_interfaces__rosidl_typesupport_fastrtps_cExport-noconfig.cmake
[3.322s] -- Installing: /root/Shared/install/custom_interfaces/share/custom_interfaces/cmake/custom_interfaces__rosidl_typesupport_introspection_cExport.cmake
[3.322s] -- Installing: /root/Shared/install/custom_interfaces/share/custom_interfaces/cmake/custom_interfaces__rosidl_typesupport_introspection_cExport-noconfig.cmake
[3.322s] -- Installing: /root/Shared/install/custom_interfaces/share/custom_interfaces/cmake/custom_interfaces__rosidl_typesupport_cExport.cmake
[3.322s] -- Installing: /root/Shared/install/custom_interfaces/share/custom_interfaces/cmake/custom_interfaces__rosidl_typesupport_cExport-noconfig.cmake
[3.322s] -- Installing: /root/Shared/install/custom_interfaces/share/custom_interfaces/cmake/export_custom_interfaces__rosidl_generator_cppExport.cmake
[3.322s] -- Installing: /root/Shared/install/custom_interfaces/share/custom_interfaces/cmake/export_custom_interfaces__rosidl_typesupport_fastrtps_cppExport.cmake
[3.322s] -- Installing: /root/Shared/install/custom_interfaces/share/custom_interfaces/cmake/export_custom_interfaces__rosidl_typesupport_fastrtps_cppExport-noconfig.cmake
[3.322s] -- Installing: /root/Shared/install/custom_interfaces/share/custom_interfaces/cmake/custom_interfaces__rosidl_typesupport_introspection_cppExport.cmake
[3.322s] -- Installing: /root/Shared/install/custom_interfaces/share/custom_interfaces/cmake/custom_interfaces__rosidl_typesupport_introspection_cppExport-noconfig.cmake
[3.323s] -- Installing: /root/Shared/install/custom_interfaces/share/custom_interfaces/cmake/custom_interfaces__rosidl_typesupport_cppExport.cmake
[3.323s] -- Installing: /root/Shared/install/custom_interfaces/share/custom_interfaces/cmake/custom_interfaces__rosidl_typesupport_cppExport-noconfig.cmake
[3.323s] -- Installing: /root/Shared/install/custom_interfaces/share/custom_interfaces/cmake/export_custom_interfaces__rosidl_generator_pyExport.cmake
[3.323s] -- Installing: /root/Shared/install/custom_interfaces/share/custom_interfaces/cmake/export_custom_interfaces__rosidl_generator_pyExport-noconfig.cmake
[3.323s] -- Installing: /root/Shared/install/custom_interfaces/share/custom_interfaces/cmake/rosidl_cmake-extras.cmake
[3.323s] -- Installing: /root/Shared/install/custom_interfaces/share/custom_interfaces/cmake/ament_cmake_export_include_directories-extras.cmake
[3.323s] -- Installing: /root/Shared/install/custom_interfaces/share/custom_interfaces/cmake/ament_cmake_export_libraries-extras.cmake
[3.323s] -- Installing: /root/Shared/install/custom_interfaces/share/custom_interfaces/cmake/ament_cmake_export_targets-extras.cmake
[3.323s] -- Installing: /root/Shared/install/custom_interfaces/share/custom_interfaces/cmake/rosidl_cmake_export_typesupport_targets-extras.cmake
[3.323s] -- Installing: /root/Shared/install/custom_interfaces/share/custom_interfaces/cmake/ament_cmake_export_dependencies-extras.cmake
[3.323s] -- Installing: /root/Shared/install/custom_interfaces/share/custom_interfaces/cmake/rosidl_cmake_export_typesupport_libraries-extras.cmake
[3.323s] -- Installing: /root/Shared/install/custom_interfaces/share/custom_interfaces/cmake/custom_interfacesConfig.cmake
[3.324s] -- Installing: /root/Shared/install/custom_interfaces/share/custom_interfaces/cmake/custom_interfacesConfig-version.cmake
[3.324s] -- Installing: /root/Shared/install/custom_interfaces/share/custom_interfaces/package.xml
[3.325s] Invoked command in '/root/Shared/build/custom_interfaces' returned '0': CMAKE_PREFIX_PATH=${CMAKE_PREFIX_PATH}:/root/Shared/install/pathplanners:/root/Shared/install/multidim_rrt_planner:/opt/ros/humble /usr/bin/cmake --install /root/Shared/build/custom_interfaces
