[0.713s] Invoking command in '/root/Shared/src/Path-Planning-Algorithms': PYTHONPATH=/root/Shared/build/pathplanners/prefix_override:/usr/lib/python3/dist-packages/colcon_core/task/python/colcon_distutils_commands:/root/Shared/install/pathplanners/lib/python3.10/site-packages:${PYTHONPATH} /usr/bin/python3 -W ignore:setup.py install is deprecated -W ignore:easy_install command is deprecated setup.py egg_info --egg-base ../../build/pathplanners build --build-base /root/Shared/build/pathplanners/build install --record /root/Shared/build/pathplanners/install.log --single-version-externally-managed install_data
[0.897s] running egg_info
[0.898s] creating ../../build/pathplanners/pathplanners.egg-info
[0.898s] writing ../../build/pathplanners/pathplanners.egg-info/PKG-INFO
[0.898s] writing dependency_links to ../../build/pathplanners/pathplanners.egg-info/dependency_links.txt
[0.898s] writing entry points to ../../build/pathplanners/pathplanners.egg-info/entry_points.txt
[0.898s] writing requirements to ../../build/pathplanners/pathplanners.egg-info/requires.txt
[0.898s] writing top-level names to ../../build/pathplanners/pathplanners.egg-info/top_level.txt
[0.898s] writing manifest file '../../build/pathplanners/pathplanners.egg-info/SOURCES.txt'
[0.899s] reading manifest file '../../build/pathplanners/pathplanners.egg-info/SOURCES.txt'
[0.900s] writing manifest file '../../build/pathplanners/pathplanners.egg-info/SOURCES.txt'
[0.900s] running build
[0.900s] running build_py
[0.900s] creating /root/Shared/build/pathplanners/build
[0.900s] creating /root/Shared/build/pathplanners/build/lib
[0.900s] creating /root/Shared/build/pathplanners/build/lib/pathplanners
[0.901s] copying pathplanners/map.py -> /root/Shared/build/pathplanners/build/lib/pathplanners
[0.901s] copying pathplanners/__init__.py -> /root/Shared/build/pathplanners/build/lib/pathplanners
[0.901s] copying pathplanners/breadthfirstsearch.py -> /root/Shared/build/pathplanners/build/lib/pathplanners
[0.901s] copying pathplanners/dijkstra.py -> /root/Shared/build/pathplanners/build/lib/pathplanners
[0.901s] running install
[0.901s] running install_lib
[0.902s] creating /root/Shared/install/pathplanners/lib/python3.10/site-packages/pathplanners
[0.902s] copying /root/Shared/build/pathplanners/build/lib/pathplanners/map.py -> /root/Shared/install/pathplanners/lib/python3.10/site-packages/pathplanners
[0.902s] copying /root/Shared/build/pathplanners/build/lib/pathplanners/__init__.py -> /root/Shared/install/pathplanners/lib/python3.10/site-packages/pathplanners
[0.902s] copying /root/Shared/build/pathplanners/build/lib/pathplanners/breadthfirstsearch.py -> /root/Shared/install/pathplanners/lib/python3.10/site-packages/pathplanners
[0.902s] copying /root/Shared/build/pathplanners/build/lib/pathplanners/dijkstra.py -> /root/Shared/install/pathplanners/lib/python3.10/site-packages/pathplanners
[0.902s] byte-compiling /root/Shared/install/pathplanners/lib/python3.10/site-packages/pathplanners/map.py to map.cpython-310.pyc
[0.903s] byte-compiling /root/Shared/install/pathplanners/lib/python3.10/site-packages/pathplanners/__init__.py to __init__.cpython-310.pyc
[0.903s] byte-compiling /root/Shared/install/pathplanners/lib/python3.10/site-packages/pathplanners/breadthfirstsearch.py to breadthfirstsearch.cpython-310.pyc
[0.904s] byte-compiling /root/Shared/install/pathplanners/lib/python3.10/site-packages/pathplanners/dijkstra.py to dijkstra.cpython-310.pyc
[0.904s] running install_data
[0.905s] creating /root/Shared/install/pathplanners/share/ament_index
[0.905s] creating /root/Shared/install/pathplanners/share/ament_index/resource_index
[0.905s] creating /root/Shared/install/pathplanners/share/ament_index/resource_index/packages
[0.905s] copying resource/pathplanners -> /root/Shared/install/pathplanners/share/ament_index/resource_index/packages
[0.905s] copying package.xml -> /root/Shared/install/pathplanners/share/pathplanners
[0.905s] creating /root/Shared/install/pathplanners/share/pathplanners/launch
[0.905s] copying launch/bringup.launch.py -> /root/Shared/install/pathplanners/share/pathplanners/launch
[0.905s] creating /root/Shared/install/pathplanners/share/pathplanners/rviz
[0.905s] copying rviz/visualizer.rviz -> /root/Shared/install/pathplanners/share/pathplanners/rviz
[0.905s] running install_egg_info
[0.907s] Copying ../../build/pathplanners/pathplanners.egg-info to /root/Shared/install/pathplanners/lib/python3.10/site-packages/pathplanners-0.0.0-py3.10.egg-info
[0.907s] running install_scripts
[0.924s] Installing bfs script to /root/Shared/install/pathplanners/lib/pathplanners
[0.925s] Installing dijkstra script to /root/Shared/install/pathplanners/lib/pathplanners
[0.925s] Installing map_node script to /root/Shared/install/pathplanners/lib/pathplanners
[0.925s] writing list of installed files to '/root/Shared/build/pathplanners/install.log'
[0.949s] Invoked command in '/root/Shared/src/Path-Planning-Algorithms' returned '0': PYTHONPATH=/root/Shared/build/pathplanners/prefix_override:/usr/lib/python3/dist-packages/colcon_core/task/python/colcon_distutils_commands:/root/Shared/install/pathplanners/lib/python3.10/site-packages:${PYTHONPATH} /usr/bin/python3 -W ignore:setup.py install is deprecated -W ignore:easy_install command is deprecated setup.py egg_info --egg-base ../../build/pathplanners build --build-base /root/Shared/build/pathplanners/build install --record /root/Shared/build/pathplanners/install.log --single-version-externally-managed install_data
