[0.744s] Invoking command in '/ros/Kinematics_Lab/UR_ws/src/forward_kinematics': PYTHONPATH=/ros/Kinematics_Lab/UR_ws/build/forward_kinematics/prefix_override:/usr/lib/python3/dist-packages/colcon_core/task/python/colcon_distutils_commands:/ros/Kinematics_Lab/UR_ws/install/forward_kinematics/lib/python3.12/site-packages:${PYTHONPATH} /usr/bin/python3 -W ignore:setup.py install is deprecated -W ignore:easy_install command is deprecated setup.py egg_info --egg-base ../../build/forward_kinematics build --build-base /ros/Kinematics_Lab/UR_ws/build/forward_kinematics/build install --record /ros/Kinematics_Lab/UR_ws/build/forward_kinematics/install.log --single-version-externally-managed install_data
[0.989s] running egg_info
[1.005s] writing ../../build/forward_kinematics/forward_kinematics.egg-info/PKG-INFO
[1.005s] writing dependency_links to ../../build/forward_kinematics/forward_kinematics.egg-info/dependency_links.txt
[1.006s] writing entry points to ../../build/forward_kinematics/forward_kinematics.egg-info/entry_points.txt
[1.006s] writing requirements to ../../build/forward_kinematics/forward_kinematics.egg-info/requires.txt
[1.006s] writing top-level names to ../../build/forward_kinematics/forward_kinematics.egg-info/top_level.txt
[1.042s] reading manifest file '../../build/forward_kinematics/forward_kinematics.egg-info/SOURCES.txt'
[1.043s] writing manifest file '../../build/forward_kinematics/forward_kinematics.egg-info/SOURCES.txt'
[1.043s] running build
[1.043s] running build_py
[1.043s] running install
[1.051s] running install_lib
[1.068s] running install_data
[1.068s] running install_egg_info
[1.088s] removing '/ros/Kinematics_Lab/UR_ws/install/forward_kinematics/lib/python3.12/site-packages/forward_kinematics-0.0.0-py3.12.egg-info' (and everything under it)
[1.088s] Copying ../../build/forward_kinematics/forward_kinematics.egg-info to /ros/Kinematics_Lab/UR_ws/install/forward_kinematics/lib/python3.12/site-packages/forward_kinematics-0.0.0-py3.12.egg-info
[1.089s] running install_scripts
[1.210s] Installing example_poe script to /ros/Kinematics_Lab/UR_ws/install/forward_kinematics/lib/forward_kinematics
[1.210s] Installing fwd_kr6 script to /ros/Kinematics_Lab/UR_ws/install/forward_kinematics/lib/forward_kinematics
[1.210s] Installing fwd_rr script to /ros/Kinematics_Lab/UR_ws/install/forward_kinematics/lib/forward_kinematics
[1.210s] Installing fwd_ur5 script to /ros/Kinematics_Lab/UR_ws/install/forward_kinematics/lib/forward_kinematics
[1.210s] Installing joint_pub script to /ros/Kinematics_Lab/UR_ws/install/forward_kinematics/lib/forward_kinematics
[1.210s] Installing joint_sub script to /ros/Kinematics_Lab/UR_ws/install/forward_kinematics/lib/forward_kinematics
[1.210s] writing list of installed files to '/ros/Kinematics_Lab/UR_ws/build/forward_kinematics/install.log'
[1.229s] Invoked command in '/ros/Kinematics_Lab/UR_ws/src/forward_kinematics' returned '0': PYTHONPATH=/ros/Kinematics_Lab/UR_ws/build/forward_kinematics/prefix_override:/usr/lib/python3/dist-packages/colcon_core/task/python/colcon_distutils_commands:/ros/Kinematics_Lab/UR_ws/install/forward_kinematics/lib/python3.12/site-packages:${PYTHONPATH} /usr/bin/python3 -W ignore:setup.py install is deprecated -W ignore:easy_install command is deprecated setup.py egg_info --egg-base ../../build/forward_kinematics build --build-base /ros/Kinematics_Lab/UR_ws/build/forward_kinematics/build install --record /ros/Kinematics_Lab/UR_ws/build/forward_kinematics/install.log --single-version-externally-managed install_data
