[0.878s] Invoking command in '/ros/UR_ws/src/forward_kinematics': PYTHONPATH=/ros/UR_ws/build/forward_kinematics/prefix_override:/usr/lib/python3/dist-packages/colcon_core/task/python/colcon_distutils_commands:/ros/UR_ws/install/forward_kinematics/lib/python3.12/site-packages:${PYTHONPATH} /usr/bin/python3 -W ignore:setup.py install is deprecated -W ignore:easy_install command is deprecated setup.py egg_info --egg-base ../../build/forward_kinematics build --build-base /ros/UR_ws/build/forward_kinematics/build install --record /ros/UR_ws/build/forward_kinematics/install.log --single-version-externally-managed install_data
[1.123s] running egg_info
[1.140s] writing ../../build/forward_kinematics/forward_kinematics.egg-info/PKG-INFO
[1.140s] writing dependency_links to ../../build/forward_kinematics/forward_kinematics.egg-info/dependency_links.txt
[1.140s] writing entry points to ../../build/forward_kinematics/forward_kinematics.egg-info/entry_points.txt
[1.140s] writing requirements to ../../build/forward_kinematics/forward_kinematics.egg-info/requires.txt
[1.141s] writing top-level names to ../../build/forward_kinematics/forward_kinematics.egg-info/top_level.txt
[1.178s] reading manifest file '../../build/forward_kinematics/forward_kinematics.egg-info/SOURCES.txt'
[1.178s] writing manifest file '../../build/forward_kinematics/forward_kinematics.egg-info/SOURCES.txt'
[1.178s] running build
[1.179s] running build_py
[1.179s] copying forward_kinematics/fwd_rr.py -> /ros/UR_ws/build/forward_kinematics/build/lib/forward_kinematics
[1.179s] running install
[1.185s] running install_lib
[1.202s] copying /ros/UR_ws/build/forward_kinematics/build/lib/forward_kinematics/fwd_rr.py -> /ros/UR_ws/install/forward_kinematics/lib/python3.12/site-packages/forward_kinematics
[1.202s] byte-compiling /ros/UR_ws/install/forward_kinematics/lib/python3.12/site-packages/forward_kinematics/fwd_rr.py to fwd_rr.cpython-312.pyc
[1.203s] running install_data
[1.203s] running install_egg_info
[1.222s] removing '/ros/UR_ws/install/forward_kinematics/lib/python3.12/site-packages/forward_kinematics-0.0.0-py3.12.egg-info' (and everything under it)
[1.222s] Copying ../../build/forward_kinematics/forward_kinematics.egg-info to /ros/UR_ws/install/forward_kinematics/lib/python3.12/site-packages/forward_kinematics-0.0.0-py3.12.egg-info
[1.223s] running install_scripts
[1.340s] Installing fwd_rr script to /ros/UR_ws/install/forward_kinematics/lib/forward_kinematics
[1.340s] Installing joint_pub script to /ros/UR_ws/install/forward_kinematics/lib/forward_kinematics
[1.340s] Installing joint_sub script to /ros/UR_ws/install/forward_kinematics/lib/forward_kinematics
[1.340s] writing list of installed files to '/ros/UR_ws/build/forward_kinematics/install.log'
[1.367s] Invoked command in '/ros/UR_ws/src/forward_kinematics' returned '0': PYTHONPATH=/ros/UR_ws/build/forward_kinematics/prefix_override:/usr/lib/python3/dist-packages/colcon_core/task/python/colcon_distutils_commands:/ros/UR_ws/install/forward_kinematics/lib/python3.12/site-packages:${PYTHONPATH} /usr/bin/python3 -W ignore:setup.py install is deprecated -W ignore:easy_install command is deprecated setup.py egg_info --egg-base ../../build/forward_kinematics build --build-base /ros/UR_ws/build/forward_kinematics/build install --record /ros/UR_ws/build/forward_kinematics/install.log --single-version-externally-managed install_data
