[0.711s] Invoking command in '/ros/Practicas_pregrado/src/kinematics': PYTHONPATH=/ros/Practicas_pregrado/build/kinematics/prefix_override:/usr/lib/python3/dist-packages/colcon_core/task/python/colcon_distutils_commands:/ros/Practicas_pregrado/install/kinematics/lib/python3.12/site-packages:${PYTHONPATH} /usr/bin/python3 -W ignore:setup.py install is deprecated -W ignore:easy_install command is deprecated setup.py egg_info --egg-base ../../build/kinematics build --build-base /ros/Practicas_pregrado/build/kinematics/build install --record /ros/Practicas_pregrado/build/kinematics/install.log --single-version-externally-managed install_data
[0.948s] running egg_info
[0.948s] creating ../../build/kinematics/kinematics.egg-info
[0.967s] writing ../../build/kinematics/kinematics.egg-info/PKG-INFO
[0.967s] writing dependency_links to ../../build/kinematics/kinematics.egg-info/dependency_links.txt
[0.967s] writing entry points to ../../build/kinematics/kinematics.egg-info/entry_points.txt
[0.967s] writing requirements to ../../build/kinematics/kinematics.egg-info/requires.txt
[0.967s] writing top-level names to ../../build/kinematics/kinematics.egg-info/top_level.txt
[0.967s] writing manifest file '../../build/kinematics/kinematics.egg-info/SOURCES.txt'
[1.002s] reading manifest file '../../build/kinematics/kinematics.egg-info/SOURCES.txt'
[1.003s] writing manifest file '../../build/kinematics/kinematics.egg-info/SOURCES.txt'
[1.003s] running build
[1.003s] running build_py
[1.003s] creating /ros/Practicas_pregrado/build/kinematics/build
[1.003s] creating /ros/Practicas_pregrado/build/kinematics/build/lib
[1.003s] creating /ros/Practicas_pregrado/build/kinematics/build/lib/kinematics
[1.003s] copying kinematics/__init__.py -> /ros/Practicas_pregrado/build/kinematics/build/lib/kinematics
[1.004s] copying kinematics/direct_kinematics.py -> /ros/Practicas_pregrado/build/kinematics/build/lib/kinematics
[1.004s] running install
[1.009s] running install_lib
[1.027s] creating /ros/Practicas_pregrado/install/kinematics/lib/python3.12/site-packages/kinematics
[1.027s] copying /ros/Practicas_pregrado/build/kinematics/build/lib/kinematics/__init__.py -> /ros/Practicas_pregrado/install/kinematics/lib/python3.12/site-packages/kinematics
[1.027s] copying /ros/Practicas_pregrado/build/kinematics/build/lib/kinematics/direct_kinematics.py -> /ros/Practicas_pregrado/install/kinematics/lib/python3.12/site-packages/kinematics
[1.027s] byte-compiling /ros/Practicas_pregrado/install/kinematics/lib/python3.12/site-packages/kinematics/__init__.py to __init__.cpython-312.pyc
[1.028s] byte-compiling /ros/Practicas_pregrado/install/kinematics/lib/python3.12/site-packages/kinematics/direct_kinematics.py to direct_kinematics.cpython-312.pyc
[1.028s] running install_data
[1.028s] creating /ros/Practicas_pregrado/install/kinematics/share/ament_index
[1.029s] creating /ros/Practicas_pregrado/install/kinematics/share/ament_index/resource_index
[1.029s] creating /ros/Practicas_pregrado/install/kinematics/share/ament_index/resource_index/packages
[1.029s] copying resource/kinematics -> /ros/Practicas_pregrado/install/kinematics/share/ament_index/resource_index/packages
[1.029s] copying package.xml -> /ros/Practicas_pregrado/install/kinematics/share/kinematics
[1.029s] creating /ros/Practicas_pregrado/install/kinematics/share/kinematics/config
[1.029s] copying config/direct_kinematics_cyl.yaml -> /ros/Practicas_pregrado/install/kinematics/share/kinematics/config
[1.029s] creating /ros/Practicas_pregrado/install/kinematics/share/kinematics/launch
[1.029s] running install_egg_info
[1.047s] Copying ../../build/kinematics/kinematics.egg-info to /ros/Practicas_pregrado/install/kinematics/lib/python3.12/site-packages/kinematics-0.0.0-py3.12.egg-info
[1.048s] running install_scripts
[1.162s] Installing direct_kinematics script to /ros/Practicas_pregrado/install/kinematics/lib/kinematics
[1.163s] writing list of installed files to '/ros/Practicas_pregrado/build/kinematics/install.log'
[1.183s] Invoked command in '/ros/Practicas_pregrado/src/kinematics' returned '0': PYTHONPATH=/ros/Practicas_pregrado/build/kinematics/prefix_override:/usr/lib/python3/dist-packages/colcon_core/task/python/colcon_distutils_commands:/ros/Practicas_pregrado/install/kinematics/lib/python3.12/site-packages:${PYTHONPATH} /usr/bin/python3 -W ignore:setup.py install is deprecated -W ignore:easy_install command is deprecated setup.py egg_info --egg-base ../../build/kinematics build --build-base /ros/Practicas_pregrado/build/kinematics/build install --record /ros/Practicas_pregrado/build/kinematics/install.log --single-version-externally-managed install_data
