-- Install configuration: ""
-- Up-to-date: /ros/Practicas_pregrado/install/robots_description/share/robots_description/launch
-- Up-to-date: /ros/Practicas_pregrado/install/robots_description/share/robots_description/launch/display_robot.launch.py
-- Up-to-date: /ros/Practicas_pregrado/install/robots_description/share/robots_description/urdf
-- Up-to-date: /ros/Practicas_pregrado/install/robots_description/share/robots_description/urdf/cyl_robot.urdf
-- Up-to-date: /ros/Practicas_pregrado/install/robots_description/share/robots_description/urdf/ang_robot.urdf
-- Up-to-date: /ros/Practicas_pregrado/install/robots_description/share/robots_description/rviz
-- Up-to-date: /ros/Practicas_pregrado/install/robots_description/share/robots_description/rviz/urdf.rviz
-- Up-to-date: /ros/Practicas_pregrado/install/robots_description/share/ament_index/resource_index/package_run_dependencies/robots_description
-- Up-to-date: /ros/Practicas_pregrado/install/robots_description/share/ament_index/resource_index/parent_prefix_path/robots_description
-- Up-to-date: /ros/Practicas_pregrado/install/robots_description/share/robots_description/environment/ament_prefix_path.sh
-- Up-to-date: /ros/Practicas_pregrado/install/robots_description/share/robots_description/environment/ament_prefix_path.dsv
-- Up-to-date: /ros/Practicas_pregrado/install/robots_description/share/robots_description/environment/path.sh
-- Up-to-date: /ros/Practicas_pregrado/install/robots_description/share/robots_description/environment/path.dsv
-- Up-to-date: /ros/Practicas_pregrado/install/robots_description/share/robots_description/local_setup.bash
-- Up-to-date: /ros/Practicas_pregrado/install/robots_description/share/robots_description/local_setup.sh
-- Up-to-date: /ros/Practicas_pregrado/install/robots_description/share/robots_description/local_setup.zsh
-- Up-to-date: /ros/Practicas_pregrado/install/robots_description/share/robots_description/local_setup.dsv
-- Installing: /ros/Practicas_pregrado/install/robots_description/share/robots_description/package.dsv
-- Up-to-date: /ros/Practicas_pregrado/install/robots_description/share/ament_index/resource_index/packages/robots_description
-- Up-to-date: /ros/Practicas_pregrado/install/robots_description/share/robots_description/cmake/robots_descriptionConfig.cmake
-- Up-to-date: /ros/Practicas_pregrado/install/robots_description/share/robots_description/cmake/robots_descriptionConfig-version.cmake
-- Up-to-date: /ros/Practicas_pregrado/install/robots_description/share/robots_description/package.xml
