[0.031s] Invoking command in '/root/Shared/build/custom_interfaces': CMAKE_PREFIX_PATH=${CMAKE_PREFIX_PATH}:/root/Shared/install/pathplanners:/root/Shared/install/multidim_rrt_planner:/opt/ros/humble /usr/bin/cmake --build /root/Shared/build/custom_interfaces -- -j12 -l12
[0.255s] [35m[1mConsolidate compiler generated dependencies of target custom_interfaces__rosidl_generator_c[0m
[0.256s] [  2%] Built target custom_interfaces__cpp
[0.256s] [ 12%] Built target custom_interfaces__rosidl_generator_c
[0.256s] [ 12%] Built target ament_cmake_python_copy_custom_interfaces
[0.256s] [35m[1mConsolidate compiler generated dependencies of target custom_interfaces__rosidl_typesupport_introspection_cpp[0m
[0.256s] [35m[1mConsolidate compiler generated dependencies of target custom_interfaces__rosidl_typesupport_fastrtps_cpp[0m
[0.256s] [35m[1mConsolidate compiler generated dependencies of target custom_interfaces__rosidl_typesupport_cpp[0m
[0.256s] [35m[1mConsolidate compiler generated dependencies of target custom_interfaces__rosidl_typesupport_introspection_c[0m
[0.256s] [35m[1mConsolidate compiler generated dependencies of target custom_interfaces__rosidl_typesupport_c[0m
[0.256s] [35m[1mConsolidate compiler generated dependencies of target custom_interfaces__rosidl_typesupport_fastrtps_c[0m
[0.257s] [ 23%] Built target custom_interfaces__rosidl_typesupport_introspection_cpp
[0.257s] [ 40%] Built target custom_interfaces__rosidl_typesupport_fastrtps_cpp
[0.257s] [ 55%] Built target custom_interfaces__rosidl_typesupport_introspection_c
[0.257s] [ 55%] Built target custom_interfaces__rosidl_typesupport_cpp
[0.257s] [ 65%] Built target custom_interfaces__rosidl_typesupport_c
[0.257s] [ 76%] Built target custom_interfaces__rosidl_typesupport_fastrtps_c
[0.257s] [ 76%] Built target custom_interfaces
[0.257s] [ 78%] Built target custom_interfaces__py
[0.257s] [35m[1mConsolidate compiler generated dependencies of target custom_interfaces__rosidl_generator_py[0m
[0.257s] [ 87%] Built target custom_interfaces__rosidl_generator_py
[0.257s] [35m[1mConsolidate compiler generated dependencies of target custom_interfaces__rosidl_typesupport_fastrtps_c__pyext[0m
[0.258s] [35m[1mConsolidate compiler generated dependencies of target custom_interfaces__rosidl_typesupport_introspection_c__pyext[0m
[0.258s] [35m[1mConsolidate compiler generated dependencies of target custom_interfaces__rosidl_typesupport_c__pyext[0m
[0.258s] [100%] Built target custom_interfaces__rosidl_typesupport_introspection_c__pyext
[0.258s] [100%] Built target custom_interfaces__rosidl_typesupport_fastrtps_c__pyext
[0.258s] [100%] Built target custom_interfaces__rosidl_typesupport_c__pyext
[0.284s] running egg_info
[0.285s] writing custom_interfaces.egg-info/PKG-INFO
[0.285s] writing dependency_links to custom_interfaces.egg-info/dependency_links.txt
[0.285s] writing top-level names to custom_interfaces.egg-info/top_level.txt
[0.287s] reading manifest file 'custom_interfaces.egg-info/SOURCES.txt'
[0.288s] writing manifest file 'custom_interfaces.egg-info/SOURCES.txt'
[0.324s] [100%] Built target ament_cmake_python_build_custom_interfaces_egg
[0.488s] Invoked command in '/root/Shared/build/custom_interfaces' returned '0': CMAKE_PREFIX_PATH=${CMAKE_PREFIX_PATH}:/root/Shared/install/pathplanners:/root/Shared/install/multidim_rrt_planner:/opt/ros/humble /usr/bin/cmake --build /root/Shared/build/custom_interfaces -- -j12 -l12
[0.496s] Invoking command in '/root/Shared/build/custom_interfaces': CMAKE_PREFIX_PATH=${CMAKE_PREFIX_PATH}:/root/Shared/install/pathplanners:/root/Shared/install/multidim_rrt_planner:/opt/ros/humble /usr/bin/cmake --install /root/Shared/build/custom_interfaces
[0.502s] -- Install configuration: ""
[0.502s] -- Up-to-date: /root/Shared/install/custom_interfaces/share/ament_index/resource_index/rosidl_interfaces/custom_interfaces
[0.502s] -- Up-to-date: /root/Shared/install/custom_interfaces/include/custom_interfaces/custom_interfaces
[0.502s] -- Up-to-date: /root/Shared/install/custom_interfaces/include/custom_interfaces/custom_interfaces/msg
[0.503s] -- Up-to-date: /root/Shared/install/custom_interfaces/include/custom_interfaces/custom_interfaces/msg/adjacency_list.h
[0.503s] -- Up-to-date: /root/Shared/install/custom_interfaces/include/custom_interfaces/custom_interfaces/msg/point.h
[0.503s] -- Up-to-date: /root/Shared/install/custom_interfaces/include/custom_interfaces/custom_interfaces/msg/neighbors.h
[0.503s] -- Up-to-date: /root/Shared/install/custom_interfaces/include/custom_interfaces/custom_interfaces/msg/detail
[0.503s] -- Up-to-date: /root/Shared/install/custom_interfaces/include/custom_interfaces/custom_interfaces/msg/detail/adjacency_list__type_support.h
[0.503s] -- Up-to-date: /root/Shared/install/custom_interfaces/include/custom_interfaces/custom_interfaces/msg/detail/adjacency_list__functions.h
[0.503s] -- Up-to-date: /root/Shared/install/custom_interfaces/include/custom_interfaces/custom_interfaces/msg/detail/point__functions.h
[0.503s] -- Up-to-date: /root/Shared/install/custom_interfaces/include/custom_interfaces/custom_interfaces/msg/detail/point__functions.c
[0.503s] -- Up-to-date: /root/Shared/install/custom_interfaces/include/custom_interfaces/custom_interfaces/msg/detail/neighbors__functions.h
[0.504s] -- Up-to-date: /root/Shared/install/custom_interfaces/include/custom_interfaces/custom_interfaces/msg/detail/neighbors__struct.h
[0.504s] -- Up-to-date: /root/Shared/install/custom_interfaces/include/custom_interfaces/custom_interfaces/msg/detail/adjacency_list__struct.h
[0.504s] -- Up-to-date: /root/Shared/install/custom_interfaces/include/custom_interfaces/custom_interfaces/msg/detail/adjacency_list__functions.c
[0.504s] -- Up-to-date: /root/Shared/install/custom_interfaces/include/custom_interfaces/custom_interfaces/msg/detail/neighbors__type_support.h
[0.504s] -- Up-to-date: /root/Shared/install/custom_interfaces/include/custom_interfaces/custom_interfaces/msg/detail/point__type_support.h
[0.504s] -- Up-to-date: /root/Shared/install/custom_interfaces/include/custom_interfaces/custom_interfaces/msg/detail/point__struct.h
[0.504s] -- Up-to-date: /root/Shared/install/custom_interfaces/include/custom_interfaces/custom_interfaces/msg/detail/neighbors__functions.c
[0.505s] -- Up-to-date: /root/Shared/install/custom_interfaces/include/custom_interfaces/custom_interfaces/msg/rosidl_generator_c__visibility_control.h
[0.505s] -- Up-to-date: /root/Shared/install/custom_interfaces/share/custom_interfaces/environment/library_path.sh
[0.505s] -- Up-to-date: /root/Shared/install/custom_interfaces/share/custom_interfaces/environment/library_path.dsv
[0.505s] -- Up-to-date: /root/Shared/install/custom_interfaces/lib/libcustom_interfaces__rosidl_generator_c.so
[0.505s] -- Up-to-date: /root/Shared/install/custom_interfaces/include/custom_interfaces/custom_interfaces
[0.505s] -- Up-to-date: /root/Shared/install/custom_interfaces/include/custom_interfaces/custom_interfaces/msg
[0.505s] -- Up-to-date: /root/Shared/install/custom_interfaces/include/custom_interfaces/custom_interfaces/msg/rosidl_typesupport_fastrtps_c__visibility_control.h
[0.506s] -- Up-to-date: /root/Shared/install/custom_interfaces/include/custom_interfaces/custom_interfaces/msg/detail
[0.506s] -- Up-to-date: /root/Shared/install/custom_interfaces/include/custom_interfaces/custom_interfaces/msg/detail/neighbors__rosidl_typesupport_fastrtps_c.h
[0.506s] -- Up-to-date: /root/Shared/install/custom_interfaces/include/custom_interfaces/custom_interfaces/msg/detail/point__rosidl_typesupport_fastrtps_c.h
[0.506s] -- Up-to-date: /root/Shared/install/custom_interfaces/include/custom_interfaces/custom_interfaces/msg/detail/adjacency_list__rosidl_typesupport_fastrtps_c.h
[0.506s] -- Up-to-date: /root/Shared/install/custom_interfaces/lib/libcustom_interfaces__rosidl_typesupport_fastrtps_c.so
[0.507s] -- Up-to-date: /root/Shared/install/custom_interfaces/include/custom_interfaces/custom_interfaces
[0.507s] -- Up-to-date: /root/Shared/install/custom_interfaces/include/custom_interfaces/custom_interfaces/msg
[0.507s] -- Up-to-date: /root/Shared/install/custom_interfaces/include/custom_interfaces/custom_interfaces/msg/rosidl_typesupport_introspection_c__visibility_control.h
[0.507s] -- Up-to-date: /root/Shared/install/custom_interfaces/include/custom_interfaces/custom_interfaces/msg/detail
[0.507s] -- Up-to-date: /root/Shared/install/custom_interfaces/include/custom_interfaces/custom_interfaces/msg/detail/adjacency_list__rosidl_typesupport_introspection_c.h
[0.507s] -- Up-to-date: /root/Shared/install/custom_interfaces/include/custom_interfaces/custom_interfaces/msg/detail/neighbors__rosidl_typesupport_introspection_c.h
[0.508s] -- Up-to-date: /root/Shared/install/custom_interfaces/include/custom_interfaces/custom_interfaces/msg/detail/point__type_support.c
[0.508s] -- Up-to-date: /root/Shared/install/custom_interfaces/include/custom_interfaces/custom_interfaces/msg/detail/neighbors__type_support.c
[0.508s] -- Up-to-date: /root/Shared/install/custom_interfaces/include/custom_interfaces/custom_interfaces/msg/detail/adjacency_list__type_support.c
[0.508s] -- Up-to-date: /root/Shared/install/custom_interfaces/include/custom_interfaces/custom_interfaces/msg/detail/point__rosidl_typesupport_introspection_c.h
[0.508s] -- Up-to-date: /root/Shared/install/custom_interfaces/lib/libcustom_interfaces__rosidl_typesupport_introspection_c.so
[0.508s] -- Up-to-date: /root/Shared/install/custom_interfaces/lib/libcustom_interfaces__rosidl_typesupport_c.so
[0.508s] -- Up-to-date: /root/Shared/install/custom_interfaces/include/custom_interfaces/custom_interfaces
[0.508s] -- Up-to-date: /root/Shared/install/custom_interfaces/include/custom_interfaces/custom_interfaces/msg
[0.509s] -- Up-to-date: /root/Shared/install/custom_interfaces/include/custom_interfaces/custom_interfaces/msg/neighbors.hpp
[0.509s] -- Up-to-date: /root/Shared/install/custom_interfaces/include/custom_interfaces/custom_interfaces/msg/point.hpp
[0.509s] -- Up-to-date: /root/Shared/install/custom_interfaces/include/custom_interfaces/custom_interfaces/msg/rosidl_generator_cpp__visibility_control.hpp
[0.511s] -- Up-to-date: /root/Shared/install/custom_interfaces/include/custom_interfaces/custom_interfaces/msg/detail
[0.511s] -- Up-to-date: /root/Shared/install/custom_interfaces/include/custom_interfaces/custom_interfaces/msg/detail/adjacency_list__type_support.hpp
[0.511s] -- Up-to-date: /root/Shared/install/custom_interfaces/include/custom_interfaces/custom_interfaces/msg/detail/point__builder.hpp
[0.511s] -- Up-to-date: /root/Shared/install/custom_interfaces/include/custom_interfaces/custom_interfaces/msg/detail/neighbors__traits.hpp
[0.511s] -- Up-to-date: /root/Shared/install/custom_interfaces/include/custom_interfaces/custom_interfaces/msg/detail/neighbors__builder.hpp
[0.511s] -- Up-to-date: /root/Shared/install/custom_interfaces/include/custom_interfaces/custom_interfaces/msg/detail/adjacency_list__struct.hpp
[0.512s] -- Up-to-date: /root/Shared/install/custom_interfaces/include/custom_interfaces/custom_interfaces/msg/detail/point__traits.hpp
[0.512s] -- Up-to-date: /root/Shared/install/custom_interfaces/include/custom_interfaces/custom_interfaces/msg/detail/adjacency_list__builder.hpp
[0.512s] -- Up-to-date: /root/Shared/install/custom_interfaces/include/custom_interfaces/custom_interfaces/msg/detail/neighbors__struct.hpp
[0.512s] -- Up-to-date: /root/Shared/install/custom_interfaces/include/custom_interfaces/custom_interfaces/msg/detail/neighbors__type_support.hpp
[0.512s] -- Up-to-date: /root/Shared/install/custom_interfaces/include/custom_interfaces/custom_interfaces/msg/detail/adjacency_list__traits.hpp
[0.512s] -- Up-to-date: /root/Shared/install/custom_interfaces/include/custom_interfaces/custom_interfaces/msg/detail/point__struct.hpp
[0.512s] -- Up-to-date: /root/Shared/install/custom_interfaces/include/custom_interfaces/custom_interfaces/msg/detail/point__type_support.hpp
[0.512s] -- Up-to-date: /root/Shared/install/custom_interfaces/include/custom_interfaces/custom_interfaces/msg/adjacency_list.hpp
[0.513s] -- Up-to-date: /root/Shared/install/custom_interfaces/include/custom_interfaces/custom_interfaces
[0.513s] -- Up-to-date: /root/Shared/install/custom_interfaces/include/custom_interfaces/custom_interfaces/msg
[0.513s] -- Up-to-date: /root/Shared/install/custom_interfaces/include/custom_interfaces/custom_interfaces/msg/detail
[0.514s] -- Up-to-date: /root/Shared/install/custom_interfaces/include/custom_interfaces/custom_interfaces/msg/detail/point__rosidl_typesupport_fastrtps_cpp.hpp
[0.514s] -- Up-to-date: /root/Shared/install/custom_interfaces/include/custom_interfaces/custom_interfaces/msg/detail/neighbors__rosidl_typesupport_fastrtps_cpp.hpp
[0.514s] -- Up-to-date: /root/Shared/install/custom_interfaces/include/custom_interfaces/custom_interfaces/msg/detail/dds_fastrtps
[0.514s] -- Up-to-date: /root/Shared/install/custom_interfaces/include/custom_interfaces/custom_interfaces/msg/detail/adjacency_list__rosidl_typesupport_fastrtps_cpp.hpp
[0.514s] -- Up-to-date: /root/Shared/install/custom_interfaces/include/custom_interfaces/custom_interfaces/msg/rosidl_typesupport_fastrtps_cpp__visibility_control.h
[0.514s] -- Up-to-date: /root/Shared/install/custom_interfaces/lib/libcustom_interfaces__rosidl_typesupport_fastrtps_cpp.so
[0.514s] -- Up-to-date: /root/Shared/install/custom_interfaces/include/custom_interfaces/custom_interfaces
[0.514s] -- Up-to-date: /root/Shared/install/custom_interfaces/include/custom_interfaces/custom_interfaces/msg
[0.515s] -- Up-to-date: /root/Shared/install/custom_interfaces/include/custom_interfaces/custom_interfaces/msg/detail
[0.515s] -- Up-to-date: /root/Shared/install/custom_interfaces/include/custom_interfaces/custom_interfaces/msg/detail/adjacency_list__rosidl_typesupport_introspection_cpp.hpp
[0.515s] -- Up-to-date: /root/Shared/install/custom_interfaces/include/custom_interfaces/custom_interfaces/msg/detail/neighbors__rosidl_typesupport_introspection_cpp.hpp
[0.515s] -- Up-to-date: /root/Shared/install/custom_interfaces/include/custom_interfaces/custom_interfaces/msg/detail/point__type_support.cpp
[0.515s] -- Up-to-date: /root/Shared/install/custom_interfaces/include/custom_interfaces/custom_interfaces/msg/detail/adjacency_list__type_support.cpp
[0.515s] -- Up-to-date: /root/Shared/install/custom_interfaces/include/custom_interfaces/custom_interfaces/msg/detail/point__rosidl_typesupport_introspection_cpp.hpp
[0.515s] -- Up-to-date: /root/Shared/install/custom_interfaces/include/custom_interfaces/custom_interfaces/msg/detail/neighbors__type_support.cpp
[0.515s] -- Up-to-date: /root/Shared/install/custom_interfaces/lib/libcustom_interfaces__rosidl_typesupport_introspection_cpp.so
[0.515s] -- Up-to-date: /root/Shared/install/custom_interfaces/lib/libcustom_interfaces__rosidl_typesupport_cpp.so
[0.515s] -- Up-to-date: /root/Shared/install/custom_interfaces/share/custom_interfaces/environment/pythonpath.sh
[0.516s] -- Up-to-date: /root/Shared/install/custom_interfaces/share/custom_interfaces/environment/pythonpath.dsv
[0.516s] -- Up-to-date: /root/Shared/install/custom_interfaces/local/lib/python3.10/dist-packages/custom_interfaces-0.0.0-py3.10.egg-info
[0.516s] -- Installing: /root/Shared/install/custom_interfaces/local/lib/python3.10/dist-packages/custom_interfaces-0.0.0-py3.10.egg-info/PKG-INFO
[0.516s] -- Installing: /root/Shared/install/custom_interfaces/local/lib/python3.10/dist-packages/custom_interfaces-0.0.0-py3.10.egg-info/SOURCES.txt
[0.519s] -- Installing: /root/Shared/install/custom_interfaces/local/lib/python3.10/dist-packages/custom_interfaces-0.0.0-py3.10.egg-info/dependency_links.txt
[0.519s] -- Installing: /root/Shared/install/custom_interfaces/local/lib/python3.10/dist-packages/custom_interfaces-0.0.0-py3.10.egg-info/top_level.txt
[0.519s] -- Up-to-date: /root/Shared/install/custom_interfaces/local/lib/python3.10/dist-packages/custom_interfaces
[0.519s] -- Up-to-date: /root/Shared/install/custom_interfaces/local/lib/python3.10/dist-packages/custom_interfaces/_custom_interfaces_s.ep.rosidl_typesupport_fastrtps_c.c
[0.520s] -- Up-to-date: /root/Shared/install/custom_interfaces/local/lib/python3.10/dist-packages/custom_interfaces/msg
[0.520s] -- Up-to-date: /root/Shared/install/custom_interfaces/local/lib/python3.10/dist-packages/custom_interfaces/msg/_neighbors.py
[0.520s] -- Up-to-date: /root/Shared/install/custom_interfaces/local/lib/python3.10/dist-packages/custom_interfaces/msg/__init__.py
[0.520s] -- Up-to-date: /root/Shared/install/custom_interfaces/local/lib/python3.10/dist-packages/custom_interfaces/msg/_adjacency_list_s.c
[0.520s] -- Up-to-date: /root/Shared/install/custom_interfaces/local/lib/python3.10/dist-packages/custom_interfaces/msg/_point_s.c
[0.520s] -- Up-to-date: /root/Shared/install/custom_interfaces/local/lib/python3.10/dist-packages/custom_interfaces/msg/_adjacency_list.py
[0.520s] -- Up-to-date: /root/Shared/install/custom_interfaces/local/lib/python3.10/dist-packages/custom_interfaces/msg/_neighbors_s.c
[0.520s] -- Up-to-date: /root/Shared/install/custom_interfaces/local/lib/python3.10/dist-packages/custom_interfaces/msg/_point.py
[0.520s] -- Up-to-date: /root/Shared/install/custom_interfaces/local/lib/python3.10/dist-packages/custom_interfaces/__init__.py
[0.520s] -- Up-to-date: /root/Shared/install/custom_interfaces/local/lib/python3.10/dist-packages/custom_interfaces/custom_interfaces_s__rosidl_typesupport_c.cpython-310-x86_64-linux-gnu.so
[0.521s] -- Up-to-date: /root/Shared/install/custom_interfaces/local/lib/python3.10/dist-packages/custom_interfaces/libcustom_interfaces__rosidl_generator_py.so
[0.521s] -- Up-to-date: /root/Shared/install/custom_interfaces/local/lib/python3.10/dist-packages/custom_interfaces/_custom_interfaces_s.ep.rosidl_typesupport_introspection_c.c
[0.521s] -- Up-to-date: /root/Shared/install/custom_interfaces/local/lib/python3.10/dist-packages/custom_interfaces/custom_interfaces_s__rosidl_typesupport_introspection_c.cpython-310-x86_64-linux-gnu.so
[0.521s] -- Up-to-date: /root/Shared/install/custom_interfaces/local/lib/python3.10/dist-packages/custom_interfaces/_custom_interfaces_s.ep.rosidl_typesupport_c.c
[0.521s] -- Up-to-date: /root/Shared/install/custom_interfaces/local/lib/python3.10/dist-packages/custom_interfaces/custom_interfaces_s__rosidl_typesupport_fastrtps_c.cpython-310-x86_64-linux-gnu.so
[0.532s] Listing '/root/Shared/install/custom_interfaces/local/lib/python3.10/dist-packages/custom_interfaces'...
[0.532s] Listing '/root/Shared/install/custom_interfaces/local/lib/python3.10/dist-packages/custom_interfaces/msg'...
[0.535s] -- Up-to-date: /root/Shared/install/custom_interfaces/local/lib/python3.10/dist-packages/custom_interfaces/custom_interfaces_s__rosidl_typesupport_fastrtps_c.cpython-310-x86_64-linux-gnu.so
[0.536s] -- Up-to-date: /root/Shared/install/custom_interfaces/local/lib/python3.10/dist-packages/custom_interfaces/custom_interfaces_s__rosidl_typesupport_introspection_c.cpython-310-x86_64-linux-gnu.so
[0.536s] -- Up-to-date: /root/Shared/install/custom_interfaces/local/lib/python3.10/dist-packages/custom_interfaces/custom_interfaces_s__rosidl_typesupport_c.cpython-310-x86_64-linux-gnu.so
[0.536s] -- Up-to-date: /root/Shared/install/custom_interfaces/lib/libcustom_interfaces__rosidl_generator_py.so
[0.536s] -- Up-to-date: /root/Shared/install/custom_interfaces/share/custom_interfaces/msg/Point.idl
[0.536s] -- Up-to-date: /root/Shared/install/custom_interfaces/share/custom_interfaces/msg/Neighbors.idl
[0.536s] -- Up-to-date: /root/Shared/install/custom_interfaces/share/custom_interfaces/msg/AdjacencyList.idl
[0.537s] -- Up-to-date: /root/Shared/install/custom_interfaces/share/custom_interfaces/msg/Point.msg
[0.537s] -- Up-to-date: /root/Shared/install/custom_interfaces/share/custom_interfaces/msg/Neighbors.msg
[0.537s] -- Up-to-date: /root/Shared/install/custom_interfaces/share/custom_interfaces/msg/AdjacencyList.msg
[0.537s] -- Up-to-date: /root/Shared/install/custom_interfaces/share/ament_index/resource_index/package_run_dependencies/custom_interfaces
[0.537s] -- Up-to-date: /root/Shared/install/custom_interfaces/share/ament_index/resource_index/parent_prefix_path/custom_interfaces
[0.537s] -- Up-to-date: /root/Shared/install/custom_interfaces/share/custom_interfaces/environment/ament_prefix_path.sh
[0.537s] -- Up-to-date: /root/Shared/install/custom_interfaces/share/custom_interfaces/environment/ament_prefix_path.dsv
[0.537s] -- Up-to-date: /root/Shared/install/custom_interfaces/share/custom_interfaces/environment/path.sh
[0.537s] -- Up-to-date: /root/Shared/install/custom_interfaces/share/custom_interfaces/environment/path.dsv
[0.537s] -- Up-to-date: /root/Shared/install/custom_interfaces/share/custom_interfaces/local_setup.bash
[0.538s] -- Up-to-date: /root/Shared/install/custom_interfaces/share/custom_interfaces/local_setup.sh
[0.538s] -- Up-to-date: /root/Shared/install/custom_interfaces/share/custom_interfaces/local_setup.zsh
[0.538s] -- Up-to-date: /root/Shared/install/custom_interfaces/share/custom_interfaces/local_setup.dsv
[0.538s] -- Installing: /root/Shared/install/custom_interfaces/share/custom_interfaces/package.dsv
[0.538s] -- Up-to-date: /root/Shared/install/custom_interfaces/share/ament_index/resource_index/packages/custom_interfaces
[0.538s] -- Up-to-date: /root/Shared/install/custom_interfaces/share/custom_interfaces/cmake/export_custom_interfaces__rosidl_generator_cExport.cmake
[0.538s] -- Up-to-date: /root/Shared/install/custom_interfaces/share/custom_interfaces/cmake/export_custom_interfaces__rosidl_generator_cExport-noconfig.cmake
[0.538s] -- Up-to-date: /root/Shared/install/custom_interfaces/share/custom_interfaces/cmake/export_custom_interfaces__rosidl_typesupport_fastrtps_cExport.cmake
[0.538s] -- Up-to-date: /root/Shared/install/custom_interfaces/share/custom_interfaces/cmake/export_custom_interfaces__rosidl_typesupport_fastrtps_cExport-noconfig.cmake
[0.538s] -- Up-to-date: /root/Shared/install/custom_interfaces/share/custom_interfaces/cmake/custom_interfaces__rosidl_typesupport_introspection_cExport.cmake
[0.538s] -- Up-to-date: /root/Shared/install/custom_interfaces/share/custom_interfaces/cmake/custom_interfaces__rosidl_typesupport_introspection_cExport-noconfig.cmake
[0.538s] -- Up-to-date: /root/Shared/install/custom_interfaces/share/custom_interfaces/cmake/custom_interfaces__rosidl_typesupport_cExport.cmake
[0.538s] -- Up-to-date: /root/Shared/install/custom_interfaces/share/custom_interfaces/cmake/custom_interfaces__rosidl_typesupport_cExport-noconfig.cmake
[0.538s] -- Up-to-date: /root/Shared/install/custom_interfaces/share/custom_interfaces/cmake/export_custom_interfaces__rosidl_generator_cppExport.cmake
[0.538s] -- Up-to-date: /root/Shared/install/custom_interfaces/share/custom_interfaces/cmake/export_custom_interfaces__rosidl_typesupport_fastrtps_cppExport.cmake
[0.538s] -- Up-to-date: /root/Shared/install/custom_interfaces/share/custom_interfaces/cmake/export_custom_interfaces__rosidl_typesupport_fastrtps_cppExport-noconfig.cmake
[0.538s] -- Up-to-date: /root/Shared/install/custom_interfaces/share/custom_interfaces/cmake/custom_interfaces__rosidl_typesupport_introspection_cppExport.cmake
[0.539s] -- Up-to-date: /root/Shared/install/custom_interfaces/share/custom_interfaces/cmake/custom_interfaces__rosidl_typesupport_introspection_cppExport-noconfig.cmake
[0.539s] -- Up-to-date: /root/Shared/install/custom_interfaces/share/custom_interfaces/cmake/custom_interfaces__rosidl_typesupport_cppExport.cmake
[0.539s] -- Up-to-date: /root/Shared/install/custom_interfaces/share/custom_interfaces/cmake/custom_interfaces__rosidl_typesupport_cppExport-noconfig.cmake
[0.539s] -- Up-to-date: /root/Shared/install/custom_interfaces/share/custom_interfaces/cmake/export_custom_interfaces__rosidl_generator_pyExport.cmake
[0.539s] -- Up-to-date: /root/Shared/install/custom_interfaces/share/custom_interfaces/cmake/export_custom_interfaces__rosidl_generator_pyExport-noconfig.cmake
[0.539s] -- Up-to-date: /root/Shared/install/custom_interfaces/share/custom_interfaces/cmake/rosidl_cmake-extras.cmake
[0.539s] -- Up-to-date: /root/Shared/install/custom_interfaces/share/custom_interfaces/cmake/ament_cmake_export_include_directories-extras.cmake
[0.539s] -- Up-to-date: /root/Shared/install/custom_interfaces/share/custom_interfaces/cmake/ament_cmake_export_libraries-extras.cmake
[0.539s] -- Up-to-date: /root/Shared/install/custom_interfaces/share/custom_interfaces/cmake/ament_cmake_export_targets-extras.cmake
[0.539s] -- Up-to-date: /root/Shared/install/custom_interfaces/share/custom_interfaces/cmake/rosidl_cmake_export_typesupport_targets-extras.cmake
[0.539s] -- Up-to-date: /root/Shared/install/custom_interfaces/share/custom_interfaces/cmake/ament_cmake_export_dependencies-extras.cmake
[0.539s] -- Up-to-date: /root/Shared/install/custom_interfaces/share/custom_interfaces/cmake/rosidl_cmake_export_typesupport_libraries-extras.cmake
[0.539s] -- Up-to-date: /root/Shared/install/custom_interfaces/share/custom_interfaces/cmake/custom_interfacesConfig.cmake
[0.539s] -- Up-to-date: /root/Shared/install/custom_interfaces/share/custom_interfaces/cmake/custom_interfacesConfig-version.cmake
[0.539s] -- Up-to-date: /root/Shared/install/custom_interfaces/share/custom_interfaces/package.xml
[0.541s] Invoked command in '/root/Shared/build/custom_interfaces' returned '0': CMAKE_PREFIX_PATH=${CMAKE_PREFIX_PATH}:/root/Shared/install/pathplanners:/root/Shared/install/multidim_rrt_planner:/opt/ros/humble /usr/bin/cmake --install /root/Shared/build/custom_interfaces
